2025-03-20 08:27:43,410 [INFO] Activator:176 - 


2025-03-20 08:27:43,415 [INFO] Activator:177 - !SESSION log4j initialized
2025-03-20 08:27:50,423 [INFO] LogOutputStream:77 - [STDOUT_REDIRECT] 
2025-03-20 08:27:53,510 [INFO] ApplicationProperties:184 - Using Application install path: C:\ST\STM32CubeIDE_1.7.0\STM32CubeIDE\plugins\com.st.stm32cube.common.mx_6.14.0.202502271554
2025-03-20 08:27:53,528 [INFO] DbMcusXml:78 - Set database path to: C:\ST\STM32CubeIDE_1.7.0\STM32CubeIDE\plugins\com.st.stm32cube.common.mx_6.14.0.202502271554\\db\/mcu/
2025-03-20 08:27:53,529 [INFO] ApiDb:274 - Set plugin database path to: C:\ST\STM32CubeIDE_1.7.0\STM32CubeIDE\plugins\com.st.stm32cube.common.mx_6.14.0.202502271554\\db\/plugins/boardmanager/
2025-03-20 08:27:53,529 [WARN] ApiDb:259 - Overriding images path with different value:  => C:\ST\STM32CubeIDE_1.7.0\STM32CubeIDE\plugins\com.st.stm32cube.common.mx_6.14.0.202502271554\\db\/plugins/mcufinder/images/
2025-03-20 08:27:53,537 [INFO] ApiDb:250 - Set database path to: C:\Users\catsa\.stmcufinder\plugins\mcufinder//mcu/
2025-03-20 08:27:53,538 [INFO] DbMcusAds:125 - Set database path to: C:\Users\catsa\.stmcufinder\plugins\mcufinder//mcu/
2025-03-20 08:27:53,541 [INFO] CrossReferenceDbSqlite:203 - Set database path to: C:\Users\catsa\.stmcufinder\plugins\mcufinder//mcu/cs/
2025-03-20 08:27:53,647 [INFO] RulesReader:64 - Compatibility file has been processed (301 Rules)
2025-03-20 08:27:53,740 [INFO] DbMcusXml:78 - Set database path to: C:\ST\STM32CubeIDE_1.7.0\STM32CubeIDE\plugins\com.st.stm32cube.common.mx_6.14.0.202502271554\\db\/mcu/
2025-03-20 08:27:53,740 [INFO] ApiDb:274 - Set plugin database path to: C:\ST\STM32CubeIDE_1.7.0\STM32CubeIDE\plugins\com.st.stm32cube.common.mx_6.14.0.202502271554\\db\/plugins/boardmanager/
2025-03-20 08:27:53,741 [INFO] ApiDb:261 - Set plugin images path to: C:\ST\STM32CubeIDE_1.7.0\STM32CubeIDE\plugins\com.st.stm32cube.common.mx_6.14.0.202502271554\\db\/plugins/mcufinder/images/
2025-03-20 08:27:53,741 [WARN] DbFile:41 - Overriding database path with different value: C:\Users\catsa\.stmcufinder\plugins\mcufinder/ => C:\Users\catsa\.stmcufinder\plugins\mcufinder
2025-03-20 08:27:53,741 [INFO] ApiDb:250 - Set database path to: C:\Users\catsa\.stmcufinder\plugins\mcufinder//mcu/
2025-03-20 08:27:53,741 [WARN] DbFile:41 - Overriding database path with different value: C:\Users\catsa\.stmcufinder\plugins\mcufinder/ => C:\Users\catsa\.stmcufinder\plugins\mcufinder
2025-03-20 08:27:53,741 [INFO] DbMcusAds:125 - Set database path to: C:\Users\catsa\.stmcufinder\plugins\mcufinder//mcu/
2025-03-20 08:27:53,741 [WARN] DbFile:41 - Overriding database path with different value: C:\Users\catsa\.stmcufinder\plugins\mcufinder/ => C:\Users\catsa\.stmcufinder\plugins\mcufinder
2025-03-20 08:27:53,741 [WARN] DbFile:41 - Overriding database path with different value: C:\Users\catsa\.stmcufinder\plugins\mcufinder/ => C:\Users\catsa\.stmcufinder\plugins\mcufinder
2025-03-20 08:27:53,741 [INFO] CrossReferenceDbSqlite:203 - Set database path to: C:\Users\catsa\.stmcufinder\plugins\mcufinder//mcu/cs/
2025-03-20 08:27:53,831 [INFO] MainPanel:272 - HeapMemory: 268435456
2025-03-20 08:27:53,944 [INFO] DbMcusXml:78 - Set database path to: C:\ST\STM32CubeIDE_1.7.0\STM32CubeIDE\plugins\com.st.stm32cube.common.mx_6.14.0.202502271554\\db\/mcu/
2025-03-20 08:27:53,944 [INFO] ApiDb:274 - Set plugin database path to: C:\ST\STM32CubeIDE_1.7.0\STM32CubeIDE\plugins\com.st.stm32cube.common.mx_6.14.0.202502271554\\db\/plugins/boardmanager/
2025-03-20 08:27:53,944 [INFO] ApiDb:261 - Set plugin images path to: C:\ST\STM32CubeIDE_1.7.0\STM32CubeIDE\plugins\com.st.stm32cube.common.mx_6.14.0.202502271554\\db\/plugins/mcufinder/images/
2025-03-20 08:27:53,945 [WARN] DbFile:41 - Overriding database path with different value: C:\Users\catsa\.stmcufinder\plugins\mcufinder/ => C:\Users\catsa\.stmcufinder\plugins\mcufinder
2025-03-20 08:27:53,945 [INFO] ApiDb:250 - Set database path to: C:\Users\catsa\.stmcufinder\plugins\mcufinder//mcu/
2025-03-20 08:27:53,945 [WARN] DbFile:41 - Overriding database path with different value: C:\Users\catsa\.stmcufinder\plugins\mcufinder/ => C:\Users\catsa\.stmcufinder\plugins\mcufinder
2025-03-20 08:27:53,945 [INFO] DbMcusAds:125 - Set database path to: C:\Users\catsa\.stmcufinder\plugins\mcufinder//mcu/
2025-03-20 08:27:53,945 [WARN] DbFile:41 - Overriding database path with different value: C:\Users\catsa\.stmcufinder\plugins\mcufinder/ => C:\Users\catsa\.stmcufinder\plugins\mcufinder
2025-03-20 08:27:53,945 [WARN] DbFile:41 - Overriding database path with different value: C:\Users\catsa\.stmcufinder\plugins\mcufinder/ => C:\Users\catsa\.stmcufinder\plugins\mcufinder
2025-03-20 08:27:53,945 [INFO] CrossReferenceDbSqlite:203 - Set database path to: C:\Users\catsa\.stmcufinder\plugins\mcufinder//mcu/cs/
2025-03-20 08:27:53,963 [INFO] ApplicationProperties:184 - Using Application install path: C:\ST\STM32CubeIDE_1.7.0\STM32CubeIDE\plugins\com.st.stm32cube.common.mx_6.14.0.202502271554
2025-03-20 08:27:53,964 [INFO] PluginManage:196 - Search for loadable plugins [exclusion list=, ]
2025-03-20 08:27:53,965 [INFO] PluginManage:310 - Check plugin analytics
2025-03-20 08:27:54,138 [INFO] AnalyticsPlugin:253 - Accepted Software Licenses: STM32CubeMX.6.3.0
2025-03-20 08:27:54,139 [INFO] AnalyticsPlugin:255 - Accepted CMSIS Pack Licenses: 
2025-03-20 08:27:54,139 [INFO] AnalyticsPlugin:257 - Accepted Firmware Licenses: FW.L4.1.18.0
2025-03-20 08:27:54,142 [INFO] PluginManage:359 - Loaded plugin analytics (category:tool,tabindex:-1)
2025-03-20 08:27:54,142 [INFO] PluginManage:310 - Check plugin cadmodel
2025-03-20 08:27:54,174 [INFO] CADModel:105 - Init CAD model plugin
2025-03-20 08:27:54,174 [INFO] PluginManage:359 - Loaded plugin cadmodel (category:power,tabindex:5)
2025-03-20 08:27:54,175 [INFO] PluginManage:310 - Check plugin clock
2025-03-20 08:27:54,194 [INFO] PluginManage:359 - Loaded plugin clock (category:base,tabindex:2)
2025-03-20 08:27:54,194 [INFO] PluginManage:310 - Check plugin ddr
2025-03-20 08:27:54,196 [INFO] PluginManage:359 - Loaded plugin ddr (category:tool,tabindex:6)
2025-03-20 08:27:54,196 [INFO] PluginManage:310 - Check plugin filemanager
2025-03-20 08:27:54,344 [INFO] PluginManage:359 - Loaded plugin filemanager (category:base,tabindex:10)
2025-03-20 08:27:54,344 [INFO] PluginManage:310 - Check plugin ipmanager
2025-03-20 08:27:54,352 [INFO] PluginManage:359 - Loaded plugin ipmanager (category:base,tabindex:5)
2025-03-20 08:27:54,352 [INFO] PluginManage:310 - Check plugin lpbam
2025-03-20 08:27:54,366 [INFO] PluginManage:359 - Loaded plugin lpbam (category:base,tabindex:0)
2025-03-20 08:27:54,366 [INFO] PluginManage:310 - Check plugin memorymap
2025-03-20 08:27:54,389 [INFO] PluginManage:359 - Loaded plugin memorymap (category:base,tabindex:4)
2025-03-20 08:27:54,389 [INFO] PluginManage:310 - Check plugin pinoutandconfiguration
2025-03-20 08:27:54,407 [INFO] PluginManage:359 - Loaded plugin pinoutandconfiguration (category:base,tabindex:1)
2025-03-20 08:27:54,408 [INFO] PluginManage:310 - Check plugin pinoutconfig
2025-03-20 08:27:54,506 [WARN] SupportedApi:132 - Cannot load RTOS API schema: s4s-elt-must-match.1: The content of 'definitions' must match (annotation?, (simpleType | complexType)?, (unique | key | keyref)*)). A problem was found starting at: attribute.
2025-03-20 08:27:54,625 [INFO] PluginManage:359 - Loaded plugin pinoutconfig (category:base,tabindex:0)
2025-03-20 08:27:54,625 [INFO] PluginManage:310 - Check plugin power
2025-03-20 08:27:54,661 [INFO] PluginManage:359 - Loaded plugin power (category:power,tabindex:4)
2025-03-20 08:27:54,661 [INFO] PluginManage:310 - Check plugin projectmanager
2025-03-20 08:27:54,676 [INFO] PluginManage:359 - Loaded plugin projectmanager (category:projectmanager,tabindex:4)
2025-03-20 08:27:54,676 [INFO] PluginManage:310 - Check plugin rif
2025-03-20 08:27:54,695 [INFO] PluginManage:359 - Loaded plugin rif (category:base,tabindex:3)
2025-03-20 08:27:54,695 [INFO] PluginManage:310 - Check plugin thirdparty
2025-03-20 08:27:54,864 [INFO] PluginManage:359 - Loaded plugin thirdparty (category:base,tabindex:-1)
2025-03-20 08:27:54,864 [WARN] IntegrityCheckThread:84 - waiting for thirdparty lock release [integrity check]
2025-03-20 08:27:54,864 [INFO] PluginManage:310 - Check plugin tools
2025-03-20 08:27:54,864 [INFO] IntegrityCheckThread:86 - entering critical section [integrity check]
2025-03-20 08:27:54,865 [INFO] ThirdPartyUpdaterWithRetryManager:70 - Updater plugin not ready yet. [1/15]
2025-03-20 08:27:54,873 [INFO] PluginManage:359 - Loaded plugin tools (category:base,tabindex:7)
2025-03-20 08:27:54,873 [INFO] PluginManage:310 - Check plugin tutovideos
2025-03-20 08:27:55,048 [INFO] PluginManage:359 - Loaded plugin tutovideos (category:base,tabindex:-1)
2025-03-20 08:27:55,048 [INFO] PluginManage:310 - Check plugin updater
2025-03-20 08:27:55,068 [INFO] PluginManage:359 - Loaded plugin updater (category:base,tabindex:12)
2025-03-20 08:27:55,068 [INFO] PluginManage:310 - Check plugin userauth
2025-03-20 08:27:55,071 [INFO] UserAuth:118 - Init User Auth plugin
2025-03-20 08:27:55,072 [INFO] PluginManage:359 - Loaded plugin userauth (category:base,tabindex:14)
2025-03-20 08:27:55,072 [INFO] PluginManage:283 - PluginManage : Loaded plugins [18]
2025-03-20 08:27:55,270 [INFO] PinOutPanel:1589 - setPackage(No Configuration,No Configuration)
2025-03-20 08:27:55,353 [INFO] CADModel:165 - CPN selected for project level
2025-03-20 08:27:55,354 [INFO] CADModel:114 - Register for checkConnection events
2025-03-20 08:27:55,374 [INFO] IPUIPlugin:80 - create IPUIPlugin
2025-03-20 08:27:55,374 [INFO] PluginManager:220 - loadIPPluginJar : add adc
2025-03-20 08:27:55,381 [INFO] IPUIPlugin:80 - create IPUIPlugin
2025-03-20 08:27:55,381 [INFO] PluginManager:220 - loadIPPluginJar : add aes
2025-03-20 08:27:55,390 [INFO] IPUIPlugin:80 - create IPUIPlugin
2025-03-20 08:27:55,390 [INFO] PluginManager:220 - loadIPPluginJar : add can
2025-03-20 08:27:55,394 [INFO] IPUIPlugin:80 - create IPUIPlugin
2025-03-20 08:27:55,394 [INFO] PluginManager:220 - loadIPPluginJar : add comp
2025-03-20 08:27:55,400 [INFO] IPUIPlugin:80 - create IPUIPlugin
2025-03-20 08:27:55,400 [INFO] PluginManager:220 - loadIPPluginJar : add cryp
2025-03-20 08:27:55,413 [INFO] IPUIPlugin:80 - create IPUIPlugin
2025-03-20 08:27:55,413 [INFO] PluginManager:220 - loadIPPluginJar : add ddr_ctrl_phy
2025-03-20 08:27:55,420 [INFO] IPUIPlugin:80 - create IPUIPlugin
2025-03-20 08:27:55,420 [INFO] PluginManager:220 - loadIPPluginJar : add dfsdm
2025-03-20 08:27:55,430 [INFO] IPUIPlugin:80 - create IPUIPlugin
2025-03-20 08:27:55,431 [INFO] PluginManager:220 - loadIPPluginJar : add dma
2025-03-20 08:27:55,438 [INFO] IPUIPlugin:80 - create IPUIPlugin
2025-03-20 08:27:55,438 [INFO] PluginManager:220 - loadIPPluginJar : add dma3
2025-03-20 08:27:55,446 [INFO] IPUIPlugin:80 - create IPUIPlugin
2025-03-20 08:27:55,447 [INFO] PluginManager:220 - loadIPPluginJar : add extmemmanager
2025-03-20 08:27:55,450 [INFO] IPUIPlugin:80 - create IPUIPlugin
2025-03-20 08:27:55,450 [INFO] PluginManager:220 - loadIPPluginJar : add fatfs
2025-03-20 08:27:55,461 [INFO] IPUIPlugin:80 - create IPUIPlugin
2025-03-20 08:27:55,461 [INFO] PluginManager:220 - loadIPPluginJar : add fmc
2025-03-20 08:27:55,477 [INFO] IPUIPlugin:80 - create IPUIPlugin
2025-03-20 08:27:55,477 [INFO] PluginManager:220 - loadIPPluginJar : add freertos
2025-03-20 08:27:55,480 [INFO] IPUIPlugin:80 - create IPUIPlugin
2025-03-20 08:27:55,481 [INFO] PluginManager:220 - loadIPPluginJar : add genericplugin
2025-03-20 08:27:55,487 [INFO] IPUIPlugin:80 - create IPUIPlugin
2025-03-20 08:27:55,487 [INFO] PluginManager:220 - loadIPPluginJar : add gfxmmu
2025-03-20 08:27:55,495 [INFO] IPUIPlugin:80 - create IPUIPlugin
2025-03-20 08:27:55,495 [INFO] PluginManager:220 - loadIPPluginJar : add gic
2025-03-20 08:27:55,506 [INFO] IPUIPlugin:80 - create IPUIPlugin
2025-03-20 08:27:55,506 [INFO] PluginManager:220 - loadIPPluginJar : add gpio
2025-03-20 08:27:55,516 [INFO] IPUIPlugin:80 - create IPUIPlugin
2025-03-20 08:27:55,517 [INFO] PluginManager:220 - loadIPPluginJar : add gtzc
2025-03-20 08:27:55,523 [INFO] IPUIPlugin:80 - create IPUIPlugin
2025-03-20 08:27:55,523 [INFO] PluginManager:220 - loadIPPluginJar : add hash
2025-03-20 08:27:55,531 [INFO] IPUIPlugin:80 - create IPUIPlugin
2025-03-20 08:27:55,531 [INFO] PluginManager:220 - loadIPPluginJar : add i2c
2025-03-20 08:27:55,539 [INFO] IPUIPlugin:80 - create IPUIPlugin
2025-03-20 08:27:55,539 [INFO] PluginManager:220 - loadIPPluginJar : add i2s
2025-03-20 08:27:55,548 [INFO] IPUIPlugin:80 - create IPUIPlugin
2025-03-20 08:27:55,548 [INFO] PluginManager:220 - loadIPPluginJar : add i3c
2025-03-20 08:27:55,558 [INFO] IPUIPlugin:80 - create IPUIPlugin
2025-03-20 08:27:55,558 [INFO] PluginManager:220 - loadIPPluginJar : add ipddr
2025-03-20 08:27:55,569 [INFO] IPUIPlugin:80 - create IPUIPlugin
2025-03-20 08:27:55,570 [INFO] PluginManager:220 - loadIPPluginJar : add linkedlist
2025-03-20 08:27:55,576 [INFO] IPUIPlugin:80 - create IPUIPlugin
2025-03-20 08:27:55,576 [INFO] PluginManager:220 - loadIPPluginJar : add lorawan
2025-03-20 08:27:55,581 [INFO] IPUIPlugin:80 - create IPUIPlugin
2025-03-20 08:27:55,581 [INFO] PluginManager:220 - loadIPPluginJar : add ltdc
2025-03-20 08:27:55,593 [INFO] IPUIPlugin:80 - create IPUIPlugin
2025-03-20 08:27:55,594 [INFO] PluginManager:220 - loadIPPluginJar : add mdma
2025-03-20 08:27:55,603 [INFO] IPUIPlugin:80 - create IPUIPlugin
2025-03-20 08:27:55,603 [INFO] PluginManager:220 - loadIPPluginJar : add nvic
2025-03-20 08:27:55,610 [INFO] IPUIPlugin:80 - create IPUIPlugin
2025-03-20 08:27:55,610 [INFO] PluginManager:220 - loadIPPluginJar : add opamp
2025-03-20 08:27:55,618 [INFO] IPUIPlugin:80 - create IPUIPlugin
2025-03-20 08:27:55,618 [INFO] PluginManager:220 - loadIPPluginJar : add openamp
2025-03-20 08:27:55,625 [INFO] IPUIPlugin:80 - create IPUIPlugin
2025-03-20 08:27:55,625 [INFO] PluginManager:220 - loadIPPluginJar : add pdm2pcm
2025-03-20 08:27:55,636 [INFO] IPUIPlugin:80 - create IPUIPlugin
2025-03-20 08:27:55,638 [INFO] PluginManager:220 - loadIPPluginJar : add plateformsettings
2025-03-20 08:27:55,641 [INFO] IPUIPlugin:80 - create IPUIPlugin
2025-03-20 08:27:55,641 [INFO] PluginManager:220 - loadIPPluginJar : add quadspi
2025-03-20 08:27:55,645 [INFO] IPUIPlugin:80 - create IPUIPlugin
2025-03-20 08:27:55,646 [INFO] PluginManager:220 - loadIPPluginJar : add radio
2025-03-20 08:27:55,656 [INFO] IPUIPlugin:80 - create IPUIPlugin
2025-03-20 08:27:55,656 [INFO] PluginManager:220 - loadIPPluginJar : add resmgrutility
2025-03-20 08:27:55,665 [INFO] IPUIPlugin:80 - create IPUIPlugin
2025-03-20 08:27:55,665 [INFO] PluginManager:220 - loadIPPluginJar : add sai
2025-03-20 08:27:55,673 [INFO] IPUIPlugin:80 - create IPUIPlugin
2025-03-20 08:27:55,673 [INFO] PluginManager:220 - loadIPPluginJar : add spi
2025-03-20 08:27:55,686 [INFO] IPUIPlugin:80 - create IPUIPlugin
2025-03-20 08:27:55,686 [INFO] PluginManager:220 - loadIPPluginJar : add stm32_wpan
2025-03-20 08:27:55,689 [INFO] IPUIPlugin:80 - create IPUIPlugin
2025-03-20 08:27:55,689 [INFO] PluginManager:220 - loadIPPluginJar : add tim
2025-03-20 08:27:55,698 [INFO] IPUIPlugin:80 - create IPUIPlugin
2025-03-20 08:27:55,698 [INFO] PluginManager:220 - loadIPPluginJar : add touchsensing
2025-03-20 08:27:55,702 [INFO] IPUIPlugin:80 - create IPUIPlugin
2025-03-20 08:27:55,702 [INFO] PluginManager:220 - loadIPPluginJar : add tracer_emb
2025-03-20 08:27:55,706 [INFO] IPUIPlugin:80 - create IPUIPlugin
2025-03-20 08:27:55,706 [INFO] PluginManager:220 - loadIPPluginJar : add ts
2025-03-20 08:27:55,709 [INFO] IPUIPlugin:80 - create IPUIPlugin
2025-03-20 08:27:55,710 [INFO] PluginManager:220 - loadIPPluginJar : add tsc
2025-03-20 08:27:55,713 [INFO] IPUIPlugin:80 - create IPUIPlugin
2025-03-20 08:27:55,714 [INFO] PluginManager:220 - loadIPPluginJar : add ucpd
2025-03-20 08:27:55,721 [INFO] IPUIPlugin:80 - create IPUIPlugin
2025-03-20 08:27:55,721 [INFO] PluginManager:220 - loadIPPluginJar : add usart
2025-03-20 08:27:55,730 [INFO] IPUIPlugin:80 - create IPUIPlugin
2025-03-20 08:27:55,730 [INFO] PluginManager:220 - loadIPPluginJar : add usbx
2025-03-20 08:27:55,847 [FATAL] Updater:351 - Updater called before beeing initialized
2025-03-20 08:27:55,868 [INFO] RulesReader:64 - Compatibility file has been processed (301 Rules)
2025-03-20 08:27:55,876 [INFO] RulesReader:64 - Compatibility file has been processed (301 Rules)
2025-03-20 08:27:55,881 [INFO] CADModel:165 - CPN selected for project level
2025-03-20 08:27:55,881 [INFO] CADModel:114 - Register for checkConnection events
2025-03-20 08:27:55,881 [FATAL] Updater:351 - Updater called before beeing initialized
2025-03-20 08:27:55,881 [ERROR] CADModel:125 - Updater not yet initialized, retry later 
2025-03-20 08:27:56,015 [FATAL] Updater:351 - Updater called before beeing initialized
2025-03-20 08:27:56,017 [INFO] CADModel:165 - CPN selected for project level
2025-03-20 08:27:56,018 [INFO] CADModel:114 - Register for checkConnection events
2025-03-20 08:27:56,018 [FATAL] Updater:351 - Updater called before beeing initialized
2025-03-20 08:27:56,018 [ERROR] CADModel:125 - Updater not yet initialized, retry later 
2025-03-20 08:27:56,021 [FATAL] Updater:351 - Updater called before beeing initialized
2025-03-20 08:27:56,132 [FATAL] Updater:351 - Updater called before beeing initialized
2025-03-20 08:27:56,136 [INFO] DbMcusAds:53 - JSON generation date=Thu Sep 30 15:55:09 KST 2021 (1632984909247)
2025-03-20 08:27:56,137 [FATAL] Updater:351 - Updater called before beeing initialized
2025-03-20 08:27:56,170 [WARN] DetailPanel:346 - Failed to get advertising image, set to default
2025-03-20 08:27:56,419 [FATAL] Updater:351 - Updater called before beeing initialized
2025-03-20 08:27:56,420 [FATAL] Updater:351 - Updater called before beeing initialized
2025-03-20 08:27:56,420 [FATAL] Updater:351 - Updater called before beeing initialized
2025-03-20 08:27:56,420 [WARN] DetailPanel:346 - Failed to get advertising image, set to default
2025-03-20 08:27:56,421 [FATAL] Updater:351 - Updater called before beeing initialized
2025-03-20 08:27:56,461 [ERROR] Updater:1198 - MainUpdater not yet initialized. External WinMGr cannot be set.
2025-03-20 08:27:56,464 [INFO] Updater:1134 - Updater Version found : 6.14.0
2025-03-20 08:27:56,485 [INFO] ApplicationProperties:184 - Using Application install path: C:\ST\STM32CubeIDE_1.7.0\STM32CubeIDE\plugins\com.st.stm32cube.common.mx_6.14.0.202502271554
2025-03-20 08:27:57,002 [INFO] MainUpdater:2872 - connection check result : 10
2025-03-20 08:27:57,003 [INFO] MainUpdater:289 - Updater Check For Update Now.
2025-03-20 08:27:57,003 [INFO] MicroXplorer:498 - Change Database Version : DB.6.0.140
2025-03-20 08:27:57,009 [INFO] McuFinderGlobals:63 - Set McuFinder mode to 2 (CubeIDE integrated)
2025-03-20 08:27:57,010 [INFO] UserAuth:486 - Internet connection configuration mode: 1
2025-03-20 08:27:57,034 [INFO] JxBrowserEngine:152 - Initiate JxBrowser Engine with user profile folder
2025-03-20 08:27:57,174 [INFO] CheckServerUpdateThread:120 - End of CheckServer Thread
2025-03-20 08:27:58,174 [INFO] WebApp:169 - Instantiating new browser for Auth
2025-03-20 08:27:58,280 [WARN] PackLoader:240 - Cannot read IP mode file for STMicroelectronics.FP-SNS-MOTENVWB1.1.4.0
2025-03-20 08:27:58,295 [WARN] PackLoader:240 - Cannot read IP mode file for STMicroelectronics.FP-ATR-ASTRA1.2.0.2
2025-03-20 08:27:58,301 [WARN] PackLoader:240 - Cannot read IP mode file for STMicroelectronics.FP-ATR-ASTRA1.2.0.1
2025-03-20 08:27:58,316 [WARN] PackLoader:240 - Cannot read IP mode file for STMicroelectronics.X-CUBE-SMBUS.2.1.0
2025-03-20 08:27:58,333 [WARN] PackLoader:240 - Cannot read IP mode file for STMicroelectronics.X-CUBE-WB05N.1.1.0
2025-03-20 08:27:58,343 [WARN] PackLoader:240 - Cannot read IP mode file for STMicroelectronics.X-CUBE-TOUCHGFX.4.23.1
2025-03-20 08:27:58,350 [WARN] PackLoader:240 - Cannot read IP mode file for STMicroelectronics.X-CUBE-TOUCHGFX.4.23.0
2025-03-20 08:27:58,358 [WARN] PackLoader:240 - Cannot read IP mode file for STMicroelectronics.X-CUBE-TOUCHGFX.4.23.2
2025-03-20 08:27:58,391 [WARN] PackLoader:240 - Cannot read IP mode file for STMicroelectronics.X-CUBE-AZRTOS-F7.1.1.0
2025-03-20 08:27:58,402 [ERROR] RealEvaluatedCondition:428 - Found unsupported composite condition: CLASS='Data Exchange' GROUP='STM32_MetaDataManager'
2025-03-20 08:27:58,402 [ERROR] RealEvaluatedCondition:428 - Found unsupported composite condition: CLASS='Data Exchange' GROUP='STM32_MetaDataManager'
2025-03-20 08:27:58,403 [WARN] PackLoader:240 - Cannot read IP mode file for STMicroelectronics.FP-SNS-MOTENV1.4.3.0
2025-03-20 08:27:58,412 [WARN] PackLoader:240 - Cannot read IP mode file for STMicroelectronics.FP-SNS-MOTENV1.4.3.2
2025-03-20 08:27:58,420 [WARN] PackLoader:240 - Cannot read IP mode file for STMicroelectronics.FP-SNS-FLIGHT1.5.0.0
2025-03-20 08:27:58,426 [ERROR] RealEvaluatedCondition:428 - Found unsupported composite condition: GROUP='STM32_MetaDataManager' CLASS='Data Exchange'
2025-03-20 08:27:58,426 [ERROR] RealEvaluatedCondition:428 - Found unsupported composite condition: CLASS='Data Exchange' GROUP='STM32_MetaDataManager'
2025-03-20 08:27:58,427 [WARN] PackLoader:240 - Cannot read IP mode file for STMicroelectronics.FP-SNS-MOTENV1.4.3.1
2025-03-20 08:27:58,435 [WARN] PackLoader:240 - Cannot read IP mode file for STMicroelectronics.FP-SNS-FLIGHT1.5.0.1
2025-03-20 08:27:58,446 [WARN] PackLoader:240 - Cannot read IP mode file for STMicroelectronics.X-CUBE-BLE1.6.2.3
2025-03-20 08:27:58,548 [WARN] PackLoader:240 - Cannot read IP mode file for STMicroelectronics.X-CUBE-MEMS1.11.0.0
2025-03-20 08:27:58,707 [WARN] PackLoader:240 - Cannot read IP mode file for STMicroelectronics.X-CUBE-BLE1.6.2.4
2025-03-20 08:27:58,712 [WARN] PackLoader:240 - Cannot read IP mode file for STMicroelectronics.FP-SNS-FLIGHT1.5.0.2
2025-03-20 08:27:58,719 [WARN] PackLoader:240 - Cannot read IP mode file for STMicroelectronics.X-CUBE-DISPLAY.3.0.0
2025-03-20 08:27:58,730 [WARN] PackLoader:240 - Cannot read IP mode file for STMicroelectronics.X-CUBE-BLE1.7.0.0
2025-03-20 08:27:58,743 [WARN] PackLoader:240 - Cannot read IP mode file for STMicroelectronics.X-CUBE-NFC10.1.0.0
2025-03-20 08:27:58,753 [WARN] PackLoader:240 - Cannot read IP mode file for STMicroelectronics.X-CUBE-BLEMGR.4.0.0
2025-03-20 08:27:58,759 [WARN] PackLoader:240 - Cannot read IP mode file for STMicroelectronics.X-CUBE-TOUCHGFX.4.22.0
2025-03-20 08:27:58,763 [WARN] PackLoader:240 - Cannot read IP mode file for STMicroelectronics.X-CUBE-TOUCHGFX.4.22.1
2025-03-20 08:27:58,834 [WARN] PackLoader:240 - Cannot read IP mode file for STMicroelectronics.X-CUBE-MEMS1.9.3.0
2025-03-20 08:27:58,917 [WARN] PackLoader:240 - Cannot read IP mode file for STMicroelectronics.X-CUBE-BLEMGR.3.1.0
2025-03-20 08:27:58,929 [WARN] PackLoader:240 - Cannot read IP mode file for STMicroelectronics.X-CUBE-AI.10.0.0
2025-03-20 08:27:58,936 [WARN] PackLoader:240 - Cannot read IP mode file for STMicroelectronics.FP-SNS-SMARTAG2.1.2.0
2025-03-20 08:27:58,941 [WARN] PackLoader:240 - Cannot read IP mode file for STMicroelectronics.FP-SNS-FLIGHT1.5.1.0
2025-03-20 08:27:59,042 [WARN] PackLoader:240 - Cannot read IP mode file for STMicroelectronics.X-CUBE-MEMS1.11.1.0
2025-03-20 08:27:59,179 [INFO] LogOutputStream:77 - [STDOUT_REDIRECT] 1 : Invalid condition id : UX_CORESTACK_Condition cause : null
2025-03-20 08:27:59,180 [INFO] LogOutputStream:77 - [STDOUT_REDIRECT] 1 : Invalid condition id : UX_CORESTACK_Condition cause : null
2025-03-20 08:27:59,181 [INFO] LogOutputStream:77 - [STDOUT_REDIRECT] 1 : Invalid condition id : UX_CORESTACK_Condition cause : null
2025-03-20 08:27:59,182 [INFO] LogOutputStream:77 - [STDOUT_REDIRECT] 1 : Invalid condition id : UX_CORESTACK_Condition cause : null
2025-03-20 08:27:59,183 [INFO] LogOutputStream:77 - [STDOUT_REDIRECT] 1 : Invalid condition id : UX_CORESTACK_Condition cause : null
2025-03-20 08:27:59,186 [WARN] PackLoader:240 - Cannot read IP mode file for STMicroelectronics.X-CUBE-AZRTOS-WL.2.0.0
2025-03-20 08:27:59,194 [WARN] PackLoader:240 - Cannot read IP mode file for STMicroelectronics.FP-SNS-MOTENV1.5.0.0
2025-03-20 08:27:59,203 [WARN] PackLoader:240 - Cannot read IP mode file for wolfSSL.I-CUBE-wolfMQTT.1.19.0
2025-03-20 08:27:59,218 [WARN] PackLoader:240 - Cannot read IP mode file for WES.I-CUBE-Cesium.1.3.0
2025-03-20 08:27:59,230 [WARN] PackLoader:240 - Cannot read IP mode file for STMicroelectronics.X-CUBE-BLE2.3.3.0
2025-03-20 08:27:59,238 [WARN] PackLoader:240 - Cannot read IP mode file for STMicroelectronics.X-CUBE-DISPLAY.2.2.0
2025-03-20 08:27:59,251 [WARN] PackLoader:240 - Cannot read IP mode file for STMicroelectronics.X-CUBE-TOF1.3.2.0
2025-03-20 08:27:59,270 [WARN] PackLoader:240 - Cannot read IP mode file for STMicroelectronics.X-CUBE-NFC9.1.0.0
2025-03-20 08:27:59,290 [WARN] PackLoader:240 - Cannot read IP mode file for STMicroelectronics.X-CUBE-AZRTOS-H7.2.1.0
2025-03-20 08:27:59,313 [WARN] PackLoader:240 - Cannot read IP mode file for STMicroelectronics.X-CUBE-BLE1.7.1.0
2025-03-20 08:27:59,324 [WARN] PackLoader:240 - Cannot read IP mode file for STMicroelectronics.X-CUBE-TCPP.4.1.0
2025-03-20 08:27:59,337 [WARN] PackLoader:240 - Cannot read IP mode file for STMicroelectronics.X-CUBE-TOUCHGFX.4.21.1
2025-03-20 08:27:59,360 [WARN] PackLoader:240 - Cannot read IP mode file for STMicroelectronics.X-CUBE-TOUCHGFX.4.21.0
2025-03-20 08:27:59,370 [WARN] PackLoader:240 - Cannot read IP mode file for STMicroelectronics.X-CUBE-TOUCHGFX.4.21.3
2025-03-20 08:27:59,376 [WARN] PackLoader:240 - Cannot read IP mode file for STMicroelectronics.X-CUBE-TOUCHGFX.4.21.4
2025-03-20 08:27:59,484 [WARN] PackLoader:240 - Cannot read IP mode file for STMicroelectronics.X-CUBE-MEMS1.9.4.0
2025-03-20 08:27:59,613 [INFO] WebApp:463 - Apply proxy settings
2025-03-20 08:27:59,614 [WARN] PackLoader:240 - Cannot read IP mode file for STMicroelectronics.X-CUBE-AI.7.3.0
2025-03-20 08:27:59,614 [INFO] WebApp:548 - Chromium requires no authentication
2025-03-20 08:27:59,625 [INFO] WebApp:491 - Direct internet connection detected
2025-03-20 08:27:59,630 [WARN] PackLoader:240 - Cannot read IP mode file for STMicroelectronics.X-CUBE-ALGOBUILD.1.3.0
2025-03-20 08:27:59,658 [WARN] PackLoader:240 - Cannot read IP mode file for STMicroelectronics.X-CUBE-AZRTOS-G0.1.1.0
2025-03-20 08:27:59,662 [INFO] WebApp:894 - Register for checkConnection events
2025-03-20 08:27:59,663 [INFO] WebApp:463 - Apply proxy settings
2025-03-20 08:27:59,663 [INFO] WebApp:548 - Chromium requires no authentication
2025-03-20 08:27:59,663 [INFO] WebApp:491 - Direct internet connection detected
2025-03-20 08:27:59,677 [WARN] PackLoader:240 - Cannot read IP mode file for STMicroelectronics.X-CUBE-SAFEA1.1.2.2
2025-03-20 08:27:59,691 [WARN] PackLoader:240 - Cannot read IP mode file for STMicroelectronics.X-CUBE-NFC4.3.0.0
2025-03-20 08:27:59,720 [WARN] PackLoader:240 - Cannot read IP mode file for SEGGER.I-CUBE-embOS.1.2.1
2025-03-20 08:27:59,753 [WARN] PackLoader:240 - Cannot read IP mode file for wolfSSL.I-CUBE-wolfMQTT.1.18.0
2025-03-20 08:27:59,763 [WARN] PackLoader:240 - Cannot read IP mode file for EmbeddedOffice.I-CUBE-FS-RTOS.1.0.1
2025-03-20 08:27:59,773 [WARN] PackLoader:240 - Cannot read IP mode file for STMicroelectronics.X-CUBE-BLEMGR.3.0.0
2025-03-20 08:27:59,783 [WARN] PackLoader:240 - Cannot read IP mode file for STMicroelectronics.X-CUBE-BLEMGR.1.3.0
2025-03-20 08:27:59,791 [WARN] PackLoader:240 - Cannot read IP mode file for STMicroelectronics.X-CUBE-TCPP.4.2.0
2025-03-20 08:27:59,798 [WARN] PackLoader:240 - Cannot read IP mode file for RealThread.X-CUBE-RT-Thread_Nano.4.1.1
2025-03-20 08:27:59,805 [WARN] PackLoader:240 - Cannot read IP mode file for STMicroelectronics.FP-ATR-SIGFOX1.3.2.0
2025-03-20 08:27:59,812 [WARN] ConditionMgr:438 - getConditionDescription Invalid condition id : Cortex-A Device cause : null
2025-03-20 08:27:59,825 [WARN] ConditionMgr:1044 - genDependencies : Invalid condition id : Cortex-A Device cause : null
2025-03-20 08:27:59,825 [WARN] ConditionMgr:1044 - genDependencies : Invalid condition id : Cortex-A Device cause : null
2025-03-20 08:27:59,825 [WARN] ConditionMgr:1044 - genDependencies : Invalid condition id : Cortex-A Device cause : null
2025-03-20 08:27:59,839 [WARN] PackLoader:240 - Cannot read IP mode file for STMicroelectronics.X-CUBE-EEPRMA1.5.1.0
2025-03-20 08:27:59,844 [WARN] PackLoader:240 - Cannot read IP mode file for STMicroelectronics.X-CUBE-TOUCHGFX.4.20.0
2025-03-20 08:27:59,873 [INFO] WebApp:225 - Starting web application
2025-03-20 08:27:59,873 [INFO] WebApp:593 - Web application path used C:\ST\STM32CubeIDE_1.7.0\STM32CubeIDE\plugins\com.st.stm32cube.common.mx_6.14.0.202502271554\db\plugins\mcufinder\reactClient1\index.html
2025-03-20 08:27:59,974 [WARN] PackLoader:240 - Cannot read IP mode file for STMicroelectronics.X-CUBE-MEMS1.9.5.0
2025-03-20 08:28:00,146 [WARN] PackLoader:240 - Cannot read IP mode file for SEGGER.I-CUBE-embOS.1.3.1
2025-03-20 08:28:00,182 [WARN] PackLoader:240 - Cannot read IP mode file for STMicroelectronics.X-CUBE-ALGOBUILD.1.4.0
2025-03-20 08:28:00,191 [WARN] PackLoader:240 - Cannot read IP mode file for STMicroelectronics.X-CUBE-AI.9.1.0
2025-03-20 08:28:00,205 [WARN] PackLoader:240 - Cannot read IP mode file for STMicroelectronics.X-CUBE-GNSS1.6.0.0
2025-03-20 08:28:00,225 [WARN] PackLoader:240 - Cannot read IP mode file for STMicroelectronics.X-CUBE-AZRTOS-F4.1.1.0
2025-03-20 08:28:00,240 [WARN] PackLoader:240 - Cannot read IP mode file for STMicroelectronics.X-CUBE-ISPU.2.1.0
2025-03-20 08:28:00,246 [WARN] PackLoader:240 - Cannot read IP mode file for STMicroelectronics.X-CUBE-FREERTOS.1.2.0
2025-03-20 08:28:00,257 [INFO] UserAuth:486 - Internet connection configuration mode: 1
2025-03-20 08:28:00,257 [WARN] PackLoader:240 - Cannot read IP mode file for STMicroelectronics.X-CUBE-BLEMGR.1.2.0
2025-03-20 08:28:00,280 [WARN] PackLoader:240 - Cannot read IP mode file for STMicroelectronics.X-CUBE-AZRTOS-L5.2.0.0
2025-03-20 08:28:00,381 [INFO] WebApp:191 - Connection restablished
2025-03-20 08:28:00,419 [WARN] PackLoader:240 - Cannot read IP mode file for STMicroelectronics.X-CUBE-MEMS1.9.6.0
2025-03-20 08:28:00,561 [WARN] PackLoader:240 - Cannot read IP mode file for STMicroelectronics.X-CUBE-EEPRMA1.4.2.0
2025-03-20 08:28:00,582 [WARN] PackLoader:240 - Cannot read IP mode file for STMicroelectronics.X-CUBE-NFC6.3.1.0
2025-03-20 08:28:00,600 [WARN] PackLoader:240 - Cannot read IP mode file for ITTIA_DB.I-CUBE-ITTIADB.8.8.0
2025-03-20 08:28:00,619 [WARN] PackLoader:240 - Cannot read IP mode file for emotas.I-CUBE-CANOPEN.1.1.3
2025-03-20 08:28:00,628 [WARN] PackLoader:240 - Cannot read IP mode file for STMicroelectronics.X-CUBE-BLEMGR.2.0.0
2025-03-20 08:28:00,636 [WARN] PackLoader:240 - Cannot read IP mode file for STMicroelectronics.X-CUBE-DPower.1.2.0
2025-03-20 08:28:00,646 [WARN] PackLoader:240 - Cannot read IP mode file for STMicroelectronics.X-CUBE-NFC4.2.0.5
2025-03-20 08:28:00,653 [WARN] PackLoader:240 - Cannot read IP mode file for STMicroelectronics.X-CUBE-AI.9.0.0
2025-03-20 08:28:00,668 [WARN] ConditionMgr:438 - getConditionDescription Invalid condition id : UX DEVICE CLASS RTOS Condition cause : null
2025-03-20 08:28:00,668 [WARN] ConditionMgr:438 - getConditionDescription Invalid condition id : UX DEVICE CLASS RTOS Condition cause : null
2025-03-20 08:28:00,670 [WARN] PackLoader:240 - Cannot read IP mode file for STMicroelectronics.X-CUBE-AZRTOS-H7.3.1.0
2025-03-20 08:28:00,671 [WARN] ConditionMgr:1044 - genDependencies : Invalid condition id : UX DEVICE CLASS RTOS Condition cause : null
2025-03-20 08:28:00,671 [WARN] ConditionMgr:1044 - genDependencies : Invalid condition id : UX DEVICE CLASS RTOS Condition cause : null
2025-03-20 08:28:00,671 [WARN] ConditionMgr:1044 - genDependencies : Invalid condition id : UX DEVICE CLASS RTOS Condition cause : null
2025-03-20 08:28:00,672 [WARN] ConditionMgr:1044 - genDependencies : Invalid condition id : UX DEVICE CLASS RTOS Condition cause : null
2025-03-20 08:28:00,672 [WARN] ConditionMgr:1044 - genDependencies : Invalid condition id : UX DEVICE CLASS RTOS Condition cause : null
2025-03-20 08:28:00,677 [WARN] PackLoader:240 - Cannot read IP mode file for wolfSSL.I-CUBE-wolfSSL.5.5.3
2025-03-20 08:28:00,683 [WARN] PackLoader:240 - Cannot read IP mode file for STMicroelectronics.X-CUBE-FREERTOS.1.3.0
2025-03-20 08:28:00,693 [WARN] PackLoader:240 - Cannot read IP mode file for STMicroelectronics.X-CUBE-NFC7.1.0.1
2025-03-20 08:28:00,702 [WARN] PackLoader:240 - Cannot read IP mode file for STMicroelectronics.X-CUBE-NFC7.1.0.0
2025-03-20 08:28:00,706 [WARN] PackLoader:240 - Cannot read IP mode file for wolfSSL.I-CUBE-wolfTPM.3.2.0
2025-03-20 08:28:00,718 [WARN] PackLoader:240 - Cannot read IP mode file for STMicroelectronics.X-CUBE-NFC6.3.0.0
2025-03-20 08:28:00,729 [WARN] PackLoader:240 - Cannot read IP mode file for STMicroelectronics.X-CUBE-EEPRMA1.4.1.0
2025-03-20 08:28:00,736 [WARN] PackLoader:240 - Cannot read IP mode file for STMicroelectronics.X-CUBE-AI.8.1.0
2025-03-20 08:28:00,750 [WARN] ConditionMgr:438 - getConditionDescription Invalid condition id : LAN8742 Phy interface Condition cause : null
2025-03-20 08:28:00,751 [WARN] PackLoader:240 - Cannot read IP mode file for STMicroelectronics.X-CUBE-AZRTOS-L4.2.0.0
2025-03-20 08:28:00,752 [WARN] ConditionMgr:1044 - genDependencies : Invalid condition id : LAN8742 Phy interface Condition cause : null
2025-03-20 08:28:00,752 [WARN] ConditionMgr:1044 - genDependencies : Invalid condition id : LAN8742 Phy interface Condition cause : null
2025-03-20 08:28:00,753 [WARN] ConditionMgr:1044 - genDependencies : Invalid condition id : LAN8742 Phy interface Condition cause : null
2025-03-20 08:28:00,768 [WARN] PackLoader:240 - Cannot read IP mode file for STMicroelectronics.X-CUBE-SFXS2LP1.4.0.0
2025-03-20 08:28:00,783 [WARN] PackLoader:240 - Cannot read IP mode file for STMicroelectronics.X-CUBE-AZRTOS-H7.3.0.0
2025-03-20 08:28:00,792 [WARN] PackLoader:240 - Cannot read IP mode file for STMicroelectronics.X-CUBE-ISPU.1.1.0
2025-03-20 08:28:00,808 [WARN] PackLoader:240 - Cannot read IP mode file for STMicroelectronics.X-CUBE-AZRTOS-H7.3.3.0
2025-03-20 08:28:00,817 [WARN] PackLoader:240 - Cannot read IP mode file for RoweBots.I-CUBE-UNISONRTOS.5.5.0-4
2025-03-20 08:28:00,824 [WARN] PackLoader:240 - Cannot read IP mode file for STMicroelectronics.X-CUBE-AI.8.0.0
2025-03-20 08:28:00,837 [WARN] PackLoader:240 - Cannot read IP mode file for STMicroelectronics.X-CUBE-IPS.3.0.0
2025-03-20 08:28:00,861 [WARN] ConditionMgr:438 - getConditionDescription Invalid condition id : UX DEVICE CLASS RTOS Condition cause : null
2025-03-20 08:28:00,861 [WARN] ConditionMgr:438 - getConditionDescription Invalid condition id : UX DEVICE CLASS RTOS Condition cause : null
2025-03-20 08:28:00,863 [WARN] PackLoader:240 - Cannot read IP mode file for STMicroelectronics.X-CUBE-AZRTOS-WB.2.0.0
2025-03-20 08:28:00,864 [WARN] ConditionMgr:1044 - genDependencies : Invalid condition id : UX DEVICE CLASS RTOS Condition cause : null
2025-03-20 08:28:00,864 [WARN] ConditionMgr:1044 - genDependencies : Invalid condition id : UX DEVICE CLASS RTOS Condition cause : null
2025-03-20 08:28:00,864 [WARN] ConditionMgr:1044 - genDependencies : Invalid condition id : UX DEVICE CLASS RTOS Condition cause : null
2025-03-20 08:28:00,865 [WARN] ConditionMgr:1044 - genDependencies : Invalid condition id : UX DEVICE CLASS RTOS Condition cause : null
2025-03-20 08:28:00,865 [WARN] ConditionMgr:1044 - genDependencies : Invalid condition id : UX DEVICE CLASS RTOS Condition cause : null
2025-03-20 08:28:00,870 [WARN] PackLoader:240 - Cannot read IP mode file for STMicroelectronics.X-CUBE-FREERTOS.1.0.0
2025-03-20 08:28:00,876 [WARN] PackLoader:240 - Cannot read IP mode file for STMicroelectronics.X-CUBE-FREERTOS.1.0.1
2025-03-20 08:28:00,887 [WARN] PackLoader:240 - Cannot read IP mode file for STMicroelectronics.X-CUBE-GNSS1.7.0.0
2025-03-20 08:28:00,898 [WARN] PackLoader:240 - Cannot read IP mode file for STMicroelectronics.X-CUBE-GNSS1.7.0.1
2025-03-20 08:28:00,904 [WARN] PackLoader:240 - Cannot read IP mode file for STMicroelectronics.X-CUBE-TOUCHGFX.4.25.0
2025-03-20 08:28:00,911 [WARN] PackLoader:240 - Cannot read IP mode file for STMicroelectronics.FP-SNS-STBOX1.2.0.0
2025-03-20 08:28:00,926 [WARN] PackLoader:240 - Cannot read IP mode file for STMicroelectronics.X-CUBE-AZRTOS-L5.1.1.0
2025-03-20 08:28:00,936 [WARN] PackLoader:240 - Cannot read IP mode file for STMicroelectronics.X-CUBE-AI.8.0.1
2025-03-20 08:28:00,944 [WARN] PackLoader:240 - Cannot read IP mode file for STMicroelectronics.X-CUBE-SUBG2.5.0.0
2025-03-20 08:28:00,964 [WARN] PackLoader:240 - Cannot read IP mode file for STMicroelectronics.X-CUBE-AZRTOS-H7RS.1.1.0
2025-03-20 08:28:00,974 [WARN] PackLoader:240 - Cannot read IP mode file for Cesanta.I-CUBE-Mongoose.7.13.0
2025-03-20 08:28:00,987 [WARN] PackLoader:240 - Cannot read IP mode file for STMicroelectronics.X-CUBE-TOF1.3.3.1
2025-03-20 08:28:01,005 [WARN] PackLoader:240 - Cannot read IP mode file for STMicroelectronics.X-CUBE-AZRTOS-G4.2.0.0
2025-03-20 08:28:01,018 [WARN] PackLoader:240 - Cannot read IP mode file for STMicroelectronics.X-CUBE-TOF1.3.3.0
2025-03-20 08:28:01,025 [WARN] PackLoader:240 - Cannot read IP mode file for STMicroelectronics.FP-ATR-ASTRA1.1.1.1
2025-03-20 08:28:01,039 [WARN] PackLoader:240 - Cannot read IP mode file for Infineon.AIROC-Wi-Fi-Bluetooth-STM32.1.5.1
2025-03-20 08:28:01,044 [WARN] PackLoader:240 - Cannot read IP mode file for STMicroelectronics.FP-SNS-MOTENVWB1.1.3.0
2025-03-20 08:28:01,049 [WARN] PackLoader:240 - Cannot read IP mode file for STMicroelectronics.FP-SNS-MOTENVWB1.1.3.1
2025-03-20 08:28:01,060 [WARN] PackLoader:240 - Cannot read IP mode file for STMicroelectronics.X-CUBE-AZRTOS-G4.1.0.0
2025-03-20 08:28:01,074 [WARN] PackLoader:240 - Cannot read IP mode file for STMicroelectronics.X-CUBE-AZRTOS-L4.1.0.0
2025-03-20 08:28:01,084 [WARN] PackLoader:240 - Cannot read IP mode file for STMicroelectronics.X-CUBE-ISPU.2.0.0
2025-03-20 08:28:01,093 [WARN] PackLoader:240 - Cannot read IP mode file for STMicroelectronics.X-CUBE-IPS.3.1.0
2025-03-20 08:28:01,101 [WARN] PackLoader:240 - Cannot read IP mode file for STMicroelectronics.X-CUBE-ALS.1.0.2
2025-03-20 08:28:01,181 [WARN] PackLoader:240 - Cannot read IP mode file for STMicroelectronics.X-CUBE-MEMS1.10.0.0
2025-03-20 08:28:01,242 [WARN] PackLoader:240 - Cannot read IP mode file for STMicroelectronics.X-CUBE-FREERTOS.1.1.0
2025-03-20 08:28:01,246 [WARN] PackLoader:240 - Cannot read IP mode file for STMicroelectronics.X-CUBE-TOUCHGFX.4.24.0
2025-03-20 08:28:01,250 [WARN] PackLoader:240 - Cannot read IP mode file for STMicroelectronics.X-CUBE-TOUCHGFX.4.24.2
2025-03-20 08:28:01,258 [WARN] PackLoader:240 - Cannot read IP mode file for STMicroelectronics.X-CUBE-AZRTOS-WL.1.0.0
2025-03-20 08:28:01,263 [WARN] PackLoader:240 - Cannot read IP mode file for STMicroelectronics.X-CUBE-TOUCHGFX.4.24.1
2025-03-20 08:28:01,270 [WARN] PackLoader:240 - Cannot read IP mode file for portGmbH.I-Cube-SoM-uGOAL.1.1.0
2025-03-20 08:28:01,274 [WARN] PackLoader:240 - Cannot read IP mode file for STMicroelectronics.X-CUBE-ALS.1.0.1
2025-03-20 08:28:01,284 [WARN] PackLoader:240 - Cannot read IP mode file for STMicroelectronics.X-CUBE-AZRTOS-WB.1.1.0
2025-03-20 08:28:01,298 [WARN] PackLoader:240 - Cannot read IP mode file for STMicroelectronics.X-CUBE-AZRTOS-L5.1.0.0
2025-03-20 08:28:01,308 [WARN] PackLoader:240 - Cannot read IP mode file for STMicroelectronics.X-CUBE-EEPRMA1.3.1.1
2025-03-20 08:28:01,321 [WARN] PackLoader:240 - Cannot read IP mode file for STMicroelectronics.X-CUBE-AZRTOS-H7RS.1.0.0
2025-03-20 08:28:01,325 [WARN] PackLoader:240 - Cannot read IP mode file for STMicroelectronics.FP-ATR-ASTRA1.2.0.0
2025-03-20 08:28:01,332 [WARN] PackLoader:240 - Cannot read IP mode file for STMicroelectronics.X-CUBE-TOF1.3.4.2
2025-03-20 08:28:01,344 [WARN] PackLoader:240 - Cannot read IP mode file for STMicroelectronics.X-CUBE-TOF1.3.4.0
2025-03-20 08:28:01,357 [WARN] PackLoader:240 - Cannot read IP mode file for STMicroelectronics.X-CUBE-TOF1.3.4.1
2025-03-20 08:28:01,376 [WARN] PackLoader:240 - Cannot read IP mode file for STMicroelectronics.X-CUBE-AZRTOS-H7.3.2.0
2025-03-20 08:28:01,381 [WARN] PackLoader:240 - Cannot read IP mode file for wolfSSL.I-CUBE-wolfSSH.1.4.17
2025-03-20 08:28:01,382 [INFO] ThirdParty:978 - Integrity check success = true
2025-03-20 08:28:01,382 [INFO] IntegrityCheckThread:100 - exiting critical section [integrity check]
2025-03-20 08:28:01,382 [INFO] IntegrityCheckThread:103 - End integrity checks thread
