2025-02-25 07:54:40,879 [INFO] Activator:176 - 


2025-02-25 07:54:40,884 [INFO] Activator:177 - !SESSION log4j initialized
2025-02-25 07:54:48,071 [INFO] LogOutputStream:77 - [STDOUT_REDIRECT] 
2025-02-25 07:54:59,128 [INFO] ApplicationProperties:184 - Using Application install path: C:\ST\STM32CubeIDE_1.7.0\STM32CubeIDE\plugins\com.st.stm32cube.common.mx_6.13.0.202411220809
2025-02-25 07:54:59,152 [INFO] DbMcusXml:78 - Set database path to: C:\ST\STM32CubeIDE_1.7.0\STM32CubeIDE\plugins\com.st.stm32cube.common.mx_6.13.0.202411220809\\db\/mcu/
2025-02-25 07:54:59,153 [INFO] ApiDb:274 - Set plugin database path to: C:\ST\STM32CubeIDE_1.7.0\STM32CubeIDE\plugins\com.st.stm32cube.common.mx_6.13.0.202411220809\\db\/plugins/boardmanager/
2025-02-25 07:54:59,153 [WARN] ApiDb:259 - Overriding images path with different value:  => C:\ST\STM32CubeIDE_1.7.0\STM32CubeIDE\plugins\com.st.stm32cube.common.mx_6.13.0.202411220809\\db\/plugins/mcufinder/images/
2025-02-25 07:54:59,163 [INFO] ApiDb:250 - Set database path to: C:\Users\catsa\.stmcufinder\plugins\mcufinder//mcu/
2025-02-25 07:54:59,165 [INFO] DbMcusAds:125 - Set database path to: C:\Users\catsa\.stmcufinder\plugins\mcufinder//mcu/
2025-02-25 07:54:59,352 [INFO] CrossReferenceDbSqlite:203 - Set database path to: C:\Users\catsa\.stmcufinder\plugins\mcufinder//mcu/cs/
2025-02-25 07:54:59,501 [INFO] RulesReader:64 - Compatibility file has been processed (297 Rules)
2025-02-25 07:54:59,624 [INFO] DbMcusXml:78 - Set database path to: C:\ST\STM32CubeIDE_1.7.0\STM32CubeIDE\plugins\com.st.stm32cube.common.mx_6.13.0.202411220809\\db\/mcu/
2025-02-25 07:54:59,624 [INFO] ApiDb:274 - Set plugin database path to: C:\ST\STM32CubeIDE_1.7.0\STM32CubeIDE\plugins\com.st.stm32cube.common.mx_6.13.0.202411220809\\db\/plugins/boardmanager/
2025-02-25 07:54:59,624 [INFO] ApiDb:261 - Set plugin images path to: C:\ST\STM32CubeIDE_1.7.0\STM32CubeIDE\plugins\com.st.stm32cube.common.mx_6.13.0.202411220809\\db\/plugins/mcufinder/images/
2025-02-25 07:54:59,624 [WARN] DbFile:41 - Overriding database path with different value: C:\Users\catsa\.stmcufinder\plugins\mcufinder/ => C:\Users\catsa\.stmcufinder\plugins\mcufinder
2025-02-25 07:54:59,625 [INFO] ApiDb:250 - Set database path to: C:\Users\catsa\.stmcufinder\plugins\mcufinder//mcu/
2025-02-25 07:54:59,625 [WARN] DbFile:41 - Overriding database path with different value: C:\Users\catsa\.stmcufinder\plugins\mcufinder/ => C:\Users\catsa\.stmcufinder\plugins\mcufinder
2025-02-25 07:54:59,625 [INFO] DbMcusAds:125 - Set database path to: C:\Users\catsa\.stmcufinder\plugins\mcufinder//mcu/
2025-02-25 07:54:59,625 [WARN] DbFile:41 - Overriding database path with different value: C:\Users\catsa\.stmcufinder\plugins\mcufinder/ => C:\Users\catsa\.stmcufinder\plugins\mcufinder
2025-02-25 07:54:59,625 [WARN] DbFile:41 - Overriding database path with different value: C:\Users\catsa\.stmcufinder\plugins\mcufinder/ => C:\Users\catsa\.stmcufinder\plugins\mcufinder
2025-02-25 07:54:59,625 [INFO] CrossReferenceDbSqlite:203 - Set database path to: C:\Users\catsa\.stmcufinder\plugins\mcufinder//mcu/cs/
2025-02-25 07:54:59,716 [INFO] MainPanel:272 - HeapMemory: 268435456
2025-02-25 07:54:59,854 [INFO] DbMcusXml:78 - Set database path to: C:\ST\STM32CubeIDE_1.7.0\STM32CubeIDE\plugins\com.st.stm32cube.common.mx_6.13.0.202411220809\\db\/mcu/
2025-02-25 07:54:59,854 [INFO] ApiDb:274 - Set plugin database path to: C:\ST\STM32CubeIDE_1.7.0\STM32CubeIDE\plugins\com.st.stm32cube.common.mx_6.13.0.202411220809\\db\/plugins/boardmanager/
2025-02-25 07:54:59,854 [INFO] ApiDb:261 - Set plugin images path to: C:\ST\STM32CubeIDE_1.7.0\STM32CubeIDE\plugins\com.st.stm32cube.common.mx_6.13.0.202411220809\\db\/plugins/mcufinder/images/
2025-02-25 07:54:59,854 [WARN] DbFile:41 - Overriding database path with different value: C:\Users\catsa\.stmcufinder\plugins\mcufinder/ => C:\Users\catsa\.stmcufinder\plugins\mcufinder
2025-02-25 07:54:59,854 [INFO] ApiDb:250 - Set database path to: C:\Users\catsa\.stmcufinder\plugins\mcufinder//mcu/
2025-02-25 07:54:59,854 [WARN] DbFile:41 - Overriding database path with different value: C:\Users\catsa\.stmcufinder\plugins\mcufinder/ => C:\Users\catsa\.stmcufinder\plugins\mcufinder
2025-02-25 07:54:59,855 [INFO] DbMcusAds:125 - Set database path to: C:\Users\catsa\.stmcufinder\plugins\mcufinder//mcu/
2025-02-25 07:54:59,855 [WARN] DbFile:41 - Overriding database path with different value: C:\Users\catsa\.stmcufinder\plugins\mcufinder/ => C:\Users\catsa\.stmcufinder\plugins\mcufinder
2025-02-25 07:54:59,855 [WARN] DbFile:41 - Overriding database path with different value: C:\Users\catsa\.stmcufinder\plugins\mcufinder/ => C:\Users\catsa\.stmcufinder\plugins\mcufinder
2025-02-25 07:54:59,855 [INFO] CrossReferenceDbSqlite:203 - Set database path to: C:\Users\catsa\.stmcufinder\plugins\mcufinder//mcu/cs/
2025-02-25 07:54:59,879 [INFO] ApplicationProperties:184 - Using Application install path: C:\ST\STM32CubeIDE_1.7.0\STM32CubeIDE\plugins\com.st.stm32cube.common.mx_6.13.0.202411220809
2025-02-25 07:54:59,880 [INFO] PluginManage:196 - Search for loadable plugins [exclusion list=, ]
2025-02-25 07:54:59,882 [INFO] PluginManage:310 - Check plugin analytics
2025-02-25 07:55:00,072 [INFO] AnalyticsPlugin:253 - Accepted Software Licenses: STM32CubeMX.6.3.0
2025-02-25 07:55:00,073 [INFO] AnalyticsPlugin:255 - Accepted CMSIS Pack Licenses: 
2025-02-25 07:55:00,073 [INFO] AnalyticsPlugin:257 - Accepted Firmware Licenses: FW.L4.1.18.0
2025-02-25 07:55:00,085 [INFO] PluginManage:359 - Loaded plugin analytics (category:tool,tabindex:-1)
2025-02-25 07:55:00,085 [INFO] PluginManage:310 - Check plugin cadmodel
2025-02-25 07:55:00,134 [INFO] CADModel:105 - Init CAD model plugin
2025-02-25 07:55:00,134 [INFO] PluginManage:359 - Loaded plugin cadmodel (category:power,tabindex:5)
2025-02-25 07:55:00,134 [INFO] PluginManage:310 - Check plugin clock
2025-02-25 07:55:00,157 [INFO] PluginManage:359 - Loaded plugin clock (category:base,tabindex:2)
2025-02-25 07:55:00,157 [INFO] PluginManage:310 - Check plugin ddr
2025-02-25 07:55:00,160 [INFO] PluginManage:359 - Loaded plugin ddr (category:tool,tabindex:6)
2025-02-25 07:55:00,160 [INFO] PluginManage:310 - Check plugin filemanager
2025-02-25 07:55:00,435 [INFO] PluginManage:359 - Loaded plugin filemanager (category:base,tabindex:10)
2025-02-25 07:55:00,435 [INFO] PluginManage:310 - Check plugin ipmanager
2025-02-25 07:55:00,443 [INFO] PluginManage:359 - Loaded plugin ipmanager (category:base,tabindex:5)
2025-02-25 07:55:00,444 [INFO] PluginManage:310 - Check plugin lpbam
2025-02-25 07:55:00,458 [INFO] PluginManage:359 - Loaded plugin lpbam (category:base,tabindex:0)
2025-02-25 07:55:00,459 [INFO] PluginManage:310 - Check plugin memorymap
2025-02-25 07:55:00,484 [INFO] PluginManage:359 - Loaded plugin memorymap (category:base,tabindex:4)
2025-02-25 07:55:00,484 [INFO] PluginManage:310 - Check plugin pinoutandconfiguration
2025-02-25 07:55:00,507 [INFO] PluginManage:359 - Loaded plugin pinoutandconfiguration (category:base,tabindex:1)
2025-02-25 07:55:00,507 [INFO] PluginManage:310 - Check plugin pinoutconfig
2025-02-25 07:55:00,622 [WARN] SupportedApi:132 - Cannot load RTOS API schema: s4s-elt-must-match.1: The content of 'definitions' must match (annotation?, (simpleType | complexType)?, (unique | key | keyref)*)). A problem was found starting at: attribute.
2025-02-25 07:55:00,800 [INFO] PluginManage:359 - Loaded plugin pinoutconfig (category:base,tabindex:0)
2025-02-25 07:55:00,800 [INFO] PluginManage:310 - Check plugin power
2025-02-25 07:55:00,842 [INFO] PluginManage:359 - Loaded plugin power (category:power,tabindex:4)
2025-02-25 07:55:00,842 [INFO] PluginManage:310 - Check plugin projectmanager
2025-02-25 07:55:00,862 [INFO] PluginManage:359 - Loaded plugin projectmanager (category:projectmanager,tabindex:4)
2025-02-25 07:55:00,862 [INFO] PluginManage:310 - Check plugin rif
2025-02-25 07:55:00,883 [INFO] PluginManage:359 - Loaded plugin rif (category:base,tabindex:3)
2025-02-25 07:55:00,883 [INFO] PluginManage:310 - Check plugin thirdparty
2025-02-25 07:55:01,112 [INFO] PluginManage:359 - Loaded plugin thirdparty (category:base,tabindex:-1)
2025-02-25 07:55:01,112 [INFO] PluginManage:310 - Check plugin tools
2025-02-25 07:55:01,116 [WARN] IntegrityCheckThread:84 - waiting for thirdparty lock release [integrity check]
2025-02-25 07:55:01,117 [INFO] IntegrityCheckThread:86 - entering critical section [integrity check]
2025-02-25 07:55:01,117 [INFO] ThirdPartyUpdaterWithRetryManager:70 - Updater plugin not ready yet. [1/15]
2025-02-25 07:55:01,119 [INFO] PluginManage:359 - Loaded plugin tools (category:base,tabindex:7)
2025-02-25 07:55:01,120 [INFO] PluginManage:310 - Check plugin tutovideos
2025-02-25 07:55:01,326 [INFO] PluginManage:359 - Loaded plugin tutovideos (category:base,tabindex:-1)
2025-02-25 07:55:01,326 [INFO] PluginManage:310 - Check plugin updater
2025-02-25 07:55:01,371 [INFO] PluginManage:359 - Loaded plugin updater (category:base,tabindex:12)
2025-02-25 07:55:01,372 [INFO] PluginManage:310 - Check plugin userauth
2025-02-25 07:55:01,377 [INFO] UserAuth:118 - Init User Auth plugin
2025-02-25 07:55:01,378 [INFO] PluginManage:359 - Loaded plugin userauth (category:base,tabindex:14)
2025-02-25 07:55:01,378 [INFO] PluginManage:283 - PluginManage : Loaded plugins [18]
2025-02-25 07:55:01,630 [INFO] PinOutPanel:1589 - setPackage(No Configuration,No Configuration)
2025-02-25 07:55:01,758 [INFO] CADModel:165 - CPN selected for project level
2025-02-25 07:55:01,758 [INFO] CADModel:114 - Register for checkConnection events
2025-02-25 07:55:01,784 [INFO] IPUIPlugin:80 - create IPUIPlugin
2025-02-25 07:55:01,784 [INFO] PluginManager:220 - loadIPPluginJar : add adc
2025-02-25 07:55:01,797 [INFO] IPUIPlugin:80 - create IPUIPlugin
2025-02-25 07:55:01,797 [INFO] PluginManager:220 - loadIPPluginJar : add aes
2025-02-25 07:55:01,810 [INFO] IPUIPlugin:80 - create IPUIPlugin
2025-02-25 07:55:01,810 [INFO] PluginManager:220 - loadIPPluginJar : add can
2025-02-25 07:55:01,816 [INFO] IPUIPlugin:80 - create IPUIPlugin
2025-02-25 07:55:01,816 [INFO] PluginManager:220 - loadIPPluginJar : add comp
2025-02-25 07:55:01,824 [INFO] IPUIPlugin:80 - create IPUIPlugin
2025-02-25 07:55:01,825 [INFO] PluginManager:220 - loadIPPluginJar : add cryp
2025-02-25 07:55:01,838 [INFO] IPUIPlugin:80 - create IPUIPlugin
2025-02-25 07:55:01,838 [INFO] PluginManager:220 - loadIPPluginJar : add ddr_ctrl_phy
2025-02-25 07:55:01,845 [INFO] IPUIPlugin:80 - create IPUIPlugin
2025-02-25 07:55:01,845 [INFO] PluginManager:220 - loadIPPluginJar : add dfsdm
2025-02-25 07:55:01,859 [INFO] IPUIPlugin:80 - create IPUIPlugin
2025-02-25 07:55:01,860 [INFO] PluginManager:220 - loadIPPluginJar : add dma
2025-02-25 07:55:01,868 [INFO] IPUIPlugin:80 - create IPUIPlugin
2025-02-25 07:55:01,868 [INFO] PluginManager:220 - loadIPPluginJar : add dma3
2025-02-25 07:55:01,881 [INFO] IPUIPlugin:80 - create IPUIPlugin
2025-02-25 07:55:01,881 [INFO] PluginManager:220 - loadIPPluginJar : add extmemmanager
2025-02-25 07:55:01,886 [INFO] IPUIPlugin:80 - create IPUIPlugin
2025-02-25 07:55:01,886 [INFO] PluginManager:220 - loadIPPluginJar : add fatfs
2025-02-25 07:55:01,899 [INFO] IPUIPlugin:80 - create IPUIPlugin
2025-02-25 07:55:01,899 [INFO] PluginManager:220 - loadIPPluginJar : add fmc
2025-02-25 07:55:01,917 [INFO] IPUIPlugin:80 - create IPUIPlugin
2025-02-25 07:55:01,918 [INFO] PluginManager:220 - loadIPPluginJar : add freertos
2025-02-25 07:55:01,922 [INFO] IPUIPlugin:80 - create IPUIPlugin
2025-02-25 07:55:01,923 [INFO] PluginManager:220 - loadIPPluginJar : add genericplugin
2025-02-25 07:55:01,932 [INFO] IPUIPlugin:80 - create IPUIPlugin
2025-02-25 07:55:01,932 [INFO] PluginManager:220 - loadIPPluginJar : add gfxmmu
2025-02-25 07:55:01,943 [INFO] IPUIPlugin:80 - create IPUIPlugin
2025-02-25 07:55:01,943 [INFO] PluginManager:220 - loadIPPluginJar : add gic
2025-02-25 07:55:01,956 [INFO] IPUIPlugin:80 - create IPUIPlugin
2025-02-25 07:55:01,956 [INFO] PluginManager:220 - loadIPPluginJar : add gpio
2025-02-25 07:55:01,968 [INFO] IPUIPlugin:80 - create IPUIPlugin
2025-02-25 07:55:01,968 [INFO] PluginManager:220 - loadIPPluginJar : add gtzc
2025-02-25 07:55:01,977 [INFO] IPUIPlugin:80 - create IPUIPlugin
2025-02-25 07:55:01,977 [INFO] PluginManager:220 - loadIPPluginJar : add hash
2025-02-25 07:55:01,989 [INFO] IPUIPlugin:80 - create IPUIPlugin
2025-02-25 07:55:01,989 [INFO] PluginManager:220 - loadIPPluginJar : add i2c
2025-02-25 07:55:02,002 [INFO] IPUIPlugin:80 - create IPUIPlugin
2025-02-25 07:55:02,002 [INFO] PluginManager:220 - loadIPPluginJar : add i2s
2025-02-25 07:55:02,013 [INFO] IPUIPlugin:80 - create IPUIPlugin
2025-02-25 07:55:02,013 [INFO] PluginManager:220 - loadIPPluginJar : add i3c
2025-02-25 07:55:02,027 [INFO] IPUIPlugin:80 - create IPUIPlugin
2025-02-25 07:55:02,027 [INFO] PluginManager:220 - loadIPPluginJar : add ipddr
2025-02-25 07:55:02,039 [INFO] IPUIPlugin:80 - create IPUIPlugin
2025-02-25 07:55:02,039 [INFO] PluginManager:220 - loadIPPluginJar : add linkedlist
2025-02-25 07:55:02,048 [INFO] IPUIPlugin:80 - create IPUIPlugin
2025-02-25 07:55:02,048 [INFO] PluginManager:220 - loadIPPluginJar : add lorawan
2025-02-25 07:55:02,056 [INFO] IPUIPlugin:80 - create IPUIPlugin
2025-02-25 07:55:02,056 [INFO] PluginManager:220 - loadIPPluginJar : add ltdc
2025-02-25 07:55:02,069 [INFO] IPUIPlugin:80 - create IPUIPlugin
2025-02-25 07:55:02,069 [INFO] PluginManager:220 - loadIPPluginJar : add mdma
2025-02-25 07:55:02,081 [INFO] IPUIPlugin:80 - create IPUIPlugin
2025-02-25 07:55:02,081 [INFO] PluginManager:220 - loadIPPluginJar : add nvic
2025-02-25 07:55:02,089 [INFO] IPUIPlugin:80 - create IPUIPlugin
2025-02-25 07:55:02,089 [INFO] PluginManager:220 - loadIPPluginJar : add opamp
2025-02-25 07:55:02,099 [INFO] IPUIPlugin:80 - create IPUIPlugin
2025-02-25 07:55:02,099 [INFO] PluginManager:220 - loadIPPluginJar : add openamp
2025-02-25 07:55:02,107 [INFO] IPUIPlugin:80 - create IPUIPlugin
2025-02-25 07:55:02,107 [INFO] PluginManager:220 - loadIPPluginJar : add pdm2pcm
2025-02-25 07:55:02,126 [INFO] IPUIPlugin:80 - create IPUIPlugin
2025-02-25 07:55:02,129 [INFO] PluginManager:220 - loadIPPluginJar : add plateformsettings
2025-02-25 07:55:02,133 [INFO] IPUIPlugin:80 - create IPUIPlugin
2025-02-25 07:55:02,134 [INFO] PluginManager:220 - loadIPPluginJar : add quadspi
2025-02-25 07:55:02,139 [INFO] IPUIPlugin:80 - create IPUIPlugin
2025-02-25 07:55:02,140 [INFO] PluginManager:220 - loadIPPluginJar : add radio
2025-02-25 07:55:02,153 [INFO] IPUIPlugin:80 - create IPUIPlugin
2025-02-25 07:55:02,153 [INFO] PluginManager:220 - loadIPPluginJar : add resmgrutility
2025-02-25 07:55:02,165 [INFO] IPUIPlugin:80 - create IPUIPlugin
2025-02-25 07:55:02,165 [INFO] PluginManager:220 - loadIPPluginJar : add sai
2025-02-25 07:55:02,174 [INFO] IPUIPlugin:80 - create IPUIPlugin
2025-02-25 07:55:02,174 [INFO] PluginManager:220 - loadIPPluginJar : add spi
2025-02-25 07:55:02,190 [INFO] IPUIPlugin:80 - create IPUIPlugin
2025-02-25 07:55:02,190 [INFO] PluginManager:220 - loadIPPluginJar : add stm32_wpan
2025-02-25 07:55:02,195 [INFO] IPUIPlugin:80 - create IPUIPlugin
2025-02-25 07:55:02,196 [INFO] PluginManager:220 - loadIPPluginJar : add tim
2025-02-25 07:55:02,207 [INFO] IPUIPlugin:80 - create IPUIPlugin
2025-02-25 07:55:02,207 [INFO] PluginManager:220 - loadIPPluginJar : add touchsensing
2025-02-25 07:55:02,216 [INFO] IPUIPlugin:80 - create IPUIPlugin
2025-02-25 07:55:02,216 [INFO] PluginManager:220 - loadIPPluginJar : add tracer_emb
2025-02-25 07:55:02,222 [INFO] IPUIPlugin:80 - create IPUIPlugin
2025-02-25 07:55:02,222 [INFO] PluginManager:220 - loadIPPluginJar : add ts
2025-02-25 07:55:02,228 [INFO] IPUIPlugin:80 - create IPUIPlugin
2025-02-25 07:55:02,228 [INFO] PluginManager:220 - loadIPPluginJar : add tsc
2025-02-25 07:55:02,233 [INFO] IPUIPlugin:80 - create IPUIPlugin
2025-02-25 07:55:02,233 [INFO] PluginManager:220 - loadIPPluginJar : add ucpd
2025-02-25 07:55:02,245 [INFO] IPUIPlugin:80 - create IPUIPlugin
2025-02-25 07:55:02,245 [INFO] PluginManager:220 - loadIPPluginJar : add usart
2025-02-25 07:55:02,256 [INFO] IPUIPlugin:80 - create IPUIPlugin
2025-02-25 07:55:02,256 [INFO] PluginManager:220 - loadIPPluginJar : add usbx
2025-02-25 07:55:02,389 [FATAL] Updater:351 - Updater called before beeing initialized
2025-02-25 07:55:02,415 [INFO] RulesReader:64 - Compatibility file has been processed (297 Rules)
2025-02-25 07:55:02,428 [INFO] RulesReader:64 - Compatibility file has been processed (297 Rules)
2025-02-25 07:55:02,435 [INFO] CADModel:165 - CPN selected for project level
2025-02-25 07:55:02,435 [INFO] CADModel:114 - Register for checkConnection events
2025-02-25 07:55:02,435 [FATAL] Updater:351 - Updater called before beeing initialized
2025-02-25 07:55:02,435 [ERROR] CADModel:125 - Updater not yet initialized, retry later 
2025-02-25 07:55:02,587 [FATAL] Updater:351 - Updater called before beeing initialized
2025-02-25 07:55:02,589 [INFO] CADModel:165 - CPN selected for project level
2025-02-25 07:55:02,589 [INFO] CADModel:114 - Register for checkConnection events
2025-02-25 07:55:02,589 [FATAL] Updater:351 - Updater called before beeing initialized
2025-02-25 07:55:02,589 [ERROR] CADModel:125 - Updater not yet initialized, retry later 
2025-02-25 07:55:02,592 [FATAL] Updater:351 - Updater called before beeing initialized
2025-02-25 07:55:02,705 [FATAL] Updater:351 - Updater called before beeing initialized
2025-02-25 07:55:02,711 [INFO] DbMcusAds:53 - JSON generation date=Wed Dec 18 01:01:15 KST 2024 (1734451275111)
2025-02-25 07:55:02,712 [FATAL] Updater:351 - Updater called before beeing initialized
2025-02-25 07:55:02,757 [WARN] DetailPanel:346 - Failed to get advertising image, set to default
2025-02-25 07:55:03,106 [FATAL] Updater:351 - Updater called before beeing initialized
2025-02-25 07:55:03,108 [FATAL] Updater:351 - Updater called before beeing initialized
2025-02-25 07:55:03,108 [FATAL] Updater:351 - Updater called before beeing initialized
2025-02-25 07:55:03,108 [WARN] DetailPanel:346 - Failed to get advertising image, set to default
2025-02-25 07:55:03,109 [FATAL] Updater:351 - Updater called before beeing initialized
2025-02-25 07:55:03,165 [ERROR] Updater:1198 - MainUpdater not yet initialized. External WinMGr cannot be set.
2025-02-25 07:55:03,169 [INFO] Updater:1134 - Updater Version found : 6.13.0
2025-02-25 07:55:03,192 [INFO] ApplicationProperties:184 - Using Application install path: C:\ST\STM32CubeIDE_1.7.0\STM32CubeIDE\plugins\com.st.stm32cube.common.mx_6.13.0.202411220809
2025-02-25 07:55:03,785 [INFO] MainUpdater:2872 - connection check result : 10
2025-02-25 07:55:03,786 [INFO] MainUpdater:289 - Updater Check For Update Now.
2025-02-25 07:55:03,786 [INFO] MicroXplorer:498 - Change Database Version : DB.6.0.130
2025-02-25 07:55:03,793 [INFO] McuFinderGlobals:63 - Set McuFinder mode to 2 (CubeIDE integrated)
2025-02-25 07:55:03,794 [INFO] UserAuth:486 - Internet connection configuration mode: 1
2025-02-25 07:55:03,820 [INFO] JxBrowserEngine:152 - Initiate JxBrowser Engine with user profile folder
2025-02-25 07:55:04,021 [INFO] CheckServerUpdateThread:120 - End of CheckServer Thread
2025-02-25 07:55:04,584 [WARN] PackLoader:240 - Cannot read IP mode file for STMicroelectronics.FP-SNS-MOTENVWB1.1.4.0
2025-02-25 07:55:04,605 [WARN] PackLoader:240 - Cannot read IP mode file for STMicroelectronics.FP-ATR-ASTRA1.2.0.1
2025-02-25 07:55:04,616 [WARN] PackLoader:240 - Cannot read IP mode file for STMicroelectronics.X-CUBE-SMBUS.2.1.0
2025-02-25 07:55:04,634 [WARN] PackLoader:240 - Cannot read IP mode file for STMicroelectronics.X-CUBE-WB05N.1.1.0
2025-02-25 07:55:04,646 [WARN] PackLoader:240 - Cannot read IP mode file for STMicroelectronics.X-CUBE-TOUCHGFX.4.23.1
2025-02-25 07:55:04,653 [WARN] PackLoader:240 - Cannot read IP mode file for STMicroelectronics.X-CUBE-TOUCHGFX.4.23.0
2025-02-25 07:55:04,660 [WARN] PackLoader:240 - Cannot read IP mode file for STMicroelectronics.X-CUBE-TOUCHGFX.4.23.2
2025-02-25 07:55:04,712 [WARN] PackLoader:240 - Cannot read IP mode file for STMicroelectronics.X-CUBE-AZRTOS-F7.1.1.0
2025-02-25 07:55:04,732 [ERROR] RealEvaluatedCondition:428 - Found unsupported composite condition: GROUP='STM32_MetaDataManager' CLASS='Data Exchange'
2025-02-25 07:55:04,733 [ERROR] RealEvaluatedCondition:428 - Found unsupported composite condition: GROUP='STM32_MetaDataManager' CLASS='Data Exchange'
2025-02-25 07:55:04,734 [WARN] PackLoader:240 - Cannot read IP mode file for STMicroelectronics.FP-SNS-MOTENV1.4.3.0
2025-02-25 07:55:04,748 [WARN] PackLoader:240 - Cannot read IP mode file for STMicroelectronics.FP-SNS-MOTENV1.4.3.2
2025-02-25 07:55:04,805 [WARN] PackLoader:240 - Cannot read IP mode file for STMicroelectronics.FP-SNS-FLIGHT1.5.0.0
2025-02-25 07:55:04,825 [ERROR] RealEvaluatedCondition:428 - Found unsupported composite condition: GROUP='STM32_MetaDataManager' CLASS='Data Exchange'
2025-02-25 07:55:04,825 [ERROR] RealEvaluatedCondition:428 - Found unsupported composite condition: GROUP='STM32_MetaDataManager' CLASS='Data Exchange'
2025-02-25 07:55:04,827 [WARN] PackLoader:240 - Cannot read IP mode file for STMicroelectronics.FP-SNS-MOTENV1.4.3.1
2025-02-25 07:55:04,835 [WARN] PackLoader:240 - Cannot read IP mode file for STMicroelectronics.FP-SNS-FLIGHT1.5.0.1
2025-02-25 07:55:04,849 [WARN] PackLoader:240 - Cannot read IP mode file for STMicroelectronics.X-CUBE-BLE1.6.2.3
2025-02-25 07:55:04,979 [WARN] PackLoader:240 - Cannot read IP mode file for STMicroelectronics.X-CUBE-MEMS1.11.0.0
2025-02-25 07:55:05,120 [WARN] PackLoader:240 - Cannot read IP mode file for STMicroelectronics.X-CUBE-BLE1.6.2.4
2025-02-25 07:55:05,135 [WARN] PackLoader:240 - Cannot read IP mode file for STMicroelectronics.FP-SNS-FLIGHT1.5.0.2
2025-02-25 07:55:05,146 [WARN] PackLoader:240 - Cannot read IP mode file for STMicroelectronics.X-CUBE-DISPLAY.3.0.0
2025-02-25 07:55:05,164 [WARN] PackLoader:240 - Cannot read IP mode file for STMicroelectronics.X-CUBE-BLE1.7.0.0
2025-02-25 07:55:05,181 [WARN] PackLoader:240 - Cannot read IP mode file for STMicroelectronics.X-CUBE-NFC10.1.0.0
2025-02-25 07:55:05,208 [WARN] PackLoader:240 - Cannot read IP mode file for STMicroelectronics.X-CUBE-BLEMGR.4.0.0
2025-02-25 07:55:05,225 [WARN] PackLoader:240 - Cannot read IP mode file for STMicroelectronics.X-CUBE-TOUCHGFX.4.22.0
2025-02-25 07:55:05,233 [WARN] PackLoader:240 - Cannot read IP mode file for STMicroelectronics.X-CUBE-TOUCHGFX.4.22.1
2025-02-25 07:55:05,422 [WARN] PackLoader:240 - Cannot read IP mode file for STMicroelectronics.X-CUBE-MEMS1.9.3.0
2025-02-25 07:55:05,620 [WARN] PackLoader:240 - Cannot read IP mode file for STMicroelectronics.X-CUBE-BLEMGR.3.1.0
2025-02-25 07:55:05,639 [WARN] PackLoader:240 - Cannot read IP mode file for STMicroelectronics.X-CUBE-AI.10.0.0
2025-02-25 07:55:05,663 [WARN] PackLoader:240 - Cannot read IP mode file for STMicroelectronics.FP-SNS-SMARTAG2.1.2.0
2025-02-25 07:55:05,799 [INFO] WebApp:168 - Instantiating new browser for Auth
2025-02-25 07:55:05,847 [WARN] PackLoader:240 - Cannot read IP mode file for STMicroelectronics.X-CUBE-MEMS1.11.1.0
2025-02-25 07:55:05,989 [INFO] LogOutputStream:77 - [STDOUT_REDIRECT] 1 : Invalid condition id : UX_CORESTACK_Condition cause : null
2025-02-25 07:55:05,990 [INFO] LogOutputStream:77 - [STDOUT_REDIRECT] 1 : Invalid condition id : UX_CORESTACK_Condition cause : null
2025-02-25 07:55:05,992 [INFO] LogOutputStream:77 - [STDOUT_REDIRECT] 1 : Invalid condition id : UX_CORESTACK_Condition cause : null
2025-02-25 07:55:05,993 [INFO] LogOutputStream:77 - [STDOUT_REDIRECT] 1 : Invalid condition id : UX_CORESTACK_Condition cause : null
2025-02-25 07:55:05,995 [INFO] LogOutputStream:77 - [STDOUT_REDIRECT] 1 : Invalid condition id : UX_CORESTACK_Condition cause : null
2025-02-25 07:55:05,998 [WARN] PackLoader:240 - Cannot read IP mode file for STMicroelectronics.X-CUBE-AZRTOS-WL.2.0.0
2025-02-25 07:55:06,015 [WARN] PackLoader:240 - Cannot read IP mode file for STMicroelectronics.FP-SNS-MOTENV1.5.0.0
2025-02-25 07:55:06,037 [WARN] PackLoader:240 - Cannot read IP mode file for wolfSSL.I-CUBE-wolfMQTT.1.19.0
2025-02-25 07:55:06,053 [WARN] PackLoader:240 - Cannot read IP mode file for WES.I-CUBE-Cesium.1.3.0
2025-02-25 07:55:06,064 [WARN] PackLoader:240 - Cannot read IP mode file for STMicroelectronics.X-CUBE-BLE2.3.3.0
2025-02-25 07:55:06,077 [WARN] PackLoader:240 - Cannot read IP mode file for STMicroelectronics.X-CUBE-DISPLAY.2.2.0
2025-02-25 07:55:06,091 [WARN] PackLoader:240 - Cannot read IP mode file for STMicroelectronics.X-CUBE-TOF1.3.2.0
2025-02-25 07:55:06,117 [WARN] PackLoader:240 - Cannot read IP mode file for STMicroelectronics.X-CUBE-NFC9.1.0.0
2025-02-25 07:55:06,148 [WARN] PackLoader:240 - Cannot read IP mode file for STMicroelectronics.X-CUBE-AZRTOS-H7.2.1.0
2025-02-25 07:55:06,210 [WARN] PackLoader:240 - Cannot read IP mode file for STMicroelectronics.X-CUBE-TCPP.4.1.0
2025-02-25 07:55:06,228 [WARN] PackLoader:240 - Cannot read IP mode file for STMicroelectronics.X-CUBE-TOUCHGFX.4.21.1
2025-02-25 07:55:06,287 [WARN] PackLoader:240 - Cannot read IP mode file for STMicroelectronics.X-CUBE-TOUCHGFX.4.21.0
2025-02-25 07:55:06,301 [WARN] PackLoader:240 - Cannot read IP mode file for STMicroelectronics.X-CUBE-TOUCHGFX.4.21.3
2025-02-25 07:55:06,323 [WARN] PackLoader:240 - Cannot read IP mode file for STMicroelectronics.X-CUBE-TOUCHGFX.4.21.4
2025-02-25 07:55:06,574 [WARN] PackLoader:240 - Cannot read IP mode file for STMicroelectronics.X-CUBE-MEMS1.9.4.0
2025-02-25 07:55:06,697 [WARN] PackLoader:240 - Cannot read IP mode file for STMicroelectronics.X-CUBE-AI.7.3.0
2025-02-25 07:55:06,728 [WARN] PackLoader:240 - Cannot read IP mode file for STMicroelectronics.X-CUBE-ALGOBUILD.1.3.0
2025-02-25 07:55:06,784 [WARN] PackLoader:240 - Cannot read IP mode file for STMicroelectronics.X-CUBE-AZRTOS-G0.1.1.0
2025-02-25 07:55:06,805 [WARN] PackLoader:240 - Cannot read IP mode file for STMicroelectronics.X-CUBE-SAFEA1.1.2.2
2025-02-25 07:55:06,823 [WARN] PackLoader:240 - Cannot read IP mode file for STMicroelectronics.X-CUBE-NFC4.3.0.0
2025-02-25 07:55:06,891 [WARN] PackLoader:240 - Cannot read IP mode file for SEGGER.I-CUBE-embOS.1.2.1
2025-02-25 07:55:06,935 [WARN] PackLoader:240 - Cannot read IP mode file for wolfSSL.I-CUBE-wolfMQTT.1.18.0
2025-02-25 07:55:06,949 [WARN] PackLoader:240 - Cannot read IP mode file for EmbeddedOffice.I-CUBE-FS-RTOS.1.0.1
2025-02-25 07:55:06,965 [WARN] PackLoader:240 - Cannot read IP mode file for STMicroelectronics.X-CUBE-BLEMGR.3.0.0
2025-02-25 07:55:07,017 [WARN] PackLoader:240 - Cannot read IP mode file for STMicroelectronics.X-CUBE-BLEMGR.1.3.0
2025-02-25 07:55:07,038 [WARN] PackLoader:240 - Cannot read IP mode file for STMicroelectronics.X-CUBE-TCPP.4.2.0
2025-02-25 07:55:07,085 [WARN] PackLoader:240 - Cannot read IP mode file for RealThread.X-CUBE-RT-Thread_Nano.4.1.1
2025-02-25 07:55:07,118 [WARN] PackLoader:240 - Cannot read IP mode file for STMicroelectronics.FP-ATR-SIGFOX1.3.2.0
2025-02-25 07:55:07,154 [WARN] ConditionMgr:438 - getConditionDescription Invalid condition id : Cortex-A Device cause : null
2025-02-25 07:55:07,189 [WARN] ConditionMgr:1044 - genDependencies : Invalid condition id : Cortex-A Device cause : null
2025-02-25 07:55:07,190 [WARN] ConditionMgr:1044 - genDependencies : Invalid condition id : Cortex-A Device cause : null
2025-02-25 07:55:07,190 [WARN] ConditionMgr:1044 - genDependencies : Invalid condition id : Cortex-A Device cause : null
2025-02-25 07:55:07,211 [WARN] PackLoader:240 - Cannot read IP mode file for STMicroelectronics.X-CUBE-EEPRMA1.5.1.0
2025-02-25 07:55:07,228 [WARN] PackLoader:240 - Cannot read IP mode file for STMicroelectronics.X-CUBE-TOUCHGFX.4.20.0
2025-02-25 07:55:07,404 [WARN] PackLoader:240 - Cannot read IP mode file for STMicroelectronics.X-CUBE-MEMS1.9.5.0
2025-02-25 07:55:07,650 [WARN] PackLoader:240 - Cannot read IP mode file for SEGGER.I-CUBE-embOS.1.3.1
2025-02-25 07:55:07,694 [WARN] PackLoader:240 - Cannot read IP mode file for STMicroelectronics.X-CUBE-ALGOBUILD.1.4.0
2025-02-25 07:55:07,708 [WARN] PackLoader:240 - Cannot read IP mode file for STMicroelectronics.X-CUBE-AI.9.1.0
2025-02-25 07:55:07,723 [WARN] PackLoader:240 - Cannot read IP mode file for STMicroelectronics.X-CUBE-GNSS1.6.0.0
2025-02-25 07:55:07,745 [WARN] PackLoader:240 - Cannot read IP mode file for STMicroelectronics.X-CUBE-AZRTOS-F4.1.1.0
2025-02-25 07:55:07,756 [WARN] PackLoader:240 - Cannot read IP mode file for STMicroelectronics.X-CUBE-ISPU.2.1.0
2025-02-25 07:55:07,765 [WARN] PackLoader:240 - Cannot read IP mode file for STMicroelectronics.X-CUBE-FREERTOS.1.2.0
2025-02-25 07:55:07,775 [WARN] PackLoader:240 - Cannot read IP mode file for STMicroelectronics.X-CUBE-BLEMGR.1.2.0
2025-02-25 07:55:07,797 [WARN] PackLoader:240 - Cannot read IP mode file for STMicroelectronics.X-CUBE-AZRTOS-L5.2.0.0
2025-02-25 07:55:07,884 [INFO] WebApp:449 - Apply proxy settings
2025-02-25 07:55:07,885 [INFO] WebApp:534 - Chromium requires no authentication
2025-02-25 07:55:07,899 [INFO] WebApp:477 - Direct internet connection detected
2025-02-25 07:55:07,942 [WARN] PackLoader:240 - Cannot read IP mode file for STMicroelectronics.X-CUBE-MEMS1.9.6.0
2025-02-25 07:55:07,951 [INFO] WebApp:880 - Register for checkConnection events
2025-02-25 07:55:07,951 [INFO] WebApp:449 - Apply proxy settings
2025-02-25 07:55:07,951 [INFO] WebApp:534 - Chromium requires no authentication
2025-02-25 07:55:07,953 [INFO] WebApp:477 - Direct internet connection detected
2025-02-25 07:55:08,165 [WARN] PackLoader:240 - Cannot read IP mode file for STMicroelectronics.X-CUBE-EEPRMA1.4.2.0
2025-02-25 07:55:08,197 [WARN] PackLoader:240 - Cannot read IP mode file for STMicroelectronics.X-CUBE-NFC6.3.1.0
2025-02-25 07:55:08,211 [WARN] PackLoader:240 - Cannot read IP mode file for ITTIA_DB.I-CUBE-ITTIADB.8.8.0
2025-02-25 07:55:08,212 [INFO] WebApp:221 - Starting web application
2025-02-25 07:55:08,212 [INFO] WebApp:579 - Web application path used C:\ST\STM32CubeIDE_1.7.0\STM32CubeIDE\plugins\com.st.stm32cube.common.mx_6.13.0.202411220809\db\plugins\mcufinder\reactClient1\index.html
2025-02-25 07:55:08,221 [WARN] PackLoader:240 - Cannot read IP mode file for emotas.I-CUBE-CANOPEN.1.1.3
2025-02-25 07:55:08,233 [WARN] PackLoader:240 - Cannot read IP mode file for STMicroelectronics.X-CUBE-BLEMGR.2.0.0
2025-02-25 07:55:08,248 [WARN] PackLoader:240 - Cannot read IP mode file for STMicroelectronics.X-CUBE-DPower.1.2.0
2025-02-25 07:55:08,265 [WARN] PackLoader:240 - Cannot read IP mode file for STMicroelectronics.X-CUBE-NFC4.2.0.5
2025-02-25 07:55:08,275 [WARN] PackLoader:240 - Cannot read IP mode file for STMicroelectronics.X-CUBE-AI.9.0.0
2025-02-25 07:55:08,297 [WARN] ConditionMgr:438 - getConditionDescription Invalid condition id : UX DEVICE CLASS RTOS Condition cause : null
2025-02-25 07:55:08,297 [WARN] ConditionMgr:438 - getConditionDescription Invalid condition id : UX DEVICE CLASS RTOS Condition cause : null
2025-02-25 07:55:08,301 [WARN] PackLoader:240 - Cannot read IP mode file for STMicroelectronics.X-CUBE-AZRTOS-H7.3.1.0
2025-02-25 07:55:08,301 [WARN] ConditionMgr:1044 - genDependencies : Invalid condition id : UX DEVICE CLASS RTOS Condition cause : null
2025-02-25 07:55:08,301 [WARN] ConditionMgr:1044 - genDependencies : Invalid condition id : UX DEVICE CLASS RTOS Condition cause : null
2025-02-25 07:55:08,302 [WARN] ConditionMgr:1044 - genDependencies : Invalid condition id : UX DEVICE CLASS RTOS Condition cause : null
2025-02-25 07:55:08,302 [WARN] ConditionMgr:1044 - genDependencies : Invalid condition id : UX DEVICE CLASS RTOS Condition cause : null
2025-02-25 07:55:08,302 [WARN] ConditionMgr:1044 - genDependencies : Invalid condition id : UX DEVICE CLASS RTOS Condition cause : null
2025-02-25 07:55:08,311 [WARN] PackLoader:240 - Cannot read IP mode file for wolfSSL.I-CUBE-wolfSSL.5.5.3
2025-02-25 07:55:08,319 [WARN] PackLoader:240 - Cannot read IP mode file for STMicroelectronics.X-CUBE-FREERTOS.1.3.0
2025-02-25 07:55:08,332 [WARN] PackLoader:240 - Cannot read IP mode file for STMicroelectronics.X-CUBE-NFC7.1.0.1
2025-02-25 07:55:08,346 [WARN] PackLoader:240 - Cannot read IP mode file for STMicroelectronics.X-CUBE-NFC7.1.0.0
2025-02-25 07:55:08,353 [WARN] PackLoader:240 - Cannot read IP mode file for wolfSSL.I-CUBE-wolfTPM.3.2.0
2025-02-25 07:55:08,371 [WARN] PackLoader:240 - Cannot read IP mode file for STMicroelectronics.X-CUBE-NFC6.3.0.0
2025-02-25 07:55:08,387 [WARN] PackLoader:240 - Cannot read IP mode file for STMicroelectronics.X-CUBE-EEPRMA1.4.1.0
2025-02-25 07:55:08,403 [WARN] PackLoader:240 - Cannot read IP mode file for STMicroelectronics.X-CUBE-AI.8.1.0
2025-02-25 07:55:08,422 [WARN] ConditionMgr:438 - getConditionDescription Invalid condition id : LAN8742 Phy interface Condition cause : null
2025-02-25 07:55:08,423 [WARN] PackLoader:240 - Cannot read IP mode file for STMicroelectronics.X-CUBE-AZRTOS-L4.2.0.0
2025-02-25 07:55:08,424 [WARN] ConditionMgr:1044 - genDependencies : Invalid condition id : LAN8742 Phy interface Condition cause : null
2025-02-25 07:55:08,424 [WARN] ConditionMgr:1044 - genDependencies : Invalid condition id : LAN8742 Phy interface Condition cause : null
2025-02-25 07:55:08,424 [WARN] ConditionMgr:1044 - genDependencies : Invalid condition id : LAN8742 Phy interface Condition cause : null
2025-02-25 07:55:08,441 [WARN] PackLoader:240 - Cannot read IP mode file for STMicroelectronics.X-CUBE-SFXS2LP1.4.0.0
2025-02-25 07:55:08,463 [WARN] PackLoader:240 - Cannot read IP mode file for STMicroelectronics.X-CUBE-AZRTOS-H7.3.0.0
2025-02-25 07:55:08,474 [WARN] PackLoader:240 - Cannot read IP mode file for STMicroelectronics.X-CUBE-ISPU.1.1.0
2025-02-25 07:55:08,498 [WARN] PackLoader:240 - Cannot read IP mode file for STMicroelectronics.X-CUBE-AZRTOS-H7.3.3.0
2025-02-25 07:55:08,512 [WARN] PackLoader:240 - Cannot read IP mode file for RoweBots.I-CUBE-UNISONRTOS.5.5.0-4
2025-02-25 07:55:08,521 [WARN] PackLoader:240 - Cannot read IP mode file for STMicroelectronics.X-CUBE-AI.8.0.0
2025-02-25 07:55:08,532 [WARN] PackLoader:240 - Cannot read IP mode file for STMicroelectronics.X-CUBE-IPS.3.0.0
2025-02-25 07:55:08,551 [WARN] ConditionMgr:438 - getConditionDescription Invalid condition id : UX DEVICE CLASS RTOS Condition cause : null
2025-02-25 07:55:08,551 [WARN] ConditionMgr:438 - getConditionDescription Invalid condition id : UX DEVICE CLASS RTOS Condition cause : null
2025-02-25 07:55:08,553 [WARN] PackLoader:240 - Cannot read IP mode file for STMicroelectronics.X-CUBE-AZRTOS-WB.2.0.0
2025-02-25 07:55:08,554 [WARN] ConditionMgr:1044 - genDependencies : Invalid condition id : UX DEVICE CLASS RTOS Condition cause : null
2025-02-25 07:55:08,554 [WARN] ConditionMgr:1044 - genDependencies : Invalid condition id : UX DEVICE CLASS RTOS Condition cause : null
2025-02-25 07:55:08,554 [WARN] ConditionMgr:1044 - genDependencies : Invalid condition id : UX DEVICE CLASS RTOS Condition cause : null
2025-02-25 07:55:08,554 [WARN] ConditionMgr:1044 - genDependencies : Invalid condition id : UX DEVICE CLASS RTOS Condition cause : null
2025-02-25 07:55:08,554 [WARN] ConditionMgr:1044 - genDependencies : Invalid condition id : UX DEVICE CLASS RTOS Condition cause : null
2025-02-25 07:55:08,559 [WARN] PackLoader:240 - Cannot read IP mode file for STMicroelectronics.X-CUBE-FREERTOS.1.0.0
2025-02-25 07:55:08,566 [WARN] PackLoader:240 - Cannot read IP mode file for STMicroelectronics.X-CUBE-FREERTOS.1.0.1
2025-02-25 07:55:08,579 [WARN] PackLoader:240 - Cannot read IP mode file for STMicroelectronics.X-CUBE-GNSS1.7.0.0
2025-02-25 07:55:08,592 [WARN] PackLoader:240 - Cannot read IP mode file for STMicroelectronics.X-CUBE-GNSS1.7.0.1
2025-02-25 07:55:08,599 [INFO] UserAuth:486 - Internet connection configuration mode: 1
2025-02-25 07:55:08,605 [WARN] PackLoader:240 - Cannot read IP mode file for STMicroelectronics.FP-SNS-STBOX1.2.0.0
2025-02-25 07:55:08,626 [WARN] PackLoader:240 - Cannot read IP mode file for STMicroelectronics.X-CUBE-AZRTOS-L5.1.1.0
2025-02-25 07:55:08,654 [WARN] PackLoader:240 - Cannot read IP mode file for STMicroelectronics.X-CUBE-AI.8.0.1
2025-02-25 07:55:08,668 [WARN] PackLoader:240 - Cannot read IP mode file for STMicroelectronics.X-CUBE-SUBG2.5.0.0
2025-02-25 07:55:08,680 [WARN] PackLoader:240 - Cannot read IP mode file for Cesanta.I-CUBE-Mongoose.7.13.0
2025-02-25 07:55:08,691 [WARN] PackLoader:240 - Cannot read IP mode file for STMicroelectronics.X-CUBE-TOF1.3.3.1
2025-02-25 07:55:08,730 [WARN] PackLoader:240 - Cannot read IP mode file for STMicroelectronics.X-CUBE-AZRTOS-G4.2.0.0
2025-02-25 07:55:08,748 [INFO] WebApp:187 - Connection restablished
2025-02-25 07:55:08,763 [WARN] PackLoader:240 - Cannot read IP mode file for STMicroelectronics.X-CUBE-TOF1.3.3.0
2025-02-25 07:55:08,781 [WARN] PackLoader:240 - Cannot read IP mode file for STMicroelectronics.FP-ATR-ASTRA1.1.1.1
2025-02-25 07:55:08,800 [WARN] PackLoader:240 - Cannot read IP mode file for Infineon.AIROC-Wi-Fi-Bluetooth-STM32.1.5.1
2025-02-25 07:55:08,817 [WARN] PackLoader:240 - Cannot read IP mode file for STMicroelectronics.FP-SNS-MOTENVWB1.1.3.0
2025-02-25 07:55:08,830 [WARN] PackLoader:240 - Cannot read IP mode file for STMicroelectronics.FP-SNS-MOTENVWB1.1.3.1
2025-02-25 07:55:08,846 [WARN] PackLoader:240 - Cannot read IP mode file for STMicroelectronics.X-CUBE-AZRTOS-G4.1.0.0
2025-02-25 07:55:08,869 [WARN] PackLoader:240 - Cannot read IP mode file for STMicroelectronics.X-CUBE-AZRTOS-L4.1.0.0
2025-02-25 07:55:08,880 [WARN] PackLoader:240 - Cannot read IP mode file for STMicroelectronics.X-CUBE-ISPU.2.0.0
2025-02-25 07:55:08,892 [WARN] PackLoader:240 - Cannot read IP mode file for STMicroelectronics.X-CUBE-IPS.3.1.0
2025-02-25 07:55:08,903 [WARN] PackLoader:240 - Cannot read IP mode file for STMicroelectronics.X-CUBE-ALS.1.0.2
2025-02-25 07:55:09,050 [WARN] PackLoader:240 - Cannot read IP mode file for STMicroelectronics.X-CUBE-MEMS1.10.0.0
2025-02-25 07:55:09,152 [WARN] PackLoader:240 - Cannot read IP mode file for STMicroelectronics.X-CUBE-FREERTOS.1.1.0
2025-02-25 07:55:09,159 [WARN] PackLoader:240 - Cannot read IP mode file for STMicroelectronics.X-CUBE-TOUCHGFX.4.24.0
2025-02-25 07:55:09,164 [WARN] PackLoader:240 - Cannot read IP mode file for STMicroelectronics.X-CUBE-TOUCHGFX.4.24.2
2025-02-25 07:55:09,176 [WARN] PackLoader:240 - Cannot read IP mode file for STMicroelectronics.X-CUBE-AZRTOS-WL.1.0.0
2025-02-25 07:55:09,183 [WARN] PackLoader:240 - Cannot read IP mode file for STMicroelectronics.X-CUBE-TOUCHGFX.4.24.1
2025-02-25 07:55:09,192 [WARN] PackLoader:240 - Cannot read IP mode file for portGmbH.I-Cube-SoM-uGOAL.1.1.0
2025-02-25 07:55:09,197 [WARN] PackLoader:240 - Cannot read IP mode file for STMicroelectronics.X-CUBE-ALS.1.0.1
2025-02-25 07:55:09,213 [WARN] PackLoader:240 - Cannot read IP mode file for STMicroelectronics.X-CUBE-AZRTOS-WB.1.1.0
2025-02-25 07:55:09,230 [WARN] PackLoader:240 - Cannot read IP mode file for STMicroelectronics.X-CUBE-AZRTOS-L5.1.0.0
2025-02-25 07:55:09,251 [WARN] PackLoader:240 - Cannot read IP mode file for STMicroelectronics.X-CUBE-EEPRMA1.3.1.1
2025-02-25 07:55:09,277 [WARN] PackLoader:240 - Cannot read IP mode file for STMicroelectronics.X-CUBE-AZRTOS-H7RS.1.0.0
2025-02-25 07:55:09,285 [WARN] PackLoader:240 - Cannot read IP mode file for STMicroelectronics.FP-ATR-ASTRA1.2.0.0
2025-02-25 07:55:09,299 [WARN] PackLoader:240 - Cannot read IP mode file for STMicroelectronics.X-CUBE-TOF1.3.4.2
2025-02-25 07:55:09,327 [WARN] PackLoader:240 - Cannot read IP mode file for STMicroelectronics.X-CUBE-TOF1.3.4.0
2025-02-25 07:55:09,348 [WARN] PackLoader:240 - Cannot read IP mode file for STMicroelectronics.X-CUBE-TOF1.3.4.1
2025-02-25 07:55:09,374 [WARN] PackLoader:240 - Cannot read IP mode file for STMicroelectronics.X-CUBE-AZRTOS-H7.3.2.0
2025-02-25 07:55:09,382 [WARN] PackLoader:240 - Cannot read IP mode file for wolfSSL.I-CUBE-wolfSSH.1.4.17
2025-02-25 07:55:09,382 [INFO] ThirdParty:978 - Integrity check success = true
2025-02-25 07:55:09,382 [INFO] IntegrityCheckThread:100 - exiting critical section [integrity check]
2025-02-25 07:55:09,382 [INFO] IntegrityCheckThread:103 - End integrity checks thread
2025-02-25 17:05:47,183 [ERROR] LogOutputStream:75 - [STDERR_REDIRECT] 
