2025-02-18 07:52:36,939 [INFO] Activator:176 - 


2025-02-18 07:52:36,945 [INFO] Activator:177 - !SESSION log4j initialized
2025-02-18 07:52:42,703 [INFO] LogOutputStream:77 - [STDOUT_REDIRECT] 
2025-02-18 07:52:45,946 [INFO] ApplicationProperties:184 - Using Application install path: C:\ST\STM32CubeIDE_1.7.0\STM32CubeIDE\plugins\com.st.stm32cube.common.mx_6.13.0.202411220809
2025-02-18 07:52:45,963 [INFO] DbMcusXml:78 - Set database path to: C:\ST\STM32CubeIDE_1.7.0\STM32CubeIDE\plugins\com.st.stm32cube.common.mx_6.13.0.202411220809\\db\/mcu/
2025-02-18 07:52:45,963 [INFO] ApiDb:274 - Set plugin database path to: C:\ST\STM32CubeIDE_1.7.0\STM32CubeIDE\plugins\com.st.stm32cube.common.mx_6.13.0.202411220809\\db\/plugins/boardmanager/
2025-02-18 07:52:45,963 [WARN] ApiDb:259 - Overriding images path with different value:  => C:\ST\STM32CubeIDE_1.7.0\STM32CubeIDE\plugins\com.st.stm32cube.common.mx_6.13.0.202411220809\\db\/plugins/mcufinder/images/
2025-02-18 07:52:45,974 [INFO] ApiDb:250 - Set database path to: C:\Users\catsa\.stmcufinder\plugins\mcufinder//mcu/
2025-02-18 07:52:45,975 [INFO] DbMcusAds:125 - Set database path to: C:\Users\catsa\.stmcufinder\plugins\mcufinder//mcu/
2025-02-18 07:52:45,978 [INFO] CrossReferenceDbSqlite:203 - Set database path to: C:\Users\catsa\.stmcufinder\plugins\mcufinder//mcu/cs/
2025-02-18 07:52:46,095 [INFO] RulesReader:64 - Compatibility file has been processed (297 Rules)
2025-02-18 07:52:46,178 [INFO] DbMcusXml:78 - Set database path to: C:\ST\STM32CubeIDE_1.7.0\STM32CubeIDE\plugins\com.st.stm32cube.common.mx_6.13.0.202411220809\\db\/mcu/
2025-02-18 07:52:46,179 [INFO] ApiDb:274 - Set plugin database path to: C:\ST\STM32CubeIDE_1.7.0\STM32CubeIDE\plugins\com.st.stm32cube.common.mx_6.13.0.202411220809\\db\/plugins/boardmanager/
2025-02-18 07:52:46,179 [INFO] ApiDb:261 - Set plugin images path to: C:\ST\STM32CubeIDE_1.7.0\STM32CubeIDE\plugins\com.st.stm32cube.common.mx_6.13.0.202411220809\\db\/plugins/mcufinder/images/
2025-02-18 07:52:46,179 [WARN] DbFile:41 - Overriding database path with different value: C:\Users\catsa\.stmcufinder\plugins\mcufinder/ => C:\Users\catsa\.stmcufinder\plugins\mcufinder
2025-02-18 07:52:46,179 [INFO] ApiDb:250 - Set database path to: C:\Users\catsa\.stmcufinder\plugins\mcufinder//mcu/
2025-02-18 07:52:46,179 [WARN] DbFile:41 - Overriding database path with different value: C:\Users\catsa\.stmcufinder\plugins\mcufinder/ => C:\Users\catsa\.stmcufinder\plugins\mcufinder
2025-02-18 07:52:46,179 [INFO] DbMcusAds:125 - Set database path to: C:\Users\catsa\.stmcufinder\plugins\mcufinder//mcu/
2025-02-18 07:52:46,179 [WARN] DbFile:41 - Overriding database path with different value: C:\Users\catsa\.stmcufinder\plugins\mcufinder/ => C:\Users\catsa\.stmcufinder\plugins\mcufinder
2025-02-18 07:52:46,179 [WARN] DbFile:41 - Overriding database path with different value: C:\Users\catsa\.stmcufinder\plugins\mcufinder/ => C:\Users\catsa\.stmcufinder\plugins\mcufinder
2025-02-18 07:52:46,179 [INFO] CrossReferenceDbSqlite:203 - Set database path to: C:\Users\catsa\.stmcufinder\plugins\mcufinder//mcu/cs/
2025-02-18 07:52:46,256 [INFO] MainPanel:272 - HeapMemory: 271581184
2025-02-18 07:52:46,394 [INFO] DbMcusXml:78 - Set database path to: C:\ST\STM32CubeIDE_1.7.0\STM32CubeIDE\plugins\com.st.stm32cube.common.mx_6.13.0.202411220809\\db\/mcu/
2025-02-18 07:52:46,394 [INFO] ApiDb:274 - Set plugin database path to: C:\ST\STM32CubeIDE_1.7.0\STM32CubeIDE\plugins\com.st.stm32cube.common.mx_6.13.0.202411220809\\db\/plugins/boardmanager/
2025-02-18 07:52:46,394 [INFO] ApiDb:261 - Set plugin images path to: C:\ST\STM32CubeIDE_1.7.0\STM32CubeIDE\plugins\com.st.stm32cube.common.mx_6.13.0.202411220809\\db\/plugins/mcufinder/images/
2025-02-18 07:52:46,394 [WARN] DbFile:41 - Overriding database path with different value: C:\Users\catsa\.stmcufinder\plugins\mcufinder/ => C:\Users\catsa\.stmcufinder\plugins\mcufinder
2025-02-18 07:52:46,394 [INFO] ApiDb:250 - Set database path to: C:\Users\catsa\.stmcufinder\plugins\mcufinder//mcu/
2025-02-18 07:52:46,394 [WARN] DbFile:41 - Overriding database path with different value: C:\Users\catsa\.stmcufinder\plugins\mcufinder/ => C:\Users\catsa\.stmcufinder\plugins\mcufinder
2025-02-18 07:52:46,394 [INFO] DbMcusAds:125 - Set database path to: C:\Users\catsa\.stmcufinder\plugins\mcufinder//mcu/
2025-02-18 07:52:46,395 [WARN] DbFile:41 - Overriding database path with different value: C:\Users\catsa\.stmcufinder\plugins\mcufinder/ => C:\Users\catsa\.stmcufinder\plugins\mcufinder
2025-02-18 07:52:46,395 [WARN] DbFile:41 - Overriding database path with different value: C:\Users\catsa\.stmcufinder\plugins\mcufinder/ => C:\Users\catsa\.stmcufinder\plugins\mcufinder
2025-02-18 07:52:46,395 [INFO] CrossReferenceDbSqlite:203 - Set database path to: C:\Users\catsa\.stmcufinder\plugins\mcufinder//mcu/cs/
2025-02-18 07:52:46,413 [INFO] ApplicationProperties:184 - Using Application install path: C:\ST\STM32CubeIDE_1.7.0\STM32CubeIDE\plugins\com.st.stm32cube.common.mx_6.13.0.202411220809
2025-02-18 07:52:46,415 [INFO] PluginManage:196 - Search for loadable plugins [exclusion list=, ]
2025-02-18 07:52:46,417 [INFO] PluginManage:310 - Check plugin analytics
2025-02-18 07:52:46,575 [INFO] AnalyticsPlugin:253 - Accepted Software Licenses: STM32CubeMX.6.3.0
2025-02-18 07:52:46,576 [INFO] AnalyticsPlugin:255 - Accepted CMSIS Pack Licenses: 
2025-02-18 07:52:46,576 [INFO] AnalyticsPlugin:257 - Accepted Firmware Licenses: FW.L4.1.18.0
2025-02-18 07:52:46,578 [INFO] PluginManage:359 - Loaded plugin analytics (category:tool,tabindex:-1)
2025-02-18 07:52:46,579 [INFO] PluginManage:310 - Check plugin cadmodel
2025-02-18 07:52:46,611 [INFO] CADModel:105 - Init CAD model plugin
2025-02-18 07:52:46,611 [INFO] PluginManage:359 - Loaded plugin cadmodel (category:power,tabindex:5)
2025-02-18 07:52:46,611 [INFO] PluginManage:310 - Check plugin clock
2025-02-18 07:52:46,637 [INFO] PluginManage:359 - Loaded plugin clock (category:base,tabindex:2)
2025-02-18 07:52:46,637 [INFO] PluginManage:310 - Check plugin ddr
2025-02-18 07:52:46,639 [INFO] PluginManage:359 - Loaded plugin ddr (category:tool,tabindex:6)
2025-02-18 07:52:46,639 [INFO] PluginManage:310 - Check plugin filemanager
2025-02-18 07:52:46,781 [INFO] PluginManage:359 - Loaded plugin filemanager (category:base,tabindex:10)
2025-02-18 07:52:46,781 [INFO] PluginManage:310 - Check plugin ipmanager
2025-02-18 07:52:46,788 [INFO] PluginManage:359 - Loaded plugin ipmanager (category:base,tabindex:5)
2025-02-18 07:52:46,788 [INFO] PluginManage:310 - Check plugin lpbam
2025-02-18 07:52:46,800 [INFO] PluginManage:359 - Loaded plugin lpbam (category:base,tabindex:0)
2025-02-18 07:52:46,800 [INFO] PluginManage:310 - Check plugin memorymap
2025-02-18 07:52:46,823 [INFO] PluginManage:359 - Loaded plugin memorymap (category:base,tabindex:4)
2025-02-18 07:52:46,823 [INFO] PluginManage:310 - Check plugin pinoutandconfiguration
2025-02-18 07:52:46,844 [INFO] PluginManage:359 - Loaded plugin pinoutandconfiguration (category:base,tabindex:1)
2025-02-18 07:52:46,844 [INFO] PluginManage:310 - Check plugin pinoutconfig
2025-02-18 07:52:46,935 [WARN] SupportedApi:132 - Cannot load RTOS API schema: s4s-elt-must-match.1: The content of 'definitions' must match (annotation?, (simpleType | complexType)?, (unique | key | keyref)*)). A problem was found starting at: attribute.
2025-02-18 07:52:47,086 [INFO] PluginManage:359 - Loaded plugin pinoutconfig (category:base,tabindex:0)
2025-02-18 07:52:47,087 [INFO] PluginManage:310 - Check plugin power
2025-02-18 07:52:47,136 [INFO] PluginManage:359 - Loaded plugin power (category:power,tabindex:4)
2025-02-18 07:52:47,136 [INFO] PluginManage:310 - Check plugin projectmanager
2025-02-18 07:52:47,153 [INFO] PluginManage:359 - Loaded plugin projectmanager (category:projectmanager,tabindex:4)
2025-02-18 07:52:47,153 [INFO] PluginManage:310 - Check plugin rif
2025-02-18 07:52:47,172 [INFO] PluginManage:359 - Loaded plugin rif (category:base,tabindex:3)
2025-02-18 07:52:47,172 [INFO] PluginManage:310 - Check plugin thirdparty
2025-02-18 07:52:47,356 [INFO] PluginManage:359 - Loaded plugin thirdparty (category:base,tabindex:-1)
2025-02-18 07:52:47,356 [WARN] IntegrityCheckThread:84 - waiting for thirdparty lock release [integrity check]
2025-02-18 07:52:47,356 [INFO] PluginManage:310 - Check plugin tools
2025-02-18 07:52:47,356 [INFO] IntegrityCheckThread:86 - entering critical section [integrity check]
2025-02-18 07:52:47,357 [INFO] ThirdPartyUpdaterWithRetryManager:70 - Updater plugin not ready yet. [1/15]
2025-02-18 07:52:47,363 [INFO] PluginManage:359 - Loaded plugin tools (category:base,tabindex:7)
2025-02-18 07:52:47,363 [INFO] PluginManage:310 - Check plugin tutovideos
2025-02-18 07:52:47,543 [INFO] PluginManage:359 - Loaded plugin tutovideos (category:base,tabindex:-1)
2025-02-18 07:52:47,543 [INFO] PluginManage:310 - Check plugin updater
2025-02-18 07:52:47,575 [INFO] PluginManage:359 - Loaded plugin updater (category:base,tabindex:12)
2025-02-18 07:52:47,576 [INFO] PluginManage:310 - Check plugin userauth
2025-02-18 07:52:47,580 [INFO] UserAuth:118 - Init User Auth plugin
2025-02-18 07:52:47,581 [INFO] PluginManage:359 - Loaded plugin userauth (category:base,tabindex:14)
2025-02-18 07:52:47,581 [INFO] PluginManage:283 - PluginManage : Loaded plugins [18]
2025-02-18 07:52:47,943 [INFO] PinOutPanel:1589 - setPackage(No Configuration,No Configuration)
2025-02-18 07:52:48,065 [INFO] CADModel:165 - CPN selected for project level
2025-02-18 07:52:48,066 [INFO] CADModel:114 - Register for checkConnection events
2025-02-18 07:52:48,092 [INFO] IPUIPlugin:80 - create IPUIPlugin
2025-02-18 07:52:48,092 [INFO] PluginManager:220 - loadIPPluginJar : add adc
2025-02-18 07:52:48,102 [INFO] IPUIPlugin:80 - create IPUIPlugin
2025-02-18 07:52:48,102 [INFO] PluginManager:220 - loadIPPluginJar : add aes
2025-02-18 07:52:48,110 [INFO] IPUIPlugin:80 - create IPUIPlugin
2025-02-18 07:52:48,110 [INFO] PluginManager:220 - loadIPPluginJar : add can
2025-02-18 07:52:48,115 [INFO] IPUIPlugin:80 - create IPUIPlugin
2025-02-18 07:52:48,115 [INFO] PluginManager:220 - loadIPPluginJar : add comp
2025-02-18 07:52:48,123 [INFO] IPUIPlugin:80 - create IPUIPlugin
2025-02-18 07:52:48,123 [INFO] PluginManager:220 - loadIPPluginJar : add cryp
2025-02-18 07:52:48,135 [INFO] IPUIPlugin:80 - create IPUIPlugin
2025-02-18 07:52:48,135 [INFO] PluginManager:220 - loadIPPluginJar : add ddr_ctrl_phy
2025-02-18 07:52:48,143 [INFO] IPUIPlugin:80 - create IPUIPlugin
2025-02-18 07:52:48,143 [INFO] PluginManager:220 - loadIPPluginJar : add dfsdm
2025-02-18 07:52:48,153 [INFO] IPUIPlugin:80 - create IPUIPlugin
2025-02-18 07:52:48,154 [INFO] PluginManager:220 - loadIPPluginJar : add dma
2025-02-18 07:52:48,161 [INFO] IPUIPlugin:80 - create IPUIPlugin
2025-02-18 07:52:48,161 [INFO] PluginManager:220 - loadIPPluginJar : add dma3
2025-02-18 07:52:48,170 [INFO] IPUIPlugin:80 - create IPUIPlugin
2025-02-18 07:52:48,170 [INFO] PluginManager:220 - loadIPPluginJar : add extmemmanager
2025-02-18 07:52:48,175 [INFO] IPUIPlugin:80 - create IPUIPlugin
2025-02-18 07:52:48,175 [INFO] PluginManager:220 - loadIPPluginJar : add fatfs
2025-02-18 07:52:48,188 [INFO] IPUIPlugin:80 - create IPUIPlugin
2025-02-18 07:52:48,188 [INFO] PluginManager:220 - loadIPPluginJar : add fmc
2025-02-18 07:52:48,209 [INFO] IPUIPlugin:80 - create IPUIPlugin
2025-02-18 07:52:48,210 [INFO] PluginManager:220 - loadIPPluginJar : add freertos
2025-02-18 07:52:48,214 [INFO] IPUIPlugin:80 - create IPUIPlugin
2025-02-18 07:52:48,214 [INFO] PluginManager:220 - loadIPPluginJar : add genericplugin
2025-02-18 07:52:48,223 [INFO] IPUIPlugin:80 - create IPUIPlugin
2025-02-18 07:52:48,224 [INFO] PluginManager:220 - loadIPPluginJar : add gfxmmu
2025-02-18 07:52:48,234 [INFO] IPUIPlugin:80 - create IPUIPlugin
2025-02-18 07:52:48,235 [INFO] PluginManager:220 - loadIPPluginJar : add gic
2025-02-18 07:52:48,245 [INFO] IPUIPlugin:80 - create IPUIPlugin
2025-02-18 07:52:48,245 [INFO] PluginManager:220 - loadIPPluginJar : add gpio
2025-02-18 07:52:48,256 [INFO] IPUIPlugin:80 - create IPUIPlugin
2025-02-18 07:52:48,256 [INFO] PluginManager:220 - loadIPPluginJar : add gtzc
2025-02-18 07:52:48,265 [INFO] IPUIPlugin:80 - create IPUIPlugin
2025-02-18 07:52:48,265 [INFO] PluginManager:220 - loadIPPluginJar : add hash
2025-02-18 07:52:48,276 [INFO] IPUIPlugin:80 - create IPUIPlugin
2025-02-18 07:52:48,276 [INFO] PluginManager:220 - loadIPPluginJar : add i2c
2025-02-18 07:52:48,289 [INFO] IPUIPlugin:80 - create IPUIPlugin
2025-02-18 07:52:48,289 [INFO] PluginManager:220 - loadIPPluginJar : add i2s
2025-02-18 07:52:48,301 [INFO] IPUIPlugin:80 - create IPUIPlugin
2025-02-18 07:52:48,301 [INFO] PluginManager:220 - loadIPPluginJar : add i3c
2025-02-18 07:52:48,314 [INFO] IPUIPlugin:80 - create IPUIPlugin
2025-02-18 07:52:48,314 [INFO] PluginManager:220 - loadIPPluginJar : add ipddr
2025-02-18 07:52:48,325 [INFO] IPUIPlugin:80 - create IPUIPlugin
2025-02-18 07:52:48,325 [INFO] PluginManager:220 - loadIPPluginJar : add linkedlist
2025-02-18 07:52:48,333 [INFO] IPUIPlugin:80 - create IPUIPlugin
2025-02-18 07:52:48,333 [INFO] PluginManager:220 - loadIPPluginJar : add lorawan
2025-02-18 07:52:48,342 [INFO] IPUIPlugin:80 - create IPUIPlugin
2025-02-18 07:52:48,342 [INFO] PluginManager:220 - loadIPPluginJar : add ltdc
2025-02-18 07:52:48,354 [INFO] IPUIPlugin:80 - create IPUIPlugin
2025-02-18 07:52:48,354 [INFO] PluginManager:220 - loadIPPluginJar : add mdma
2025-02-18 07:52:48,368 [INFO] IPUIPlugin:80 - create IPUIPlugin
2025-02-18 07:52:48,368 [INFO] PluginManager:220 - loadIPPluginJar : add nvic
2025-02-18 07:52:48,376 [INFO] IPUIPlugin:80 - create IPUIPlugin
2025-02-18 07:52:48,376 [INFO] PluginManager:220 - loadIPPluginJar : add opamp
2025-02-18 07:52:48,392 [INFO] IPUIPlugin:80 - create IPUIPlugin
2025-02-18 07:52:48,392 [INFO] PluginManager:220 - loadIPPluginJar : add openamp
2025-02-18 07:52:48,401 [INFO] IPUIPlugin:80 - create IPUIPlugin
2025-02-18 07:52:48,401 [INFO] PluginManager:220 - loadIPPluginJar : add pdm2pcm
2025-02-18 07:52:48,417 [INFO] IPUIPlugin:80 - create IPUIPlugin
2025-02-18 07:52:48,420 [INFO] PluginManager:220 - loadIPPluginJar : add plateformsettings
2025-02-18 07:52:48,424 [INFO] IPUIPlugin:80 - create IPUIPlugin
2025-02-18 07:52:48,424 [INFO] PluginManager:220 - loadIPPluginJar : add quadspi
2025-02-18 07:52:48,430 [INFO] IPUIPlugin:80 - create IPUIPlugin
2025-02-18 07:52:48,431 [INFO] PluginManager:220 - loadIPPluginJar : add radio
2025-02-18 07:52:48,445 [INFO] IPUIPlugin:80 - create IPUIPlugin
2025-02-18 07:52:48,446 [INFO] PluginManager:220 - loadIPPluginJar : add resmgrutility
2025-02-18 07:52:48,459 [INFO] IPUIPlugin:80 - create IPUIPlugin
2025-02-18 07:52:48,459 [INFO] PluginManager:220 - loadIPPluginJar : add sai
2025-02-18 07:52:48,470 [INFO] IPUIPlugin:80 - create IPUIPlugin
2025-02-18 07:52:48,470 [INFO] PluginManager:220 - loadIPPluginJar : add spi
2025-02-18 07:52:48,487 [INFO] IPUIPlugin:80 - create IPUIPlugin
2025-02-18 07:52:48,487 [INFO] PluginManager:220 - loadIPPluginJar : add stm32_wpan
2025-02-18 07:52:48,493 [INFO] IPUIPlugin:80 - create IPUIPlugin
2025-02-18 07:52:48,493 [INFO] PluginManager:220 - loadIPPluginJar : add tim
2025-02-18 07:52:48,506 [INFO] IPUIPlugin:80 - create IPUIPlugin
2025-02-18 07:52:48,506 [INFO] PluginManager:220 - loadIPPluginJar : add touchsensing
2025-02-18 07:52:48,512 [INFO] IPUIPlugin:80 - create IPUIPlugin
2025-02-18 07:52:48,512 [INFO] PluginManager:220 - loadIPPluginJar : add tracer_emb
2025-02-18 07:52:48,518 [INFO] IPUIPlugin:80 - create IPUIPlugin
2025-02-18 07:52:48,518 [INFO] PluginManager:220 - loadIPPluginJar : add ts
2025-02-18 07:52:48,523 [INFO] IPUIPlugin:80 - create IPUIPlugin
2025-02-18 07:52:48,523 [INFO] PluginManager:220 - loadIPPluginJar : add tsc
2025-02-18 07:52:48,528 [INFO] IPUIPlugin:80 - create IPUIPlugin
2025-02-18 07:52:48,528 [INFO] PluginManager:220 - loadIPPluginJar : add ucpd
2025-02-18 07:52:48,540 [INFO] IPUIPlugin:80 - create IPUIPlugin
2025-02-18 07:52:48,540 [INFO] PluginManager:220 - loadIPPluginJar : add usart
2025-02-18 07:52:48,554 [INFO] IPUIPlugin:80 - create IPUIPlugin
2025-02-18 07:52:48,554 [INFO] PluginManager:220 - loadIPPluginJar : add usbx
2025-02-18 07:52:48,694 [FATAL] Updater:351 - Updater called before beeing initialized
2025-02-18 07:52:48,728 [INFO] RulesReader:64 - Compatibility file has been processed (297 Rules)
2025-02-18 07:52:48,743 [INFO] RulesReader:64 - Compatibility file has been processed (297 Rules)
2025-02-18 07:52:48,749 [INFO] CADModel:165 - CPN selected for project level
2025-02-18 07:52:48,750 [INFO] CADModel:114 - Register for checkConnection events
2025-02-18 07:52:48,750 [FATAL] Updater:351 - Updater called before beeing initialized
2025-02-18 07:52:48,750 [ERROR] CADModel:125 - Updater not yet initialized, retry later 
2025-02-18 07:52:48,943 [FATAL] Updater:351 - Updater called before beeing initialized
2025-02-18 07:52:48,946 [INFO] CADModel:165 - CPN selected for project level
2025-02-18 07:52:48,946 [INFO] CADModel:114 - Register for checkConnection events
2025-02-18 07:52:48,946 [FATAL] Updater:351 - Updater called before beeing initialized
2025-02-18 07:52:48,947 [ERROR] CADModel:125 - Updater not yet initialized, retry later 
2025-02-18 07:52:48,950 [FATAL] Updater:351 - Updater called before beeing initialized
2025-02-18 07:52:49,050 [FATAL] Updater:351 - Updater called before beeing initialized
2025-02-18 07:52:49,055 [INFO] DbMcusAds:53 - JSON generation date=Wed Dec 18 01:01:15 KST 2024 (1734451275111)
2025-02-18 07:52:49,055 [FATAL] Updater:351 - Updater called before beeing initialized
2025-02-18 07:52:49,097 [WARN] DetailPanel:346 - Failed to get advertising image, set to default
2025-02-18 07:52:49,406 [FATAL] Updater:351 - Updater called before beeing initialized
2025-02-18 07:52:49,407 [FATAL] Updater:351 - Updater called before beeing initialized
2025-02-18 07:52:49,407 [FATAL] Updater:351 - Updater called before beeing initialized
2025-02-18 07:52:49,408 [WARN] DetailPanel:346 - Failed to get advertising image, set to default
2025-02-18 07:52:49,409 [FATAL] Updater:351 - Updater called before beeing initialized
2025-02-18 07:52:49,456 [ERROR] Updater:1198 - MainUpdater not yet initialized. External WinMGr cannot be set.
2025-02-18 07:52:49,459 [INFO] Updater:1134 - Updater Version found : 6.13.0
2025-02-18 07:52:49,478 [INFO] ApplicationProperties:184 - Using Application install path: C:\ST\STM32CubeIDE_1.7.0\STM32CubeIDE\plugins\com.st.stm32cube.common.mx_6.13.0.202411220809
2025-02-18 07:52:49,928 [INFO] MainUpdater:2872 - connection check result : 10
2025-02-18 07:52:49,929 [INFO] MainUpdater:289 - Updater Check For Update Now.
2025-02-18 07:52:49,929 [INFO] MicroXplorer:498 - Change Database Version : DB.6.0.130
2025-02-18 07:52:49,939 [INFO] McuFinderGlobals:63 - Set McuFinder mode to 2 (CubeIDE integrated)
2025-02-18 07:52:49,942 [INFO] UserAuth:486 - Internet connection configuration mode: 1
2025-02-18 07:52:49,974 [INFO] JxBrowserEngine:152 - Initiate JxBrowser Engine with user profile folder
2025-02-18 07:52:50,133 [INFO] CheckServerUpdateThread:120 - End of CheckServer Thread
2025-02-18 07:52:50,719 [WARN] PackLoader:240 - Cannot read IP mode file for STMicroelectronics.FP-SNS-MOTENVWB1.1.4.0
2025-02-18 07:52:50,727 [WARN] PackLoader:240 - Cannot read IP mode file for STMicroelectronics.FP-ATR-ASTRA1.2.0.1
2025-02-18 07:52:50,737 [WARN] PackLoader:240 - Cannot read IP mode file for STMicroelectronics.X-CUBE-SMBUS.2.1.0
2025-02-18 07:52:50,752 [WARN] PackLoader:240 - Cannot read IP mode file for STMicroelectronics.X-CUBE-WB05N.1.1.0
2025-02-18 07:52:50,761 [WARN] PackLoader:240 - Cannot read IP mode file for STMicroelectronics.X-CUBE-TOUCHGFX.4.23.1
2025-02-18 07:52:50,767 [WARN] PackLoader:240 - Cannot read IP mode file for STMicroelectronics.X-CUBE-TOUCHGFX.4.23.0
2025-02-18 07:52:50,772 [WARN] PackLoader:240 - Cannot read IP mode file for STMicroelectronics.X-CUBE-TOUCHGFX.4.23.2
2025-02-18 07:52:50,813 [WARN] PackLoader:240 - Cannot read IP mode file for STMicroelectronics.X-CUBE-AZRTOS-F7.1.1.0
2025-02-18 07:52:50,826 [ERROR] RealEvaluatedCondition:428 - Found unsupported composite condition: CLASS='Data Exchange' GROUP='STM32_MetaDataManager'
2025-02-18 07:52:50,827 [ERROR] RealEvaluatedCondition:428 - Found unsupported composite condition: CLASS='Data Exchange' GROUP='STM32_MetaDataManager'
2025-02-18 07:52:50,828 [WARN] PackLoader:240 - Cannot read IP mode file for STMicroelectronics.FP-SNS-MOTENV1.4.3.0
2025-02-18 07:52:50,838 [WARN] PackLoader:240 - Cannot read IP mode file for STMicroelectronics.FP-SNS-MOTENV1.4.3.2
2025-02-18 07:52:50,847 [WARN] PackLoader:240 - Cannot read IP mode file for STMicroelectronics.FP-SNS-FLIGHT1.5.0.0
2025-02-18 07:52:50,867 [ERROR] RealEvaluatedCondition:428 - Found unsupported composite condition: CLASS='Data Exchange' GROUP='STM32_MetaDataManager'
2025-02-18 07:52:50,868 [ERROR] RealEvaluatedCondition:428 - Found unsupported composite condition: CLASS='Data Exchange' GROUP='STM32_MetaDataManager'
2025-02-18 07:52:50,869 [WARN] PackLoader:240 - Cannot read IP mode file for STMicroelectronics.FP-SNS-MOTENV1.4.3.1
2025-02-18 07:52:50,876 [WARN] PackLoader:240 - Cannot read IP mode file for STMicroelectronics.FP-SNS-FLIGHT1.5.0.1
2025-02-18 07:52:50,923 [WARN] PackLoader:240 - Cannot read IP mode file for STMicroelectronics.X-CUBE-BLE1.6.2.3
2025-02-18 07:52:51,052 [WARN] PackLoader:240 - Cannot read IP mode file for STMicroelectronics.X-CUBE-MEMS1.11.0.0
2025-02-18 07:52:51,177 [INFO] WebApp:168 - Instantiating new browser for Auth
2025-02-18 07:52:51,184 [WARN] PackLoader:240 - Cannot read IP mode file for STMicroelectronics.X-CUBE-BLE1.6.2.4
2025-02-18 07:52:51,192 [WARN] PackLoader:240 - Cannot read IP mode file for STMicroelectronics.FP-SNS-FLIGHT1.5.0.2
2025-02-18 07:52:51,205 [WARN] PackLoader:240 - Cannot read IP mode file for STMicroelectronics.X-CUBE-DISPLAY.3.0.0
2025-02-18 07:52:51,220 [WARN] PackLoader:240 - Cannot read IP mode file for STMicroelectronics.X-CUBE-BLE1.7.0.0
2025-02-18 07:52:51,239 [WARN] PackLoader:240 - Cannot read IP mode file for STMicroelectronics.X-CUBE-NFC10.1.0.0
2025-02-18 07:52:51,253 [WARN] PackLoader:240 - Cannot read IP mode file for STMicroelectronics.X-CUBE-BLEMGR.4.0.0
2025-02-18 07:52:51,263 [WARN] PackLoader:240 - Cannot read IP mode file for STMicroelectronics.X-CUBE-TOUCHGFX.4.22.0
2025-02-18 07:52:51,269 [WARN] PackLoader:240 - Cannot read IP mode file for STMicroelectronics.X-CUBE-TOUCHGFX.4.22.1
2025-02-18 07:52:51,370 [WARN] PackLoader:240 - Cannot read IP mode file for STMicroelectronics.X-CUBE-MEMS1.9.3.0
2025-02-18 07:52:51,469 [WARN] PackLoader:240 - Cannot read IP mode file for STMicroelectronics.X-CUBE-BLEMGR.3.1.0
2025-02-18 07:52:51,480 [WARN] PackLoader:240 - Cannot read IP mode file for STMicroelectronics.X-CUBE-AI.10.0.0
2025-02-18 07:52:51,487 [WARN] PackLoader:240 - Cannot read IP mode file for STMicroelectronics.FP-SNS-SMARTAG2.1.2.0
2025-02-18 07:52:51,610 [WARN] PackLoader:240 - Cannot read IP mode file for STMicroelectronics.X-CUBE-MEMS1.11.1.0
2025-02-18 07:52:51,727 [INFO] LogOutputStream:77 - [STDOUT_REDIRECT] 1 : Invalid condition id : UX_CORESTACK_Condition cause : null
2025-02-18 07:52:51,728 [INFO] LogOutputStream:77 - [STDOUT_REDIRECT] 1 : Invalid condition id : UX_CORESTACK_Condition cause : null
2025-02-18 07:52:51,729 [INFO] LogOutputStream:77 - [STDOUT_REDIRECT] 1 : Invalid condition id : UX_CORESTACK_Condition cause : null
2025-02-18 07:52:51,730 [INFO] LogOutputStream:77 - [STDOUT_REDIRECT] 1 : Invalid condition id : UX_CORESTACK_Condition cause : null
2025-02-18 07:52:51,733 [INFO] LogOutputStream:77 - [STDOUT_REDIRECT] 1 : Invalid condition id : UX_CORESTACK_Condition cause : null
2025-02-18 07:52:51,736 [WARN] PackLoader:240 - Cannot read IP mode file for STMicroelectronics.X-CUBE-AZRTOS-WL.2.0.0
2025-02-18 07:52:51,744 [WARN] PackLoader:240 - Cannot read IP mode file for STMicroelectronics.FP-SNS-MOTENV1.5.0.0
2025-02-18 07:52:51,752 [WARN] PackLoader:240 - Cannot read IP mode file for wolfSSL.I-CUBE-wolfMQTT.1.19.0
2025-02-18 07:52:51,774 [WARN] PackLoader:240 - Cannot read IP mode file for WES.I-CUBE-Cesium.1.3.0
2025-02-18 07:52:51,796 [WARN] PackLoader:240 - Cannot read IP mode file for STMicroelectronics.X-CUBE-BLE2.3.3.0
2025-02-18 07:52:51,803 [WARN] PackLoader:240 - Cannot read IP mode file for STMicroelectronics.X-CUBE-DISPLAY.2.2.0
2025-02-18 07:52:51,818 [WARN] PackLoader:240 - Cannot read IP mode file for STMicroelectronics.X-CUBE-TOF1.3.2.0
2025-02-18 07:52:51,837 [WARN] PackLoader:240 - Cannot read IP mode file for STMicroelectronics.X-CUBE-NFC9.1.0.0
2025-02-18 07:52:51,860 [WARN] PackLoader:240 - Cannot read IP mode file for STMicroelectronics.X-CUBE-AZRTOS-H7.2.1.0
2025-02-18 07:52:51,870 [WARN] PackLoader:240 - Cannot read IP mode file for STMicroelectronics.X-CUBE-TCPP.4.1.0
2025-02-18 07:52:51,876 [WARN] PackLoader:240 - Cannot read IP mode file for STMicroelectronics.X-CUBE-TOUCHGFX.4.21.1
2025-02-18 07:52:51,880 [WARN] PackLoader:240 - Cannot read IP mode file for STMicroelectronics.X-CUBE-TOUCHGFX.4.21.0
2025-02-18 07:52:51,885 [WARN] PackLoader:240 - Cannot read IP mode file for STMicroelectronics.X-CUBE-TOUCHGFX.4.21.3
2025-02-18 07:52:51,890 [WARN] PackLoader:240 - Cannot read IP mode file for STMicroelectronics.X-CUBE-TOUCHGFX.4.21.4
2025-02-18 07:52:52,028 [WARN] PackLoader:240 - Cannot read IP mode file for STMicroelectronics.X-CUBE-MEMS1.9.4.0
2025-02-18 07:52:52,110 [INFO] WebApp:449 - Apply proxy settings
2025-02-18 07:52:52,110 [INFO] WebApp:534 - Chromium requires no authentication
2025-02-18 07:52:52,121 [INFO] WebApp:477 - Direct internet connection detected
2025-02-18 07:52:52,121 [WARN] PackLoader:240 - Cannot read IP mode file for STMicroelectronics.X-CUBE-AI.7.3.0
2025-02-18 07:52:52,136 [WARN] PackLoader:240 - Cannot read IP mode file for STMicroelectronics.X-CUBE-ALGOBUILD.1.3.0
2025-02-18 07:52:52,153 [INFO] WebApp:880 - Register for checkConnection events
2025-02-18 07:52:52,153 [INFO] WebApp:449 - Apply proxy settings
2025-02-18 07:52:52,153 [INFO] WebApp:534 - Chromium requires no authentication
2025-02-18 07:52:52,154 [INFO] WebApp:477 - Direct internet connection detected
2025-02-18 07:52:52,156 [WARN] PackLoader:240 - Cannot read IP mode file for STMicroelectronics.X-CUBE-AZRTOS-G0.1.1.0
2025-02-18 07:52:52,173 [WARN] PackLoader:240 - Cannot read IP mode file for STMicroelectronics.X-CUBE-SAFEA1.1.2.2
2025-02-18 07:52:52,183 [WARN] PackLoader:240 - Cannot read IP mode file for STMicroelectronics.X-CUBE-NFC4.3.0.0
2025-02-18 07:52:52,209 [WARN] PackLoader:240 - Cannot read IP mode file for SEGGER.I-CUBE-embOS.1.2.1
2025-02-18 07:52:52,232 [WARN] PackLoader:240 - Cannot read IP mode file for wolfSSL.I-CUBE-wolfMQTT.1.18.0
2025-02-18 07:52:52,239 [WARN] PackLoader:240 - Cannot read IP mode file for EmbeddedOffice.I-CUBE-FS-RTOS.1.0.1
2025-02-18 07:52:52,247 [WARN] PackLoader:240 - Cannot read IP mode file for STMicroelectronics.X-CUBE-BLEMGR.3.0.0
2025-02-18 07:52:52,255 [WARN] PackLoader:240 - Cannot read IP mode file for STMicroelectronics.X-CUBE-BLEMGR.1.3.0
2025-02-18 07:52:52,262 [WARN] PackLoader:240 - Cannot read IP mode file for STMicroelectronics.X-CUBE-TCPP.4.2.0
2025-02-18 07:52:52,271 [WARN] PackLoader:240 - Cannot read IP mode file for RealThread.X-CUBE-RT-Thread_Nano.4.1.1
2025-02-18 07:52:52,279 [WARN] PackLoader:240 - Cannot read IP mode file for STMicroelectronics.FP-ATR-SIGFOX1.3.2.0
2025-02-18 07:52:52,285 [WARN] ConditionMgr:438 - getConditionDescription Invalid condition id : Cortex-A Device cause : null
2025-02-18 07:52:52,299 [WARN] ConditionMgr:1044 - genDependencies : Invalid condition id : Cortex-A Device cause : null
2025-02-18 07:52:52,299 [WARN] ConditionMgr:1044 - genDependencies : Invalid condition id : Cortex-A Device cause : null
2025-02-18 07:52:52,299 [WARN] ConditionMgr:1044 - genDependencies : Invalid condition id : Cortex-A Device cause : null
2025-02-18 07:52:52,313 [WARN] PackLoader:240 - Cannot read IP mode file for STMicroelectronics.X-CUBE-EEPRMA1.5.1.0
2025-02-18 07:52:52,318 [WARN] PackLoader:240 - Cannot read IP mode file for STMicroelectronics.X-CUBE-TOUCHGFX.4.20.0
2025-02-18 07:52:52,336 [INFO] WebApp:221 - Starting web application
2025-02-18 07:52:52,336 [INFO] WebApp:579 - Web application path used C:\ST\STM32CubeIDE_1.7.0\STM32CubeIDE\plugins\com.st.stm32cube.common.mx_6.13.0.202411220809\db\plugins\mcufinder\reactClient1\index.html
2025-02-18 07:52:52,420 [WARN] PackLoader:240 - Cannot read IP mode file for STMicroelectronics.X-CUBE-MEMS1.9.5.0
2025-02-18 07:52:52,521 [WARN] PackLoader:240 - Cannot read IP mode file for SEGGER.I-CUBE-embOS.1.3.1
2025-02-18 07:52:52,559 [WARN] PackLoader:240 - Cannot read IP mode file for STMicroelectronics.X-CUBE-ALGOBUILD.1.4.0
2025-02-18 07:52:52,568 [WARN] PackLoader:240 - Cannot read IP mode file for STMicroelectronics.X-CUBE-AI.9.1.0
2025-02-18 07:52:52,574 [INFO] WebApp:187 - Connection restablished
2025-02-18 07:52:52,582 [WARN] PackLoader:240 - Cannot read IP mode file for STMicroelectronics.X-CUBE-GNSS1.6.0.0
2025-02-18 07:52:52,600 [WARN] PackLoader:240 - Cannot read IP mode file for STMicroelectronics.X-CUBE-AZRTOS-F4.1.1.0
2025-02-18 07:52:52,609 [WARN] PackLoader:240 - Cannot read IP mode file for STMicroelectronics.X-CUBE-ISPU.2.1.0
2025-02-18 07:52:52,615 [WARN] PackLoader:240 - Cannot read IP mode file for STMicroelectronics.X-CUBE-FREERTOS.1.2.0
2025-02-18 07:52:52,622 [WARN] PackLoader:240 - Cannot read IP mode file for STMicroelectronics.X-CUBE-BLEMGR.1.2.0
2025-02-18 07:52:52,648 [WARN] PackLoader:240 - Cannot read IP mode file for STMicroelectronics.X-CUBE-AZRTOS-L5.2.0.0
2025-02-18 07:52:52,741 [INFO] UserAuth:486 - Internet connection configuration mode: 1
2025-02-18 07:52:52,801 [WARN] PackLoader:240 - Cannot read IP mode file for STMicroelectronics.X-CUBE-MEMS1.9.6.0
2025-02-18 07:52:52,909 [WARN] PackLoader:240 - Cannot read IP mode file for STMicroelectronics.X-CUBE-EEPRMA1.4.2.0
2025-02-18 07:52:52,927 [WARN] PackLoader:240 - Cannot read IP mode file for STMicroelectronics.X-CUBE-NFC6.3.1.0
2025-02-18 07:52:52,934 [WARN] PackLoader:240 - Cannot read IP mode file for ITTIA_DB.I-CUBE-ITTIADB.8.8.0
2025-02-18 07:52:52,940 [WARN] PackLoader:240 - Cannot read IP mode file for emotas.I-CUBE-CANOPEN.1.1.3
2025-02-18 07:52:52,946 [WARN] PackLoader:240 - Cannot read IP mode file for STMicroelectronics.X-CUBE-BLEMGR.2.0.0
2025-02-18 07:52:52,952 [WARN] PackLoader:240 - Cannot read IP mode file for STMicroelectronics.X-CUBE-DPower.1.2.0
2025-02-18 07:52:52,963 [WARN] PackLoader:240 - Cannot read IP mode file for STMicroelectronics.X-CUBE-NFC4.2.0.5
2025-02-18 07:52:52,970 [WARN] PackLoader:240 - Cannot read IP mode file for STMicroelectronics.X-CUBE-AI.9.0.0
2025-02-18 07:52:52,987 [WARN] ConditionMgr:438 - getConditionDescription Invalid condition id : UX DEVICE CLASS RTOS Condition cause : null
2025-02-18 07:52:52,988 [WARN] ConditionMgr:438 - getConditionDescription Invalid condition id : UX DEVICE CLASS RTOS Condition cause : null
2025-02-18 07:52:52,990 [WARN] PackLoader:240 - Cannot read IP mode file for STMicroelectronics.X-CUBE-AZRTOS-H7.3.1.0
2025-02-18 07:52:52,992 [WARN] ConditionMgr:1044 - genDependencies : Invalid condition id : UX DEVICE CLASS RTOS Condition cause : null
2025-02-18 07:52:52,992 [WARN] ConditionMgr:1044 - genDependencies : Invalid condition id : UX DEVICE CLASS RTOS Condition cause : null
2025-02-18 07:52:52,993 [WARN] ConditionMgr:1044 - genDependencies : Invalid condition id : UX DEVICE CLASS RTOS Condition cause : null
2025-02-18 07:52:52,993 [WARN] ConditionMgr:1044 - genDependencies : Invalid condition id : UX DEVICE CLASS RTOS Condition cause : null
2025-02-18 07:52:52,994 [WARN] ConditionMgr:1044 - genDependencies : Invalid condition id : UX DEVICE CLASS RTOS Condition cause : null
2025-02-18 07:52:53,001 [WARN] PackLoader:240 - Cannot read IP mode file for wolfSSL.I-CUBE-wolfSSL.5.5.3
2025-02-18 07:52:53,006 [WARN] PackLoader:240 - Cannot read IP mode file for STMicroelectronics.X-CUBE-FREERTOS.1.3.0
2025-02-18 07:52:53,019 [WARN] PackLoader:240 - Cannot read IP mode file for STMicroelectronics.X-CUBE-NFC7.1.0.1
2025-02-18 07:52:53,029 [WARN] PackLoader:240 - Cannot read IP mode file for STMicroelectronics.X-CUBE-NFC7.1.0.0
2025-02-18 07:52:53,036 [WARN] PackLoader:240 - Cannot read IP mode file for wolfSSL.I-CUBE-wolfTPM.3.2.0
2025-02-18 07:52:53,054 [WARN] PackLoader:240 - Cannot read IP mode file for STMicroelectronics.X-CUBE-NFC6.3.0.0
2025-02-18 07:52:53,070 [WARN] PackLoader:240 - Cannot read IP mode file for STMicroelectronics.X-CUBE-EEPRMA1.4.1.0
2025-02-18 07:52:53,076 [WARN] PackLoader:240 - Cannot read IP mode file for STMicroelectronics.X-CUBE-AI.8.1.0
2025-02-18 07:52:53,093 [WARN] ConditionMgr:438 - getConditionDescription Invalid condition id : LAN8742 Phy interface Condition cause : null
2025-02-18 07:52:53,094 [WARN] PackLoader:240 - Cannot read IP mode file for STMicroelectronics.X-CUBE-AZRTOS-L4.2.0.0
2025-02-18 07:52:53,094 [WARN] ConditionMgr:1044 - genDependencies : Invalid condition id : LAN8742 Phy interface Condition cause : null
2025-02-18 07:52:53,095 [WARN] ConditionMgr:1044 - genDependencies : Invalid condition id : LAN8742 Phy interface Condition cause : null
2025-02-18 07:52:53,095 [WARN] ConditionMgr:1044 - genDependencies : Invalid condition id : LAN8742 Phy interface Condition cause : null
2025-02-18 07:52:53,108 [WARN] PackLoader:240 - Cannot read IP mode file for STMicroelectronics.X-CUBE-SFXS2LP1.4.0.0
2025-02-18 07:52:53,124 [WARN] PackLoader:240 - Cannot read IP mode file for STMicroelectronics.X-CUBE-AZRTOS-H7.3.0.0
2025-02-18 07:52:53,132 [WARN] PackLoader:240 - Cannot read IP mode file for STMicroelectronics.X-CUBE-ISPU.1.1.0
2025-02-18 07:52:53,154 [WARN] PackLoader:240 - Cannot read IP mode file for STMicroelectronics.X-CUBE-AZRTOS-H7.3.3.0
2025-02-18 07:52:53,162 [WARN] PackLoader:240 - Cannot read IP mode file for RoweBots.I-CUBE-UNISONRTOS.5.5.0-4
2025-02-18 07:52:53,168 [WARN] PackLoader:240 - Cannot read IP mode file for STMicroelectronics.X-CUBE-AI.8.0.0
2025-02-18 07:52:53,177 [WARN] PackLoader:240 - Cannot read IP mode file for STMicroelectronics.X-CUBE-IPS.3.0.0
2025-02-18 07:52:53,192 [WARN] ConditionMgr:438 - getConditionDescription Invalid condition id : UX DEVICE CLASS RTOS Condition cause : null
2025-02-18 07:52:53,192 [WARN] ConditionMgr:438 - getConditionDescription Invalid condition id : UX DEVICE CLASS RTOS Condition cause : null
2025-02-18 07:52:53,193 [WARN] PackLoader:240 - Cannot read IP mode file for STMicroelectronics.X-CUBE-AZRTOS-WB.2.0.0
2025-02-18 07:52:53,193 [WARN] ConditionMgr:1044 - genDependencies : Invalid condition id : UX DEVICE CLASS RTOS Condition cause : null
2025-02-18 07:52:53,193 [WARN] ConditionMgr:1044 - genDependencies : Invalid condition id : UX DEVICE CLASS RTOS Condition cause : null
2025-02-18 07:52:53,193 [WARN] ConditionMgr:1044 - genDependencies : Invalid condition id : UX DEVICE CLASS RTOS Condition cause : null
2025-02-18 07:52:53,194 [WARN] ConditionMgr:1044 - genDependencies : Invalid condition id : UX DEVICE CLASS RTOS Condition cause : null
2025-02-18 07:52:53,194 [WARN] ConditionMgr:1044 - genDependencies : Invalid condition id : UX DEVICE CLASS RTOS Condition cause : null
2025-02-18 07:52:53,198 [WARN] PackLoader:240 - Cannot read IP mode file for STMicroelectronics.X-CUBE-FREERTOS.1.0.0
2025-02-18 07:52:53,202 [WARN] PackLoader:240 - Cannot read IP mode file for STMicroelectronics.X-CUBE-FREERTOS.1.0.1
2025-02-18 07:52:53,211 [WARN] PackLoader:240 - Cannot read IP mode file for STMicroelectronics.X-CUBE-GNSS1.7.0.0
2025-02-18 07:52:53,221 [WARN] PackLoader:240 - Cannot read IP mode file for STMicroelectronics.X-CUBE-GNSS1.7.0.1
2025-02-18 07:52:53,228 [WARN] PackLoader:240 - Cannot read IP mode file for STMicroelectronics.FP-SNS-STBOX1.2.0.0
2025-02-18 07:52:53,242 [WARN] PackLoader:240 - Cannot read IP mode file for STMicroelectronics.X-CUBE-AZRTOS-L5.1.1.0
2025-02-18 07:52:53,249 [WARN] PackLoader:240 - Cannot read IP mode file for STMicroelectronics.X-CUBE-AI.8.0.1
2025-02-18 07:52:53,258 [WARN] PackLoader:240 - Cannot read IP mode file for STMicroelectronics.X-CUBE-SUBG2.5.0.0
2025-02-18 07:52:53,266 [WARN] PackLoader:240 - Cannot read IP mode file for Cesanta.I-CUBE-Mongoose.7.13.0
2025-02-18 07:52:53,276 [WARN] PackLoader:240 - Cannot read IP mode file for STMicroelectronics.X-CUBE-TOF1.3.3.1
2025-02-18 07:52:53,295 [WARN] PackLoader:240 - Cannot read IP mode file for STMicroelectronics.X-CUBE-AZRTOS-G4.2.0.0
2025-02-18 07:52:53,307 [WARN] PackLoader:240 - Cannot read IP mode file for STMicroelectronics.X-CUBE-TOF1.3.3.0
2025-02-18 07:52:53,316 [WARN] PackLoader:240 - Cannot read IP mode file for STMicroelectronics.FP-ATR-ASTRA1.1.1.1
2025-02-18 07:52:53,329 [WARN] PackLoader:240 - Cannot read IP mode file for Infineon.AIROC-Wi-Fi-Bluetooth-STM32.1.5.1
2025-02-18 07:52:53,336 [WARN] PackLoader:240 - Cannot read IP mode file for STMicroelectronics.FP-SNS-MOTENVWB1.1.3.0
2025-02-18 07:52:53,341 [WARN] PackLoader:240 - Cannot read IP mode file for STMicroelectronics.FP-SNS-MOTENVWB1.1.3.1
2025-02-18 07:52:53,353 [WARN] PackLoader:240 - Cannot read IP mode file for STMicroelectronics.X-CUBE-AZRTOS-G4.1.0.0
2025-02-18 07:52:53,366 [WARN] PackLoader:240 - Cannot read IP mode file for STMicroelectronics.X-CUBE-AZRTOS-L4.1.0.0
2025-02-18 07:52:53,374 [WARN] PackLoader:240 - Cannot read IP mode file for STMicroelectronics.X-CUBE-ISPU.2.0.0
2025-02-18 07:52:53,381 [WARN] PackLoader:240 - Cannot read IP mode file for STMicroelectronics.X-CUBE-IPS.3.1.0
2025-02-18 07:52:53,388 [WARN] PackLoader:240 - Cannot read IP mode file for STMicroelectronics.X-CUBE-ALS.1.0.2
2025-02-18 07:52:53,467 [WARN] PackLoader:240 - Cannot read IP mode file for STMicroelectronics.X-CUBE-MEMS1.10.0.0
2025-02-18 07:52:53,527 [WARN] PackLoader:240 - Cannot read IP mode file for STMicroelectronics.X-CUBE-FREERTOS.1.1.0
2025-02-18 07:52:53,531 [WARN] PackLoader:240 - Cannot read IP mode file for STMicroelectronics.X-CUBE-TOUCHGFX.4.24.0
2025-02-18 07:52:53,535 [WARN] PackLoader:240 - Cannot read IP mode file for STMicroelectronics.X-CUBE-TOUCHGFX.4.24.2
2025-02-18 07:52:53,544 [WARN] PackLoader:240 - Cannot read IP mode file for STMicroelectronics.X-CUBE-AZRTOS-WL.1.0.0
2025-02-18 07:52:53,548 [WARN] PackLoader:240 - Cannot read IP mode file for STMicroelectronics.X-CUBE-TOUCHGFX.4.24.1
2025-02-18 07:52:53,554 [WARN] PackLoader:240 - Cannot read IP mode file for portGmbH.I-Cube-SoM-uGOAL.1.1.0
2025-02-18 07:52:53,558 [WARN] PackLoader:240 - Cannot read IP mode file for STMicroelectronics.X-CUBE-ALS.1.0.1
2025-02-18 07:52:53,567 [WARN] PackLoader:240 - Cannot read IP mode file for STMicroelectronics.X-CUBE-AZRTOS-WB.1.1.0
2025-02-18 07:52:53,577 [WARN] PackLoader:240 - Cannot read IP mode file for STMicroelectronics.X-CUBE-AZRTOS-L5.1.0.0
2025-02-18 07:52:53,586 [WARN] PackLoader:240 - Cannot read IP mode file for STMicroelectronics.X-CUBE-EEPRMA1.3.1.1
2025-02-18 07:52:53,599 [WARN] PackLoader:240 - Cannot read IP mode file for STMicroelectronics.X-CUBE-AZRTOS-H7RS.1.0.0
2025-02-18 07:52:53,605 [WARN] PackLoader:240 - Cannot read IP mode file for STMicroelectronics.FP-ATR-ASTRA1.2.0.0
2025-02-18 07:52:53,611 [WARN] PackLoader:240 - Cannot read IP mode file for STMicroelectronics.X-CUBE-TOF1.3.4.2
2025-02-18 07:52:53,627 [WARN] PackLoader:240 - Cannot read IP mode file for STMicroelectronics.X-CUBE-TOF1.3.4.0
2025-02-18 07:52:53,641 [WARN] PackLoader:240 - Cannot read IP mode file for STMicroelectronics.X-CUBE-TOF1.3.4.1
2025-02-18 07:52:53,661 [WARN] PackLoader:240 - Cannot read IP mode file for STMicroelectronics.X-CUBE-AZRTOS-H7.3.2.0
2025-02-18 07:52:53,668 [WARN] PackLoader:240 - Cannot read IP mode file for wolfSSL.I-CUBE-wolfSSH.1.4.17
2025-02-18 07:52:53,669 [INFO] ThirdParty:978 - Integrity check success = true
2025-02-18 07:52:53,669 [INFO] IntegrityCheckThread:100 - exiting critical section [integrity check]
2025-02-18 07:52:53,669 [INFO] IntegrityCheckThread:103 - End integrity checks thread
2025-02-18 15:59:50,698 [INFO] WebApp:190 - Connection lost
2025-02-18 15:59:51,019 [INFO] WebApp:187 - Connection restablished
2025-02-18 16:56:02,090 [ERROR] LogOutputStream:75 - [STDERR_REDIRECT] 
