2025-02-20 08:23:50,504 [INFO] Activator:176 - 


2025-02-20 08:23:50,508 [INFO] Activator:177 - !SESSION log4j initialized
2025-02-20 08:23:56,883 [INFO] LogOutputStream:77 - [STDOUT_REDIRECT] 
2025-02-20 08:24:01,260 [INFO] ApplicationProperties:184 - Using Application install path: C:\ST\STM32CubeIDE_1.7.0\STM32CubeIDE\plugins\com.st.stm32cube.common.mx_6.13.0.202411220809
2025-02-20 08:24:01,279 [INFO] DbMcusXml:78 - Set database path to: C:\ST\STM32CubeIDE_1.7.0\STM32CubeIDE\plugins\com.st.stm32cube.common.mx_6.13.0.202411220809\\db\/mcu/
2025-02-20 08:24:01,279 [INFO] ApiDb:274 - Set plugin database path to: C:\ST\STM32CubeIDE_1.7.0\STM32CubeIDE\plugins\com.st.stm32cube.common.mx_6.13.0.202411220809\\db\/plugins/boardmanager/
2025-02-20 08:24:01,280 [WARN] ApiDb:259 - Overriding images path with different value:  => C:\ST\STM32CubeIDE_1.7.0\STM32CubeIDE\plugins\com.st.stm32cube.common.mx_6.13.0.202411220809\\db\/plugins/mcufinder/images/
2025-02-20 08:24:01,292 [INFO] ApiDb:250 - Set database path to: C:\Users\catsa\.stmcufinder\plugins\mcufinder//mcu/
2025-02-20 08:24:01,293 [INFO] DbMcusAds:125 - Set database path to: C:\Users\catsa\.stmcufinder\plugins\mcufinder//mcu/
2025-02-20 08:24:01,296 [INFO] CrossReferenceDbSqlite:203 - Set database path to: C:\Users\catsa\.stmcufinder\plugins\mcufinder//mcu/cs/
2025-02-20 08:24:01,421 [INFO] RulesReader:64 - Compatibility file has been processed (297 Rules)
2025-02-20 08:24:01,526 [INFO] DbMcusXml:78 - Set database path to: C:\ST\STM32CubeIDE_1.7.0\STM32CubeIDE\plugins\com.st.stm32cube.common.mx_6.13.0.202411220809\\db\/mcu/
2025-02-20 08:24:01,526 [INFO] ApiDb:274 - Set plugin database path to: C:\ST\STM32CubeIDE_1.7.0\STM32CubeIDE\plugins\com.st.stm32cube.common.mx_6.13.0.202411220809\\db\/plugins/boardmanager/
2025-02-20 08:24:01,526 [INFO] ApiDb:261 - Set plugin images path to: C:\ST\STM32CubeIDE_1.7.0\STM32CubeIDE\plugins\com.st.stm32cube.common.mx_6.13.0.202411220809\\db\/plugins/mcufinder/images/
2025-02-20 08:24:01,527 [WARN] DbFile:41 - Overriding database path with different value: C:\Users\catsa\.stmcufinder\plugins\mcufinder/ => C:\Users\catsa\.stmcufinder\plugins\mcufinder
2025-02-20 08:24:01,527 [INFO] ApiDb:250 - Set database path to: C:\Users\catsa\.stmcufinder\plugins\mcufinder//mcu/
2025-02-20 08:24:01,527 [WARN] DbFile:41 - Overriding database path with different value: C:\Users\catsa\.stmcufinder\plugins\mcufinder/ => C:\Users\catsa\.stmcufinder\plugins\mcufinder
2025-02-20 08:24:01,527 [INFO] DbMcusAds:125 - Set database path to: C:\Users\catsa\.stmcufinder\plugins\mcufinder//mcu/
2025-02-20 08:24:01,527 [WARN] DbFile:41 - Overriding database path with different value: C:\Users\catsa\.stmcufinder\plugins\mcufinder/ => C:\Users\catsa\.stmcufinder\plugins\mcufinder
2025-02-20 08:24:01,527 [WARN] DbFile:41 - Overriding database path with different value: C:\Users\catsa\.stmcufinder\plugins\mcufinder/ => C:\Users\catsa\.stmcufinder\plugins\mcufinder
2025-02-20 08:24:01,527 [INFO] CrossReferenceDbSqlite:203 - Set database path to: C:\Users\catsa\.stmcufinder\plugins\mcufinder//mcu/cs/
2025-02-20 08:24:01,619 [INFO] MainPanel:272 - HeapMemory: 268435456
2025-02-20 08:24:01,733 [INFO] DbMcusXml:78 - Set database path to: C:\ST\STM32CubeIDE_1.7.0\STM32CubeIDE\plugins\com.st.stm32cube.common.mx_6.13.0.202411220809\\db\/mcu/
2025-02-20 08:24:01,733 [INFO] ApiDb:274 - Set plugin database path to: C:\ST\STM32CubeIDE_1.7.0\STM32CubeIDE\plugins\com.st.stm32cube.common.mx_6.13.0.202411220809\\db\/plugins/boardmanager/
2025-02-20 08:24:01,733 [INFO] ApiDb:261 - Set plugin images path to: C:\ST\STM32CubeIDE_1.7.0\STM32CubeIDE\plugins\com.st.stm32cube.common.mx_6.13.0.202411220809\\db\/plugins/mcufinder/images/
2025-02-20 08:24:01,733 [WARN] DbFile:41 - Overriding database path with different value: C:\Users\catsa\.stmcufinder\plugins\mcufinder/ => C:\Users\catsa\.stmcufinder\plugins\mcufinder
2025-02-20 08:24:01,733 [INFO] ApiDb:250 - Set database path to: C:\Users\catsa\.stmcufinder\plugins\mcufinder//mcu/
2025-02-20 08:24:01,733 [WARN] DbFile:41 - Overriding database path with different value: C:\Users\catsa\.stmcufinder\plugins\mcufinder/ => C:\Users\catsa\.stmcufinder\plugins\mcufinder
2025-02-20 08:24:01,734 [INFO] DbMcusAds:125 - Set database path to: C:\Users\catsa\.stmcufinder\plugins\mcufinder//mcu/
2025-02-20 08:24:01,734 [WARN] DbFile:41 - Overriding database path with different value: C:\Users\catsa\.stmcufinder\plugins\mcufinder/ => C:\Users\catsa\.stmcufinder\plugins\mcufinder
2025-02-20 08:24:01,734 [WARN] DbFile:41 - Overriding database path with different value: C:\Users\catsa\.stmcufinder\plugins\mcufinder/ => C:\Users\catsa\.stmcufinder\plugins\mcufinder
2025-02-20 08:24:01,734 [INFO] CrossReferenceDbSqlite:203 - Set database path to: C:\Users\catsa\.stmcufinder\plugins\mcufinder//mcu/cs/
2025-02-20 08:24:01,752 [INFO] ApplicationProperties:184 - Using Application install path: C:\ST\STM32CubeIDE_1.7.0\STM32CubeIDE\plugins\com.st.stm32cube.common.mx_6.13.0.202411220809
2025-02-20 08:24:01,753 [INFO] PluginManage:196 - Search for loadable plugins [exclusion list=, ]
2025-02-20 08:24:01,755 [INFO] PluginManage:310 - Check plugin analytics
2025-02-20 08:24:01,924 [INFO] AnalyticsPlugin:253 - Accepted Software Licenses: STM32CubeMX.6.3.0
2025-02-20 08:24:01,924 [INFO] AnalyticsPlugin:255 - Accepted CMSIS Pack Licenses: 
2025-02-20 08:24:01,924 [INFO] AnalyticsPlugin:257 - Accepted Firmware Licenses: FW.L4.1.18.0
2025-02-20 08:24:01,927 [INFO] PluginManage:359 - Loaded plugin analytics (category:tool,tabindex:-1)
2025-02-20 08:24:01,927 [INFO] PluginManage:310 - Check plugin cadmodel
2025-02-20 08:24:01,962 [INFO] CADModel:105 - Init CAD model plugin
2025-02-20 08:24:01,962 [INFO] PluginManage:359 - Loaded plugin cadmodel (category:power,tabindex:5)
2025-02-20 08:24:01,962 [INFO] PluginManage:310 - Check plugin clock
2025-02-20 08:24:01,981 [INFO] PluginManage:359 - Loaded plugin clock (category:base,tabindex:2)
2025-02-20 08:24:01,982 [INFO] PluginManage:310 - Check plugin ddr
2025-02-20 08:24:01,984 [INFO] PluginManage:359 - Loaded plugin ddr (category:tool,tabindex:6)
2025-02-20 08:24:01,984 [INFO] PluginManage:310 - Check plugin filemanager
2025-02-20 08:24:02,114 [INFO] PluginManage:359 - Loaded plugin filemanager (category:base,tabindex:10)
2025-02-20 08:24:02,115 [INFO] PluginManage:310 - Check plugin ipmanager
2025-02-20 08:24:02,122 [INFO] PluginManage:359 - Loaded plugin ipmanager (category:base,tabindex:5)
2025-02-20 08:24:02,122 [INFO] PluginManage:310 - Check plugin lpbam
2025-02-20 08:24:02,133 [INFO] PluginManage:359 - Loaded plugin lpbam (category:base,tabindex:0)
2025-02-20 08:24:02,133 [INFO] PluginManage:310 - Check plugin memorymap
2025-02-20 08:24:02,151 [INFO] PluginManage:359 - Loaded plugin memorymap (category:base,tabindex:4)
2025-02-20 08:24:02,151 [INFO] PluginManage:310 - Check plugin pinoutandconfiguration
2025-02-20 08:24:02,172 [INFO] PluginManage:359 - Loaded plugin pinoutandconfiguration (category:base,tabindex:1)
2025-02-20 08:24:02,172 [INFO] PluginManage:310 - Check plugin pinoutconfig
2025-02-20 08:24:02,264 [WARN] SupportedApi:132 - Cannot load RTOS API schema: s4s-elt-must-match.1: The content of 'definitions' must match (annotation?, (simpleType | complexType)?, (unique | key | keyref)*)). A problem was found starting at: attribute.
2025-02-20 08:24:02,394 [INFO] PluginManage:359 - Loaded plugin pinoutconfig (category:base,tabindex:0)
2025-02-20 08:24:02,394 [INFO] PluginManage:310 - Check plugin power
2025-02-20 08:24:02,441 [INFO] PluginManage:359 - Loaded plugin power (category:power,tabindex:4)
2025-02-20 08:24:02,442 [INFO] PluginManage:310 - Check plugin projectmanager
2025-02-20 08:24:02,455 [INFO] PluginManage:359 - Loaded plugin projectmanager (category:projectmanager,tabindex:4)
2025-02-20 08:24:02,456 [INFO] PluginManage:310 - Check plugin rif
2025-02-20 08:24:02,470 [INFO] PluginManage:359 - Loaded plugin rif (category:base,tabindex:3)
2025-02-20 08:24:02,471 [INFO] PluginManage:310 - Check plugin thirdparty
2025-02-20 08:24:02,665 [INFO] PluginManage:359 - Loaded plugin thirdparty (category:base,tabindex:-1)
2025-02-20 08:24:02,665 [WARN] IntegrityCheckThread:84 - waiting for thirdparty lock release [integrity check]
2025-02-20 08:24:02,666 [INFO] PluginManage:310 - Check plugin tools
2025-02-20 08:24:02,666 [INFO] IntegrityCheckThread:86 - entering critical section [integrity check]
2025-02-20 08:24:02,666 [INFO] ThirdPartyUpdaterWithRetryManager:70 - Updater plugin not ready yet. [1/15]
2025-02-20 08:24:02,673 [INFO] PluginManage:359 - Loaded plugin tools (category:base,tabindex:7)
2025-02-20 08:24:02,673 [INFO] PluginManage:310 - Check plugin tutovideos
2025-02-20 08:24:02,845 [INFO] PluginManage:359 - Loaded plugin tutovideos (category:base,tabindex:-1)
2025-02-20 08:24:02,845 [INFO] PluginManage:310 - Check plugin updater
2025-02-20 08:24:02,870 [INFO] PluginManage:359 - Loaded plugin updater (category:base,tabindex:12)
2025-02-20 08:24:02,870 [INFO] PluginManage:310 - Check plugin userauth
2025-02-20 08:24:02,875 [INFO] UserAuth:118 - Init User Auth plugin
2025-02-20 08:24:02,875 [INFO] PluginManage:359 - Loaded plugin userauth (category:base,tabindex:14)
2025-02-20 08:24:02,876 [INFO] PluginManage:283 - PluginManage : Loaded plugins [18]
2025-02-20 08:24:03,074 [INFO] PinOutPanel:1589 - setPackage(No Configuration,No Configuration)
2025-02-20 08:24:03,161 [INFO] CADModel:165 - CPN selected for project level
2025-02-20 08:24:03,161 [INFO] CADModel:114 - Register for checkConnection events
2025-02-20 08:24:03,184 [INFO] IPUIPlugin:80 - create IPUIPlugin
2025-02-20 08:24:03,184 [INFO] PluginManager:220 - loadIPPluginJar : add adc
2025-02-20 08:24:03,192 [INFO] IPUIPlugin:80 - create IPUIPlugin
2025-02-20 08:24:03,192 [INFO] PluginManager:220 - loadIPPluginJar : add aes
2025-02-20 08:24:03,201 [INFO] IPUIPlugin:80 - create IPUIPlugin
2025-02-20 08:24:03,201 [INFO] PluginManager:220 - loadIPPluginJar : add can
2025-02-20 08:24:03,205 [INFO] IPUIPlugin:80 - create IPUIPlugin
2025-02-20 08:24:03,206 [INFO] PluginManager:220 - loadIPPluginJar : add comp
2025-02-20 08:24:03,212 [INFO] IPUIPlugin:80 - create IPUIPlugin
2025-02-20 08:24:03,212 [INFO] PluginManager:220 - loadIPPluginJar : add cryp
2025-02-20 08:24:03,225 [INFO] IPUIPlugin:80 - create IPUIPlugin
2025-02-20 08:24:03,225 [INFO] PluginManager:220 - loadIPPluginJar : add ddr_ctrl_phy
2025-02-20 08:24:03,231 [INFO] IPUIPlugin:80 - create IPUIPlugin
2025-02-20 08:24:03,231 [INFO] PluginManager:220 - loadIPPluginJar : add dfsdm
2025-02-20 08:24:03,243 [INFO] IPUIPlugin:80 - create IPUIPlugin
2025-02-20 08:24:03,243 [INFO] PluginManager:220 - loadIPPluginJar : add dma
2025-02-20 08:24:03,249 [INFO] IPUIPlugin:80 - create IPUIPlugin
2025-02-20 08:24:03,249 [INFO] PluginManager:220 - loadIPPluginJar : add dma3
2025-02-20 08:24:03,259 [INFO] IPUIPlugin:80 - create IPUIPlugin
2025-02-20 08:24:03,259 [INFO] PluginManager:220 - loadIPPluginJar : add extmemmanager
2025-02-20 08:24:03,263 [INFO] IPUIPlugin:80 - create IPUIPlugin
2025-02-20 08:24:03,263 [INFO] PluginManager:220 - loadIPPluginJar : add fatfs
2025-02-20 08:24:03,275 [INFO] IPUIPlugin:80 - create IPUIPlugin
2025-02-20 08:24:03,275 [INFO] PluginManager:220 - loadIPPluginJar : add fmc
2025-02-20 08:24:03,292 [INFO] IPUIPlugin:80 - create IPUIPlugin
2025-02-20 08:24:03,293 [INFO] PluginManager:220 - loadIPPluginJar : add freertos
2025-02-20 08:24:03,296 [INFO] IPUIPlugin:80 - create IPUIPlugin
2025-02-20 08:24:03,297 [INFO] PluginManager:220 - loadIPPluginJar : add genericplugin
2025-02-20 08:24:03,305 [INFO] IPUIPlugin:80 - create IPUIPlugin
2025-02-20 08:24:03,305 [INFO] PluginManager:220 - loadIPPluginJar : add gfxmmu
2025-02-20 08:24:03,315 [INFO] IPUIPlugin:80 - create IPUIPlugin
2025-02-20 08:24:03,315 [INFO] PluginManager:220 - loadIPPluginJar : add gic
2025-02-20 08:24:03,326 [INFO] IPUIPlugin:80 - create IPUIPlugin
2025-02-20 08:24:03,326 [INFO] PluginManager:220 - loadIPPluginJar : add gpio
2025-02-20 08:24:03,337 [INFO] IPUIPlugin:80 - create IPUIPlugin
2025-02-20 08:24:03,337 [INFO] PluginManager:220 - loadIPPluginJar : add gtzc
2025-02-20 08:24:03,343 [INFO] IPUIPlugin:80 - create IPUIPlugin
2025-02-20 08:24:03,343 [INFO] PluginManager:220 - loadIPPluginJar : add hash
2025-02-20 08:24:03,352 [INFO] IPUIPlugin:80 - create IPUIPlugin
2025-02-20 08:24:03,352 [INFO] PluginManager:220 - loadIPPluginJar : add i2c
2025-02-20 08:24:03,361 [INFO] IPUIPlugin:80 - create IPUIPlugin
2025-02-20 08:24:03,362 [INFO] PluginManager:220 - loadIPPluginJar : add i2s
2025-02-20 08:24:03,370 [INFO] IPUIPlugin:80 - create IPUIPlugin
2025-02-20 08:24:03,370 [INFO] PluginManager:220 - loadIPPluginJar : add i3c
2025-02-20 08:24:03,382 [INFO] IPUIPlugin:80 - create IPUIPlugin
2025-02-20 08:24:03,382 [INFO] PluginManager:220 - loadIPPluginJar : add ipddr
2025-02-20 08:24:03,393 [INFO] IPUIPlugin:80 - create IPUIPlugin
2025-02-20 08:24:03,393 [INFO] PluginManager:220 - loadIPPluginJar : add linkedlist
2025-02-20 08:24:03,400 [INFO] IPUIPlugin:80 - create IPUIPlugin
2025-02-20 08:24:03,400 [INFO] PluginManager:220 - loadIPPluginJar : add lorawan
2025-02-20 08:24:03,406 [INFO] IPUIPlugin:80 - create IPUIPlugin
2025-02-20 08:24:03,406 [INFO] PluginManager:220 - loadIPPluginJar : add ltdc
2025-02-20 08:24:03,416 [INFO] IPUIPlugin:80 - create IPUIPlugin
2025-02-20 08:24:03,417 [INFO] PluginManager:220 - loadIPPluginJar : add mdma
2025-02-20 08:24:03,426 [INFO] IPUIPlugin:80 - create IPUIPlugin
2025-02-20 08:24:03,426 [INFO] PluginManager:220 - loadIPPluginJar : add nvic
2025-02-20 08:24:03,432 [INFO] IPUIPlugin:80 - create IPUIPlugin
2025-02-20 08:24:03,433 [INFO] PluginManager:220 - loadIPPluginJar : add opamp
2025-02-20 08:24:03,440 [INFO] IPUIPlugin:80 - create IPUIPlugin
2025-02-20 08:24:03,440 [INFO] PluginManager:220 - loadIPPluginJar : add openamp
2025-02-20 08:24:03,447 [INFO] IPUIPlugin:80 - create IPUIPlugin
2025-02-20 08:24:03,447 [INFO] PluginManager:220 - loadIPPluginJar : add pdm2pcm
2025-02-20 08:24:03,458 [INFO] IPUIPlugin:80 - create IPUIPlugin
2025-02-20 08:24:03,460 [INFO] PluginManager:220 - loadIPPluginJar : add plateformsettings
2025-02-20 08:24:03,464 [INFO] IPUIPlugin:80 - create IPUIPlugin
2025-02-20 08:24:03,464 [INFO] PluginManager:220 - loadIPPluginJar : add quadspi
2025-02-20 08:24:03,468 [INFO] IPUIPlugin:80 - create IPUIPlugin
2025-02-20 08:24:03,469 [INFO] PluginManager:220 - loadIPPluginJar : add radio
2025-02-20 08:24:03,481 [INFO] IPUIPlugin:80 - create IPUIPlugin
2025-02-20 08:24:03,481 [INFO] PluginManager:220 - loadIPPluginJar : add resmgrutility
2025-02-20 08:24:03,490 [INFO] IPUIPlugin:80 - create IPUIPlugin
2025-02-20 08:24:03,490 [INFO] PluginManager:220 - loadIPPluginJar : add sai
2025-02-20 08:24:03,497 [INFO] IPUIPlugin:80 - create IPUIPlugin
2025-02-20 08:24:03,497 [INFO] PluginManager:220 - loadIPPluginJar : add spi
2025-02-20 08:24:03,508 [INFO] IPUIPlugin:80 - create IPUIPlugin
2025-02-20 08:24:03,508 [INFO] PluginManager:220 - loadIPPluginJar : add stm32_wpan
2025-02-20 08:24:03,513 [INFO] IPUIPlugin:80 - create IPUIPlugin
2025-02-20 08:24:03,513 [INFO] PluginManager:220 - loadIPPluginJar : add tim
2025-02-20 08:24:03,522 [INFO] IPUIPlugin:80 - create IPUIPlugin
2025-02-20 08:24:03,522 [INFO] PluginManager:220 - loadIPPluginJar : add touchsensing
2025-02-20 08:24:03,527 [INFO] IPUIPlugin:80 - create IPUIPlugin
2025-02-20 08:24:03,527 [INFO] PluginManager:220 - loadIPPluginJar : add tracer_emb
2025-02-20 08:24:03,532 [INFO] IPUIPlugin:80 - create IPUIPlugin
2025-02-20 08:24:03,532 [INFO] PluginManager:220 - loadIPPluginJar : add ts
2025-02-20 08:24:03,536 [INFO] IPUIPlugin:80 - create IPUIPlugin
2025-02-20 08:24:03,536 [INFO] PluginManager:220 - loadIPPluginJar : add tsc
2025-02-20 08:24:03,542 [INFO] IPUIPlugin:80 - create IPUIPlugin
2025-02-20 08:24:03,542 [INFO] PluginManager:220 - loadIPPluginJar : add ucpd
2025-02-20 08:24:03,550 [INFO] IPUIPlugin:80 - create IPUIPlugin
2025-02-20 08:24:03,550 [INFO] PluginManager:220 - loadIPPluginJar : add usart
2025-02-20 08:24:03,561 [INFO] IPUIPlugin:80 - create IPUIPlugin
2025-02-20 08:24:03,561 [INFO] PluginManager:220 - loadIPPluginJar : add usbx
2025-02-20 08:24:03,682 [FATAL] Updater:351 - Updater called before beeing initialized
2025-02-20 08:24:03,706 [INFO] RulesReader:64 - Compatibility file has been processed (297 Rules)
2025-02-20 08:24:03,719 [INFO] RulesReader:64 - Compatibility file has been processed (297 Rules)
2025-02-20 08:24:03,725 [INFO] CADModel:165 - CPN selected for project level
2025-02-20 08:24:03,725 [INFO] CADModel:114 - Register for checkConnection events
2025-02-20 08:24:03,725 [FATAL] Updater:351 - Updater called before beeing initialized
2025-02-20 08:24:03,725 [ERROR] CADModel:125 - Updater not yet initialized, retry later 
2025-02-20 08:24:03,857 [FATAL] Updater:351 - Updater called before beeing initialized
2025-02-20 08:24:03,859 [INFO] CADModel:165 - CPN selected for project level
2025-02-20 08:24:03,859 [INFO] CADModel:114 - Register for checkConnection events
2025-02-20 08:24:03,859 [FATAL] Updater:351 - Updater called before beeing initialized
2025-02-20 08:24:03,860 [ERROR] CADModel:125 - Updater not yet initialized, retry later 
2025-02-20 08:24:03,862 [FATAL] Updater:351 - Updater called before beeing initialized
2025-02-20 08:24:03,965 [FATAL] Updater:351 - Updater called before beeing initialized
2025-02-20 08:24:03,969 [INFO] DbMcusAds:53 - JSON generation date=Wed Dec 18 01:01:15 KST 2024 (1734451275111)
2025-02-20 08:24:03,970 [FATAL] Updater:351 - Updater called before beeing initialized
2025-02-20 08:24:04,005 [WARN] DetailPanel:346 - Failed to get advertising image, set to default
2025-02-20 08:24:04,266 [FATAL] Updater:351 - Updater called before beeing initialized
2025-02-20 08:24:04,267 [FATAL] Updater:351 - Updater called before beeing initialized
2025-02-20 08:24:04,267 [FATAL] Updater:351 - Updater called before beeing initialized
2025-02-20 08:24:04,267 [WARN] DetailPanel:346 - Failed to get advertising image, set to default
2025-02-20 08:24:04,268 [FATAL] Updater:351 - Updater called before beeing initialized
2025-02-20 08:24:04,319 [ERROR] Updater:1198 - MainUpdater not yet initialized. External WinMGr cannot be set.
2025-02-20 08:24:04,323 [INFO] Updater:1134 - Updater Version found : 6.13.0
2025-02-20 08:24:04,346 [INFO] ApplicationProperties:184 - Using Application install path: C:\ST\STM32CubeIDE_1.7.0\STM32CubeIDE\plugins\com.st.stm32cube.common.mx_6.13.0.202411220809
2025-02-20 08:24:04,874 [INFO] MainUpdater:2872 - connection check result : 10
2025-02-20 08:24:04,874 [INFO] MainUpdater:3566 - Updater definition file requires update
2025-02-20 08:24:04,875 [INFO] MainUpdater:289 - Updater Check For Update Now.
2025-02-20 08:24:04,876 [INFO] MicroXplorer:498 - Change Database Version : DB.6.0.130
2025-02-20 08:24:04,883 [INFO] McuFinderGlobals:63 - Set McuFinder mode to 2 (CubeIDE integrated)
2025-02-20 08:24:04,885 [INFO] UserAuth:486 - Internet connection configuration mode: 1
2025-02-20 08:24:04,909 [INFO] JxBrowserEngine:152 - Initiate JxBrowser Engine with user profile folder
2025-02-20 08:24:05,109 [INFO] ServerAccessManage:473 - Download File updaters.zip
2025-02-20 08:24:05,323 [INFO] FileExtend:240 - Unzip File : updaters.zip
2025-02-20 08:24:05,323 [INFO] FileExtend:255 - Standard Zip Deflate
2025-02-20 08:24:05,668 [WARN] MainUpdater:1193 - Updater busy. Cannot search thirdparties
2025-02-20 08:24:05,668 [INFO] ThirdPartyUpdaterWithRetryManager:96 - Updater plugin is busy. [1/15]
2025-02-20 08:24:05,907 [INFO] ServerAccessManage:473 - Download File PacksControlFlags.xml
2025-02-20 08:24:06,041 [INFO] ServerAccessManage:473 - Download File cubemx.pidx
2025-02-20 08:24:06,227 [INFO] LoadServerUpdatesThread:375 - End of LoadServerUpdate Thread
2025-02-20 08:24:06,299 [INFO] WebApp:168 - Instantiating new browser for Auth
2025-02-20 08:24:06,414 [INFO] CheckServerUpdateThread:120 - End of CheckServer Thread
2025-02-20 08:24:07,480 [INFO] WebApp:449 - Apply proxy settings
2025-02-20 08:24:07,480 [INFO] WebApp:534 - Chromium requires no authentication
2025-02-20 08:24:07,490 [INFO] WebApp:477 - Direct internet connection detected
2025-02-20 08:24:07,519 [INFO] WebApp:880 - Register for checkConnection events
2025-02-20 08:24:07,519 [INFO] WebApp:449 - Apply proxy settings
2025-02-20 08:24:07,519 [INFO] WebApp:534 - Chromium requires no authentication
2025-02-20 08:24:07,519 [INFO] WebApp:477 - Direct internet connection detected
2025-02-20 08:24:07,709 [INFO] WebApp:221 - Starting web application
2025-02-20 08:24:07,709 [INFO] WebApp:579 - Web application path used C:\ST\STM32CubeIDE_1.7.0\STM32CubeIDE\plugins\com.st.stm32cube.common.mx_6.13.0.202411220809\db\plugins\mcufinder\reactClient1\index.html
2025-02-20 08:24:08,078 [INFO] UserAuth:486 - Internet connection configuration mode: 1
2025-02-20 08:24:08,142 [INFO] WebApp:187 - Connection restablished
2025-02-20 08:24:09,254 [WARN] PackLoader:240 - Cannot read IP mode file for STMicroelectronics.FP-SNS-MOTENVWB1.1.4.0
2025-02-20 08:24:09,269 [WARN] PackLoader:240 - Cannot read IP mode file for STMicroelectronics.FP-ATR-ASTRA1.2.0.1
2025-02-20 08:24:09,301 [WARN] PackLoader:240 - Cannot read IP mode file for STMicroelectronics.X-CUBE-SMBUS.2.1.0
2025-02-20 08:24:09,328 [WARN] PackLoader:240 - Cannot read IP mode file for STMicroelectronics.X-CUBE-WB05N.1.1.0
2025-02-20 08:24:09,337 [WARN] PackLoader:240 - Cannot read IP mode file for STMicroelectronics.X-CUBE-TOUCHGFX.4.23.1
2025-02-20 08:24:09,346 [WARN] PackLoader:240 - Cannot read IP mode file for STMicroelectronics.X-CUBE-TOUCHGFX.4.23.0
2025-02-20 08:24:09,368 [WARN] PackLoader:240 - Cannot read IP mode file for STMicroelectronics.X-CUBE-TOUCHGFX.4.23.2
2025-02-20 08:24:09,442 [WARN] PackLoader:240 - Cannot read IP mode file for STMicroelectronics.X-CUBE-AZRTOS-F7.1.1.0
2025-02-20 08:24:09,473 [ERROR] RealEvaluatedCondition:428 - Found unsupported composite condition: CLASS='Data Exchange' GROUP='STM32_MetaDataManager'
2025-02-20 08:24:09,473 [ERROR] RealEvaluatedCondition:428 - Found unsupported composite condition: CLASS='Data Exchange' GROUP='STM32_MetaDataManager'
2025-02-20 08:24:09,474 [WARN] PackLoader:240 - Cannot read IP mode file for STMicroelectronics.FP-SNS-MOTENV1.4.3.0
2025-02-20 08:24:09,490 [WARN] PackLoader:240 - Cannot read IP mode file for STMicroelectronics.FP-SNS-MOTENV1.4.3.2
2025-02-20 08:24:09,501 [WARN] PackLoader:240 - Cannot read IP mode file for STMicroelectronics.FP-SNS-FLIGHT1.5.0.0
2025-02-20 08:24:09,508 [ERROR] RealEvaluatedCondition:428 - Found unsupported composite condition: CLASS='Data Exchange' GROUP='STM32_MetaDataManager'
2025-02-20 08:24:09,508 [ERROR] RealEvaluatedCondition:428 - Found unsupported composite condition: CLASS='Data Exchange' GROUP='STM32_MetaDataManager'
2025-02-20 08:24:09,510 [WARN] PackLoader:240 - Cannot read IP mode file for STMicroelectronics.FP-SNS-MOTENV1.4.3.1
2025-02-20 08:24:09,517 [WARN] PackLoader:240 - Cannot read IP mode file for STMicroelectronics.FP-SNS-FLIGHT1.5.0.1
2025-02-20 08:24:09,541 [WARN] PackLoader:240 - Cannot read IP mode file for STMicroelectronics.X-CUBE-BLE1.6.2.3
2025-02-20 08:24:09,706 [WARN] PackLoader:240 - Cannot read IP mode file for STMicroelectronics.X-CUBE-MEMS1.11.0.0
2025-02-20 08:24:09,929 [WARN] PackLoader:240 - Cannot read IP mode file for STMicroelectronics.X-CUBE-BLE1.6.2.4
2025-02-20 08:24:09,936 [WARN] PackLoader:240 - Cannot read IP mode file for STMicroelectronics.FP-SNS-FLIGHT1.5.0.2
2025-02-20 08:24:09,952 [WARN] PackLoader:240 - Cannot read IP mode file for STMicroelectronics.X-CUBE-DISPLAY.3.0.0
2025-02-20 08:24:09,975 [WARN] PackLoader:240 - Cannot read IP mode file for STMicroelectronics.X-CUBE-BLE1.7.0.0
2025-02-20 08:24:10,009 [WARN] PackLoader:240 - Cannot read IP mode file for STMicroelectronics.X-CUBE-NFC10.1.0.0
2025-02-20 08:24:10,031 [WARN] PackLoader:240 - Cannot read IP mode file for STMicroelectronics.X-CUBE-BLEMGR.4.0.0
2025-02-20 08:24:10,046 [WARN] PackLoader:240 - Cannot read IP mode file for STMicroelectronics.X-CUBE-TOUCHGFX.4.22.0
2025-02-20 08:24:10,052 [WARN] PackLoader:240 - Cannot read IP mode file for STMicroelectronics.X-CUBE-TOUCHGFX.4.22.1
2025-02-20 08:24:10,198 [WARN] PackLoader:240 - Cannot read IP mode file for STMicroelectronics.X-CUBE-MEMS1.9.3.0
2025-02-20 08:24:10,343 [WARN] PackLoader:240 - Cannot read IP mode file for STMicroelectronics.X-CUBE-BLEMGR.3.1.0
2025-02-20 08:24:10,355 [WARN] PackLoader:240 - Cannot read IP mode file for STMicroelectronics.X-CUBE-AI.10.0.0
2025-02-20 08:24:10,367 [WARN] PackLoader:240 - Cannot read IP mode file for STMicroelectronics.FP-SNS-SMARTAG2.1.2.0
2025-02-20 08:24:10,539 [WARN] PackLoader:240 - Cannot read IP mode file for STMicroelectronics.X-CUBE-MEMS1.11.1.0
2025-02-20 08:24:10,678 [INFO] LogOutputStream:77 - [STDOUT_REDIRECT] 1 : Invalid condition id : UX_CORESTACK_Condition cause : null
2025-02-20 08:24:10,679 [INFO] LogOutputStream:77 - [STDOUT_REDIRECT] 1 : Invalid condition id : UX_CORESTACK_Condition cause : null
2025-02-20 08:24:10,680 [INFO] LogOutputStream:77 - [STDOUT_REDIRECT] 1 : Invalid condition id : UX_CORESTACK_Condition cause : null
2025-02-20 08:24:10,682 [INFO] LogOutputStream:77 - [STDOUT_REDIRECT] 1 : Invalid condition id : UX_CORESTACK_Condition cause : null
2025-02-20 08:24:10,683 [INFO] LogOutputStream:77 - [STDOUT_REDIRECT] 1 : Invalid condition id : UX_CORESTACK_Condition cause : null
2025-02-20 08:24:10,686 [WARN] PackLoader:240 - Cannot read IP mode file for STMicroelectronics.X-CUBE-AZRTOS-WL.2.0.0
2025-02-20 08:24:10,696 [WARN] PackLoader:240 - Cannot read IP mode file for STMicroelectronics.FP-SNS-MOTENV1.5.0.0
2025-02-20 08:24:10,705 [WARN] PackLoader:240 - Cannot read IP mode file for wolfSSL.I-CUBE-wolfMQTT.1.19.0
2025-02-20 08:24:10,717 [WARN] PackLoader:240 - Cannot read IP mode file for WES.I-CUBE-Cesium.1.3.0
2025-02-20 08:24:10,732 [WARN] PackLoader:240 - Cannot read IP mode file for STMicroelectronics.X-CUBE-BLE2.3.3.0
2025-02-20 08:24:10,745 [WARN] PackLoader:240 - Cannot read IP mode file for STMicroelectronics.X-CUBE-DISPLAY.2.2.0
2025-02-20 08:24:10,761 [WARN] PackLoader:240 - Cannot read IP mode file for STMicroelectronics.X-CUBE-TOF1.3.2.0
2025-02-20 08:24:10,811 [WARN] PackLoader:240 - Cannot read IP mode file for STMicroelectronics.X-CUBE-NFC9.1.0.0
2025-02-20 08:24:10,835 [WARN] PackLoader:240 - Cannot read IP mode file for STMicroelectronics.X-CUBE-AZRTOS-H7.2.1.0
2025-02-20 08:24:10,850 [WARN] PackLoader:240 - Cannot read IP mode file for STMicroelectronics.X-CUBE-TCPP.4.1.0
2025-02-20 08:24:10,864 [WARN] PackLoader:240 - Cannot read IP mode file for STMicroelectronics.X-CUBE-TOUCHGFX.4.21.1
2025-02-20 08:24:10,871 [WARN] PackLoader:240 - Cannot read IP mode file for STMicroelectronics.X-CUBE-TOUCHGFX.4.21.0
2025-02-20 08:24:10,877 [WARN] PackLoader:240 - Cannot read IP mode file for STMicroelectronics.X-CUBE-TOUCHGFX.4.21.3
2025-02-20 08:24:10,883 [WARN] PackLoader:240 - Cannot read IP mode file for STMicroelectronics.X-CUBE-TOUCHGFX.4.21.4
2025-02-20 08:24:11,014 [WARN] PackLoader:240 - Cannot read IP mode file for STMicroelectronics.X-CUBE-MEMS1.9.4.0
2025-02-20 08:24:11,235 [WARN] PackLoader:240 - Cannot read IP mode file for STMicroelectronics.X-CUBE-AI.7.3.0
2025-02-20 08:24:11,260 [WARN] PackLoader:240 - Cannot read IP mode file for STMicroelectronics.X-CUBE-ALGOBUILD.1.3.0
2025-02-20 08:24:11,286 [WARN] PackLoader:240 - Cannot read IP mode file for STMicroelectronics.X-CUBE-AZRTOS-G0.1.1.0
2025-02-20 08:24:11,314 [WARN] PackLoader:240 - Cannot read IP mode file for STMicroelectronics.X-CUBE-SAFEA1.1.2.2
2025-02-20 08:24:11,329 [WARN] PackLoader:240 - Cannot read IP mode file for STMicroelectronics.X-CUBE-NFC4.3.0.0
2025-02-20 08:24:11,376 [WARN] PackLoader:240 - Cannot read IP mode file for SEGGER.I-CUBE-embOS.1.2.1
2025-02-20 08:24:11,417 [WARN] PackLoader:240 - Cannot read IP mode file for wolfSSL.I-CUBE-wolfMQTT.1.18.0
2025-02-20 08:24:11,438 [WARN] PackLoader:240 - Cannot read IP mode file for EmbeddedOffice.I-CUBE-FS-RTOS.1.0.1
2025-02-20 08:24:11,449 [WARN] PackLoader:240 - Cannot read IP mode file for STMicroelectronics.X-CUBE-BLEMGR.3.0.0
2025-02-20 08:24:11,460 [WARN] PackLoader:240 - Cannot read IP mode file for STMicroelectronics.X-CUBE-BLEMGR.1.3.0
2025-02-20 08:24:11,470 [WARN] PackLoader:240 - Cannot read IP mode file for STMicroelectronics.X-CUBE-TCPP.4.2.0
2025-02-20 08:24:11,484 [WARN] PackLoader:240 - Cannot read IP mode file for RealThread.X-CUBE-RT-Thread_Nano.4.1.1
2025-02-20 08:24:11,527 [WARN] PackLoader:240 - Cannot read IP mode file for STMicroelectronics.FP-ATR-SIGFOX1.3.2.0
2025-02-20 08:24:11,536 [WARN] ConditionMgr:438 - getConditionDescription Invalid condition id : Cortex-A Device cause : null
2025-02-20 08:24:11,553 [WARN] ConditionMgr:1044 - genDependencies : Invalid condition id : Cortex-A Device cause : null
2025-02-20 08:24:11,554 [WARN] ConditionMgr:1044 - genDependencies : Invalid condition id : Cortex-A Device cause : null
2025-02-20 08:24:11,554 [WARN] ConditionMgr:1044 - genDependencies : Invalid condition id : Cortex-A Device cause : null
2025-02-20 08:24:11,570 [WARN] PackLoader:240 - Cannot read IP mode file for STMicroelectronics.X-CUBE-EEPRMA1.5.1.0
2025-02-20 08:24:11,576 [WARN] PackLoader:240 - Cannot read IP mode file for STMicroelectronics.X-CUBE-TOUCHGFX.4.20.0
2025-02-20 08:24:11,703 [WARN] PackLoader:240 - Cannot read IP mode file for STMicroelectronics.X-CUBE-MEMS1.9.5.0
2025-02-20 08:24:11,834 [WARN] PackLoader:240 - Cannot read IP mode file for SEGGER.I-CUBE-embOS.1.3.1
2025-02-20 08:24:11,883 [WARN] PackLoader:240 - Cannot read IP mode file for STMicroelectronics.X-CUBE-ALGOBUILD.1.4.0
2025-02-20 08:24:11,894 [WARN] PackLoader:240 - Cannot read IP mode file for STMicroelectronics.X-CUBE-AI.9.1.0
2025-02-20 08:24:11,912 [WARN] PackLoader:240 - Cannot read IP mode file for STMicroelectronics.X-CUBE-GNSS1.6.0.0
2025-02-20 08:24:11,932 [WARN] PackLoader:240 - Cannot read IP mode file for STMicroelectronics.X-CUBE-AZRTOS-F4.1.1.0
2025-02-20 08:24:11,947 [WARN] PackLoader:240 - Cannot read IP mode file for STMicroelectronics.X-CUBE-ISPU.2.1.0
2025-02-20 08:24:11,968 [WARN] PackLoader:240 - Cannot read IP mode file for STMicroelectronics.X-CUBE-FREERTOS.1.2.0
2025-02-20 08:24:11,979 [WARN] PackLoader:240 - Cannot read IP mode file for STMicroelectronics.X-CUBE-BLEMGR.1.2.0
2025-02-20 08:24:12,017 [WARN] PackLoader:240 - Cannot read IP mode file for STMicroelectronics.X-CUBE-AZRTOS-L5.2.0.0
2025-02-20 08:24:12,179 [WARN] PackLoader:240 - Cannot read IP mode file for STMicroelectronics.X-CUBE-MEMS1.9.6.0
2025-02-20 08:24:12,317 [WARN] PackLoader:240 - Cannot read IP mode file for STMicroelectronics.X-CUBE-EEPRMA1.4.2.0
2025-02-20 08:24:12,338 [WARN] PackLoader:240 - Cannot read IP mode file for STMicroelectronics.X-CUBE-NFC6.3.1.0
2025-02-20 08:24:12,349 [WARN] PackLoader:240 - Cannot read IP mode file for ITTIA_DB.I-CUBE-ITTIADB.8.8.0
2025-02-20 08:24:12,358 [WARN] PackLoader:240 - Cannot read IP mode file for emotas.I-CUBE-CANOPEN.1.1.3
2025-02-20 08:24:12,366 [WARN] PackLoader:240 - Cannot read IP mode file for STMicroelectronics.X-CUBE-BLEMGR.2.0.0
2025-02-20 08:24:12,391 [WARN] PackLoader:240 - Cannot read IP mode file for STMicroelectronics.X-CUBE-DPower.1.2.0
2025-02-20 08:24:12,403 [WARN] PackLoader:240 - Cannot read IP mode file for STMicroelectronics.X-CUBE-NFC4.2.0.5
2025-02-20 08:24:12,418 [WARN] PackLoader:240 - Cannot read IP mode file for STMicroelectronics.X-CUBE-AI.9.0.0
2025-02-20 08:24:12,439 [WARN] ConditionMgr:438 - getConditionDescription Invalid condition id : UX DEVICE CLASS RTOS Condition cause : null
2025-02-20 08:24:12,439 [WARN] ConditionMgr:438 - getConditionDescription Invalid condition id : UX DEVICE CLASS RTOS Condition cause : null
2025-02-20 08:24:12,442 [WARN] PackLoader:240 - Cannot read IP mode file for STMicroelectronics.X-CUBE-AZRTOS-H7.3.1.0
2025-02-20 08:24:12,443 [WARN] ConditionMgr:1044 - genDependencies : Invalid condition id : UX DEVICE CLASS RTOS Condition cause : null
2025-02-20 08:24:12,443 [WARN] ConditionMgr:1044 - genDependencies : Invalid condition id : UX DEVICE CLASS RTOS Condition cause : null
2025-02-20 08:24:12,444 [WARN] ConditionMgr:1044 - genDependencies : Invalid condition id : UX DEVICE CLASS RTOS Condition cause : null
2025-02-20 08:24:12,444 [WARN] ConditionMgr:1044 - genDependencies : Invalid condition id : UX DEVICE CLASS RTOS Condition cause : null
2025-02-20 08:24:12,444 [WARN] ConditionMgr:1044 - genDependencies : Invalid condition id : UX DEVICE CLASS RTOS Condition cause : null
2025-02-20 08:24:12,452 [WARN] PackLoader:240 - Cannot read IP mode file for wolfSSL.I-CUBE-wolfSSL.5.5.3
2025-02-20 08:24:12,459 [WARN] PackLoader:240 - Cannot read IP mode file for STMicroelectronics.X-CUBE-FREERTOS.1.3.0
2025-02-20 08:24:12,472 [WARN] PackLoader:240 - Cannot read IP mode file for STMicroelectronics.X-CUBE-NFC7.1.0.1
2025-02-20 08:24:12,485 [WARN] PackLoader:240 - Cannot read IP mode file for STMicroelectronics.X-CUBE-NFC7.1.0.0
2025-02-20 08:24:12,492 [WARN] PackLoader:240 - Cannot read IP mode file for wolfSSL.I-CUBE-wolfTPM.3.2.0
2025-02-20 08:24:12,511 [WARN] PackLoader:240 - Cannot read IP mode file for STMicroelectronics.X-CUBE-NFC6.3.0.0
2025-02-20 08:24:12,525 [WARN] PackLoader:240 - Cannot read IP mode file for STMicroelectronics.X-CUBE-EEPRMA1.4.1.0
2025-02-20 08:24:12,534 [WARN] PackLoader:240 - Cannot read IP mode file for STMicroelectronics.X-CUBE-AI.8.1.0
2025-02-20 08:24:12,556 [WARN] ConditionMgr:438 - getConditionDescription Invalid condition id : LAN8742 Phy interface Condition cause : null
2025-02-20 08:24:12,556 [WARN] PackLoader:240 - Cannot read IP mode file for STMicroelectronics.X-CUBE-AZRTOS-L4.2.0.0
2025-02-20 08:24:12,557 [WARN] ConditionMgr:1044 - genDependencies : Invalid condition id : LAN8742 Phy interface Condition cause : null
2025-02-20 08:24:12,558 [WARN] ConditionMgr:1044 - genDependencies : Invalid condition id : LAN8742 Phy interface Condition cause : null
2025-02-20 08:24:12,558 [WARN] ConditionMgr:1044 - genDependencies : Invalid condition id : LAN8742 Phy interface Condition cause : null
2025-02-20 08:24:12,575 [WARN] PackLoader:240 - Cannot read IP mode file for STMicroelectronics.X-CUBE-SFXS2LP1.4.0.0
2025-02-20 08:24:12,605 [WARN] PackLoader:240 - Cannot read IP mode file for STMicroelectronics.X-CUBE-AZRTOS-H7.3.0.0
2025-02-20 08:24:12,616 [WARN] PackLoader:240 - Cannot read IP mode file for STMicroelectronics.X-CUBE-ISPU.1.1.0
2025-02-20 08:24:12,640 [WARN] PackLoader:240 - Cannot read IP mode file for STMicroelectronics.X-CUBE-AZRTOS-H7.3.3.0
2025-02-20 08:24:12,652 [WARN] PackLoader:240 - Cannot read IP mode file for RoweBots.I-CUBE-UNISONRTOS.5.5.0-4
2025-02-20 08:24:12,661 [WARN] PackLoader:240 - Cannot read IP mode file for STMicroelectronics.X-CUBE-AI.8.0.0
2025-02-20 08:24:12,672 [WARN] PackLoader:240 - Cannot read IP mode file for STMicroelectronics.X-CUBE-IPS.3.0.0
2025-02-20 08:24:12,691 [WARN] ConditionMgr:438 - getConditionDescription Invalid condition id : UX DEVICE CLASS RTOS Condition cause : null
2025-02-20 08:24:12,691 [WARN] ConditionMgr:438 - getConditionDescription Invalid condition id : UX DEVICE CLASS RTOS Condition cause : null
2025-02-20 08:24:12,693 [WARN] PackLoader:240 - Cannot read IP mode file for STMicroelectronics.X-CUBE-AZRTOS-WB.2.0.0
2025-02-20 08:24:12,693 [WARN] ConditionMgr:1044 - genDependencies : Invalid condition id : UX DEVICE CLASS RTOS Condition cause : null
2025-02-20 08:24:12,694 [WARN] ConditionMgr:1044 - genDependencies : Invalid condition id : UX DEVICE CLASS RTOS Condition cause : null
2025-02-20 08:24:12,695 [WARN] ConditionMgr:1044 - genDependencies : Invalid condition id : UX DEVICE CLASS RTOS Condition cause : null
2025-02-20 08:24:12,695 [WARN] ConditionMgr:1044 - genDependencies : Invalid condition id : UX DEVICE CLASS RTOS Condition cause : null
2025-02-20 08:24:12,696 [WARN] ConditionMgr:1044 - genDependencies : Invalid condition id : UX DEVICE CLASS RTOS Condition cause : null
2025-02-20 08:24:12,703 [WARN] PackLoader:240 - Cannot read IP mode file for STMicroelectronics.X-CUBE-FREERTOS.1.0.0
2025-02-20 08:24:12,709 [WARN] PackLoader:240 - Cannot read IP mode file for STMicroelectronics.X-CUBE-FREERTOS.1.0.1
2025-02-20 08:24:12,722 [WARN] PackLoader:240 - Cannot read IP mode file for STMicroelectronics.X-CUBE-GNSS1.7.0.0
2025-02-20 08:24:12,735 [WARN] PackLoader:240 - Cannot read IP mode file for STMicroelectronics.X-CUBE-GNSS1.7.0.1
2025-02-20 08:24:12,744 [WARN] PackLoader:240 - Cannot read IP mode file for STMicroelectronics.FP-SNS-STBOX1.2.0.0
2025-02-20 08:24:12,762 [WARN] PackLoader:240 - Cannot read IP mode file for STMicroelectronics.X-CUBE-AZRTOS-L5.1.1.0
2025-02-20 08:24:12,771 [WARN] PackLoader:240 - Cannot read IP mode file for STMicroelectronics.X-CUBE-AI.8.0.1
2025-02-20 08:24:12,783 [WARN] PackLoader:240 - Cannot read IP mode file for STMicroelectronics.X-CUBE-SUBG2.5.0.0
2025-02-20 08:24:12,793 [WARN] PackLoader:240 - Cannot read IP mode file for Cesanta.I-CUBE-Mongoose.7.13.0
2025-02-20 08:24:12,803 [WARN] PackLoader:240 - Cannot read IP mode file for STMicroelectronics.X-CUBE-TOF1.3.3.1
2025-02-20 08:24:12,828 [WARN] PackLoader:240 - Cannot read IP mode file for STMicroelectronics.X-CUBE-AZRTOS-G4.2.0.0
2025-02-20 08:24:12,844 [WARN] PackLoader:240 - Cannot read IP mode file for STMicroelectronics.X-CUBE-TOF1.3.3.0
2025-02-20 08:24:12,856 [WARN] PackLoader:240 - Cannot read IP mode file for STMicroelectronics.FP-ATR-ASTRA1.1.1.1
2025-02-20 08:24:12,870 [WARN] PackLoader:240 - Cannot read IP mode file for Infineon.AIROC-Wi-Fi-Bluetooth-STM32.1.5.1
2025-02-20 08:24:12,878 [WARN] PackLoader:240 - Cannot read IP mode file for STMicroelectronics.FP-SNS-MOTENVWB1.1.3.0
2025-02-20 08:24:12,885 [WARN] PackLoader:240 - Cannot read IP mode file for STMicroelectronics.FP-SNS-MOTENVWB1.1.3.1
2025-02-20 08:24:12,901 [WARN] PackLoader:240 - Cannot read IP mode file for STMicroelectronics.X-CUBE-AZRTOS-G4.1.0.0
2025-02-20 08:24:12,919 [WARN] PackLoader:240 - Cannot read IP mode file for STMicroelectronics.X-CUBE-AZRTOS-L4.1.0.0
2025-02-20 08:24:12,929 [WARN] PackLoader:240 - Cannot read IP mode file for STMicroelectronics.X-CUBE-ISPU.2.0.0
2025-02-20 08:24:12,940 [WARN] PackLoader:240 - Cannot read IP mode file for STMicroelectronics.X-CUBE-IPS.3.1.0
2025-02-20 08:24:12,949 [WARN] PackLoader:240 - Cannot read IP mode file for STMicroelectronics.X-CUBE-ALS.1.0.2
2025-02-20 08:24:13,048 [WARN] PackLoader:240 - Cannot read IP mode file for STMicroelectronics.X-CUBE-MEMS1.10.0.0
2025-02-20 08:24:13,119 [WARN] PackLoader:240 - Cannot read IP mode file for STMicroelectronics.X-CUBE-FREERTOS.1.1.0
2025-02-20 08:24:13,130 [WARN] PackLoader:240 - Cannot read IP mode file for STMicroelectronics.X-CUBE-TOUCHGFX.4.24.0
2025-02-20 08:24:13,134 [WARN] PackLoader:240 - Cannot read IP mode file for STMicroelectronics.X-CUBE-TOUCHGFX.4.24.2
2025-02-20 08:24:13,143 [WARN] PackLoader:240 - Cannot read IP mode file for STMicroelectronics.X-CUBE-AZRTOS-WL.1.0.0
2025-02-20 08:24:13,147 [WARN] PackLoader:240 - Cannot read IP mode file for STMicroelectronics.X-CUBE-TOUCHGFX.4.24.1
2025-02-20 08:24:13,155 [WARN] PackLoader:240 - Cannot read IP mode file for portGmbH.I-Cube-SoM-uGOAL.1.1.0
2025-02-20 08:24:13,160 [WARN] PackLoader:240 - Cannot read IP mode file for STMicroelectronics.X-CUBE-ALS.1.0.1
2025-02-20 08:24:13,171 [WARN] PackLoader:240 - Cannot read IP mode file for STMicroelectronics.X-CUBE-AZRTOS-WB.1.1.0
2025-02-20 08:24:13,181 [WARN] PackLoader:240 - Cannot read IP mode file for STMicroelectronics.X-CUBE-AZRTOS-L5.1.0.0
2025-02-20 08:24:13,189 [WARN] PackLoader:240 - Cannot read IP mode file for STMicroelectronics.X-CUBE-EEPRMA1.3.1.1
2025-02-20 08:24:13,203 [WARN] PackLoader:240 - Cannot read IP mode file for STMicroelectronics.X-CUBE-AZRTOS-H7RS.1.0.0
2025-02-20 08:24:13,208 [WARN] PackLoader:240 - Cannot read IP mode file for STMicroelectronics.FP-ATR-ASTRA1.2.0.0
2025-02-20 08:24:13,215 [WARN] PackLoader:240 - Cannot read IP mode file for STMicroelectronics.X-CUBE-TOF1.3.4.2
2025-02-20 08:24:13,228 [WARN] PackLoader:240 - Cannot read IP mode file for STMicroelectronics.X-CUBE-TOF1.3.4.0
2025-02-20 08:24:13,244 [WARN] PackLoader:240 - Cannot read IP mode file for STMicroelectronics.X-CUBE-TOF1.3.4.1
2025-02-20 08:24:13,266 [WARN] PackLoader:240 - Cannot read IP mode file for STMicroelectronics.X-CUBE-AZRTOS-H7.3.2.0
2025-02-20 08:24:13,273 [WARN] PackLoader:240 - Cannot read IP mode file for wolfSSL.I-CUBE-wolfSSH.1.4.17
2025-02-20 08:24:13,274 [INFO] ThirdParty:978 - Integrity check success = true
2025-02-20 08:24:13,274 [INFO] IntegrityCheckThread:100 - exiting critical section [integrity check]
2025-02-20 08:24:13,274 [INFO] IntegrityCheckThread:103 - End integrity checks thread
2025-02-20 17:01:06,480 [ERROR] LogOutputStream:75 - [STDERR_REDIRECT] 
