2025-03-05 09:34:00,184 [INFO] Activator:176 - 


2025-03-05 09:34:00,190 [INFO] Activator:177 - !SESSION log4j initialized
2025-03-05 09:34:05,702 [INFO] LogOutputStream:77 - [STDOUT_REDIRECT] 
2025-03-05 09:34:12,255 [INFO] ApplicationProperties:184 - Using Application install path: C:\ST\STM32CubeIDE_1.7.0\STM32CubeIDE\plugins\com.st.stm32cube.common.mx_6.13.0.202411220809
2025-03-05 09:34:12,274 [INFO] DbMcusXml:78 - Set database path to: C:\ST\STM32CubeIDE_1.7.0\STM32CubeIDE\plugins\com.st.stm32cube.common.mx_6.13.0.202411220809\\db\/mcu/
2025-03-05 09:34:12,274 [INFO] ApiDb:274 - Set plugin database path to: C:\ST\STM32CubeIDE_1.7.0\STM32CubeIDE\plugins\com.st.stm32cube.common.mx_6.13.0.202411220809\\db\/plugins/boardmanager/
2025-03-05 09:34:12,275 [WARN] ApiDb:259 - Overriding images path with different value:  => C:\ST\STM32CubeIDE_1.7.0\STM32CubeIDE\plugins\com.st.stm32cube.common.mx_6.13.0.202411220809\\db\/plugins/mcufinder/images/
2025-03-05 09:34:12,284 [INFO] ApiDb:250 - Set database path to: C:\Users\catsa\.stmcufinder\plugins\mcufinder//mcu/
2025-03-05 09:34:12,286 [INFO] DbMcusAds:125 - Set database path to: C:\Users\catsa\.stmcufinder\plugins\mcufinder//mcu/
2025-03-05 09:34:12,288 [INFO] CrossReferenceDbSqlite:203 - Set database path to: C:\Users\catsa\.stmcufinder\plugins\mcufinder//mcu/cs/
2025-03-05 09:34:12,398 [INFO] RulesReader:64 - Compatibility file has been processed (297 Rules)
2025-03-05 09:34:12,479 [INFO] DbMcusXml:78 - Set database path to: C:\ST\STM32CubeIDE_1.7.0\STM32CubeIDE\plugins\com.st.stm32cube.common.mx_6.13.0.202411220809\\db\/mcu/
2025-03-05 09:34:12,479 [INFO] ApiDb:274 - Set plugin database path to: C:\ST\STM32CubeIDE_1.7.0\STM32CubeIDE\plugins\com.st.stm32cube.common.mx_6.13.0.202411220809\\db\/plugins/boardmanager/
2025-03-05 09:34:12,479 [INFO] ApiDb:261 - Set plugin images path to: C:\ST\STM32CubeIDE_1.7.0\STM32CubeIDE\plugins\com.st.stm32cube.common.mx_6.13.0.202411220809\\db\/plugins/mcufinder/images/
2025-03-05 09:34:12,479 [WARN] DbFile:41 - Overriding database path with different value: C:\Users\catsa\.stmcufinder\plugins\mcufinder/ => C:\Users\catsa\.stmcufinder\plugins\mcufinder
2025-03-05 09:34:12,479 [INFO] ApiDb:250 - Set database path to: C:\Users\catsa\.stmcufinder\plugins\mcufinder//mcu/
2025-03-05 09:34:12,479 [WARN] DbFile:41 - Overriding database path with different value: C:\Users\catsa\.stmcufinder\plugins\mcufinder/ => C:\Users\catsa\.stmcufinder\plugins\mcufinder
2025-03-05 09:34:12,479 [INFO] DbMcusAds:125 - Set database path to: C:\Users\catsa\.stmcufinder\plugins\mcufinder//mcu/
2025-03-05 09:34:12,479 [WARN] DbFile:41 - Overriding database path with different value: C:\Users\catsa\.stmcufinder\plugins\mcufinder/ => C:\Users\catsa\.stmcufinder\plugins\mcufinder
2025-03-05 09:34:12,479 [WARN] DbFile:41 - Overriding database path with different value: C:\Users\catsa\.stmcufinder\plugins\mcufinder/ => C:\Users\catsa\.stmcufinder\plugins\mcufinder
2025-03-05 09:34:12,480 [INFO] CrossReferenceDbSqlite:203 - Set database path to: C:\Users\catsa\.stmcufinder\plugins\mcufinder//mcu/cs/
2025-03-05 09:34:12,559 [INFO] MainPanel:272 - HeapMemory: 268435456
2025-03-05 09:34:12,679 [INFO] DbMcusXml:78 - Set database path to: C:\ST\STM32CubeIDE_1.7.0\STM32CubeIDE\plugins\com.st.stm32cube.common.mx_6.13.0.202411220809\\db\/mcu/
2025-03-05 09:34:12,679 [INFO] ApiDb:274 - Set plugin database path to: C:\ST\STM32CubeIDE_1.7.0\STM32CubeIDE\plugins\com.st.stm32cube.common.mx_6.13.0.202411220809\\db\/plugins/boardmanager/
2025-03-05 09:34:12,679 [INFO] ApiDb:261 - Set plugin images path to: C:\ST\STM32CubeIDE_1.7.0\STM32CubeIDE\plugins\com.st.stm32cube.common.mx_6.13.0.202411220809\\db\/plugins/mcufinder/images/
2025-03-05 09:34:12,679 [WARN] DbFile:41 - Overriding database path with different value: C:\Users\catsa\.stmcufinder\plugins\mcufinder/ => C:\Users\catsa\.stmcufinder\plugins\mcufinder
2025-03-05 09:34:12,680 [INFO] ApiDb:250 - Set database path to: C:\Users\catsa\.stmcufinder\plugins\mcufinder//mcu/
2025-03-05 09:34:12,680 [WARN] DbFile:41 - Overriding database path with different value: C:\Users\catsa\.stmcufinder\plugins\mcufinder/ => C:\Users\catsa\.stmcufinder\plugins\mcufinder
2025-03-05 09:34:12,680 [INFO] DbMcusAds:125 - Set database path to: C:\Users\catsa\.stmcufinder\plugins\mcufinder//mcu/
2025-03-05 09:34:12,680 [WARN] DbFile:41 - Overriding database path with different value: C:\Users\catsa\.stmcufinder\plugins\mcufinder/ => C:\Users\catsa\.stmcufinder\plugins\mcufinder
2025-03-05 09:34:12,680 [WARN] DbFile:41 - Overriding database path with different value: C:\Users\catsa\.stmcufinder\plugins\mcufinder/ => C:\Users\catsa\.stmcufinder\plugins\mcufinder
2025-03-05 09:34:12,680 [INFO] CrossReferenceDbSqlite:203 - Set database path to: C:\Users\catsa\.stmcufinder\plugins\mcufinder//mcu/cs/
2025-03-05 09:34:12,698 [INFO] ApplicationProperties:184 - Using Application install path: C:\ST\STM32CubeIDE_1.7.0\STM32CubeIDE\plugins\com.st.stm32cube.common.mx_6.13.0.202411220809
2025-03-05 09:34:12,700 [INFO] PluginManage:196 - Search for loadable plugins [exclusion list=, ]
2025-03-05 09:34:12,702 [INFO] PluginManage:310 - Check plugin analytics
2025-03-05 09:34:12,851 [INFO] AnalyticsPlugin:253 - Accepted Software Licenses: STM32CubeMX.6.3.0
2025-03-05 09:34:12,852 [INFO] AnalyticsPlugin:255 - Accepted CMSIS Pack Licenses: 
2025-03-05 09:34:12,852 [INFO] AnalyticsPlugin:257 - Accepted Firmware Licenses: FW.L4.1.18.0
2025-03-05 09:34:12,855 [INFO] PluginManage:359 - Loaded plugin analytics (category:tool,tabindex:-1)
2025-03-05 09:34:12,855 [INFO] PluginManage:310 - Check plugin cadmodel
2025-03-05 09:34:12,887 [INFO] CADModel:105 - Init CAD model plugin
2025-03-05 09:34:12,887 [INFO] PluginManage:359 - Loaded plugin cadmodel (category:power,tabindex:5)
2025-03-05 09:34:12,887 [INFO] PluginManage:310 - Check plugin clock
2025-03-05 09:34:12,905 [INFO] PluginManage:359 - Loaded plugin clock (category:base,tabindex:2)
2025-03-05 09:34:12,905 [INFO] PluginManage:310 - Check plugin ddr
2025-03-05 09:34:12,906 [INFO] PluginManage:359 - Loaded plugin ddr (category:tool,tabindex:6)
2025-03-05 09:34:12,907 [INFO] PluginManage:310 - Check plugin filemanager
2025-03-05 09:34:13,033 [INFO] PluginManage:359 - Loaded plugin filemanager (category:base,tabindex:10)
2025-03-05 09:34:13,034 [INFO] PluginManage:310 - Check plugin ipmanager
2025-03-05 09:34:13,042 [INFO] PluginManage:359 - Loaded plugin ipmanager (category:base,tabindex:5)
2025-03-05 09:34:13,042 [INFO] PluginManage:310 - Check plugin lpbam
2025-03-05 09:34:13,054 [INFO] PluginManage:359 - Loaded plugin lpbam (category:base,tabindex:0)
2025-03-05 09:34:13,054 [INFO] PluginManage:310 - Check plugin memorymap
2025-03-05 09:34:13,073 [INFO] PluginManage:359 - Loaded plugin memorymap (category:base,tabindex:4)
2025-03-05 09:34:13,074 [INFO] PluginManage:310 - Check plugin pinoutandconfiguration
2025-03-05 09:34:13,094 [INFO] PluginManage:359 - Loaded plugin pinoutandconfiguration (category:base,tabindex:1)
2025-03-05 09:34:13,094 [INFO] PluginManage:310 - Check plugin pinoutconfig
2025-03-05 09:34:13,181 [WARN] SupportedApi:132 - Cannot load RTOS API schema: s4s-elt-must-match.1: The content of 'definitions' must match (annotation?, (simpleType | complexType)?, (unique | key | keyref)*)). A problem was found starting at: attribute.
2025-03-05 09:34:13,319 [INFO] PluginManage:359 - Loaded plugin pinoutconfig (category:base,tabindex:0)
2025-03-05 09:34:13,319 [INFO] PluginManage:310 - Check plugin power
2025-03-05 09:34:13,356 [INFO] PluginManage:359 - Loaded plugin power (category:power,tabindex:4)
2025-03-05 09:34:13,357 [INFO] PluginManage:310 - Check plugin projectmanager
2025-03-05 09:34:13,371 [INFO] PluginManage:359 - Loaded plugin projectmanager (category:projectmanager,tabindex:4)
2025-03-05 09:34:13,371 [INFO] PluginManage:310 - Check plugin rif
2025-03-05 09:34:13,388 [INFO] PluginManage:359 - Loaded plugin rif (category:base,tabindex:3)
2025-03-05 09:34:13,388 [INFO] PluginManage:310 - Check plugin thirdparty
2025-03-05 09:34:13,565 [WARN] IntegrityCheckThread:84 - waiting for thirdparty lock release [integrity check]
2025-03-05 09:34:13,565 [INFO] PluginManage:359 - Loaded plugin thirdparty (category:base,tabindex:-1)
2025-03-05 09:34:13,565 [INFO] IntegrityCheckThread:86 - entering critical section [integrity check]
2025-03-05 09:34:13,566 [INFO] PluginManage:310 - Check plugin tools
2025-03-05 09:34:13,566 [INFO] ThirdPartyUpdaterWithRetryManager:70 - Updater plugin not ready yet. [1/15]
2025-03-05 09:34:13,572 [INFO] PluginManage:359 - Loaded plugin tools (category:base,tabindex:7)
2025-03-05 09:34:13,572 [INFO] PluginManage:310 - Check plugin tutovideos
2025-03-05 09:34:13,763 [INFO] PluginManage:359 - Loaded plugin tutovideos (category:base,tabindex:-1)
2025-03-05 09:34:13,763 [INFO] PluginManage:310 - Check plugin updater
2025-03-05 09:34:13,784 [INFO] PluginManage:359 - Loaded plugin updater (category:base,tabindex:12)
2025-03-05 09:34:13,784 [INFO] PluginManage:310 - Check plugin userauth
2025-03-05 09:34:13,788 [INFO] UserAuth:118 - Init User Auth plugin
2025-03-05 09:34:13,789 [INFO] PluginManage:359 - Loaded plugin userauth (category:base,tabindex:14)
2025-03-05 09:34:13,789 [INFO] PluginManage:283 - PluginManage : Loaded plugins [18]
2025-03-05 09:34:13,983 [INFO] PinOutPanel:1589 - setPackage(No Configuration,No Configuration)
2025-03-05 09:34:14,069 [INFO] CADModel:165 - CPN selected for project level
2025-03-05 09:34:14,069 [INFO] CADModel:114 - Register for checkConnection events
2025-03-05 09:34:14,094 [INFO] IPUIPlugin:80 - create IPUIPlugin
2025-03-05 09:34:14,094 [INFO] PluginManager:220 - loadIPPluginJar : add adc
2025-03-05 09:34:14,101 [INFO] IPUIPlugin:80 - create IPUIPlugin
2025-03-05 09:34:14,101 [INFO] PluginManager:220 - loadIPPluginJar : add aes
2025-03-05 09:34:14,110 [INFO] IPUIPlugin:80 - create IPUIPlugin
2025-03-05 09:34:14,110 [INFO] PluginManager:220 - loadIPPluginJar : add can
2025-03-05 09:34:14,114 [INFO] IPUIPlugin:80 - create IPUIPlugin
2025-03-05 09:34:14,115 [INFO] PluginManager:220 - loadIPPluginJar : add comp
2025-03-05 09:34:14,121 [INFO] IPUIPlugin:80 - create IPUIPlugin
2025-03-05 09:34:14,121 [INFO] PluginManager:220 - loadIPPluginJar : add cryp
2025-03-05 09:34:14,132 [INFO] IPUIPlugin:80 - create IPUIPlugin
2025-03-05 09:34:14,132 [INFO] PluginManager:220 - loadIPPluginJar : add ddr_ctrl_phy
2025-03-05 09:34:14,138 [INFO] IPUIPlugin:80 - create IPUIPlugin
2025-03-05 09:34:14,138 [INFO] PluginManager:220 - loadIPPluginJar : add dfsdm
2025-03-05 09:34:14,150 [INFO] IPUIPlugin:80 - create IPUIPlugin
2025-03-05 09:34:14,150 [INFO] PluginManager:220 - loadIPPluginJar : add dma
2025-03-05 09:34:14,158 [INFO] IPUIPlugin:80 - create IPUIPlugin
2025-03-05 09:34:14,159 [INFO] PluginManager:220 - loadIPPluginJar : add dma3
2025-03-05 09:34:14,168 [INFO] IPUIPlugin:80 - create IPUIPlugin
2025-03-05 09:34:14,168 [INFO] PluginManager:220 - loadIPPluginJar : add extmemmanager
2025-03-05 09:34:14,172 [INFO] IPUIPlugin:80 - create IPUIPlugin
2025-03-05 09:34:14,173 [INFO] PluginManager:220 - loadIPPluginJar : add fatfs
2025-03-05 09:34:14,183 [INFO] IPUIPlugin:80 - create IPUIPlugin
2025-03-05 09:34:14,183 [INFO] PluginManager:220 - loadIPPluginJar : add fmc
2025-03-05 09:34:14,199 [INFO] IPUIPlugin:80 - create IPUIPlugin
2025-03-05 09:34:14,199 [INFO] PluginManager:220 - loadIPPluginJar : add freertos
2025-03-05 09:34:14,203 [INFO] IPUIPlugin:80 - create IPUIPlugin
2025-03-05 09:34:14,203 [INFO] PluginManager:220 - loadIPPluginJar : add genericplugin
2025-03-05 09:34:14,210 [INFO] IPUIPlugin:80 - create IPUIPlugin
2025-03-05 09:34:14,210 [INFO] PluginManager:220 - loadIPPluginJar : add gfxmmu
2025-03-05 09:34:14,221 [INFO] IPUIPlugin:80 - create IPUIPlugin
2025-03-05 09:34:14,222 [INFO] PluginManager:220 - loadIPPluginJar : add gic
2025-03-05 09:34:14,231 [INFO] IPUIPlugin:80 - create IPUIPlugin
2025-03-05 09:34:14,231 [INFO] PluginManager:220 - loadIPPluginJar : add gpio
2025-03-05 09:34:14,239 [INFO] IPUIPlugin:80 - create IPUIPlugin
2025-03-05 09:34:14,239 [INFO] PluginManager:220 - loadIPPluginJar : add gtzc
2025-03-05 09:34:14,245 [INFO] IPUIPlugin:80 - create IPUIPlugin
2025-03-05 09:34:14,246 [INFO] PluginManager:220 - loadIPPluginJar : add hash
2025-03-05 09:34:14,255 [INFO] IPUIPlugin:80 - create IPUIPlugin
2025-03-05 09:34:14,255 [INFO] PluginManager:220 - loadIPPluginJar : add i2c
2025-03-05 09:34:14,264 [INFO] IPUIPlugin:80 - create IPUIPlugin
2025-03-05 09:34:14,264 [INFO] PluginManager:220 - loadIPPluginJar : add i2s
2025-03-05 09:34:14,272 [INFO] IPUIPlugin:80 - create IPUIPlugin
2025-03-05 09:34:14,272 [INFO] PluginManager:220 - loadIPPluginJar : add i3c
2025-03-05 09:34:14,283 [INFO] IPUIPlugin:80 - create IPUIPlugin
2025-03-05 09:34:14,284 [INFO] PluginManager:220 - loadIPPluginJar : add ipddr
2025-03-05 09:34:14,294 [INFO] IPUIPlugin:80 - create IPUIPlugin
2025-03-05 09:34:14,294 [INFO] PluginManager:220 - loadIPPluginJar : add linkedlist
2025-03-05 09:34:14,301 [INFO] IPUIPlugin:80 - create IPUIPlugin
2025-03-05 09:34:14,301 [INFO] PluginManager:220 - loadIPPluginJar : add lorawan
2025-03-05 09:34:14,308 [INFO] IPUIPlugin:80 - create IPUIPlugin
2025-03-05 09:34:14,308 [INFO] PluginManager:220 - loadIPPluginJar : add ltdc
2025-03-05 09:34:14,319 [INFO] IPUIPlugin:80 - create IPUIPlugin
2025-03-05 09:34:14,320 [INFO] PluginManager:220 - loadIPPluginJar : add mdma
2025-03-05 09:34:14,329 [INFO] IPUIPlugin:80 - create IPUIPlugin
2025-03-05 09:34:14,329 [INFO] PluginManager:220 - loadIPPluginJar : add nvic
2025-03-05 09:34:14,336 [INFO] IPUIPlugin:80 - create IPUIPlugin
2025-03-05 09:34:14,336 [INFO] PluginManager:220 - loadIPPluginJar : add opamp
2025-03-05 09:34:14,343 [INFO] IPUIPlugin:80 - create IPUIPlugin
2025-03-05 09:34:14,343 [INFO] PluginManager:220 - loadIPPluginJar : add openamp
2025-03-05 09:34:14,351 [INFO] IPUIPlugin:80 - create IPUIPlugin
2025-03-05 09:34:14,351 [INFO] PluginManager:220 - loadIPPluginJar : add pdm2pcm
2025-03-05 09:34:14,362 [INFO] IPUIPlugin:80 - create IPUIPlugin
2025-03-05 09:34:14,364 [INFO] PluginManager:220 - loadIPPluginJar : add plateformsettings
2025-03-05 09:34:14,368 [INFO] IPUIPlugin:80 - create IPUIPlugin
2025-03-05 09:34:14,368 [INFO] PluginManager:220 - loadIPPluginJar : add quadspi
2025-03-05 09:34:14,373 [INFO] IPUIPlugin:80 - create IPUIPlugin
2025-03-05 09:34:14,374 [INFO] PluginManager:220 - loadIPPluginJar : add radio
2025-03-05 09:34:14,387 [INFO] IPUIPlugin:80 - create IPUIPlugin
2025-03-05 09:34:14,387 [INFO] PluginManager:220 - loadIPPluginJar : add resmgrutility
2025-03-05 09:34:14,398 [INFO] IPUIPlugin:80 - create IPUIPlugin
2025-03-05 09:34:14,398 [INFO] PluginManager:220 - loadIPPluginJar : add sai
2025-03-05 09:34:14,405 [INFO] IPUIPlugin:80 - create IPUIPlugin
2025-03-05 09:34:14,405 [INFO] PluginManager:220 - loadIPPluginJar : add spi
2025-03-05 09:34:14,417 [INFO] IPUIPlugin:80 - create IPUIPlugin
2025-03-05 09:34:14,418 [INFO] PluginManager:220 - loadIPPluginJar : add stm32_wpan
2025-03-05 09:34:14,422 [INFO] IPUIPlugin:80 - create IPUIPlugin
2025-03-05 09:34:14,422 [INFO] PluginManager:220 - loadIPPluginJar : add tim
2025-03-05 09:34:14,431 [INFO] IPUIPlugin:80 - create IPUIPlugin
2025-03-05 09:34:14,431 [INFO] PluginManager:220 - loadIPPluginJar : add touchsensing
2025-03-05 09:34:14,436 [INFO] IPUIPlugin:80 - create IPUIPlugin
2025-03-05 09:34:14,436 [INFO] PluginManager:220 - loadIPPluginJar : add tracer_emb
2025-03-05 09:34:14,441 [INFO] IPUIPlugin:80 - create IPUIPlugin
2025-03-05 09:34:14,442 [INFO] PluginManager:220 - loadIPPluginJar : add ts
2025-03-05 09:34:14,446 [INFO] IPUIPlugin:80 - create IPUIPlugin
2025-03-05 09:34:14,446 [INFO] PluginManager:220 - loadIPPluginJar : add tsc
2025-03-05 09:34:14,451 [INFO] IPUIPlugin:80 - create IPUIPlugin
2025-03-05 09:34:14,452 [INFO] PluginManager:220 - loadIPPluginJar : add ucpd
2025-03-05 09:34:14,460 [INFO] IPUIPlugin:80 - create IPUIPlugin
2025-03-05 09:34:14,460 [INFO] PluginManager:220 - loadIPPluginJar : add usart
2025-03-05 09:34:14,469 [INFO] IPUIPlugin:80 - create IPUIPlugin
2025-03-05 09:34:14,469 [INFO] PluginManager:220 - loadIPPluginJar : add usbx
2025-03-05 09:34:14,592 [FATAL] Updater:351 - Updater called before beeing initialized
2025-03-05 09:34:14,613 [INFO] RulesReader:64 - Compatibility file has been processed (297 Rules)
2025-03-05 09:34:14,623 [INFO] RulesReader:64 - Compatibility file has been processed (297 Rules)
2025-03-05 09:34:14,630 [INFO] CADModel:165 - CPN selected for project level
2025-03-05 09:34:14,631 [INFO] CADModel:114 - Register for checkConnection events
2025-03-05 09:34:14,631 [FATAL] Updater:351 - Updater called before beeing initialized
2025-03-05 09:34:14,631 [ERROR] CADModel:125 - Updater not yet initialized, retry later 
2025-03-05 09:34:14,767 [FATAL] Updater:351 - Updater called before beeing initialized
2025-03-05 09:34:14,769 [INFO] CADModel:165 - CPN selected for project level
2025-03-05 09:34:14,769 [INFO] CADModel:114 - Register for checkConnection events
2025-03-05 09:34:14,769 [FATAL] Updater:351 - Updater called before beeing initialized
2025-03-05 09:34:14,769 [ERROR] CADModel:125 - Updater not yet initialized, retry later 
2025-03-05 09:34:14,772 [FATAL] Updater:351 - Updater called before beeing initialized
2025-03-05 09:34:14,878 [FATAL] Updater:351 - Updater called before beeing initialized
2025-03-05 09:34:14,882 [INFO] DbMcusAds:53 - JSON generation date=Wed Dec 18 01:01:15 KST 2024 (1734451275111)
2025-03-05 09:34:14,882 [FATAL] Updater:351 - Updater called before beeing initialized
2025-03-05 09:34:14,922 [WARN] DetailPanel:346 - Failed to get advertising image, set to default
2025-03-05 09:34:15,180 [FATAL] Updater:351 - Updater called before beeing initialized
2025-03-05 09:34:15,182 [FATAL] Updater:351 - Updater called before beeing initialized
2025-03-05 09:34:15,182 [FATAL] Updater:351 - Updater called before beeing initialized
2025-03-05 09:34:15,182 [WARN] DetailPanel:346 - Failed to get advertising image, set to default
2025-03-05 09:34:15,183 [FATAL] Updater:351 - Updater called before beeing initialized
2025-03-05 09:34:15,228 [ERROR] Updater:1198 - MainUpdater not yet initialized. External WinMGr cannot be set.
2025-03-05 09:34:15,231 [INFO] Updater:1134 - Updater Version found : 6.13.0
2025-03-05 09:34:15,249 [INFO] ApplicationProperties:184 - Using Application install path: C:\ST\STM32CubeIDE_1.7.0\STM32CubeIDE\plugins\com.st.stm32cube.common.mx_6.13.0.202411220809
2025-03-05 09:34:15,811 [INFO] MainUpdater:2872 - connection check result : 10
2025-03-05 09:34:15,811 [INFO] MainUpdater:3566 - Updater definition file requires update
2025-03-05 09:34:15,812 [INFO] MainUpdater:289 - Updater Check For Update Now.
2025-03-05 09:34:15,813 [INFO] MicroXplorer:498 - Change Database Version : DB.6.0.130
2025-03-05 09:34:15,819 [INFO] McuFinderGlobals:63 - Set McuFinder mode to 2 (CubeIDE integrated)
2025-03-05 09:34:15,821 [INFO] UserAuth:486 - Internet connection configuration mode: 1
2025-03-05 09:34:15,842 [INFO] JxBrowserEngine:152 - Initiate JxBrowser Engine with user profile folder
2025-03-05 09:34:16,140 [INFO] ServerAccessManage:473 - Download File updaters.zip
2025-03-05 09:34:16,406 [INFO] FileExtend:240 - Unzip File : updaters.zip
2025-03-05 09:34:16,407 [INFO] FileExtend:255 - Standard Zip Deflate
2025-03-05 09:34:16,569 [WARN] MainUpdater:1193 - Updater busy. Cannot search thirdparties
2025-03-05 09:34:16,569 [INFO] ThirdPartyUpdaterWithRetryManager:96 - Updater plugin is busy. [1/15]
2025-03-05 09:34:17,094 [INFO] ServerAccessManage:473 - Download File PacksControlFlags.xml
2025-03-05 09:34:17,267 [INFO] ServerAccessManage:473 - Download File cubemx.pidx
2025-03-05 09:34:17,282 [INFO] WebApp:168 - Instantiating new browser for Auth
2025-03-05 09:34:17,699 [INFO] ServerAccessManage:473 - Download File STMicroelectronics.FP-ATR-ASTRA1.pdsc
2025-03-05 09:34:18,972 [INFO] ServerAccessManage:473 - Download File STMicroelectronics.X-CUBE-BLE1.pdsc
2025-03-05 09:34:19,511 [INFO] WebApp:449 - Apply proxy settings
2025-03-05 09:34:19,511 [INFO] WebApp:534 - Chromium requires no authentication
2025-03-05 09:34:19,519 [INFO] WebApp:477 - Direct internet connection detected
2025-03-05 09:34:19,545 [INFO] WebApp:880 - Register for checkConnection events
2025-03-05 09:34:19,545 [INFO] WebApp:449 - Apply proxy settings
2025-03-05 09:34:19,545 [INFO] WebApp:534 - Chromium requires no authentication
2025-03-05 09:34:19,546 [INFO] WebApp:477 - Direct internet connection detected
2025-03-05 09:34:19,571 [WARN] MainUpdater:1193 - Updater busy. Cannot search thirdparties
2025-03-05 09:34:19,571 [INFO] ThirdPartyUpdaterWithRetryManager:96 - Updater plugin is busy. [2/15]
2025-03-05 09:34:19,697 [INFO] WebApp:221 - Starting web application
2025-03-05 09:34:19,697 [INFO] WebApp:579 - Web application path used C:\ST\STM32CubeIDE_1.7.0\STM32CubeIDE\plugins\com.st.stm32cube.common.mx_6.13.0.202411220809\db\plugins\mcufinder\reactClient1\index.html
2025-03-05 09:34:19,995 [INFO] UserAuth:486 - Internet connection configuration mode: 1
2025-03-05 09:34:20,548 [INFO] WebApp:187 - Connection restablished
2025-03-05 09:34:22,573 [WARN] MainUpdater:1193 - Updater busy. Cannot search thirdparties
2025-03-05 09:34:22,573 [INFO] ThirdPartyUpdaterWithRetryManager:96 - Updater plugin is busy. [3/15]
2025-03-05 09:34:22,777 [ERROR] ServerAccessManage:1089 - Problem, file not found on Server
2025-03-05 09:34:23,721 [WARN] PackLoader:240 - Cannot read IP mode file for STMicroelectronics.FP-ATR-ASTRA1.2.0.2
2025-03-05 09:34:23,729 [WARN] PackLoader:240 - Cannot read IP mode file for STMicroelectronics.X-CUBE-BLE1.7.1.0
2025-03-05 09:34:23,731 [INFO] PopulateThirdPartyThread:66 - Ending populate Thread
2025-03-05 09:34:23,732 [INFO] ThirdParty:1030 - CMSIS Pack Vendor :STMicroelectronics FP-ATR-ASTRA1 2.0.2
2025-03-05 09:34:23,732 [INFO] ThirdParty:1030 - CMSIS Pack Vendor :STMicroelectronics X-CUBE-BLE1 7.1.0
2025-03-05 09:34:23,732 [INFO] LoadServerUpdatesThread:375 - End of LoadServerUpdate Thread
2025-03-05 09:34:23,861 [INFO] CheckServerUpdateThread:120 - End of CheckServer Thread
2025-03-05 09:34:25,886 [WARN] PackLoader:240 - Cannot read IP mode file for STMicroelectronics.FP-SNS-MOTENVWB1.1.4.0
2025-03-05 09:34:25,893 [WARN] PackLoader:240 - Cannot read IP mode file for STMicroelectronics.FP-ATR-ASTRA1.2.0.2
2025-03-05 09:34:25,899 [WARN] PackLoader:240 - Cannot read IP mode file for STMicroelectronics.FP-ATR-ASTRA1.2.0.1
2025-03-05 09:34:25,911 [WARN] PackLoader:240 - Cannot read IP mode file for STMicroelectronics.X-CUBE-SMBUS.2.1.0
2025-03-05 09:34:25,924 [WARN] PackLoader:240 - Cannot read IP mode file for STMicroelectronics.X-CUBE-WB05N.1.1.0
2025-03-05 09:34:25,934 [WARN] PackLoader:240 - Cannot read IP mode file for STMicroelectronics.X-CUBE-TOUCHGFX.4.23.1
2025-03-05 09:34:25,940 [WARN] PackLoader:240 - Cannot read IP mode file for STMicroelectronics.X-CUBE-TOUCHGFX.4.23.0
2025-03-05 09:34:25,946 [WARN] PackLoader:240 - Cannot read IP mode file for STMicroelectronics.X-CUBE-TOUCHGFX.4.23.2
2025-03-05 09:34:25,978 [WARN] PackLoader:240 - Cannot read IP mode file for STMicroelectronics.X-CUBE-AZRTOS-F7.1.1.0
2025-03-05 09:34:25,990 [ERROR] RealEvaluatedCondition:428 - Found unsupported composite condition: GROUP='STM32_MetaDataManager' CLASS='Data Exchange'
2025-03-05 09:34:25,990 [ERROR] RealEvaluatedCondition:428 - Found unsupported composite condition: CLASS='Data Exchange' GROUP='STM32_MetaDataManager'
2025-03-05 09:34:25,992 [WARN] PackLoader:240 - Cannot read IP mode file for STMicroelectronics.FP-SNS-MOTENV1.4.3.0
2025-03-05 09:34:25,999 [WARN] PackLoader:240 - Cannot read IP mode file for STMicroelectronics.FP-SNS-MOTENV1.4.3.2
2025-03-05 09:34:26,007 [WARN] PackLoader:240 - Cannot read IP mode file for STMicroelectronics.FP-SNS-FLIGHT1.5.0.0
2025-03-05 09:34:26,013 [ERROR] RealEvaluatedCondition:428 - Found unsupported composite condition: CLASS='Data Exchange' GROUP='STM32_MetaDataManager'
2025-03-05 09:34:26,013 [ERROR] RealEvaluatedCondition:428 - Found unsupported composite condition: CLASS='Data Exchange' GROUP='STM32_MetaDataManager'
2025-03-05 09:34:26,015 [WARN] PackLoader:240 - Cannot read IP mode file for STMicroelectronics.FP-SNS-MOTENV1.4.3.1
2025-03-05 09:34:26,021 [WARN] PackLoader:240 - Cannot read IP mode file for STMicroelectronics.FP-SNS-FLIGHT1.5.0.1
2025-03-05 09:34:26,032 [WARN] PackLoader:240 - Cannot read IP mode file for STMicroelectronics.X-CUBE-BLE1.6.2.3
2025-03-05 09:34:26,136 [WARN] PackLoader:240 - Cannot read IP mode file for STMicroelectronics.X-CUBE-MEMS1.11.0.0
2025-03-05 09:34:26,300 [WARN] PackLoader:240 - Cannot read IP mode file for STMicroelectronics.X-CUBE-BLE1.6.2.4
2025-03-05 09:34:26,306 [WARN] PackLoader:240 - Cannot read IP mode file for STMicroelectronics.FP-SNS-FLIGHT1.5.0.2
2025-03-05 09:34:26,314 [WARN] PackLoader:240 - Cannot read IP mode file for STMicroelectronics.X-CUBE-DISPLAY.3.0.0
2025-03-05 09:34:26,325 [WARN] PackLoader:240 - Cannot read IP mode file for STMicroelectronics.X-CUBE-BLE1.7.0.0
2025-03-05 09:34:26,339 [WARN] PackLoader:240 - Cannot read IP mode file for STMicroelectronics.X-CUBE-NFC10.1.0.0
2025-03-05 09:34:26,351 [WARN] PackLoader:240 - Cannot read IP mode file for STMicroelectronics.X-CUBE-BLEMGR.4.0.0
2025-03-05 09:34:26,358 [WARN] PackLoader:240 - Cannot read IP mode file for STMicroelectronics.X-CUBE-TOUCHGFX.4.22.0
2025-03-05 09:34:26,362 [WARN] PackLoader:240 - Cannot read IP mode file for STMicroelectronics.X-CUBE-TOUCHGFX.4.22.1
2025-03-05 09:34:26,445 [WARN] PackLoader:240 - Cannot read IP mode file for STMicroelectronics.X-CUBE-MEMS1.9.3.0
2025-03-05 09:34:26,536 [WARN] PackLoader:240 - Cannot read IP mode file for STMicroelectronics.X-CUBE-BLEMGR.3.1.0
2025-03-05 09:34:26,544 [WARN] PackLoader:240 - Cannot read IP mode file for STMicroelectronics.X-CUBE-AI.10.0.0
2025-03-05 09:34:26,550 [WARN] PackLoader:240 - Cannot read IP mode file for STMicroelectronics.FP-SNS-SMARTAG2.1.2.0
2025-03-05 09:34:26,663 [WARN] PackLoader:240 - Cannot read IP mode file for STMicroelectronics.X-CUBE-MEMS1.11.1.0
2025-03-05 09:34:26,766 [INFO] LogOutputStream:77 - [STDOUT_REDIRECT] 1 : Invalid condition id : UX_CORESTACK_Condition cause : null
2025-03-05 09:34:26,767 [INFO] LogOutputStream:77 - [STDOUT_REDIRECT] 1 : Invalid condition id : UX_CORESTACK_Condition cause : null
2025-03-05 09:34:26,768 [INFO] LogOutputStream:77 - [STDOUT_REDIRECT] 1 : Invalid condition id : UX_CORESTACK_Condition cause : null
2025-03-05 09:34:26,769 [INFO] LogOutputStream:77 - [STDOUT_REDIRECT] 1 : Invalid condition id : UX_CORESTACK_Condition cause : null
2025-03-05 09:34:26,770 [INFO] LogOutputStream:77 - [STDOUT_REDIRECT] 1 : Invalid condition id : UX_CORESTACK_Condition cause : null
2025-03-05 09:34:26,773 [WARN] PackLoader:240 - Cannot read IP mode file for STMicroelectronics.X-CUBE-AZRTOS-WL.2.0.0
2025-03-05 09:34:26,780 [WARN] PackLoader:240 - Cannot read IP mode file for STMicroelectronics.FP-SNS-MOTENV1.5.0.0
2025-03-05 09:34:26,788 [WARN] PackLoader:240 - Cannot read IP mode file for wolfSSL.I-CUBE-wolfMQTT.1.19.0
2025-03-05 09:34:26,797 [WARN] PackLoader:240 - Cannot read IP mode file for WES.I-CUBE-Cesium.1.3.0
2025-03-05 09:34:26,808 [WARN] PackLoader:240 - Cannot read IP mode file for STMicroelectronics.X-CUBE-BLE2.3.3.0
2025-03-05 09:34:26,815 [WARN] PackLoader:240 - Cannot read IP mode file for STMicroelectronics.X-CUBE-DISPLAY.2.2.0
2025-03-05 09:34:26,828 [WARN] PackLoader:240 - Cannot read IP mode file for STMicroelectronics.X-CUBE-TOF1.3.2.0
2025-03-05 09:34:26,845 [WARN] PackLoader:240 - Cannot read IP mode file for STMicroelectronics.X-CUBE-NFC9.1.0.0
2025-03-05 09:34:26,861 [WARN] PackLoader:240 - Cannot read IP mode file for STMicroelectronics.X-CUBE-AZRTOS-H7.2.1.0
2025-03-05 09:34:26,874 [WARN] PackLoader:240 - Cannot read IP mode file for STMicroelectronics.X-CUBE-BLE1.7.1.0
2025-03-05 09:34:26,885 [WARN] PackLoader:240 - Cannot read IP mode file for STMicroelectronics.X-CUBE-TCPP.4.1.0
2025-03-05 09:34:26,890 [WARN] PackLoader:240 - Cannot read IP mode file for STMicroelectronics.X-CUBE-TOUCHGFX.4.21.1
2025-03-05 09:34:26,894 [WARN] PackLoader:240 - Cannot read IP mode file for STMicroelectronics.X-CUBE-TOUCHGFX.4.21.0
2025-03-05 09:34:26,898 [WARN] PackLoader:240 - Cannot read IP mode file for STMicroelectronics.X-CUBE-TOUCHGFX.4.21.3
2025-03-05 09:34:26,902 [WARN] PackLoader:240 - Cannot read IP mode file for STMicroelectronics.X-CUBE-TOUCHGFX.4.21.4
2025-03-05 09:34:26,989 [WARN] PackLoader:240 - Cannot read IP mode file for STMicroelectronics.X-CUBE-MEMS1.9.4.0
2025-03-05 09:34:27,067 [WARN] PackLoader:240 - Cannot read IP mode file for STMicroelectronics.X-CUBE-AI.7.3.0
2025-03-05 09:34:27,077 [WARN] PackLoader:240 - Cannot read IP mode file for STMicroelectronics.X-CUBE-ALGOBUILD.1.3.0
2025-03-05 09:34:27,094 [WARN] PackLoader:240 - Cannot read IP mode file for STMicroelectronics.X-CUBE-AZRTOS-G0.1.1.0
2025-03-05 09:34:27,110 [WARN] PackLoader:240 - Cannot read IP mode file for STMicroelectronics.X-CUBE-SAFEA1.1.2.2
2025-03-05 09:34:27,125 [WARN] PackLoader:240 - Cannot read IP mode file for STMicroelectronics.X-CUBE-NFC4.3.0.0
2025-03-05 09:34:27,145 [WARN] PackLoader:240 - Cannot read IP mode file for SEGGER.I-CUBE-embOS.1.2.1
2025-03-05 09:34:27,184 [WARN] PackLoader:240 - Cannot read IP mode file for wolfSSL.I-CUBE-wolfMQTT.1.18.0
2025-03-05 09:34:27,192 [WARN] PackLoader:240 - Cannot read IP mode file for EmbeddedOffice.I-CUBE-FS-RTOS.1.0.1
2025-03-05 09:34:27,201 [WARN] PackLoader:240 - Cannot read IP mode file for STMicroelectronics.X-CUBE-BLEMGR.3.0.0
2025-03-05 09:34:27,207 [WARN] PackLoader:240 - Cannot read IP mode file for STMicroelectronics.X-CUBE-BLEMGR.1.3.0
2025-03-05 09:34:27,213 [WARN] PackLoader:240 - Cannot read IP mode file for STMicroelectronics.X-CUBE-TCPP.4.2.0
2025-03-05 09:34:27,222 [WARN] PackLoader:240 - Cannot read IP mode file for RealThread.X-CUBE-RT-Thread_Nano.4.1.1
2025-03-05 09:34:27,228 [WARN] PackLoader:240 - Cannot read IP mode file for STMicroelectronics.FP-ATR-SIGFOX1.3.2.0
2025-03-05 09:34:27,234 [WARN] ConditionMgr:438 - getConditionDescription Invalid condition id : Cortex-A Device cause : null
2025-03-05 09:34:27,244 [WARN] ConditionMgr:1044 - genDependencies : Invalid condition id : Cortex-A Device cause : null
2025-03-05 09:34:27,245 [WARN] ConditionMgr:1044 - genDependencies : Invalid condition id : Cortex-A Device cause : null
2025-03-05 09:34:27,245 [WARN] ConditionMgr:1044 - genDependencies : Invalid condition id : Cortex-A Device cause : null
2025-03-05 09:34:27,257 [WARN] PackLoader:240 - Cannot read IP mode file for STMicroelectronics.X-CUBE-EEPRMA1.5.1.0
2025-03-05 09:34:27,262 [WARN] PackLoader:240 - Cannot read IP mode file for STMicroelectronics.X-CUBE-TOUCHGFX.4.20.0
2025-03-05 09:34:27,344 [WARN] PackLoader:240 - Cannot read IP mode file for STMicroelectronics.X-CUBE-MEMS1.9.5.0
2025-03-05 09:34:27,418 [WARN] PackLoader:240 - Cannot read IP mode file for SEGGER.I-CUBE-embOS.1.3.1
2025-03-05 09:34:27,444 [WARN] PackLoader:240 - Cannot read IP mode file for STMicroelectronics.X-CUBE-ALGOBUILD.1.4.0
2025-03-05 09:34:27,451 [WARN] PackLoader:240 - Cannot read IP mode file for STMicroelectronics.X-CUBE-AI.9.1.0
2025-03-05 09:34:27,460 [WARN] PackLoader:240 - Cannot read IP mode file for STMicroelectronics.X-CUBE-GNSS1.6.0.0
2025-03-05 09:34:27,474 [WARN] PackLoader:240 - Cannot read IP mode file for STMicroelectronics.X-CUBE-AZRTOS-F4.1.1.0
2025-03-05 09:34:27,484 [WARN] PackLoader:240 - Cannot read IP mode file for STMicroelectronics.X-CUBE-ISPU.2.1.0
2025-03-05 09:34:27,491 [WARN] PackLoader:240 - Cannot read IP mode file for STMicroelectronics.X-CUBE-FREERTOS.1.2.0
2025-03-05 09:34:27,498 [WARN] PackLoader:240 - Cannot read IP mode file for STMicroelectronics.X-CUBE-BLEMGR.1.2.0
2025-03-05 09:34:27,512 [WARN] PackLoader:240 - Cannot read IP mode file for STMicroelectronics.X-CUBE-AZRTOS-L5.2.0.0
2025-03-05 09:34:27,589 [WARN] PackLoader:240 - Cannot read IP mode file for STMicroelectronics.X-CUBE-MEMS1.9.6.0
2025-03-05 09:34:27,685 [WARN] PackLoader:240 - Cannot read IP mode file for STMicroelectronics.X-CUBE-EEPRMA1.4.2.0
2025-03-05 09:34:27,703 [WARN] PackLoader:240 - Cannot read IP mode file for STMicroelectronics.X-CUBE-NFC6.3.1.0
2025-03-05 09:34:27,713 [WARN] PackLoader:240 - Cannot read IP mode file for ITTIA_DB.I-CUBE-ITTIADB.8.8.0
2025-03-05 09:34:27,720 [WARN] PackLoader:240 - Cannot read IP mode file for emotas.I-CUBE-CANOPEN.1.1.3
2025-03-05 09:34:27,726 [WARN] PackLoader:240 - Cannot read IP mode file for STMicroelectronics.X-CUBE-BLEMGR.2.0.0
2025-03-05 09:34:27,733 [WARN] PackLoader:240 - Cannot read IP mode file for STMicroelectronics.X-CUBE-DPower.1.2.0
2025-03-05 09:34:27,742 [WARN] PackLoader:240 - Cannot read IP mode file for STMicroelectronics.X-CUBE-NFC4.2.0.5
2025-03-05 09:34:27,749 [WARN] PackLoader:240 - Cannot read IP mode file for STMicroelectronics.X-CUBE-AI.9.0.0
2025-03-05 09:34:27,764 [WARN] ConditionMgr:438 - getConditionDescription Invalid condition id : UX DEVICE CLASS RTOS Condition cause : null
2025-03-05 09:34:27,764 [WARN] ConditionMgr:438 - getConditionDescription Invalid condition id : UX DEVICE CLASS RTOS Condition cause : null
2025-03-05 09:34:27,767 [WARN] PackLoader:240 - Cannot read IP mode file for STMicroelectronics.X-CUBE-AZRTOS-H7.3.1.0
2025-03-05 09:34:27,768 [WARN] ConditionMgr:1044 - genDependencies : Invalid condition id : UX DEVICE CLASS RTOS Condition cause : null
2025-03-05 09:34:27,768 [WARN] ConditionMgr:1044 - genDependencies : Invalid condition id : UX DEVICE CLASS RTOS Condition cause : null
2025-03-05 09:34:27,768 [WARN] ConditionMgr:1044 - genDependencies : Invalid condition id : UX DEVICE CLASS RTOS Condition cause : null
2025-03-05 09:34:27,769 [WARN] ConditionMgr:1044 - genDependencies : Invalid condition id : UX DEVICE CLASS RTOS Condition cause : null
2025-03-05 09:34:27,769 [WARN] ConditionMgr:1044 - genDependencies : Invalid condition id : UX DEVICE CLASS RTOS Condition cause : null
2025-03-05 09:34:27,775 [WARN] PackLoader:240 - Cannot read IP mode file for wolfSSL.I-CUBE-wolfSSL.5.5.3
2025-03-05 09:34:27,781 [WARN] PackLoader:240 - Cannot read IP mode file for STMicroelectronics.X-CUBE-FREERTOS.1.3.0
2025-03-05 09:34:27,792 [WARN] PackLoader:240 - Cannot read IP mode file for STMicroelectronics.X-CUBE-NFC7.1.0.1
2025-03-05 09:34:27,803 [WARN] PackLoader:240 - Cannot read IP mode file for STMicroelectronics.X-CUBE-NFC7.1.0.0
2025-03-05 09:34:27,808 [WARN] PackLoader:240 - Cannot read IP mode file for wolfSSL.I-CUBE-wolfTPM.3.2.0
2025-03-05 09:34:27,820 [WARN] PackLoader:240 - Cannot read IP mode file for STMicroelectronics.X-CUBE-NFC6.3.0.0
2025-03-05 09:34:27,830 [WARN] PackLoader:240 - Cannot read IP mode file for STMicroelectronics.X-CUBE-EEPRMA1.4.1.0
2025-03-05 09:34:27,836 [WARN] PackLoader:240 - Cannot read IP mode file for STMicroelectronics.X-CUBE-AI.8.1.0
2025-03-05 09:34:27,849 [WARN] ConditionMgr:438 - getConditionDescription Invalid condition id : LAN8742 Phy interface Condition cause : null
2025-03-05 09:34:27,850 [WARN] PackLoader:240 - Cannot read IP mode file for STMicroelectronics.X-CUBE-AZRTOS-L4.2.0.0
2025-03-05 09:34:27,851 [WARN] ConditionMgr:1044 - genDependencies : Invalid condition id : LAN8742 Phy interface Condition cause : null
2025-03-05 09:34:27,851 [WARN] ConditionMgr:1044 - genDependencies : Invalid condition id : LAN8742 Phy interface Condition cause : null
2025-03-05 09:34:27,851 [WARN] ConditionMgr:1044 - genDependencies : Invalid condition id : LAN8742 Phy interface Condition cause : null
2025-03-05 09:34:27,865 [WARN] PackLoader:240 - Cannot read IP mode file for STMicroelectronics.X-CUBE-SFXS2LP1.4.0.0
2025-03-05 09:34:27,883 [WARN] PackLoader:240 - Cannot read IP mode file for STMicroelectronics.X-CUBE-AZRTOS-H7.3.0.0
2025-03-05 09:34:27,891 [WARN] PackLoader:240 - Cannot read IP mode file for STMicroelectronics.X-CUBE-ISPU.1.1.0
2025-03-05 09:34:27,909 [WARN] PackLoader:240 - Cannot read IP mode file for STMicroelectronics.X-CUBE-AZRTOS-H7.3.3.0
2025-03-05 09:34:27,918 [WARN] PackLoader:240 - Cannot read IP mode file for RoweBots.I-CUBE-UNISONRTOS.5.5.0-4
2025-03-05 09:34:27,924 [WARN] PackLoader:240 - Cannot read IP mode file for STMicroelectronics.X-CUBE-AI.8.0.0
2025-03-05 09:34:27,932 [WARN] PackLoader:240 - Cannot read IP mode file for STMicroelectronics.X-CUBE-IPS.3.0.0
2025-03-05 09:34:27,946 [WARN] ConditionMgr:438 - getConditionDescription Invalid condition id : UX DEVICE CLASS RTOS Condition cause : null
2025-03-05 09:34:27,946 [WARN] ConditionMgr:438 - getConditionDescription Invalid condition id : UX DEVICE CLASS RTOS Condition cause : null
2025-03-05 09:34:27,947 [WARN] PackLoader:240 - Cannot read IP mode file for STMicroelectronics.X-CUBE-AZRTOS-WB.2.0.0
2025-03-05 09:34:27,948 [WARN] ConditionMgr:1044 - genDependencies : Invalid condition id : UX DEVICE CLASS RTOS Condition cause : null
2025-03-05 09:34:27,948 [WARN] ConditionMgr:1044 - genDependencies : Invalid condition id : UX DEVICE CLASS RTOS Condition cause : null
2025-03-05 09:34:27,948 [WARN] ConditionMgr:1044 - genDependencies : Invalid condition id : UX DEVICE CLASS RTOS Condition cause : null
2025-03-05 09:34:27,948 [WARN] ConditionMgr:1044 - genDependencies : Invalid condition id : UX DEVICE CLASS RTOS Condition cause : null
2025-03-05 09:34:27,948 [WARN] ConditionMgr:1044 - genDependencies : Invalid condition id : UX DEVICE CLASS RTOS Condition cause : null
2025-03-05 09:34:27,953 [WARN] PackLoader:240 - Cannot read IP mode file for STMicroelectronics.X-CUBE-FREERTOS.1.0.0
2025-03-05 09:34:27,957 [WARN] PackLoader:240 - Cannot read IP mode file for STMicroelectronics.X-CUBE-FREERTOS.1.0.1
2025-03-05 09:34:27,965 [WARN] PackLoader:240 - Cannot read IP mode file for STMicroelectronics.X-CUBE-GNSS1.7.0.0
2025-03-05 09:34:27,975 [WARN] PackLoader:240 - Cannot read IP mode file for STMicroelectronics.X-CUBE-GNSS1.7.0.1
2025-03-05 09:34:27,981 [WARN] PackLoader:240 - Cannot read IP mode file for STMicroelectronics.FP-SNS-STBOX1.2.0.0
2025-03-05 09:34:27,994 [WARN] PackLoader:240 - Cannot read IP mode file for STMicroelectronics.X-CUBE-AZRTOS-L5.1.1.0
2025-03-05 09:34:28,000 [WARN] PackLoader:240 - Cannot read IP mode file for STMicroelectronics.X-CUBE-AI.8.0.1
2025-03-05 09:34:28,009 [WARN] PackLoader:240 - Cannot read IP mode file for STMicroelectronics.X-CUBE-SUBG2.5.0.0
2025-03-05 09:34:28,018 [WARN] PackLoader:240 - Cannot read IP mode file for Cesanta.I-CUBE-Mongoose.7.13.0
2025-03-05 09:34:28,025 [WARN] PackLoader:240 - Cannot read IP mode file for STMicroelectronics.X-CUBE-TOF1.3.3.1
2025-03-05 09:34:28,042 [WARN] PackLoader:240 - Cannot read IP mode file for STMicroelectronics.X-CUBE-AZRTOS-G4.2.0.0
2025-03-05 09:34:28,058 [WARN] PackLoader:240 - Cannot read IP mode file for STMicroelectronics.X-CUBE-TOF1.3.3.0
2025-03-05 09:34:28,071 [WARN] PackLoader:240 - Cannot read IP mode file for STMicroelectronics.FP-ATR-ASTRA1.1.1.1
2025-03-05 09:34:28,087 [WARN] PackLoader:240 - Cannot read IP mode file for Infineon.AIROC-Wi-Fi-Bluetooth-STM32.1.5.1
2025-03-05 09:34:28,096 [WARN] PackLoader:240 - Cannot read IP mode file for STMicroelectronics.FP-SNS-MOTENVWB1.1.3.0
2025-03-05 09:34:28,105 [WARN] PackLoader:240 - Cannot read IP mode file for STMicroelectronics.FP-SNS-MOTENVWB1.1.3.1
2025-03-05 09:34:28,151 [WARN] PackLoader:240 - Cannot read IP mode file for STMicroelectronics.X-CUBE-AZRTOS-G4.1.0.0
2025-03-05 09:34:28,176 [WARN] PackLoader:240 - Cannot read IP mode file for STMicroelectronics.X-CUBE-AZRTOS-L4.1.0.0
2025-03-05 09:34:28,186 [WARN] PackLoader:240 - Cannot read IP mode file for STMicroelectronics.X-CUBE-ISPU.2.0.0
2025-03-05 09:34:28,201 [WARN] PackLoader:240 - Cannot read IP mode file for STMicroelectronics.X-CUBE-IPS.3.1.0
2025-03-05 09:34:28,211 [WARN] PackLoader:240 - Cannot read IP mode file for STMicroelectronics.X-CUBE-ALS.1.0.2
2025-03-05 09:34:28,307 [WARN] PackLoader:240 - Cannot read IP mode file for STMicroelectronics.X-CUBE-MEMS1.10.0.0
2025-03-05 09:34:28,358 [WARN] PackLoader:240 - Cannot read IP mode file for STMicroelectronics.X-CUBE-FREERTOS.1.1.0
2025-03-05 09:34:28,362 [WARN] PackLoader:240 - Cannot read IP mode file for STMicroelectronics.X-CUBE-TOUCHGFX.4.24.0
2025-03-05 09:34:28,366 [WARN] PackLoader:240 - Cannot read IP mode file for STMicroelectronics.X-CUBE-TOUCHGFX.4.24.2
2025-03-05 09:34:28,374 [WARN] PackLoader:240 - Cannot read IP mode file for STMicroelectronics.X-CUBE-AZRTOS-WL.1.0.0
2025-03-05 09:34:28,378 [WARN] PackLoader:240 - Cannot read IP mode file for STMicroelectronics.X-CUBE-TOUCHGFX.4.24.1
2025-03-05 09:34:28,384 [WARN] PackLoader:240 - Cannot read IP mode file for portGmbH.I-Cube-SoM-uGOAL.1.1.0
2025-03-05 09:34:28,386 [WARN] PackLoader:240 - Cannot read IP mode file for STMicroelectronics.X-CUBE-ALS.1.0.1
2025-03-05 09:34:28,395 [WARN] PackLoader:240 - Cannot read IP mode file for STMicroelectronics.X-CUBE-AZRTOS-WB.1.1.0
2025-03-05 09:34:28,406 [WARN] PackLoader:240 - Cannot read IP mode file for STMicroelectronics.X-CUBE-AZRTOS-L5.1.0.0
2025-03-05 09:34:28,414 [WARN] PackLoader:240 - Cannot read IP mode file for STMicroelectronics.X-CUBE-EEPRMA1.3.1.1
2025-03-05 09:34:28,427 [WARN] PackLoader:240 - Cannot read IP mode file for STMicroelectronics.X-CUBE-AZRTOS-H7RS.1.0.0
2025-03-05 09:34:28,431 [WARN] PackLoader:240 - Cannot read IP mode file for STMicroelectronics.FP-ATR-ASTRA1.2.0.0
2025-03-05 09:34:28,439 [WARN] PackLoader:240 - Cannot read IP mode file for STMicroelectronics.X-CUBE-TOF1.3.4.2
2025-03-05 09:34:28,452 [WARN] PackLoader:240 - Cannot read IP mode file for STMicroelectronics.X-CUBE-TOF1.3.4.0
2025-03-05 09:34:28,465 [WARN] PackLoader:240 - Cannot read IP mode file for STMicroelectronics.X-CUBE-TOF1.3.4.1
2025-03-05 09:34:28,486 [WARN] PackLoader:240 - Cannot read IP mode file for STMicroelectronics.X-CUBE-AZRTOS-H7.3.2.0
2025-03-05 09:34:28,492 [WARN] PackLoader:240 - Cannot read IP mode file for wolfSSL.I-CUBE-wolfSSH.1.4.17
2025-03-05 09:34:28,493 [INFO] ThirdParty:978 - Integrity check success = true
2025-03-05 09:34:28,493 [INFO] IntegrityCheckThread:100 - exiting critical section [integrity check]
2025-03-05 09:34:28,493 [INFO] IntegrityCheckThread:103 - End integrity checks thread
2025-03-05 09:40:11,339 [ERROR] LogOutputStream:75 - [STDERR_REDIRECT] 
2025-03-05 09:41:02,595 [INFO] Activator:176 - 


2025-03-05 09:41:02,597 [INFO] Activator:177 - !SESSION log4j initialized
2025-03-05 09:44:02,277 [INFO] Activator:176 - 


2025-03-05 09:44:02,278 [INFO] Activator:177 - !SESSION log4j initialized
2025-03-05 09:44:08,837 [INFO] LogOutputStream:77 - [STDOUT_REDIRECT] 
2025-03-05 09:44:16,767 [INFO] ApplicationProperties:184 - Using Application install path: C:\ST\STM32CubeIDE_1.7.0\STM32CubeIDE\plugins\com.st.stm32cube.common.mx_6.14.0.202502271554
2025-03-05 09:44:16,783 [INFO] DbMcusXml:78 - Set database path to: C:\ST\STM32CubeIDE_1.7.0\STM32CubeIDE\plugins\com.st.stm32cube.common.mx_6.14.0.202502271554\\db\/mcu/
2025-03-05 09:44:16,784 [INFO] ApiDb:274 - Set plugin database path to: C:\ST\STM32CubeIDE_1.7.0\STM32CubeIDE\plugins\com.st.stm32cube.common.mx_6.14.0.202502271554\\db\/plugins/boardmanager/
2025-03-05 09:44:16,784 [WARN] ApiDb:259 - Overriding images path with different value:  => C:\ST\STM32CubeIDE_1.7.0\STM32CubeIDE\plugins\com.st.stm32cube.common.mx_6.14.0.202502271554\\db\/plugins/mcufinder/images/
2025-03-05 09:44:19,108 [INFO] ApiDb:250 - Set database path to: C:\Users\catsa\.stmcufinder\plugins\mcufinder//mcu/
2025-03-05 09:44:19,109 [INFO] DbMcusAds:125 - Set database path to: C:\Users\catsa\.stmcufinder\plugins\mcufinder//mcu/
2025-03-05 09:44:19,247 [INFO] CrossReferenceDbSqlite:203 - Set database path to: C:\Users\catsa\.stmcufinder\plugins\mcufinder//mcu/cs/
2025-03-05 09:44:19,372 [INFO] RulesReader:64 - Compatibility file has been processed (301 Rules)
2025-03-05 09:44:19,469 [INFO] DbMcusXml:78 - Set database path to: C:\ST\STM32CubeIDE_1.7.0\STM32CubeIDE\plugins\com.st.stm32cube.common.mx_6.14.0.202502271554\\db\/mcu/
2025-03-05 09:44:19,469 [INFO] ApiDb:274 - Set plugin database path to: C:\ST\STM32CubeIDE_1.7.0\STM32CubeIDE\plugins\com.st.stm32cube.common.mx_6.14.0.202502271554\\db\/plugins/boardmanager/
2025-03-05 09:44:19,469 [INFO] ApiDb:261 - Set plugin images path to: C:\ST\STM32CubeIDE_1.7.0\STM32CubeIDE\plugins\com.st.stm32cube.common.mx_6.14.0.202502271554\\db\/plugins/mcufinder/images/
2025-03-05 09:44:19,470 [WARN] DbFile:41 - Overriding database path with different value: C:\Users\catsa\.stmcufinder\plugins\mcufinder/ => C:\Users\catsa\.stmcufinder\plugins\mcufinder
2025-03-05 09:44:19,470 [INFO] ApiDb:250 - Set database path to: C:\Users\catsa\.stmcufinder\plugins\mcufinder//mcu/
2025-03-05 09:44:19,470 [WARN] DbFile:41 - Overriding database path with different value: C:\Users\catsa\.stmcufinder\plugins\mcufinder/ => C:\Users\catsa\.stmcufinder\plugins\mcufinder
2025-03-05 09:44:19,470 [INFO] DbMcusAds:125 - Set database path to: C:\Users\catsa\.stmcufinder\plugins\mcufinder//mcu/
2025-03-05 09:44:19,470 [WARN] DbFile:41 - Overriding database path with different value: C:\Users\catsa\.stmcufinder\plugins\mcufinder/ => C:\Users\catsa\.stmcufinder\plugins\mcufinder
2025-03-05 09:44:19,470 [WARN] DbFile:41 - Overriding database path with different value: C:\Users\catsa\.stmcufinder\plugins\mcufinder/ => C:\Users\catsa\.stmcufinder\plugins\mcufinder
2025-03-05 09:44:19,470 [INFO] CrossReferenceDbSqlite:203 - Set database path to: C:\Users\catsa\.stmcufinder\plugins\mcufinder//mcu/cs/
2025-03-05 09:44:19,555 [INFO] MainPanel:272 - HeapMemory: 268435456
2025-03-05 09:44:19,638 [INFO] DbMcusXml:78 - Set database path to: C:\ST\STM32CubeIDE_1.7.0\STM32CubeIDE\plugins\com.st.stm32cube.common.mx_6.14.0.202502271554\\db\/mcu/
2025-03-05 09:44:19,638 [INFO] ApiDb:274 - Set plugin database path to: C:\ST\STM32CubeIDE_1.7.0\STM32CubeIDE\plugins\com.st.stm32cube.common.mx_6.14.0.202502271554\\db\/plugins/boardmanager/
2025-03-05 09:44:19,638 [INFO] ApiDb:261 - Set plugin images path to: C:\ST\STM32CubeIDE_1.7.0\STM32CubeIDE\plugins\com.st.stm32cube.common.mx_6.14.0.202502271554\\db\/plugins/mcufinder/images/
2025-03-05 09:44:19,639 [WARN] DbFile:41 - Overriding database path with different value: C:\Users\catsa\.stmcufinder\plugins\mcufinder/ => C:\Users\catsa\.stmcufinder\plugins\mcufinder
2025-03-05 09:44:19,639 [INFO] ApiDb:250 - Set database path to: C:\Users\catsa\.stmcufinder\plugins\mcufinder//mcu/
2025-03-05 09:44:19,639 [WARN] DbFile:41 - Overriding database path with different value: C:\Users\catsa\.stmcufinder\plugins\mcufinder/ => C:\Users\catsa\.stmcufinder\plugins\mcufinder
2025-03-05 09:44:19,639 [INFO] DbMcusAds:125 - Set database path to: C:\Users\catsa\.stmcufinder\plugins\mcufinder//mcu/
2025-03-05 09:44:19,639 [WARN] DbFile:41 - Overriding database path with different value: C:\Users\catsa\.stmcufinder\plugins\mcufinder/ => C:\Users\catsa\.stmcufinder\plugins\mcufinder
2025-03-05 09:44:19,639 [WARN] DbFile:41 - Overriding database path with different value: C:\Users\catsa\.stmcufinder\plugins\mcufinder/ => C:\Users\catsa\.stmcufinder\plugins\mcufinder
2025-03-05 09:44:19,639 [INFO] CrossReferenceDbSqlite:203 - Set database path to: C:\Users\catsa\.stmcufinder\plugins\mcufinder//mcu/cs/
2025-03-05 09:44:19,661 [INFO] ApplicationProperties:184 - Using Application install path: C:\ST\STM32CubeIDE_1.7.0\STM32CubeIDE\plugins\com.st.stm32cube.common.mx_6.14.0.202502271554
2025-03-05 09:44:19,663 [INFO] PluginManage:196 - Search for loadable plugins [exclusion list=, ]
2025-03-05 09:44:19,664 [INFO] PluginManage:310 - Check plugin analytics
2025-03-05 09:44:19,866 [INFO] AnalyticsPlugin:253 - Accepted Software Licenses: STM32CubeMX.6.3.0
2025-03-05 09:44:19,866 [INFO] AnalyticsPlugin:255 - Accepted CMSIS Pack Licenses: 
2025-03-05 09:44:19,866 [INFO] AnalyticsPlugin:257 - Accepted Firmware Licenses: FW.L4.1.18.0
2025-03-05 09:44:19,869 [INFO] PluginManage:359 - Loaded plugin analytics (category:tool,tabindex:-1)
2025-03-05 09:44:19,869 [INFO] PluginManage:310 - Check plugin cadmodel
2025-03-05 09:44:19,873 [INFO] CADModel:105 - Init CAD model plugin
2025-03-05 09:44:19,873 [INFO] PluginManage:359 - Loaded plugin cadmodel (category:power,tabindex:5)
2025-03-05 09:44:19,874 [INFO] PluginManage:310 - Check plugin clock
2025-03-05 09:44:19,883 [INFO] PluginManage:359 - Loaded plugin clock (category:base,tabindex:2)
2025-03-05 09:44:19,884 [INFO] PluginManage:310 - Check plugin ddr
2025-03-05 09:44:19,886 [INFO] PluginManage:359 - Loaded plugin ddr (category:tool,tabindex:6)
2025-03-05 09:44:19,886 [INFO] PluginManage:310 - Check plugin filemanager
2025-03-05 09:44:20,037 [INFO] PluginManage:359 - Loaded plugin filemanager (category:base,tabindex:10)
2025-03-05 09:44:20,037 [INFO] PluginManage:310 - Check plugin ipmanager
2025-03-05 09:44:20,048 [INFO] PluginManage:359 - Loaded plugin ipmanager (category:base,tabindex:5)
2025-03-05 09:44:20,048 [INFO] PluginManage:310 - Check plugin lpbam
2025-03-05 09:44:20,055 [INFO] PluginManage:359 - Loaded plugin lpbam (category:base,tabindex:0)
2025-03-05 09:44:20,055 [INFO] PluginManage:310 - Check plugin memorymap
2025-03-05 09:44:20,067 [INFO] PluginManage:359 - Loaded plugin memorymap (category:base,tabindex:4)
2025-03-05 09:44:20,067 [INFO] PluginManage:310 - Check plugin pinoutandconfiguration
2025-03-05 09:44:20,076 [INFO] PluginManage:359 - Loaded plugin pinoutandconfiguration (category:base,tabindex:1)
2025-03-05 09:44:20,076 [INFO] PluginManage:310 - Check plugin pinoutconfig
2025-03-05 09:44:20,167 [WARN] SupportedApi:132 - Cannot load RTOS API schema: s4s-elt-must-match.1: The content of 'definitions' must match (annotation?, (simpleType | complexType)?, (unique | key | keyref)*)). A problem was found starting at: attribute.
2025-03-05 09:44:20,289 [INFO] PluginManage:359 - Loaded plugin pinoutconfig (category:base,tabindex:0)
2025-03-05 09:44:20,289 [INFO] PluginManage:310 - Check plugin power
2025-03-05 09:44:20,297 [INFO] PluginManage:359 - Loaded plugin power (category:power,tabindex:4)
2025-03-05 09:44:20,298 [INFO] PluginManage:310 - Check plugin projectmanager
2025-03-05 09:44:20,312 [INFO] PluginManage:359 - Loaded plugin projectmanager (category:projectmanager,tabindex:4)
2025-03-05 09:44:20,312 [INFO] PluginManage:310 - Check plugin rif
2025-03-05 09:44:20,319 [INFO] PluginManage:359 - Loaded plugin rif (category:base,tabindex:3)
2025-03-05 09:44:20,319 [INFO] PluginManage:310 - Check plugin thirdparty
2025-03-05 09:44:20,444 [INFO] PluginManage:359 - Loaded plugin thirdparty (category:base,tabindex:-1)
2025-03-05 09:44:20,444 [WARN] IntegrityCheckThread:84 - waiting for thirdparty lock release [integrity check]
2025-03-05 09:44:20,444 [INFO] PluginManage:310 - Check plugin tools
2025-03-05 09:44:20,445 [INFO] IntegrityCheckThread:86 - entering critical section [integrity check]
2025-03-05 09:44:20,445 [INFO] ThirdPartyUpdaterWithRetryManager:70 - Updater plugin not ready yet. [1/15]
2025-03-05 09:44:20,448 [INFO] PluginManage:359 - Loaded plugin tools (category:base,tabindex:7)
2025-03-05 09:44:20,448 [INFO] PluginManage:310 - Check plugin tutovideos
2025-03-05 09:44:20,607 [INFO] PluginManage:359 - Loaded plugin tutovideos (category:base,tabindex:-1)
2025-03-05 09:44:20,607 [INFO] PluginManage:310 - Check plugin updater
2025-03-05 09:44:20,627 [INFO] PluginManage:359 - Loaded plugin updater (category:base,tabindex:12)
2025-03-05 09:44:20,627 [INFO] PluginManage:310 - Check plugin userauth
2025-03-05 09:44:20,631 [INFO] UserAuth:118 - Init User Auth plugin
2025-03-05 09:44:20,631 [INFO] PluginManage:359 - Loaded plugin userauth (category:base,tabindex:14)
2025-03-05 09:44:20,632 [INFO] PluginManage:283 - PluginManage : Loaded plugins [18]
2025-03-05 09:44:20,829 [INFO] PinOutPanel:1589 - setPackage(No Configuration,No Configuration)
2025-03-05 09:44:20,939 [INFO] CADModel:165 - CPN selected for project level
2025-03-05 09:44:20,939 [INFO] CADModel:114 - Register for checkConnection events
2025-03-05 09:44:20,955 [INFO] IPUIPlugin:80 - create IPUIPlugin
2025-03-05 09:44:20,956 [INFO] PluginManager:220 - loadIPPluginJar : add adc
2025-03-05 09:44:20,959 [INFO] IPUIPlugin:80 - create IPUIPlugin
2025-03-05 09:44:20,959 [INFO] PluginManager:220 - loadIPPluginJar : add aes
2025-03-05 09:44:20,962 [INFO] IPUIPlugin:80 - create IPUIPlugin
2025-03-05 09:44:20,962 [INFO] PluginManager:220 - loadIPPluginJar : add can
2025-03-05 09:44:20,964 [INFO] IPUIPlugin:80 - create IPUIPlugin
2025-03-05 09:44:20,964 [INFO] PluginManager:220 - loadIPPluginJar : add comp
2025-03-05 09:44:20,966 [INFO] IPUIPlugin:80 - create IPUIPlugin
2025-03-05 09:44:20,966 [INFO] PluginManager:220 - loadIPPluginJar : add cryp
2025-03-05 09:44:20,969 [INFO] IPUIPlugin:80 - create IPUIPlugin
2025-03-05 09:44:20,969 [INFO] PluginManager:220 - loadIPPluginJar : add ddr_ctrl_phy
2025-03-05 09:44:20,972 [INFO] IPUIPlugin:80 - create IPUIPlugin
2025-03-05 09:44:20,972 [INFO] PluginManager:220 - loadIPPluginJar : add dfsdm
2025-03-05 09:44:20,977 [INFO] IPUIPlugin:80 - create IPUIPlugin
2025-03-05 09:44:20,978 [INFO] PluginManager:220 - loadIPPluginJar : add dma
2025-03-05 09:44:20,981 [INFO] IPUIPlugin:80 - create IPUIPlugin
2025-03-05 09:44:20,981 [INFO] PluginManager:220 - loadIPPluginJar : add dma3
2025-03-05 09:44:20,984 [INFO] IPUIPlugin:80 - create IPUIPlugin
2025-03-05 09:44:20,984 [INFO] PluginManager:220 - loadIPPluginJar : add extmemmanager
2025-03-05 09:44:20,987 [INFO] IPUIPlugin:80 - create IPUIPlugin
2025-03-05 09:44:20,987 [INFO] PluginManager:220 - loadIPPluginJar : add fatfs
2025-03-05 09:44:20,992 [INFO] IPUIPlugin:80 - create IPUIPlugin
2025-03-05 09:44:20,992 [INFO] PluginManager:220 - loadIPPluginJar : add fmc
2025-03-05 09:44:20,997 [INFO] IPUIPlugin:80 - create IPUIPlugin
2025-03-05 09:44:20,998 [INFO] PluginManager:220 - loadIPPluginJar : add freertos
2025-03-05 09:44:20,999 [INFO] IPUIPlugin:80 - create IPUIPlugin
2025-03-05 09:44:20,999 [INFO] PluginManager:220 - loadIPPluginJar : add genericplugin
2025-03-05 09:44:21,002 [INFO] IPUIPlugin:80 - create IPUIPlugin
2025-03-05 09:44:21,002 [INFO] PluginManager:220 - loadIPPluginJar : add gfxmmu
2025-03-05 09:44:21,006 [INFO] IPUIPlugin:80 - create IPUIPlugin
2025-03-05 09:44:21,007 [INFO] PluginManager:220 - loadIPPluginJar : add gic
2025-03-05 09:44:21,011 [INFO] IPUIPlugin:80 - create IPUIPlugin
2025-03-05 09:44:21,011 [INFO] PluginManager:220 - loadIPPluginJar : add gpio
2025-03-05 09:44:21,014 [INFO] IPUIPlugin:80 - create IPUIPlugin
2025-03-05 09:44:21,014 [INFO] PluginManager:220 - loadIPPluginJar : add gtzc
2025-03-05 09:44:21,016 [INFO] IPUIPlugin:80 - create IPUIPlugin
2025-03-05 09:44:21,016 [INFO] PluginManager:220 - loadIPPluginJar : add hash
2025-03-05 09:44:21,019 [INFO] IPUIPlugin:80 - create IPUIPlugin
2025-03-05 09:44:21,019 [INFO] PluginManager:220 - loadIPPluginJar : add i2c
2025-03-05 09:44:21,021 [INFO] IPUIPlugin:80 - create IPUIPlugin
2025-03-05 09:44:21,021 [INFO] PluginManager:220 - loadIPPluginJar : add i2s
2025-03-05 09:44:21,024 [INFO] IPUIPlugin:80 - create IPUIPlugin
2025-03-05 09:44:21,024 [INFO] PluginManager:220 - loadIPPluginJar : add i3c
2025-03-05 09:44:21,027 [INFO] IPUIPlugin:80 - create IPUIPlugin
2025-03-05 09:44:21,027 [INFO] PluginManager:220 - loadIPPluginJar : add ipddr
2025-03-05 09:44:21,034 [INFO] IPUIPlugin:80 - create IPUIPlugin
2025-03-05 09:44:21,035 [INFO] PluginManager:220 - loadIPPluginJar : add linkedlist
2025-03-05 09:44:21,038 [INFO] IPUIPlugin:80 - create IPUIPlugin
2025-03-05 09:44:21,038 [INFO] PluginManager:220 - loadIPPluginJar : add lorawan
2025-03-05 09:44:21,039 [INFO] IPUIPlugin:80 - create IPUIPlugin
2025-03-05 09:44:21,040 [INFO] PluginManager:220 - loadIPPluginJar : add ltdc
2025-03-05 09:44:21,044 [INFO] IPUIPlugin:80 - create IPUIPlugin
2025-03-05 09:44:21,044 [INFO] PluginManager:220 - loadIPPluginJar : add mdma
2025-03-05 09:44:21,047 [INFO] IPUIPlugin:80 - create IPUIPlugin
2025-03-05 09:44:21,047 [INFO] PluginManager:220 - loadIPPluginJar : add nvic
2025-03-05 09:44:21,050 [INFO] IPUIPlugin:80 - create IPUIPlugin
2025-03-05 09:44:21,050 [INFO] PluginManager:220 - loadIPPluginJar : add opamp
2025-03-05 09:44:21,052 [INFO] IPUIPlugin:80 - create IPUIPlugin
2025-03-05 09:44:21,052 [INFO] PluginManager:220 - loadIPPluginJar : add openamp
2025-03-05 09:44:21,056 [INFO] IPUIPlugin:80 - create IPUIPlugin
2025-03-05 09:44:21,056 [INFO] PluginManager:220 - loadIPPluginJar : add pdm2pcm
2025-03-05 09:44:21,060 [INFO] IPUIPlugin:80 - create IPUIPlugin
2025-03-05 09:44:21,062 [INFO] PluginManager:220 - loadIPPluginJar : add plateformsettings
2025-03-05 09:44:21,064 [INFO] IPUIPlugin:80 - create IPUIPlugin
2025-03-05 09:44:21,064 [INFO] PluginManager:220 - loadIPPluginJar : add quadspi
2025-03-05 09:44:21,066 [INFO] IPUIPlugin:80 - create IPUIPlugin
2025-03-05 09:44:21,066 [INFO] PluginManager:220 - loadIPPluginJar : add radio
2025-03-05 09:44:21,069 [INFO] IPUIPlugin:80 - create IPUIPlugin
2025-03-05 09:44:21,070 [INFO] PluginManager:220 - loadIPPluginJar : add resmgrutility
2025-03-05 09:44:21,073 [INFO] IPUIPlugin:80 - create IPUIPlugin
2025-03-05 09:44:21,073 [INFO] PluginManager:220 - loadIPPluginJar : add sai
2025-03-05 09:44:21,076 [INFO] IPUIPlugin:80 - create IPUIPlugin
2025-03-05 09:44:21,076 [INFO] PluginManager:220 - loadIPPluginJar : add spi
2025-03-05 09:44:21,082 [INFO] IPUIPlugin:80 - create IPUIPlugin
2025-03-05 09:44:21,083 [INFO] PluginManager:220 - loadIPPluginJar : add stm32_wpan
2025-03-05 09:44:21,085 [INFO] IPUIPlugin:80 - create IPUIPlugin
2025-03-05 09:44:21,085 [INFO] PluginManager:220 - loadIPPluginJar : add tim
2025-03-05 09:44:21,088 [INFO] IPUIPlugin:80 - create IPUIPlugin
2025-03-05 09:44:21,089 [INFO] PluginManager:220 - loadIPPluginJar : add touchsensing
2025-03-05 09:44:21,091 [INFO] IPUIPlugin:80 - create IPUIPlugin
2025-03-05 09:44:21,091 [INFO] PluginManager:220 - loadIPPluginJar : add tracer_emb
2025-03-05 09:44:21,093 [INFO] IPUIPlugin:80 - create IPUIPlugin
2025-03-05 09:44:21,093 [INFO] PluginManager:220 - loadIPPluginJar : add ts
2025-03-05 09:44:21,095 [INFO] IPUIPlugin:80 - create IPUIPlugin
2025-03-05 09:44:21,095 [INFO] PluginManager:220 - loadIPPluginJar : add tsc
2025-03-05 09:44:21,098 [INFO] IPUIPlugin:80 - create IPUIPlugin
2025-03-05 09:44:21,098 [INFO] PluginManager:220 - loadIPPluginJar : add ucpd
2025-03-05 09:44:21,102 [INFO] IPUIPlugin:80 - create IPUIPlugin
2025-03-05 09:44:21,102 [INFO] PluginManager:220 - loadIPPluginJar : add usart
2025-03-05 09:44:21,106 [INFO] IPUIPlugin:80 - create IPUIPlugin
2025-03-05 09:44:21,106 [INFO] PluginManager:220 - loadIPPluginJar : add usbx
2025-03-05 09:44:21,252 [FATAL] Updater:351 - Updater called before beeing initialized
2025-03-05 09:44:21,273 [INFO] RulesReader:64 - Compatibility file has been processed (301 Rules)
2025-03-05 09:44:21,282 [INFO] RulesReader:64 - Compatibility file has been processed (301 Rules)
2025-03-05 09:44:21,288 [INFO] CADModel:165 - CPN selected for project level
2025-03-05 09:44:21,288 [INFO] CADModel:114 - Register for checkConnection events
2025-03-05 09:44:21,288 [FATAL] Updater:351 - Updater called before beeing initialized
2025-03-05 09:44:21,288 [ERROR] CADModel:125 - Updater not yet initialized, retry later 
2025-03-05 09:44:21,412 [FATAL] Updater:351 - Updater called before beeing initialized
2025-03-05 09:44:21,414 [INFO] CADModel:165 - CPN selected for project level
2025-03-05 09:44:21,414 [INFO] CADModel:114 - Register for checkConnection events
2025-03-05 09:44:21,414 [FATAL] Updater:351 - Updater called before beeing initialized
2025-03-05 09:44:21,414 [ERROR] CADModel:125 - Updater not yet initialized, retry later 
2025-03-05 09:44:21,418 [FATAL] Updater:351 - Updater called before beeing initialized
2025-03-05 09:44:21,557 [FATAL] Updater:351 - Updater called before beeing initialized
2025-03-05 09:44:21,561 [INFO] DbMcusAds:53 - JSON generation date=Thu Sep 30 15:55:09 KST 2021 (1632984909247)
2025-03-05 09:44:21,561 [FATAL] Updater:351 - Updater called before beeing initialized
2025-03-05 09:44:21,597 [WARN] DetailPanel:346 - Failed to get advertising image, set to default
2025-03-05 09:44:21,893 [FATAL] Updater:351 - Updater called before beeing initialized
2025-03-05 09:44:21,894 [FATAL] Updater:351 - Updater called before beeing initialized
2025-03-05 09:44:21,894 [FATAL] Updater:351 - Updater called before beeing initialized
2025-03-05 09:44:21,895 [WARN] DetailPanel:346 - Failed to get advertising image, set to default
2025-03-05 09:44:21,895 [FATAL] Updater:351 - Updater called before beeing initialized
2025-03-05 09:44:21,938 [ERROR] Updater:1198 - MainUpdater not yet initialized. External WinMGr cannot be set.
2025-03-05 09:44:21,940 [INFO] Updater:1134 - Updater Version found : 6.14.0
2025-03-05 09:44:21,952 [INFO] ApplicationProperties:184 - Using Application install path: C:\ST\STM32CubeIDE_1.7.0\STM32CubeIDE\plugins\com.st.stm32cube.common.mx_6.14.0.202502271554
2025-03-05 09:44:22,007 [INFO] MainUpdater:525 - Copy updater definitions from MX database
2025-03-05 09:44:22,344 [INFO] MainUpdater:2872 - connection check result : 10
2025-03-05 09:44:22,344 [INFO] MainUpdater:3566 - Updater definition file requires update
2025-03-05 09:44:22,345 [INFO] MainUpdater:289 - Updater Check For Update Now.
2025-03-05 09:44:22,345 [INFO] MicroXplorer:498 - Change Database Version : DB.6.0.140
2025-03-05 09:44:22,350 [INFO] McuFinderGlobals:63 - Set McuFinder mode to 2 (CubeIDE integrated)
2025-03-05 09:44:22,350 [INFO] UserAuth:486 - Internet connection configuration mode: 1
2025-03-05 09:44:22,362 [INFO] JxBrowserEngine:152 - Initiate JxBrowser Engine with user profile folder
2025-03-05 09:44:22,440 [INFO] ServerAccessManage:473 - Download File updaters.zip
2025-03-05 09:44:22,738 [INFO] FileExtend:242 - Unzip File : updaters.zip
2025-03-05 09:44:22,739 [INFO] FileExtend:257 - Standard Zip Deflate
2025-03-05 09:44:23,154 [INFO] ServerAccessManage:473 - Download File PacksControlFlags.xml
2025-03-05 09:44:23,336 [INFO] ServerAccessManage:473 - Download File cubemx.pidx
2025-03-05 09:44:23,432 [INFO] LoadServerUpdatesThread:375 - End of LoadServerUpdate Thread
2025-03-05 09:44:23,446 [WARN] MainUpdater:1193 - Updater busy. Cannot search thirdparties
2025-03-05 09:44:23,446 [INFO] ThirdPartyUpdaterWithRetryManager:96 - Updater plugin is busy. [1/15]
2025-03-05 09:44:23,604 [INFO] CheckServerUpdateThread:120 - End of CheckServer Thread
2025-03-05 09:44:26,810 [WARN] PackLoader:240 - Cannot read IP mode file for STMicroelectronics.FP-SNS-MOTENVWB1.1.4.0
2025-03-05 09:44:26,819 [WARN] PackLoader:240 - Cannot read IP mode file for STMicroelectronics.FP-ATR-ASTRA1.2.0.2
2025-03-05 09:44:26,823 [WARN] PackLoader:240 - Cannot read IP mode file for STMicroelectronics.FP-ATR-ASTRA1.2.0.1
2025-03-05 09:44:26,831 [WARN] PackLoader:240 - Cannot read IP mode file for STMicroelectronics.X-CUBE-SMBUS.2.1.0
2025-03-05 09:44:26,840 [WARN] PackLoader:240 - Cannot read IP mode file for STMicroelectronics.X-CUBE-WB05N.1.1.0
2025-03-05 09:44:26,845 [WARN] PackLoader:240 - Cannot read IP mode file for STMicroelectronics.X-CUBE-TOUCHGFX.4.23.1
2025-03-05 09:44:26,848 [WARN] PackLoader:240 - Cannot read IP mode file for STMicroelectronics.X-CUBE-TOUCHGFX.4.23.0
2025-03-05 09:44:26,851 [WARN] PackLoader:240 - Cannot read IP mode file for STMicroelectronics.X-CUBE-TOUCHGFX.4.23.2
2025-03-05 09:44:26,882 [WARN] PackLoader:240 - Cannot read IP mode file for STMicroelectronics.X-CUBE-AZRTOS-F7.1.1.0
2025-03-05 09:44:26,890 [ERROR] RealEvaluatedCondition:428 - Found unsupported composite condition: CLASS='Data Exchange' GROUP='STM32_MetaDataManager'
2025-03-05 09:44:26,890 [ERROR] RealEvaluatedCondition:428 - Found unsupported composite condition: CLASS='Data Exchange' GROUP='STM32_MetaDataManager'
2025-03-05 09:44:26,892 [WARN] PackLoader:240 - Cannot read IP mode file for STMicroelectronics.FP-SNS-MOTENV1.4.3.0
2025-03-05 09:44:26,898 [WARN] PackLoader:240 - Cannot read IP mode file for STMicroelectronics.FP-SNS-MOTENV1.4.3.2
2025-03-05 09:44:26,904 [WARN] PackLoader:240 - Cannot read IP mode file for STMicroelectronics.FP-SNS-FLIGHT1.5.0.0
2025-03-05 09:44:26,908 [ERROR] RealEvaluatedCondition:428 - Found unsupported composite condition: GROUP='STM32_MetaDataManager' CLASS='Data Exchange'
2025-03-05 09:44:26,908 [ERROR] RealEvaluatedCondition:428 - Found unsupported composite condition: CLASS='Data Exchange' GROUP='STM32_MetaDataManager'
2025-03-05 09:44:26,910 [WARN] PackLoader:240 - Cannot read IP mode file for STMicroelectronics.FP-SNS-MOTENV1.4.3.1
2025-03-05 09:44:26,915 [WARN] PackLoader:240 - Cannot read IP mode file for STMicroelectronics.FP-SNS-FLIGHT1.5.0.1
2025-03-05 09:44:26,922 [WARN] PackLoader:240 - Cannot read IP mode file for STMicroelectronics.X-CUBE-BLE1.6.2.3
2025-03-05 09:44:26,978 [WARN] PackLoader:240 - Cannot read IP mode file for STMicroelectronics.X-CUBE-MEMS1.11.0.0
2025-03-05 09:44:27,146 [WARN] PackLoader:240 - Cannot read IP mode file for STMicroelectronics.X-CUBE-BLE1.6.2.4
2025-03-05 09:44:27,153 [WARN] PackLoader:240 - Cannot read IP mode file for STMicroelectronics.FP-SNS-FLIGHT1.5.0.2
2025-03-05 09:44:27,161 [WARN] PackLoader:240 - Cannot read IP mode file for STMicroelectronics.X-CUBE-DISPLAY.3.0.0
2025-03-05 09:44:27,168 [WARN] PackLoader:240 - Cannot read IP mode file for STMicroelectronics.X-CUBE-BLE1.7.0.0
2025-03-05 09:44:27,175 [WARN] PackLoader:240 - Cannot read IP mode file for STMicroelectronics.X-CUBE-NFC10.1.0.0
2025-03-05 09:44:27,187 [WARN] PackLoader:240 - Cannot read IP mode file for STMicroelectronics.X-CUBE-BLEMGR.4.0.0
2025-03-05 09:44:27,193 [WARN] PackLoader:240 - Cannot read IP mode file for STMicroelectronics.X-CUBE-TOUCHGFX.4.22.0
2025-03-05 09:44:27,196 [WARN] PackLoader:240 - Cannot read IP mode file for STMicroelectronics.X-CUBE-TOUCHGFX.4.22.1
2025-03-05 09:44:27,232 [WARN] PackLoader:240 - Cannot read IP mode file for STMicroelectronics.X-CUBE-MEMS1.9.3.0
2025-03-05 09:44:27,352 [WARN] PackLoader:240 - Cannot read IP mode file for STMicroelectronics.X-CUBE-BLEMGR.3.1.0
2025-03-05 09:44:27,360 [WARN] PackLoader:240 - Cannot read IP mode file for STMicroelectronics.X-CUBE-AI.10.0.0
2025-03-05 09:44:27,365 [WARN] PackLoader:240 - Cannot read IP mode file for STMicroelectronics.FP-SNS-SMARTAG2.1.2.0
2025-03-05 09:44:27,424 [WARN] PackLoader:240 - Cannot read IP mode file for STMicroelectronics.X-CUBE-MEMS1.11.1.0
2025-03-05 09:44:27,537 [INFO] LogOutputStream:77 - [STDOUT_REDIRECT] 1 : Invalid condition id : UX_CORESTACK_Condition cause : null
2025-03-05 09:44:27,537 [INFO] LogOutputStream:77 - [STDOUT_REDIRECT] 1 : Invalid condition id : UX_CORESTACK_Condition cause : null
2025-03-05 09:44:27,538 [INFO] LogOutputStream:77 - [STDOUT_REDIRECT] 1 : Invalid condition id : UX_CORESTACK_Condition cause : null
2025-03-05 09:44:27,540 [INFO] LogOutputStream:77 - [STDOUT_REDIRECT] 1 : Invalid condition id : UX_CORESTACK_Condition cause : null
2025-03-05 09:44:27,541 [INFO] LogOutputStream:77 - [STDOUT_REDIRECT] 1 : Invalid condition id : UX_CORESTACK_Condition cause : null
2025-03-05 09:44:27,544 [WARN] PackLoader:240 - Cannot read IP mode file for STMicroelectronics.X-CUBE-AZRTOS-WL.2.0.0
2025-03-05 09:44:27,549 [WARN] PackLoader:240 - Cannot read IP mode file for STMicroelectronics.FP-SNS-MOTENV1.5.0.0
2025-03-05 09:44:27,555 [WARN] PackLoader:240 - Cannot read IP mode file for wolfSSL.I-CUBE-wolfMQTT.1.19.0
2025-03-05 09:44:27,563 [WARN] PackLoader:240 - Cannot read IP mode file for WES.I-CUBE-Cesium.1.3.0
2025-03-05 09:44:27,567 [WARN] PackLoader:240 - Cannot read IP mode file for STMicroelectronics.X-CUBE-BLE2.3.3.0
2025-03-05 09:44:27,571 [INFO] WebApp:169 - Instantiating new browser for Auth
2025-03-05 09:44:27,572 [WARN] PackLoader:240 - Cannot read IP mode file for STMicroelectronics.X-CUBE-DISPLAY.2.2.0
2025-03-05 09:44:27,584 [WARN] PackLoader:240 - Cannot read IP mode file for STMicroelectronics.X-CUBE-TOF1.3.2.0
2025-03-05 09:44:27,594 [WARN] PackLoader:240 - Cannot read IP mode file for STMicroelectronics.X-CUBE-NFC9.1.0.0
2025-03-05 09:44:27,614 [WARN] PackLoader:240 - Cannot read IP mode file for STMicroelectronics.X-CUBE-AZRTOS-H7.2.1.0
2025-03-05 09:44:27,621 [WARN] PackLoader:240 - Cannot read IP mode file for STMicroelectronics.X-CUBE-BLE1.7.1.0
2025-03-05 09:44:27,645 [WARN] PackLoader:240 - Cannot read IP mode file for STMicroelectronics.X-CUBE-TCPP.4.1.0
2025-03-05 09:44:27,653 [WARN] PackLoader:240 - Cannot read IP mode file for STMicroelectronics.X-CUBE-TOUCHGFX.4.21.1
2025-03-05 09:44:27,655 [WARN] PackLoader:240 - Cannot read IP mode file for STMicroelectronics.X-CUBE-TOUCHGFX.4.21.0
2025-03-05 09:44:27,658 [WARN] PackLoader:240 - Cannot read IP mode file for STMicroelectronics.X-CUBE-TOUCHGFX.4.21.3
2025-03-05 09:44:27,661 [WARN] PackLoader:240 - Cannot read IP mode file for STMicroelectronics.X-CUBE-TOUCHGFX.4.21.4
2025-03-05 09:44:27,703 [WARN] PackLoader:240 - Cannot read IP mode file for STMicroelectronics.X-CUBE-MEMS1.9.4.0
2025-03-05 09:44:27,804 [WARN] PackLoader:240 - Cannot read IP mode file for STMicroelectronics.X-CUBE-AI.7.3.0
2025-03-05 09:44:27,810 [WARN] PackLoader:240 - Cannot read IP mode file for STMicroelectronics.X-CUBE-ALGOBUILD.1.3.0
2025-03-05 09:44:27,825 [WARN] PackLoader:240 - Cannot read IP mode file for STMicroelectronics.X-CUBE-AZRTOS-G0.1.1.0
2025-03-05 09:44:27,833 [WARN] PackLoader:240 - Cannot read IP mode file for STMicroelectronics.X-CUBE-SAFEA1.1.2.2
2025-03-05 09:44:27,838 [WARN] PackLoader:240 - Cannot read IP mode file for STMicroelectronics.X-CUBE-NFC4.3.0.0
2025-03-05 09:44:27,868 [WARN] PackLoader:240 - Cannot read IP mode file for SEGGER.I-CUBE-embOS.1.2.1
2025-03-05 09:44:27,894 [WARN] PackLoader:240 - Cannot read IP mode file for wolfSSL.I-CUBE-wolfMQTT.1.18.0
2025-03-05 09:44:27,902 [WARN] PackLoader:240 - Cannot read IP mode file for EmbeddedOffice.I-CUBE-FS-RTOS.1.0.1
2025-03-05 09:44:27,910 [WARN] PackLoader:240 - Cannot read IP mode file for STMicroelectronics.X-CUBE-BLEMGR.3.0.0
2025-03-05 09:44:27,917 [WARN] PackLoader:240 - Cannot read IP mode file for STMicroelectronics.X-CUBE-BLEMGR.1.3.0
2025-03-05 09:44:27,922 [WARN] PackLoader:240 - Cannot read IP mode file for STMicroelectronics.X-CUBE-TCPP.4.2.0
2025-03-05 09:44:27,928 [WARN] PackLoader:240 - Cannot read IP mode file for RealThread.X-CUBE-RT-Thread_Nano.4.1.1
2025-03-05 09:44:27,932 [WARN] PackLoader:240 - Cannot read IP mode file for STMicroelectronics.FP-ATR-SIGFOX1.3.2.0
2025-03-05 09:44:27,938 [WARN] ConditionMgr:438 - getConditionDescription Invalid condition id : Cortex-A Device cause : null
2025-03-05 09:44:27,957 [WARN] ConditionMgr:1044 - genDependencies : Invalid condition id : Cortex-A Device cause : null
2025-03-05 09:44:27,957 [WARN] ConditionMgr:1044 - genDependencies : Invalid condition id : Cortex-A Device cause : null
2025-03-05 09:44:27,957 [WARN] ConditionMgr:1044 - genDependencies : Invalid condition id : Cortex-A Device cause : null
2025-03-05 09:44:27,963 [WARN] PackLoader:240 - Cannot read IP mode file for STMicroelectronics.X-CUBE-EEPRMA1.5.1.0
2025-03-05 09:44:27,967 [WARN] PackLoader:240 - Cannot read IP mode file for STMicroelectronics.X-CUBE-TOUCHGFX.4.20.0
2025-03-05 09:44:28,003 [WARN] PackLoader:240 - Cannot read IP mode file for STMicroelectronics.X-CUBE-MEMS1.9.5.0
2025-03-05 09:44:28,129 [WARN] PackLoader:240 - Cannot read IP mode file for SEGGER.I-CUBE-embOS.1.3.1
2025-03-05 09:44:28,158 [WARN] PackLoader:240 - Cannot read IP mode file for STMicroelectronics.X-CUBE-ALGOBUILD.1.4.0
2025-03-05 09:44:28,162 [WARN] PackLoader:240 - Cannot read IP mode file for STMicroelectronics.X-CUBE-AI.9.1.0
2025-03-05 09:44:28,168 [WARN] PackLoader:240 - Cannot read IP mode file for STMicroelectronics.X-CUBE-GNSS1.6.0.0
2025-03-05 09:44:28,185 [WARN] PackLoader:240 - Cannot read IP mode file for STMicroelectronics.X-CUBE-AZRTOS-F4.1.1.0
2025-03-05 09:44:28,191 [WARN] PackLoader:240 - Cannot read IP mode file for STMicroelectronics.X-CUBE-ISPU.2.1.0
2025-03-05 09:44:28,195 [WARN] PackLoader:240 - Cannot read IP mode file for STMicroelectronics.X-CUBE-FREERTOS.1.2.0
2025-03-05 09:44:28,201 [WARN] PackLoader:240 - Cannot read IP mode file for STMicroelectronics.X-CUBE-BLEMGR.1.2.0
2025-03-05 09:44:28,218 [WARN] PackLoader:240 - Cannot read IP mode file for STMicroelectronics.X-CUBE-AZRTOS-L5.2.0.0
2025-03-05 09:44:28,254 [WARN] PackLoader:240 - Cannot read IP mode file for STMicroelectronics.X-CUBE-MEMS1.9.6.0
2025-03-05 09:44:28,362 [WARN] PackLoader:240 - Cannot read IP mode file for STMicroelectronics.X-CUBE-EEPRMA1.4.2.0
2025-03-05 09:44:28,369 [WARN] PackLoader:240 - Cannot read IP mode file for STMicroelectronics.X-CUBE-NFC6.3.1.0
2025-03-05 09:44:28,375 [WARN] PackLoader:240 - Cannot read IP mode file for ITTIA_DB.I-CUBE-ITTIADB.8.8.0
2025-03-05 09:44:28,382 [WARN] PackLoader:240 - Cannot read IP mode file for emotas.I-CUBE-CANOPEN.1.1.3
2025-03-05 09:44:28,388 [WARN] PackLoader:240 - Cannot read IP mode file for STMicroelectronics.X-CUBE-BLEMGR.2.0.0
2025-03-05 09:44:28,395 [WARN] PackLoader:240 - Cannot read IP mode file for STMicroelectronics.X-CUBE-DPower.1.2.0
2025-03-05 09:44:28,398 [WARN] PackLoader:240 - Cannot read IP mode file for STMicroelectronics.X-CUBE-NFC4.2.0.5
2025-03-05 09:44:28,401 [WARN] PackLoader:240 - Cannot read IP mode file for STMicroelectronics.X-CUBE-AI.9.0.0
2025-03-05 09:44:28,411 [WARN] ConditionMgr:438 - getConditionDescription Invalid condition id : UX DEVICE CLASS RTOS Condition cause : null
2025-03-05 09:44:28,412 [WARN] ConditionMgr:438 - getConditionDescription Invalid condition id : UX DEVICE CLASS RTOS Condition cause : null
2025-03-05 09:44:28,414 [WARN] PackLoader:240 - Cannot read IP mode file for STMicroelectronics.X-CUBE-AZRTOS-H7.3.1.0
2025-03-05 09:44:28,415 [WARN] ConditionMgr:1044 - genDependencies : Invalid condition id : UX DEVICE CLASS RTOS Condition cause : null
2025-03-05 09:44:28,415 [WARN] ConditionMgr:1044 - genDependencies : Invalid condition id : UX DEVICE CLASS RTOS Condition cause : null
2025-03-05 09:44:28,416 [WARN] ConditionMgr:1044 - genDependencies : Invalid condition id : UX DEVICE CLASS RTOS Condition cause : null
2025-03-05 09:44:28,416 [WARN] ConditionMgr:1044 - genDependencies : Invalid condition id : UX DEVICE CLASS RTOS Condition cause : null
2025-03-05 09:44:28,416 [WARN] ConditionMgr:1044 - genDependencies : Invalid condition id : UX DEVICE CLASS RTOS Condition cause : null
2025-03-05 09:44:28,421 [WARN] PackLoader:240 - Cannot read IP mode file for wolfSSL.I-CUBE-wolfSSL.5.5.3
2025-03-05 09:44:28,425 [WARN] PackLoader:240 - Cannot read IP mode file for STMicroelectronics.X-CUBE-FREERTOS.1.3.0
2025-03-05 09:44:28,430 [WARN] PackLoader:240 - Cannot read IP mode file for STMicroelectronics.X-CUBE-NFC7.1.0.1
2025-03-05 09:44:28,434 [WARN] PackLoader:240 - Cannot read IP mode file for STMicroelectronics.X-CUBE-NFC7.1.0.0
2025-03-05 09:44:28,438 [WARN] PackLoader:240 - Cannot read IP mode file for wolfSSL.I-CUBE-wolfTPM.3.2.0
2025-03-05 09:44:28,443 [WARN] PackLoader:240 - Cannot read IP mode file for STMicroelectronics.X-CUBE-NFC6.3.0.0
2025-03-05 09:44:28,451 [WARN] PackLoader:240 - Cannot read IP mode file for STMicroelectronics.X-CUBE-EEPRMA1.4.1.0
2025-03-05 09:44:28,455 [WARN] PackLoader:240 - Cannot read IP mode file for STMicroelectronics.X-CUBE-AI.8.1.0
2025-03-05 09:44:28,471 [WARN] ConditionMgr:438 - getConditionDescription Invalid condition id : LAN8742 Phy interface Condition cause : null
2025-03-05 09:44:28,471 [WARN] PackLoader:240 - Cannot read IP mode file for STMicroelectronics.X-CUBE-AZRTOS-L4.2.0.0
2025-03-05 09:44:28,473 [WARN] ConditionMgr:1044 - genDependencies : Invalid condition id : LAN8742 Phy interface Condition cause : null
2025-03-05 09:44:28,473 [WARN] ConditionMgr:1044 - genDependencies : Invalid condition id : LAN8742 Phy interface Condition cause : null
2025-03-05 09:44:28,473 [WARN] ConditionMgr:1044 - genDependencies : Invalid condition id : LAN8742 Phy interface Condition cause : null
2025-03-05 09:44:28,480 [WARN] PackLoader:240 - Cannot read IP mode file for STMicroelectronics.X-CUBE-SFXS2LP1.4.0.0
2025-03-05 09:44:28,497 [WARN] PackLoader:240 - Cannot read IP mode file for STMicroelectronics.X-CUBE-AZRTOS-H7.3.0.0
2025-03-05 09:44:28,503 [WARN] PackLoader:240 - Cannot read IP mode file for STMicroelectronics.X-CUBE-ISPU.1.1.0
2025-03-05 09:44:28,530 [WARN] PackLoader:240 - Cannot read IP mode file for STMicroelectronics.X-CUBE-AZRTOS-H7.3.3.0
2025-03-05 09:44:28,543 [WARN] PackLoader:240 - Cannot read IP mode file for RoweBots.I-CUBE-UNISONRTOS.5.5.0-4
2025-03-05 09:44:28,582 [WARN] PackLoader:240 - Cannot read IP mode file for STMicroelectronics.X-CUBE-AI.8.0.0
2025-03-05 09:44:28,616 [WARN] PackLoader:240 - Cannot read IP mode file for STMicroelectronics.X-CUBE-IPS.3.0.0
2025-03-05 09:44:28,630 [WARN] ConditionMgr:438 - getConditionDescription Invalid condition id : UX DEVICE CLASS RTOS Condition cause : null
2025-03-05 09:44:28,631 [WARN] ConditionMgr:438 - getConditionDescription Invalid condition id : UX DEVICE CLASS RTOS Condition cause : null
2025-03-05 09:44:28,633 [WARN] PackLoader:240 - Cannot read IP mode file for STMicroelectronics.X-CUBE-AZRTOS-WB.2.0.0
2025-03-05 09:44:28,655 [WARN] ConditionMgr:1044 - genDependencies : Invalid condition id : UX DEVICE CLASS RTOS Condition cause : null
2025-03-05 09:44:28,656 [WARN] ConditionMgr:1044 - genDependencies : Invalid condition id : UX DEVICE CLASS RTOS Condition cause : null
2025-03-05 09:44:28,656 [WARN] ConditionMgr:1044 - genDependencies : Invalid condition id : UX DEVICE CLASS RTOS Condition cause : null
2025-03-05 09:44:28,656 [WARN] ConditionMgr:1044 - genDependencies : Invalid condition id : UX DEVICE CLASS RTOS Condition cause : null
2025-03-05 09:44:28,657 [WARN] ConditionMgr:1044 - genDependencies : Invalid condition id : UX DEVICE CLASS RTOS Condition cause : null
2025-03-05 09:44:28,661 [WARN] PackLoader:240 - Cannot read IP mode file for STMicroelectronics.X-CUBE-FREERTOS.1.0.0
2025-03-05 09:44:28,665 [WARN] PackLoader:240 - Cannot read IP mode file for STMicroelectronics.X-CUBE-FREERTOS.1.0.1
2025-03-05 09:44:28,669 [WARN] PackLoader:240 - Cannot read IP mode file for STMicroelectronics.X-CUBE-GNSS1.7.0.0
2025-03-05 09:44:28,673 [WARN] PackLoader:240 - Cannot read IP mode file for STMicroelectronics.X-CUBE-GNSS1.7.0.1
2025-03-05 09:44:28,680 [WARN] PackLoader:240 - Cannot read IP mode file for STMicroelectronics.FP-SNS-STBOX1.2.0.0
2025-03-05 09:44:28,693 [WARN] PackLoader:240 - Cannot read IP mode file for STMicroelectronics.X-CUBE-AZRTOS-L5.1.1.0
2025-03-05 09:44:28,698 [WARN] PackLoader:240 - Cannot read IP mode file for STMicroelectronics.X-CUBE-AI.8.0.1
2025-03-05 09:44:28,707 [WARN] PackLoader:240 - Cannot read IP mode file for STMicroelectronics.X-CUBE-SUBG2.5.0.0
2025-03-05 09:44:28,714 [WARN] PackLoader:240 - Cannot read IP mode file for Cesanta.I-CUBE-Mongoose.7.13.0
2025-03-05 09:44:28,721 [WARN] PackLoader:240 - Cannot read IP mode file for STMicroelectronics.X-CUBE-TOF1.3.3.1
2025-03-05 09:44:28,739 [WARN] PackLoader:240 - Cannot read IP mode file for STMicroelectronics.X-CUBE-AZRTOS-G4.2.0.0
2025-03-05 09:44:28,749 [WARN] PackLoader:240 - Cannot read IP mode file for STMicroelectronics.X-CUBE-TOF1.3.3.0
2025-03-05 09:44:28,758 [WARN] PackLoader:240 - Cannot read IP mode file for STMicroelectronics.FP-ATR-ASTRA1.1.1.1
2025-03-05 09:44:28,769 [WARN] PackLoader:240 - Cannot read IP mode file for Infineon.AIROC-Wi-Fi-Bluetooth-STM32.1.5.1
2025-03-05 09:44:28,774 [WARN] PackLoader:240 - Cannot read IP mode file for STMicroelectronics.FP-SNS-MOTENVWB1.1.3.0
2025-03-05 09:44:28,778 [WARN] PackLoader:240 - Cannot read IP mode file for STMicroelectronics.FP-SNS-MOTENVWB1.1.3.1
2025-03-05 09:44:28,789 [WARN] PackLoader:240 - Cannot read IP mode file for STMicroelectronics.X-CUBE-AZRTOS-G4.1.0.0
2025-03-05 09:44:28,802 [WARN] PackLoader:240 - Cannot read IP mode file for STMicroelectronics.X-CUBE-AZRTOS-L4.1.0.0
2025-03-05 09:44:28,807 [WARN] PackLoader:240 - Cannot read IP mode file for STMicroelectronics.X-CUBE-ISPU.2.0.0
2025-03-05 09:44:28,815 [WARN] PackLoader:240 - Cannot read IP mode file for STMicroelectronics.X-CUBE-IPS.3.1.0
2025-03-05 09:44:28,823 [WARN] PackLoader:240 - Cannot read IP mode file for STMicroelectronics.X-CUBE-ALS.1.0.2
2025-03-05 09:44:28,850 [WARN] PackLoader:240 - Cannot read IP mode file for STMicroelectronics.X-CUBE-MEMS1.10.0.0
2025-03-05 09:44:28,936 [WARN] PackLoader:240 - Cannot read IP mode file for STMicroelectronics.X-CUBE-FREERTOS.1.1.0
2025-03-05 09:44:28,938 [WARN] PackLoader:240 - Cannot read IP mode file for STMicroelectronics.X-CUBE-TOUCHGFX.4.24.0
2025-03-05 09:44:28,941 [WARN] PackLoader:240 - Cannot read IP mode file for STMicroelectronics.X-CUBE-TOUCHGFX.4.24.2
2025-03-05 09:44:28,949 [WARN] PackLoader:240 - Cannot read IP mode file for STMicroelectronics.X-CUBE-AZRTOS-WL.1.0.0
2025-03-05 09:44:28,952 [WARN] PackLoader:240 - Cannot read IP mode file for STMicroelectronics.X-CUBE-TOUCHGFX.4.24.1
2025-03-05 09:44:28,957 [WARN] PackLoader:240 - Cannot read IP mode file for portGmbH.I-Cube-SoM-uGOAL.1.1.0
2025-03-05 09:44:28,961 [WARN] PackLoader:240 - Cannot read IP mode file for STMicroelectronics.X-CUBE-ALS.1.0.1
2025-03-05 09:44:28,971 [WARN] PackLoader:240 - Cannot read IP mode file for STMicroelectronics.X-CUBE-AZRTOS-WB.1.1.0
2025-03-05 09:44:28,986 [WARN] PackLoader:240 - Cannot read IP mode file for STMicroelectronics.X-CUBE-AZRTOS-L5.1.0.0
2025-03-05 09:44:28,991 [WARN] PackLoader:240 - Cannot read IP mode file for STMicroelectronics.X-CUBE-EEPRMA1.3.1.1
2025-03-05 09:44:29,006 [WARN] PackLoader:240 - Cannot read IP mode file for STMicroelectronics.X-CUBE-AZRTOS-H7RS.1.0.0
2025-03-05 09:44:29,011 [WARN] PackLoader:240 - Cannot read IP mode file for STMicroelectronics.FP-ATR-ASTRA1.2.0.0
2025-03-05 09:44:29,020 [WARN] PackLoader:240 - Cannot read IP mode file for STMicroelectronics.X-CUBE-TOF1.3.4.2
2025-03-05 09:44:29,034 [WARN] PackLoader:240 - Cannot read IP mode file for STMicroelectronics.X-CUBE-TOF1.3.4.0
2025-03-05 09:44:29,050 [WARN] PackLoader:240 - Cannot read IP mode file for STMicroelectronics.X-CUBE-TOF1.3.4.1
2025-03-05 09:44:29,071 [WARN] PackLoader:240 - Cannot read IP mode file for STMicroelectronics.X-CUBE-AZRTOS-H7.3.2.0
2025-03-05 09:44:29,077 [WARN] PackLoader:240 - Cannot read IP mode file for wolfSSL.I-CUBE-wolfSSH.1.4.17
2025-03-05 09:44:29,078 [INFO] ThirdParty:978 - Integrity check success = true
2025-03-05 09:44:29,079 [INFO] IntegrityCheckThread:100 - exiting critical section [integrity check]
2025-03-05 09:44:29,079 [INFO] IntegrityCheckThread:103 - End integrity checks thread
2025-03-05 09:44:29,903 [INFO] WebApp:463 - Apply proxy settings
2025-03-05 09:44:29,903 [INFO] WebApp:548 - Chromium requires no authentication
2025-03-05 09:44:29,908 [INFO] WebApp:491 - Direct internet connection detected
2025-03-05 09:44:29,923 [INFO] WebApp:894 - Register for checkConnection events
2025-03-05 09:44:29,923 [INFO] WebApp:463 - Apply proxy settings
2025-03-05 09:44:29,923 [INFO] WebApp:548 - Chromium requires no authentication
2025-03-05 09:44:29,924 [INFO] WebApp:491 - Direct internet connection detected
2025-03-05 09:44:30,045 [INFO] WebApp:225 - Starting web application
2025-03-05 09:44:30,046 [INFO] WebApp:593 - Web application path used C:\ST\STM32CubeIDE_1.7.0\STM32CubeIDE\plugins\com.st.stm32cube.common.mx_6.14.0.202502271554\db\plugins\mcufinder\reactClient1\index.html
2025-03-05 09:44:30,109 [INFO] UserAuth:486 - Internet connection configuration mode: 1
2025-03-05 09:44:30,843 [INFO] WebApp:191 - Connection restablished
2025-03-05 16:59:30,173 [ERROR] LogOutputStream:75 - [STDERR_REDIRECT] 
