2025-03-19 09:05:49,866 [INFO] Activator:176 - 


2025-03-19 09:05:49,872 [INFO] Activator:177 - !SESSION log4j initialized
2025-03-19 09:05:55,654 [INFO] LogOutputStream:77 - [STDOUT_REDIRECT] 
2025-03-19 09:05:58,399 [INFO] ApplicationProperties:184 - Using Application install path: C:\ST\STM32CubeIDE_1.7.0\STM32CubeIDE\plugins\com.st.stm32cube.common.mx_6.14.0.202502271554
2025-03-19 09:05:58,418 [INFO] DbMcusXml:78 - Set database path to: C:\ST\STM32CubeIDE_1.7.0\STM32CubeIDE\plugins\com.st.stm32cube.common.mx_6.14.0.202502271554\\db\/mcu/
2025-03-19 09:05:58,418 [INFO] ApiDb:274 - Set plugin database path to: C:\ST\STM32CubeIDE_1.7.0\STM32CubeIDE\plugins\com.st.stm32cube.common.mx_6.14.0.202502271554\\db\/plugins/boardmanager/
2025-03-19 09:05:58,419 [WARN] ApiDb:259 - Overriding images path with different value:  => C:\ST\STM32CubeIDE_1.7.0\STM32CubeIDE\plugins\com.st.stm32cube.common.mx_6.14.0.202502271554\\db\/plugins/mcufinder/images/
2025-03-19 09:05:58,426 [INFO] ApiDb:250 - Set database path to: C:\Users\catsa\.stmcufinder\plugins\mcufinder//mcu/
2025-03-19 09:05:58,427 [INFO] DbMcusAds:125 - Set database path to: C:\Users\catsa\.stmcufinder\plugins\mcufinder//mcu/
2025-03-19 09:05:58,431 [INFO] CrossReferenceDbSqlite:203 - Set database path to: C:\Users\catsa\.stmcufinder\plugins\mcufinder//mcu/cs/
2025-03-19 09:05:58,543 [INFO] RulesReader:64 - Compatibility file has been processed (301 Rules)
2025-03-19 09:05:58,634 [INFO] DbMcusXml:78 - Set database path to: C:\ST\STM32CubeIDE_1.7.0\STM32CubeIDE\plugins\com.st.stm32cube.common.mx_6.14.0.202502271554\\db\/mcu/
2025-03-19 09:05:58,634 [INFO] ApiDb:274 - Set plugin database path to: C:\ST\STM32CubeIDE_1.7.0\STM32CubeIDE\plugins\com.st.stm32cube.common.mx_6.14.0.202502271554\\db\/plugins/boardmanager/
2025-03-19 09:05:58,634 [INFO] ApiDb:261 - Set plugin images path to: C:\ST\STM32CubeIDE_1.7.0\STM32CubeIDE\plugins\com.st.stm32cube.common.mx_6.14.0.202502271554\\db\/plugins/mcufinder/images/
2025-03-19 09:05:58,634 [WARN] DbFile:41 - Overriding database path with different value: C:\Users\catsa\.stmcufinder\plugins\mcufinder/ => C:\Users\catsa\.stmcufinder\plugins\mcufinder
2025-03-19 09:05:58,634 [INFO] ApiDb:250 - Set database path to: C:\Users\catsa\.stmcufinder\plugins\mcufinder//mcu/
2025-03-19 09:05:58,634 [WARN] DbFile:41 - Overriding database path with different value: C:\Users\catsa\.stmcufinder\plugins\mcufinder/ => C:\Users\catsa\.stmcufinder\plugins\mcufinder
2025-03-19 09:05:58,634 [INFO] DbMcusAds:125 - Set database path to: C:\Users\catsa\.stmcufinder\plugins\mcufinder//mcu/
2025-03-19 09:05:58,635 [WARN] DbFile:41 - Overriding database path with different value: C:\Users\catsa\.stmcufinder\plugins\mcufinder/ => C:\Users\catsa\.stmcufinder\plugins\mcufinder
2025-03-19 09:05:58,635 [WARN] DbFile:41 - Overriding database path with different value: C:\Users\catsa\.stmcufinder\plugins\mcufinder/ => C:\Users\catsa\.stmcufinder\plugins\mcufinder
2025-03-19 09:05:58,635 [INFO] CrossReferenceDbSqlite:203 - Set database path to: C:\Users\catsa\.stmcufinder\plugins\mcufinder//mcu/cs/
2025-03-19 09:05:58,717 [INFO] MainPanel:272 - HeapMemory: 268435456
2025-03-19 09:05:58,824 [INFO] DbMcusXml:78 - Set database path to: C:\ST\STM32CubeIDE_1.7.0\STM32CubeIDE\plugins\com.st.stm32cube.common.mx_6.14.0.202502271554\\db\/mcu/
2025-03-19 09:05:58,824 [INFO] ApiDb:274 - Set plugin database path to: C:\ST\STM32CubeIDE_1.7.0\STM32CubeIDE\plugins\com.st.stm32cube.common.mx_6.14.0.202502271554\\db\/plugins/boardmanager/
2025-03-19 09:05:58,824 [INFO] ApiDb:261 - Set plugin images path to: C:\ST\STM32CubeIDE_1.7.0\STM32CubeIDE\plugins\com.st.stm32cube.common.mx_6.14.0.202502271554\\db\/plugins/mcufinder/images/
2025-03-19 09:05:58,824 [WARN] DbFile:41 - Overriding database path with different value: C:\Users\catsa\.stmcufinder\plugins\mcufinder/ => C:\Users\catsa\.stmcufinder\plugins\mcufinder
2025-03-19 09:05:58,824 [INFO] ApiDb:250 - Set database path to: C:\Users\catsa\.stmcufinder\plugins\mcufinder//mcu/
2025-03-19 09:05:58,825 [WARN] DbFile:41 - Overriding database path with different value: C:\Users\catsa\.stmcufinder\plugins\mcufinder/ => C:\Users\catsa\.stmcufinder\plugins\mcufinder
2025-03-19 09:05:58,825 [INFO] DbMcusAds:125 - Set database path to: C:\Users\catsa\.stmcufinder\plugins\mcufinder//mcu/
2025-03-19 09:05:58,825 [WARN] DbFile:41 - Overriding database path with different value: C:\Users\catsa\.stmcufinder\plugins\mcufinder/ => C:\Users\catsa\.stmcufinder\plugins\mcufinder
2025-03-19 09:05:58,825 [WARN] DbFile:41 - Overriding database path with different value: C:\Users\catsa\.stmcufinder\plugins\mcufinder/ => C:\Users\catsa\.stmcufinder\plugins\mcufinder
2025-03-19 09:05:58,825 [INFO] CrossReferenceDbSqlite:203 - Set database path to: C:\Users\catsa\.stmcufinder\plugins\mcufinder//mcu/cs/
2025-03-19 09:05:58,843 [INFO] ApplicationProperties:184 - Using Application install path: C:\ST\STM32CubeIDE_1.7.0\STM32CubeIDE\plugins\com.st.stm32cube.common.mx_6.14.0.202502271554
2025-03-19 09:05:58,844 [INFO] PluginManage:196 - Search for loadable plugins [exclusion list=, ]
2025-03-19 09:05:58,845 [INFO] PluginManage:310 - Check plugin analytics
2025-03-19 09:05:58,985 [INFO] AnalyticsPlugin:253 - Accepted Software Licenses: STM32CubeMX.6.3.0
2025-03-19 09:05:58,985 [INFO] AnalyticsPlugin:255 - Accepted CMSIS Pack Licenses: 
2025-03-19 09:05:58,985 [INFO] AnalyticsPlugin:257 - Accepted Firmware Licenses: FW.L4.1.18.0
2025-03-19 09:05:58,988 [INFO] PluginManage:359 - Loaded plugin analytics (category:tool,tabindex:-1)
2025-03-19 09:05:58,988 [INFO] PluginManage:310 - Check plugin cadmodel
2025-03-19 09:05:59,020 [INFO] CADModel:105 - Init CAD model plugin
2025-03-19 09:05:59,020 [INFO] PluginManage:359 - Loaded plugin cadmodel (category:power,tabindex:5)
2025-03-19 09:05:59,020 [INFO] PluginManage:310 - Check plugin clock
2025-03-19 09:05:59,038 [INFO] PluginManage:359 - Loaded plugin clock (category:base,tabindex:2)
2025-03-19 09:05:59,038 [INFO] PluginManage:310 - Check plugin ddr
2025-03-19 09:05:59,041 [INFO] PluginManage:359 - Loaded plugin ddr (category:tool,tabindex:6)
2025-03-19 09:05:59,041 [INFO] PluginManage:310 - Check plugin filemanager
2025-03-19 09:05:59,170 [INFO] PluginManage:359 - Loaded plugin filemanager (category:base,tabindex:10)
2025-03-19 09:05:59,170 [INFO] PluginManage:310 - Check plugin ipmanager
2025-03-19 09:05:59,177 [INFO] PluginManage:359 - Loaded plugin ipmanager (category:base,tabindex:5)
2025-03-19 09:05:59,177 [INFO] PluginManage:310 - Check plugin lpbam
2025-03-19 09:05:59,188 [INFO] PluginManage:359 - Loaded plugin lpbam (category:base,tabindex:0)
2025-03-19 09:05:59,189 [INFO] PluginManage:310 - Check plugin memorymap
2025-03-19 09:05:59,211 [INFO] PluginManage:359 - Loaded plugin memorymap (category:base,tabindex:4)
2025-03-19 09:05:59,211 [INFO] PluginManage:310 - Check plugin pinoutandconfiguration
2025-03-19 09:05:59,231 [INFO] PluginManage:359 - Loaded plugin pinoutandconfiguration (category:base,tabindex:1)
2025-03-19 09:05:59,231 [INFO] PluginManage:310 - Check plugin pinoutconfig
2025-03-19 09:05:59,334 [WARN] SupportedApi:132 - Cannot load RTOS API schema: s4s-elt-must-match.1: The content of 'definitions' must match (annotation?, (simpleType | complexType)?, (unique | key | keyref)*)). A problem was found starting at: attribute.
2025-03-19 09:05:59,466 [INFO] PluginManage:359 - Loaded plugin pinoutconfig (category:base,tabindex:0)
2025-03-19 09:05:59,466 [INFO] PluginManage:310 - Check plugin power
2025-03-19 09:05:59,501 [INFO] PluginManage:359 - Loaded plugin power (category:power,tabindex:4)
2025-03-19 09:05:59,502 [INFO] PluginManage:310 - Check plugin projectmanager
2025-03-19 09:05:59,514 [INFO] PluginManage:359 - Loaded plugin projectmanager (category:projectmanager,tabindex:4)
2025-03-19 09:05:59,514 [INFO] PluginManage:310 - Check plugin rif
2025-03-19 09:05:59,532 [INFO] PluginManage:359 - Loaded plugin rif (category:base,tabindex:3)
2025-03-19 09:05:59,532 [INFO] PluginManage:310 - Check plugin thirdparty
2025-03-19 09:05:59,697 [INFO] PluginManage:359 - Loaded plugin thirdparty (category:base,tabindex:-1)
2025-03-19 09:05:59,697 [WARN] IntegrityCheckThread:84 - waiting for thirdparty lock release [integrity check]
2025-03-19 09:05:59,698 [INFO] IntegrityCheckThread:86 - entering critical section [integrity check]
2025-03-19 09:05:59,698 [INFO] PluginManage:310 - Check plugin tools
2025-03-19 09:05:59,698 [INFO] ThirdPartyUpdaterWithRetryManager:70 - Updater plugin not ready yet. [1/15]
2025-03-19 09:05:59,703 [INFO] PluginManage:359 - Loaded plugin tools (category:base,tabindex:7)
2025-03-19 09:05:59,704 [INFO] PluginManage:310 - Check plugin tutovideos
2025-03-19 09:05:59,876 [INFO] PluginManage:359 - Loaded plugin tutovideos (category:base,tabindex:-1)
2025-03-19 09:05:59,876 [INFO] PluginManage:310 - Check plugin updater
2025-03-19 09:05:59,894 [INFO] PluginManage:359 - Loaded plugin updater (category:base,tabindex:12)
2025-03-19 09:05:59,894 [INFO] PluginManage:310 - Check plugin userauth
2025-03-19 09:05:59,897 [INFO] UserAuth:118 - Init User Auth plugin
2025-03-19 09:05:59,898 [INFO] PluginManage:359 - Loaded plugin userauth (category:base,tabindex:14)
2025-03-19 09:05:59,898 [INFO] PluginManage:283 - PluginManage : Loaded plugins [18]
2025-03-19 09:06:00,102 [INFO] PinOutPanel:1589 - setPackage(No Configuration,No Configuration)
2025-03-19 09:06:00,183 [INFO] CADModel:165 - CPN selected for project level
2025-03-19 09:06:00,183 [INFO] CADModel:114 - Register for checkConnection events
2025-03-19 09:06:00,203 [INFO] IPUIPlugin:80 - create IPUIPlugin
2025-03-19 09:06:00,203 [INFO] PluginManager:220 - loadIPPluginJar : add adc
2025-03-19 09:06:00,210 [INFO] IPUIPlugin:80 - create IPUIPlugin
2025-03-19 09:06:00,210 [INFO] PluginManager:220 - loadIPPluginJar : add aes
2025-03-19 09:06:00,218 [INFO] IPUIPlugin:80 - create IPUIPlugin
2025-03-19 09:06:00,218 [INFO] PluginManager:220 - loadIPPluginJar : add can
2025-03-19 09:06:00,222 [INFO] IPUIPlugin:80 - create IPUIPlugin
2025-03-19 09:06:00,222 [INFO] PluginManager:220 - loadIPPluginJar : add comp
2025-03-19 09:06:00,229 [INFO] IPUIPlugin:80 - create IPUIPlugin
2025-03-19 09:06:00,229 [INFO] PluginManager:220 - loadIPPluginJar : add cryp
2025-03-19 09:06:00,241 [INFO] IPUIPlugin:80 - create IPUIPlugin
2025-03-19 09:06:00,242 [INFO] PluginManager:220 - loadIPPluginJar : add ddr_ctrl_phy
2025-03-19 09:06:00,247 [INFO] IPUIPlugin:80 - create IPUIPlugin
2025-03-19 09:06:00,247 [INFO] PluginManager:220 - loadIPPluginJar : add dfsdm
2025-03-19 09:06:00,258 [INFO] IPUIPlugin:80 - create IPUIPlugin
2025-03-19 09:06:00,258 [INFO] PluginManager:220 - loadIPPluginJar : add dma
2025-03-19 09:06:00,264 [INFO] IPUIPlugin:80 - create IPUIPlugin
2025-03-19 09:06:00,265 [INFO] PluginManager:220 - loadIPPluginJar : add dma3
2025-03-19 09:06:00,273 [INFO] IPUIPlugin:80 - create IPUIPlugin
2025-03-19 09:06:00,273 [INFO] PluginManager:220 - loadIPPluginJar : add extmemmanager
2025-03-19 09:06:00,277 [INFO] IPUIPlugin:80 - create IPUIPlugin
2025-03-19 09:06:00,277 [INFO] PluginManager:220 - loadIPPluginJar : add fatfs
2025-03-19 09:06:00,287 [INFO] IPUIPlugin:80 - create IPUIPlugin
2025-03-19 09:06:00,287 [INFO] PluginManager:220 - loadIPPluginJar : add fmc
2025-03-19 09:06:00,304 [INFO] IPUIPlugin:80 - create IPUIPlugin
2025-03-19 09:06:00,304 [INFO] PluginManager:220 - loadIPPluginJar : add freertos
2025-03-19 09:06:00,308 [INFO] IPUIPlugin:80 - create IPUIPlugin
2025-03-19 09:06:00,308 [INFO] PluginManager:220 - loadIPPluginJar : add genericplugin
2025-03-19 09:06:00,315 [INFO] IPUIPlugin:80 - create IPUIPlugin
2025-03-19 09:06:00,315 [INFO] PluginManager:220 - loadIPPluginJar : add gfxmmu
2025-03-19 09:06:00,326 [INFO] IPUIPlugin:80 - create IPUIPlugin
2025-03-19 09:06:00,326 [INFO] PluginManager:220 - loadIPPluginJar : add gic
2025-03-19 09:06:00,338 [INFO] IPUIPlugin:80 - create IPUIPlugin
2025-03-19 09:06:00,338 [INFO] PluginManager:220 - loadIPPluginJar : add gpio
2025-03-19 09:06:00,349 [INFO] IPUIPlugin:80 - create IPUIPlugin
2025-03-19 09:06:00,349 [INFO] PluginManager:220 - loadIPPluginJar : add gtzc
2025-03-19 09:06:00,356 [INFO] IPUIPlugin:80 - create IPUIPlugin
2025-03-19 09:06:00,356 [INFO] PluginManager:220 - loadIPPluginJar : add hash
2025-03-19 09:06:00,364 [INFO] IPUIPlugin:80 - create IPUIPlugin
2025-03-19 09:06:00,364 [INFO] PluginManager:220 - loadIPPluginJar : add i2c
2025-03-19 09:06:00,371 [INFO] IPUIPlugin:80 - create IPUIPlugin
2025-03-19 09:06:00,371 [INFO] PluginManager:220 - loadIPPluginJar : add i2s
2025-03-19 09:06:00,380 [INFO] IPUIPlugin:80 - create IPUIPlugin
2025-03-19 09:06:00,380 [INFO] PluginManager:220 - loadIPPluginJar : add i3c
2025-03-19 09:06:00,389 [INFO] IPUIPlugin:80 - create IPUIPlugin
2025-03-19 09:06:00,389 [INFO] PluginManager:220 - loadIPPluginJar : add ipddr
2025-03-19 09:06:00,401 [INFO] IPUIPlugin:80 - create IPUIPlugin
2025-03-19 09:06:00,401 [INFO] PluginManager:220 - loadIPPluginJar : add linkedlist
2025-03-19 09:06:00,408 [INFO] IPUIPlugin:80 - create IPUIPlugin
2025-03-19 09:06:00,408 [INFO] PluginManager:220 - loadIPPluginJar : add lorawan
2025-03-19 09:06:00,413 [INFO] IPUIPlugin:80 - create IPUIPlugin
2025-03-19 09:06:00,413 [INFO] PluginManager:220 - loadIPPluginJar : add ltdc
2025-03-19 09:06:00,424 [INFO] IPUIPlugin:80 - create IPUIPlugin
2025-03-19 09:06:00,425 [INFO] PluginManager:220 - loadIPPluginJar : add mdma
2025-03-19 09:06:00,434 [INFO] IPUIPlugin:80 - create IPUIPlugin
2025-03-19 09:06:00,434 [INFO] PluginManager:220 - loadIPPluginJar : add nvic
2025-03-19 09:06:00,441 [INFO] IPUIPlugin:80 - create IPUIPlugin
2025-03-19 09:06:00,441 [INFO] PluginManager:220 - loadIPPluginJar : add opamp
2025-03-19 09:06:00,452 [INFO] IPUIPlugin:80 - create IPUIPlugin
2025-03-19 09:06:00,452 [INFO] PluginManager:220 - loadIPPluginJar : add openamp
2025-03-19 09:06:00,461 [INFO] IPUIPlugin:80 - create IPUIPlugin
2025-03-19 09:06:00,461 [INFO] PluginManager:220 - loadIPPluginJar : add pdm2pcm
2025-03-19 09:06:00,476 [INFO] IPUIPlugin:80 - create IPUIPlugin
2025-03-19 09:06:00,479 [INFO] PluginManager:220 - loadIPPluginJar : add plateformsettings
2025-03-19 09:06:00,484 [INFO] IPUIPlugin:80 - create IPUIPlugin
2025-03-19 09:06:00,484 [INFO] PluginManager:220 - loadIPPluginJar : add quadspi
2025-03-19 09:06:00,488 [INFO] IPUIPlugin:80 - create IPUIPlugin
2025-03-19 09:06:00,489 [INFO] PluginManager:220 - loadIPPluginJar : add radio
2025-03-19 09:06:00,501 [INFO] IPUIPlugin:80 - create IPUIPlugin
2025-03-19 09:06:00,501 [INFO] PluginManager:220 - loadIPPluginJar : add resmgrutility
2025-03-19 09:06:00,512 [INFO] IPUIPlugin:80 - create IPUIPlugin
2025-03-19 09:06:00,512 [INFO] PluginManager:220 - loadIPPluginJar : add sai
2025-03-19 09:06:00,520 [INFO] IPUIPlugin:80 - create IPUIPlugin
2025-03-19 09:06:00,520 [INFO] PluginManager:220 - loadIPPluginJar : add spi
2025-03-19 09:06:00,533 [INFO] IPUIPlugin:80 - create IPUIPlugin
2025-03-19 09:06:00,533 [INFO] PluginManager:220 - loadIPPluginJar : add stm32_wpan
2025-03-19 09:06:00,537 [INFO] IPUIPlugin:80 - create IPUIPlugin
2025-03-19 09:06:00,537 [INFO] PluginManager:220 - loadIPPluginJar : add tim
2025-03-19 09:06:00,546 [INFO] IPUIPlugin:80 - create IPUIPlugin
2025-03-19 09:06:00,546 [INFO] PluginManager:220 - loadIPPluginJar : add touchsensing
2025-03-19 09:06:00,551 [INFO] IPUIPlugin:80 - create IPUIPlugin
2025-03-19 09:06:00,551 [INFO] PluginManager:220 - loadIPPluginJar : add tracer_emb
2025-03-19 09:06:00,555 [INFO] IPUIPlugin:80 - create IPUIPlugin
2025-03-19 09:06:00,556 [INFO] PluginManager:220 - loadIPPluginJar : add ts
2025-03-19 09:06:00,560 [INFO] IPUIPlugin:80 - create IPUIPlugin
2025-03-19 09:06:00,560 [INFO] PluginManager:220 - loadIPPluginJar : add tsc
2025-03-19 09:06:00,564 [INFO] IPUIPlugin:80 - create IPUIPlugin
2025-03-19 09:06:00,564 [INFO] PluginManager:220 - loadIPPluginJar : add ucpd
2025-03-19 09:06:00,573 [INFO] IPUIPlugin:80 - create IPUIPlugin
2025-03-19 09:06:00,573 [INFO] PluginManager:220 - loadIPPluginJar : add usart
2025-03-19 09:06:00,582 [INFO] IPUIPlugin:80 - create IPUIPlugin
2025-03-19 09:06:00,582 [INFO] PluginManager:220 - loadIPPluginJar : add usbx
2025-03-19 09:06:00,707 [FATAL] Updater:351 - Updater called before beeing initialized
2025-03-19 09:06:00,731 [INFO] RulesReader:64 - Compatibility file has been processed (301 Rules)
2025-03-19 09:06:00,741 [INFO] RulesReader:64 - Compatibility file has been processed (301 Rules)
2025-03-19 09:06:00,746 [INFO] CADModel:165 - CPN selected for project level
2025-03-19 09:06:00,746 [INFO] CADModel:114 - Register for checkConnection events
2025-03-19 09:06:00,746 [FATAL] Updater:351 - Updater called before beeing initialized
2025-03-19 09:06:00,747 [ERROR] CADModel:125 - Updater not yet initialized, retry later 
2025-03-19 09:06:00,882 [FATAL] Updater:351 - Updater called before beeing initialized
2025-03-19 09:06:00,884 [INFO] CADModel:165 - CPN selected for project level
2025-03-19 09:06:00,884 [INFO] CADModel:114 - Register for checkConnection events
2025-03-19 09:06:00,884 [FATAL] Updater:351 - Updater called before beeing initialized
2025-03-19 09:06:00,884 [ERROR] CADModel:125 - Updater not yet initialized, retry later 
2025-03-19 09:06:00,887 [FATAL] Updater:351 - Updater called before beeing initialized
2025-03-19 09:06:01,000 [FATAL] Updater:351 - Updater called before beeing initialized
2025-03-19 09:06:01,005 [INFO] DbMcusAds:53 - JSON generation date=Thu Sep 30 15:55:09 KST 2021 (1632984909247)
2025-03-19 09:06:01,005 [FATAL] Updater:351 - Updater called before beeing initialized
2025-03-19 09:06:01,042 [WARN] DetailPanel:346 - Failed to get advertising image, set to default
2025-03-19 09:06:01,314 [FATAL] Updater:351 - Updater called before beeing initialized
2025-03-19 09:06:01,315 [FATAL] Updater:351 - Updater called before beeing initialized
2025-03-19 09:06:01,315 [FATAL] Updater:351 - Updater called before beeing initialized
2025-03-19 09:06:01,315 [WARN] DetailPanel:346 - Failed to get advertising image, set to default
2025-03-19 09:06:01,316 [FATAL] Updater:351 - Updater called before beeing initialized
2025-03-19 09:06:01,358 [ERROR] Updater:1198 - MainUpdater not yet initialized. External WinMGr cannot be set.
2025-03-19 09:06:01,361 [INFO] Updater:1134 - Updater Version found : 6.14.0
2025-03-19 09:06:01,380 [INFO] ApplicationProperties:184 - Using Application install path: C:\ST\STM32CubeIDE_1.7.0\STM32CubeIDE\plugins\com.st.stm32cube.common.mx_6.14.0.202502271554
2025-03-19 09:06:01,812 [INFO] MainUpdater:2872 - connection check result : 10
2025-03-19 09:06:01,812 [INFO] MainUpdater:289 - Updater Check For Update Now.
2025-03-19 09:06:01,813 [INFO] MicroXplorer:498 - Change Database Version : DB.6.0.140
2025-03-19 09:06:01,818 [INFO] McuFinderGlobals:63 - Set McuFinder mode to 2 (CubeIDE integrated)
2025-03-19 09:06:01,820 [INFO] UserAuth:486 - Internet connection configuration mode: 1
2025-03-19 09:06:01,844 [INFO] JxBrowserEngine:152 - Initiate JxBrowser Engine with user profile folder
2025-03-19 09:06:01,988 [INFO] CheckServerUpdateThread:120 - End of CheckServer Thread
2025-03-19 09:06:03,037 [INFO] WebApp:169 - Instantiating new browser for Auth
2025-03-19 09:06:03,050 [WARN] PackLoader:240 - Cannot read IP mode file for STMicroelectronics.FP-SNS-MOTENVWB1.1.4.0
2025-03-19 09:06:03,063 [WARN] PackLoader:240 - Cannot read IP mode file for STMicroelectronics.FP-ATR-ASTRA1.2.0.2
2025-03-19 09:06:03,072 [WARN] PackLoader:240 - Cannot read IP mode file for STMicroelectronics.FP-ATR-ASTRA1.2.0.1
2025-03-19 09:06:03,084 [WARN] PackLoader:240 - Cannot read IP mode file for STMicroelectronics.X-CUBE-SMBUS.2.1.0
2025-03-19 09:06:03,099 [WARN] PackLoader:240 - Cannot read IP mode file for STMicroelectronics.X-CUBE-WB05N.1.1.0
2025-03-19 09:06:03,108 [WARN] PackLoader:240 - Cannot read IP mode file for STMicroelectronics.X-CUBE-TOUCHGFX.4.23.1
2025-03-19 09:06:03,114 [WARN] PackLoader:240 - Cannot read IP mode file for STMicroelectronics.X-CUBE-TOUCHGFX.4.23.0
2025-03-19 09:06:03,126 [WARN] PackLoader:240 - Cannot read IP mode file for STMicroelectronics.X-CUBE-TOUCHGFX.4.23.2
2025-03-19 09:06:03,184 [WARN] PackLoader:240 - Cannot read IP mode file for STMicroelectronics.X-CUBE-AZRTOS-F7.1.1.0
2025-03-19 09:06:03,196 [ERROR] RealEvaluatedCondition:428 - Found unsupported composite condition: GROUP='STM32_MetaDataManager' CLASS='Data Exchange'
2025-03-19 09:06:03,196 [ERROR] RealEvaluatedCondition:428 - Found unsupported composite condition: GROUP='STM32_MetaDataManager' CLASS='Data Exchange'
2025-03-19 09:06:03,197 [WARN] PackLoader:240 - Cannot read IP mode file for STMicroelectronics.FP-SNS-MOTENV1.4.3.0
2025-03-19 09:06:03,206 [WARN] PackLoader:240 - Cannot read IP mode file for STMicroelectronics.FP-SNS-MOTENV1.4.3.2
2025-03-19 09:06:03,216 [WARN] PackLoader:240 - Cannot read IP mode file for STMicroelectronics.FP-SNS-FLIGHT1.5.0.0
2025-03-19 09:06:03,224 [ERROR] RealEvaluatedCondition:428 - Found unsupported composite condition: CLASS='Data Exchange' GROUP='STM32_MetaDataManager'
2025-03-19 09:06:03,224 [ERROR] RealEvaluatedCondition:428 - Found unsupported composite condition: GROUP='STM32_MetaDataManager' CLASS='Data Exchange'
2025-03-19 09:06:03,225 [WARN] PackLoader:240 - Cannot read IP mode file for STMicroelectronics.FP-SNS-MOTENV1.4.3.1
2025-03-19 09:06:03,234 [WARN] PackLoader:240 - Cannot read IP mode file for STMicroelectronics.FP-SNS-FLIGHT1.5.0.1
2025-03-19 09:06:03,250 [WARN] PackLoader:240 - Cannot read IP mode file for STMicroelectronics.X-CUBE-BLE1.6.2.3
2025-03-19 09:06:03,341 [WARN] PackLoader:240 - Cannot read IP mode file for STMicroelectronics.X-CUBE-MEMS1.11.0.0
2025-03-19 09:06:03,461 [WARN] PackLoader:240 - Cannot read IP mode file for STMicroelectronics.X-CUBE-BLE1.6.2.4
2025-03-19 09:06:03,466 [WARN] PackLoader:240 - Cannot read IP mode file for STMicroelectronics.FP-SNS-FLIGHT1.5.0.2
2025-03-19 09:06:03,474 [WARN] PackLoader:240 - Cannot read IP mode file for STMicroelectronics.X-CUBE-DISPLAY.3.0.0
2025-03-19 09:06:03,487 [WARN] PackLoader:240 - Cannot read IP mode file for STMicroelectronics.X-CUBE-BLE1.7.0.0
2025-03-19 09:06:03,500 [WARN] PackLoader:240 - Cannot read IP mode file for STMicroelectronics.X-CUBE-NFC10.1.0.0
2025-03-19 09:06:03,511 [WARN] PackLoader:240 - Cannot read IP mode file for STMicroelectronics.X-CUBE-BLEMGR.4.0.0
2025-03-19 09:06:03,517 [WARN] PackLoader:240 - Cannot read IP mode file for STMicroelectronics.X-CUBE-TOUCHGFX.4.22.0
2025-03-19 09:06:03,522 [WARN] PackLoader:240 - Cannot read IP mode file for STMicroelectronics.X-CUBE-TOUCHGFX.4.22.1
2025-03-19 09:06:03,598 [WARN] PackLoader:240 - Cannot read IP mode file for STMicroelectronics.X-CUBE-MEMS1.9.3.0
2025-03-19 09:06:03,680 [WARN] PackLoader:240 - Cannot read IP mode file for STMicroelectronics.X-CUBE-BLEMGR.3.1.0
2025-03-19 09:06:03,693 [WARN] PackLoader:240 - Cannot read IP mode file for STMicroelectronics.X-CUBE-AI.10.0.0
2025-03-19 09:06:03,700 [WARN] PackLoader:240 - Cannot read IP mode file for STMicroelectronics.FP-SNS-SMARTAG2.1.2.0
2025-03-19 09:06:03,704 [WARN] PackLoader:240 - Cannot read IP mode file for STMicroelectronics.FP-SNS-FLIGHT1.5.1.0
2025-03-19 09:06:03,820 [WARN] PackLoader:240 - Cannot read IP mode file for STMicroelectronics.X-CUBE-MEMS1.11.1.0
2025-03-19 09:06:03,909 [INFO] LogOutputStream:77 - [STDOUT_REDIRECT] 1 : Invalid condition id : UX_CORESTACK_Condition cause : null
2025-03-19 09:06:03,909 [INFO] LogOutputStream:77 - [STDOUT_REDIRECT] 1 : Invalid condition id : UX_CORESTACK_Condition cause : null
2025-03-19 09:06:03,911 [INFO] LogOutputStream:77 - [STDOUT_REDIRECT] 1 : Invalid condition id : UX_CORESTACK_Condition cause : null
2025-03-19 09:06:03,912 [INFO] LogOutputStream:77 - [STDOUT_REDIRECT] 1 : Invalid condition id : UX_CORESTACK_Condition cause : null
2025-03-19 09:06:03,914 [INFO] LogOutputStream:77 - [STDOUT_REDIRECT] 1 : Invalid condition id : UX_CORESTACK_Condition cause : null
2025-03-19 09:06:03,917 [WARN] PackLoader:240 - Cannot read IP mode file for STMicroelectronics.X-CUBE-AZRTOS-WL.2.0.0
2025-03-19 09:06:03,926 [WARN] PackLoader:240 - Cannot read IP mode file for STMicroelectronics.FP-SNS-MOTENV1.5.0.0
2025-03-19 09:06:03,937 [WARN] PackLoader:240 - Cannot read IP mode file for wolfSSL.I-CUBE-wolfMQTT.1.19.0
2025-03-19 09:06:03,949 [WARN] PackLoader:240 - Cannot read IP mode file for WES.I-CUBE-Cesium.1.3.0
2025-03-19 09:06:03,966 [WARN] PackLoader:240 - Cannot read IP mode file for STMicroelectronics.X-CUBE-BLE2.3.3.0
2025-03-19 09:06:03,975 [WARN] PackLoader:240 - Cannot read IP mode file for STMicroelectronics.X-CUBE-DISPLAY.2.2.0
2025-03-19 09:06:03,991 [WARN] PackLoader:240 - Cannot read IP mode file for STMicroelectronics.X-CUBE-TOF1.3.2.0
2025-03-19 09:06:04,008 [WARN] PackLoader:240 - Cannot read IP mode file for STMicroelectronics.X-CUBE-NFC9.1.0.0
2025-03-19 09:06:04,027 [WARN] PackLoader:240 - Cannot read IP mode file for STMicroelectronics.X-CUBE-AZRTOS-H7.2.1.0
2025-03-19 09:06:04,038 [WARN] PackLoader:240 - Cannot read IP mode file for STMicroelectronics.X-CUBE-BLE1.7.1.0
2025-03-19 09:06:04,044 [WARN] PackLoader:240 - Cannot read IP mode file for STMicroelectronics.X-CUBE-TCPP.4.1.0
2025-03-19 09:06:04,050 [WARN] PackLoader:240 - Cannot read IP mode file for STMicroelectronics.X-CUBE-TOUCHGFX.4.21.1
2025-03-19 09:06:04,056 [WARN] PackLoader:240 - Cannot read IP mode file for STMicroelectronics.X-CUBE-TOUCHGFX.4.21.0
2025-03-19 09:06:04,063 [WARN] PackLoader:240 - Cannot read IP mode file for STMicroelectronics.X-CUBE-TOUCHGFX.4.21.3
2025-03-19 09:06:04,067 [WARN] PackLoader:240 - Cannot read IP mode file for STMicroelectronics.X-CUBE-TOUCHGFX.4.21.4
2025-03-19 09:06:04,159 [WARN] PackLoader:240 - Cannot read IP mode file for STMicroelectronics.X-CUBE-MEMS1.9.4.0
2025-03-19 09:06:04,238 [WARN] PackLoader:240 - Cannot read IP mode file for STMicroelectronics.X-CUBE-AI.7.3.0
2025-03-19 09:06:04,252 [WARN] PackLoader:240 - Cannot read IP mode file for STMicroelectronics.X-CUBE-ALGOBUILD.1.3.0
2025-03-19 09:06:04,265 [WARN] PackLoader:240 - Cannot read IP mode file for STMicroelectronics.X-CUBE-AZRTOS-G0.1.1.0
2025-03-19 09:06:04,280 [WARN] PackLoader:240 - Cannot read IP mode file for STMicroelectronics.X-CUBE-SAFEA1.1.2.2
2025-03-19 09:06:04,282 [INFO] WebApp:463 - Apply proxy settings
2025-03-19 09:06:04,282 [INFO] WebApp:548 - Chromium requires no authentication
2025-03-19 09:06:04,291 [INFO] WebApp:491 - Direct internet connection detected
2025-03-19 09:06:04,291 [WARN] PackLoader:240 - Cannot read IP mode file for STMicroelectronics.X-CUBE-NFC4.3.0.0
2025-03-19 09:06:04,315 [WARN] PackLoader:240 - Cannot read IP mode file for SEGGER.I-CUBE-embOS.1.2.1
2025-03-19 09:06:04,321 [INFO] WebApp:894 - Register for checkConnection events
2025-03-19 09:06:04,322 [INFO] WebApp:463 - Apply proxy settings
2025-03-19 09:06:04,322 [INFO] WebApp:548 - Chromium requires no authentication
2025-03-19 09:06:04,322 [INFO] WebApp:491 - Direct internet connection detected
2025-03-19 09:06:04,335 [WARN] PackLoader:240 - Cannot read IP mode file for wolfSSL.I-CUBE-wolfMQTT.1.18.0
2025-03-19 09:06:04,345 [WARN] PackLoader:240 - Cannot read IP mode file for EmbeddedOffice.I-CUBE-FS-RTOS.1.0.1
2025-03-19 09:06:04,354 [WARN] PackLoader:240 - Cannot read IP mode file for STMicroelectronics.X-CUBE-BLEMGR.3.0.0
2025-03-19 09:06:04,362 [WARN] PackLoader:240 - Cannot read IP mode file for STMicroelectronics.X-CUBE-BLEMGR.1.3.0
2025-03-19 09:06:04,370 [WARN] PackLoader:240 - Cannot read IP mode file for STMicroelectronics.X-CUBE-TCPP.4.2.0
2025-03-19 09:06:04,383 [WARN] PackLoader:240 - Cannot read IP mode file for RealThread.X-CUBE-RT-Thread_Nano.4.1.1
2025-03-19 09:06:04,389 [WARN] PackLoader:240 - Cannot read IP mode file for STMicroelectronics.FP-ATR-SIGFOX1.3.2.0
2025-03-19 09:06:04,395 [WARN] ConditionMgr:438 - getConditionDescription Invalid condition id : Cortex-A Device cause : null
2025-03-19 09:06:04,411 [WARN] ConditionMgr:1044 - genDependencies : Invalid condition id : Cortex-A Device cause : null
2025-03-19 09:06:04,411 [WARN] ConditionMgr:1044 - genDependencies : Invalid condition id : Cortex-A Device cause : null
2025-03-19 09:06:04,411 [WARN] ConditionMgr:1044 - genDependencies : Invalid condition id : Cortex-A Device cause : null
2025-03-19 09:06:04,424 [WARN] PackLoader:240 - Cannot read IP mode file for STMicroelectronics.X-CUBE-EEPRMA1.5.1.0
2025-03-19 09:06:04,430 [WARN] PackLoader:240 - Cannot read IP mode file for STMicroelectronics.X-CUBE-TOUCHGFX.4.20.0
2025-03-19 09:06:04,529 [WARN] PackLoader:240 - Cannot read IP mode file for STMicroelectronics.X-CUBE-MEMS1.9.5.0
2025-03-19 09:06:04,533 [INFO] WebApp:225 - Starting web application
2025-03-19 09:06:04,533 [INFO] WebApp:593 - Web application path used C:\ST\STM32CubeIDE_1.7.0\STM32CubeIDE\plugins\com.st.stm32cube.common.mx_6.14.0.202502271554\db\plugins\mcufinder\reactClient1\index.html
2025-03-19 09:06:04,630 [WARN] PackLoader:240 - Cannot read IP mode file for SEGGER.I-CUBE-embOS.1.3.1
2025-03-19 09:06:04,665 [WARN] PackLoader:240 - Cannot read IP mode file for STMicroelectronics.X-CUBE-ALGOBUILD.1.4.0
2025-03-19 09:06:04,672 [WARN] PackLoader:240 - Cannot read IP mode file for STMicroelectronics.X-CUBE-AI.9.1.0
2025-03-19 09:06:04,685 [WARN] PackLoader:240 - Cannot read IP mode file for STMicroelectronics.X-CUBE-GNSS1.6.0.0
2025-03-19 09:06:04,702 [WARN] PackLoader:240 - Cannot read IP mode file for STMicroelectronics.X-CUBE-AZRTOS-F4.1.1.0
2025-03-19 09:06:04,712 [WARN] PackLoader:240 - Cannot read IP mode file for STMicroelectronics.X-CUBE-ISPU.2.1.0
2025-03-19 09:06:04,717 [WARN] PackLoader:240 - Cannot read IP mode file for STMicroelectronics.X-CUBE-FREERTOS.1.2.0
2025-03-19 09:06:04,724 [WARN] PackLoader:240 - Cannot read IP mode file for STMicroelectronics.X-CUBE-BLEMGR.1.2.0
2025-03-19 09:06:04,741 [WARN] PackLoader:240 - Cannot read IP mode file for STMicroelectronics.X-CUBE-AZRTOS-L5.2.0.0
2025-03-19 09:06:04,840 [WARN] PackLoader:240 - Cannot read IP mode file for STMicroelectronics.X-CUBE-MEMS1.9.6.0
2025-03-19 09:06:04,912 [INFO] UserAuth:486 - Internet connection configuration mode: 1
2025-03-19 09:06:04,954 [WARN] PackLoader:240 - Cannot read IP mode file for STMicroelectronics.X-CUBE-EEPRMA1.4.2.0
2025-03-19 09:06:04,965 [INFO] WebApp:191 - Connection restablished
2025-03-19 09:06:04,973 [WARN] PackLoader:240 - Cannot read IP mode file for STMicroelectronics.X-CUBE-NFC6.3.1.0
2025-03-19 09:06:04,980 [WARN] PackLoader:240 - Cannot read IP mode file for ITTIA_DB.I-CUBE-ITTIADB.8.8.0
2025-03-19 09:06:04,990 [WARN] PackLoader:240 - Cannot read IP mode file for emotas.I-CUBE-CANOPEN.1.1.3
2025-03-19 09:06:04,997 [WARN] PackLoader:240 - Cannot read IP mode file for STMicroelectronics.X-CUBE-BLEMGR.2.0.0
2025-03-19 09:06:05,003 [WARN] PackLoader:240 - Cannot read IP mode file for STMicroelectronics.X-CUBE-DPower.1.2.0
2025-03-19 09:06:05,012 [WARN] PackLoader:240 - Cannot read IP mode file for STMicroelectronics.X-CUBE-NFC4.2.0.5
2025-03-19 09:06:05,018 [WARN] PackLoader:240 - Cannot read IP mode file for STMicroelectronics.X-CUBE-AI.9.0.0
2025-03-19 09:06:05,030 [WARN] ConditionMgr:438 - getConditionDescription Invalid condition id : UX DEVICE CLASS RTOS Condition cause : null
2025-03-19 09:06:05,030 [WARN] ConditionMgr:438 - getConditionDescription Invalid condition id : UX DEVICE CLASS RTOS Condition cause : null
2025-03-19 09:06:05,031 [WARN] PackLoader:240 - Cannot read IP mode file for STMicroelectronics.X-CUBE-AZRTOS-H7.3.1.0
2025-03-19 09:06:05,032 [WARN] ConditionMgr:1044 - genDependencies : Invalid condition id : UX DEVICE CLASS RTOS Condition cause : null
2025-03-19 09:06:05,032 [WARN] ConditionMgr:1044 - genDependencies : Invalid condition id : UX DEVICE CLASS RTOS Condition cause : null
2025-03-19 09:06:05,032 [WARN] ConditionMgr:1044 - genDependencies : Invalid condition id : UX DEVICE CLASS RTOS Condition cause : null
2025-03-19 09:06:05,032 [WARN] ConditionMgr:1044 - genDependencies : Invalid condition id : UX DEVICE CLASS RTOS Condition cause : null
2025-03-19 09:06:05,032 [WARN] ConditionMgr:1044 - genDependencies : Invalid condition id : UX DEVICE CLASS RTOS Condition cause : null
2025-03-19 09:06:05,037 [WARN] PackLoader:240 - Cannot read IP mode file for wolfSSL.I-CUBE-wolfSSL.5.5.3
2025-03-19 09:06:05,042 [WARN] PackLoader:240 - Cannot read IP mode file for STMicroelectronics.X-CUBE-FREERTOS.1.3.0
2025-03-19 09:06:05,051 [WARN] PackLoader:240 - Cannot read IP mode file for STMicroelectronics.X-CUBE-NFC7.1.0.1
2025-03-19 09:06:05,061 [WARN] PackLoader:240 - Cannot read IP mode file for STMicroelectronics.X-CUBE-NFC7.1.0.0
2025-03-19 09:06:05,065 [WARN] PackLoader:240 - Cannot read IP mode file for wolfSSL.I-CUBE-wolfTPM.3.2.0
2025-03-19 09:06:05,079 [WARN] PackLoader:240 - Cannot read IP mode file for STMicroelectronics.X-CUBE-NFC6.3.0.0
2025-03-19 09:06:05,090 [WARN] PackLoader:240 - Cannot read IP mode file for STMicroelectronics.X-CUBE-EEPRMA1.4.1.0
2025-03-19 09:06:05,097 [WARN] PackLoader:240 - Cannot read IP mode file for STMicroelectronics.X-CUBE-AI.8.1.0
2025-03-19 09:06:05,114 [WARN] ConditionMgr:438 - getConditionDescription Invalid condition id : LAN8742 Phy interface Condition cause : null
2025-03-19 09:06:05,114 [WARN] PackLoader:240 - Cannot read IP mode file for STMicroelectronics.X-CUBE-AZRTOS-L4.2.0.0
2025-03-19 09:06:05,115 [WARN] ConditionMgr:1044 - genDependencies : Invalid condition id : LAN8742 Phy interface Condition cause : null
2025-03-19 09:06:05,115 [WARN] ConditionMgr:1044 - genDependencies : Invalid condition id : LAN8742 Phy interface Condition cause : null
2025-03-19 09:06:05,116 [WARN] ConditionMgr:1044 - genDependencies : Invalid condition id : LAN8742 Phy interface Condition cause : null
2025-03-19 09:06:05,126 [WARN] PackLoader:240 - Cannot read IP mode file for STMicroelectronics.X-CUBE-SFXS2LP1.4.0.0
2025-03-19 09:06:05,140 [WARN] PackLoader:240 - Cannot read IP mode file for STMicroelectronics.X-CUBE-AZRTOS-H7.3.0.0
2025-03-19 09:06:05,149 [WARN] PackLoader:240 - Cannot read IP mode file for STMicroelectronics.X-CUBE-ISPU.1.1.0
2025-03-19 09:06:05,164 [WARN] PackLoader:240 - Cannot read IP mode file for STMicroelectronics.X-CUBE-AZRTOS-H7.3.3.0
2025-03-19 09:06:05,171 [WARN] PackLoader:240 - Cannot read IP mode file for RoweBots.I-CUBE-UNISONRTOS.5.5.0-4
2025-03-19 09:06:05,178 [WARN] PackLoader:240 - Cannot read IP mode file for STMicroelectronics.X-CUBE-AI.8.0.0
2025-03-19 09:06:05,185 [WARN] PackLoader:240 - Cannot read IP mode file for STMicroelectronics.X-CUBE-IPS.3.0.0
2025-03-19 09:06:05,198 [WARN] ConditionMgr:438 - getConditionDescription Invalid condition id : UX DEVICE CLASS RTOS Condition cause : null
2025-03-19 09:06:05,198 [WARN] ConditionMgr:438 - getConditionDescription Invalid condition id : UX DEVICE CLASS RTOS Condition cause : null
2025-03-19 09:06:05,199 [WARN] PackLoader:240 - Cannot read IP mode file for STMicroelectronics.X-CUBE-AZRTOS-WB.2.0.0
2025-03-19 09:06:05,200 [WARN] ConditionMgr:1044 - genDependencies : Invalid condition id : UX DEVICE CLASS RTOS Condition cause : null
2025-03-19 09:06:05,200 [WARN] ConditionMgr:1044 - genDependencies : Invalid condition id : UX DEVICE CLASS RTOS Condition cause : null
2025-03-19 09:06:05,200 [WARN] ConditionMgr:1044 - genDependencies : Invalid condition id : UX DEVICE CLASS RTOS Condition cause : null
2025-03-19 09:06:05,200 [WARN] ConditionMgr:1044 - genDependencies : Invalid condition id : UX DEVICE CLASS RTOS Condition cause : null
2025-03-19 09:06:05,200 [WARN] ConditionMgr:1044 - genDependencies : Invalid condition id : UX DEVICE CLASS RTOS Condition cause : null
2025-03-19 09:06:05,206 [WARN] PackLoader:240 - Cannot read IP mode file for STMicroelectronics.X-CUBE-FREERTOS.1.0.0
2025-03-19 09:06:05,211 [WARN] PackLoader:240 - Cannot read IP mode file for STMicroelectronics.X-CUBE-FREERTOS.1.0.1
2025-03-19 09:06:05,219 [WARN] PackLoader:240 - Cannot read IP mode file for STMicroelectronics.X-CUBE-GNSS1.7.0.0
2025-03-19 09:06:05,228 [WARN] PackLoader:240 - Cannot read IP mode file for STMicroelectronics.X-CUBE-GNSS1.7.0.1
2025-03-19 09:06:05,232 [WARN] PackLoader:240 - Cannot read IP mode file for STMicroelectronics.X-CUBE-TOUCHGFX.4.25.0
2025-03-19 09:06:05,238 [WARN] PackLoader:240 - Cannot read IP mode file for STMicroelectronics.FP-SNS-STBOX1.2.0.0
2025-03-19 09:06:05,250 [WARN] PackLoader:240 - Cannot read IP mode file for STMicroelectronics.X-CUBE-AZRTOS-L5.1.1.0
2025-03-19 09:06:05,258 [WARN] PackLoader:240 - Cannot read IP mode file for STMicroelectronics.X-CUBE-AI.8.0.1
2025-03-19 09:06:05,268 [WARN] PackLoader:240 - Cannot read IP mode file for STMicroelectronics.X-CUBE-SUBG2.5.0.0
2025-03-19 09:06:05,276 [WARN] PackLoader:240 - Cannot read IP mode file for Cesanta.I-CUBE-Mongoose.7.13.0
2025-03-19 09:06:05,284 [WARN] PackLoader:240 - Cannot read IP mode file for STMicroelectronics.X-CUBE-TOF1.3.3.1
2025-03-19 09:06:05,299 [WARN] PackLoader:240 - Cannot read IP mode file for STMicroelectronics.X-CUBE-AZRTOS-G4.2.0.0
2025-03-19 09:06:05,309 [WARN] PackLoader:240 - Cannot read IP mode file for STMicroelectronics.X-CUBE-TOF1.3.3.0
2025-03-19 09:06:05,322 [WARN] PackLoader:240 - Cannot read IP mode file for STMicroelectronics.FP-ATR-ASTRA1.1.1.1
2025-03-19 09:06:05,334 [WARN] PackLoader:240 - Cannot read IP mode file for Infineon.AIROC-Wi-Fi-Bluetooth-STM32.1.5.1
2025-03-19 09:06:05,341 [WARN] PackLoader:240 - Cannot read IP mode file for STMicroelectronics.FP-SNS-MOTENVWB1.1.3.0
2025-03-19 09:06:05,347 [WARN] PackLoader:240 - Cannot read IP mode file for STMicroelectronics.FP-SNS-MOTENVWB1.1.3.1
2025-03-19 09:06:05,360 [WARN] PackLoader:240 - Cannot read IP mode file for STMicroelectronics.X-CUBE-AZRTOS-G4.1.0.0
2025-03-19 09:06:05,376 [WARN] PackLoader:240 - Cannot read IP mode file for STMicroelectronics.X-CUBE-AZRTOS-L4.1.0.0
2025-03-19 09:06:05,383 [WARN] PackLoader:240 - Cannot read IP mode file for STMicroelectronics.X-CUBE-ISPU.2.0.0
2025-03-19 09:06:05,396 [WARN] PackLoader:240 - Cannot read IP mode file for STMicroelectronics.X-CUBE-IPS.3.1.0
2025-03-19 09:06:05,406 [WARN] PackLoader:240 - Cannot read IP mode file for STMicroelectronics.X-CUBE-ALS.1.0.2
2025-03-19 09:06:05,489 [WARN] PackLoader:240 - Cannot read IP mode file for STMicroelectronics.X-CUBE-MEMS1.10.0.0
2025-03-19 09:06:05,543 [WARN] PackLoader:240 - Cannot read IP mode file for STMicroelectronics.X-CUBE-FREERTOS.1.1.0
2025-03-19 09:06:05,548 [WARN] PackLoader:240 - Cannot read IP mode file for STMicroelectronics.X-CUBE-TOUCHGFX.4.24.0
2025-03-19 09:06:05,553 [WARN] PackLoader:240 - Cannot read IP mode file for STMicroelectronics.X-CUBE-TOUCHGFX.4.24.2
2025-03-19 09:06:05,562 [WARN] PackLoader:240 - Cannot read IP mode file for STMicroelectronics.X-CUBE-AZRTOS-WL.1.0.0
2025-03-19 09:06:05,566 [WARN] PackLoader:240 - Cannot read IP mode file for STMicroelectronics.X-CUBE-TOUCHGFX.4.24.1
2025-03-19 09:06:05,574 [WARN] PackLoader:240 - Cannot read IP mode file for portGmbH.I-Cube-SoM-uGOAL.1.1.0
2025-03-19 09:06:05,578 [WARN] PackLoader:240 - Cannot read IP mode file for STMicroelectronics.X-CUBE-ALS.1.0.1
2025-03-19 09:06:05,588 [WARN] PackLoader:240 - Cannot read IP mode file for STMicroelectronics.X-CUBE-AZRTOS-WB.1.1.0
2025-03-19 09:06:05,609 [WARN] PackLoader:240 - Cannot read IP mode file for STMicroelectronics.X-CUBE-AZRTOS-L5.1.0.0
2025-03-19 09:06:05,619 [WARN] PackLoader:240 - Cannot read IP mode file for STMicroelectronics.X-CUBE-EEPRMA1.3.1.1
2025-03-19 09:06:05,636 [WARN] PackLoader:240 - Cannot read IP mode file for STMicroelectronics.X-CUBE-AZRTOS-H7RS.1.0.0
2025-03-19 09:06:05,644 [WARN] PackLoader:240 - Cannot read IP mode file for STMicroelectronics.FP-ATR-ASTRA1.2.0.0
2025-03-19 09:06:05,651 [WARN] PackLoader:240 - Cannot read IP mode file for STMicroelectronics.X-CUBE-TOF1.3.4.2
2025-03-19 09:06:05,664 [WARN] PackLoader:240 - Cannot read IP mode file for STMicroelectronics.X-CUBE-TOF1.3.4.0
2025-03-19 09:06:05,676 [WARN] PackLoader:240 - Cannot read IP mode file for STMicroelectronics.X-CUBE-TOF1.3.4.1
2025-03-19 09:06:05,694 [WARN] PackLoader:240 - Cannot read IP mode file for STMicroelectronics.X-CUBE-AZRTOS-H7.3.2.0
2025-03-19 09:06:05,701 [WARN] PackLoader:240 - Cannot read IP mode file for wolfSSL.I-CUBE-wolfSSH.1.4.17
2025-03-19 09:06:05,701 [INFO] ThirdParty:978 - Integrity check success = true
2025-03-19 09:06:05,701 [INFO] IntegrityCheckThread:100 - exiting critical section [integrity check]
2025-03-19 09:06:05,702 [INFO] IntegrityCheckThread:103 - End integrity checks thread
2025-03-19 17:05:14,122 [ERROR] LogOutputStream:75 - [STDERR_REDIRECT] 
