2025-03-21 07:32:39,904 [INFO] Activator:176 - 


2025-03-21 07:32:39,910 [INFO] Activator:177 - !SESSION log4j initialized
2025-03-21 07:32:48,466 [INFO] LogOutputStream:77 - [STDOUT_REDIRECT] 
2025-03-21 07:32:52,070 [INFO] ApplicationProperties:184 - Using Application install path: C:\ST\STM32CubeIDE_1.7.0\STM32CubeIDE\plugins\com.st.stm32cube.common.mx_6.14.0.202502271554
2025-03-21 07:32:52,100 [INFO] DbMcusXml:78 - Set database path to: C:\ST\STM32CubeIDE_1.7.0\STM32CubeIDE\plugins\com.st.stm32cube.common.mx_6.14.0.202502271554\\db\/mcu/
2025-03-21 07:32:52,100 [INFO] ApiDb:274 - Set plugin database path to: C:\ST\STM32CubeIDE_1.7.0\STM32CubeIDE\plugins\com.st.stm32cube.common.mx_6.14.0.202502271554\\db\/plugins/boardmanager/
2025-03-21 07:32:52,101 [WARN] ApiDb:259 - Overriding images path with different value:  => C:\ST\STM32CubeIDE_1.7.0\STM32CubeIDE\plugins\com.st.stm32cube.common.mx_6.14.0.202502271554\\db\/plugins/mcufinder/images/
2025-03-21 07:32:52,117 [INFO] ApiDb:250 - Set database path to: C:\Users\catsa\.stmcufinder\plugins\mcufinder//mcu/
2025-03-21 07:32:52,118 [INFO] DbMcusAds:125 - Set database path to: C:\Users\catsa\.stmcufinder\plugins\mcufinder//mcu/
2025-03-21 07:32:52,122 [INFO] CrossReferenceDbSqlite:203 - Set database path to: C:\Users\catsa\.stmcufinder\plugins\mcufinder//mcu/cs/
2025-03-21 07:32:52,265 [INFO] RulesReader:64 - Compatibility file has been processed (301 Rules)
2025-03-21 07:32:52,388 [INFO] DbMcusXml:78 - Set database path to: C:\ST\STM32CubeIDE_1.7.0\STM32CubeIDE\plugins\com.st.stm32cube.common.mx_6.14.0.202502271554\\db\/mcu/
2025-03-21 07:32:52,388 [INFO] ApiDb:274 - Set plugin database path to: C:\ST\STM32CubeIDE_1.7.0\STM32CubeIDE\plugins\com.st.stm32cube.common.mx_6.14.0.202502271554\\db\/plugins/boardmanager/
2025-03-21 07:32:52,388 [INFO] ApiDb:261 - Set plugin images path to: C:\ST\STM32CubeIDE_1.7.0\STM32CubeIDE\plugins\com.st.stm32cube.common.mx_6.14.0.202502271554\\db\/plugins/mcufinder/images/
2025-03-21 07:32:52,388 [WARN] DbFile:41 - Overriding database path with different value: C:\Users\catsa\.stmcufinder\plugins\mcufinder/ => C:\Users\catsa\.stmcufinder\plugins\mcufinder
2025-03-21 07:32:52,388 [INFO] ApiDb:250 - Set database path to: C:\Users\catsa\.stmcufinder\plugins\mcufinder//mcu/
2025-03-21 07:32:52,388 [WARN] DbFile:41 - Overriding database path with different value: C:\Users\catsa\.stmcufinder\plugins\mcufinder/ => C:\Users\catsa\.stmcufinder\plugins\mcufinder
2025-03-21 07:32:52,389 [INFO] DbMcusAds:125 - Set database path to: C:\Users\catsa\.stmcufinder\plugins\mcufinder//mcu/
2025-03-21 07:32:52,389 [WARN] DbFile:41 - Overriding database path with different value: C:\Users\catsa\.stmcufinder\plugins\mcufinder/ => C:\Users\catsa\.stmcufinder\plugins\mcufinder
2025-03-21 07:32:52,389 [WARN] DbFile:41 - Overriding database path with different value: C:\Users\catsa\.stmcufinder\plugins\mcufinder/ => C:\Users\catsa\.stmcufinder\plugins\mcufinder
2025-03-21 07:32:52,389 [INFO] CrossReferenceDbSqlite:203 - Set database path to: C:\Users\catsa\.stmcufinder\plugins\mcufinder//mcu/cs/
2025-03-21 07:32:52,528 [INFO] MainPanel:272 - HeapMemory: 268435456
2025-03-21 07:32:52,719 [INFO] DbMcusXml:78 - Set database path to: C:\ST\STM32CubeIDE_1.7.0\STM32CubeIDE\plugins\com.st.stm32cube.common.mx_6.14.0.202502271554\\db\/mcu/
2025-03-21 07:32:52,720 [INFO] ApiDb:274 - Set plugin database path to: C:\ST\STM32CubeIDE_1.7.0\STM32CubeIDE\plugins\com.st.stm32cube.common.mx_6.14.0.202502271554\\db\/plugins/boardmanager/
2025-03-21 07:32:52,720 [INFO] ApiDb:261 - Set plugin images path to: C:\ST\STM32CubeIDE_1.7.0\STM32CubeIDE\plugins\com.st.stm32cube.common.mx_6.14.0.202502271554\\db\/plugins/mcufinder/images/
2025-03-21 07:32:52,720 [WARN] DbFile:41 - Overriding database path with different value: C:\Users\catsa\.stmcufinder\plugins\mcufinder/ => C:\Users\catsa\.stmcufinder\plugins\mcufinder
2025-03-21 07:32:52,720 [INFO] ApiDb:250 - Set database path to: C:\Users\catsa\.stmcufinder\plugins\mcufinder//mcu/
2025-03-21 07:32:52,720 [WARN] DbFile:41 - Overriding database path with different value: C:\Users\catsa\.stmcufinder\plugins\mcufinder/ => C:\Users\catsa\.stmcufinder\plugins\mcufinder
2025-03-21 07:32:52,721 [INFO] DbMcusAds:125 - Set database path to: C:\Users\catsa\.stmcufinder\plugins\mcufinder//mcu/
2025-03-21 07:32:52,721 [WARN] DbFile:41 - Overriding database path with different value: C:\Users\catsa\.stmcufinder\plugins\mcufinder/ => C:\Users\catsa\.stmcufinder\plugins\mcufinder
2025-03-21 07:32:52,721 [WARN] DbFile:41 - Overriding database path with different value: C:\Users\catsa\.stmcufinder\plugins\mcufinder/ => C:\Users\catsa\.stmcufinder\plugins\mcufinder
2025-03-21 07:32:52,721 [INFO] CrossReferenceDbSqlite:203 - Set database path to: C:\Users\catsa\.stmcufinder\plugins\mcufinder//mcu/cs/
2025-03-21 07:32:52,753 [INFO] ApplicationProperties:184 - Using Application install path: C:\ST\STM32CubeIDE_1.7.0\STM32CubeIDE\plugins\com.st.stm32cube.common.mx_6.14.0.202502271554
2025-03-21 07:32:52,754 [INFO] PluginManage:196 - Search for loadable plugins [exclusion list=, ]
2025-03-21 07:32:52,756 [INFO] PluginManage:310 - Check plugin analytics
2025-03-21 07:32:53,000 [INFO] AnalyticsPlugin:253 - Accepted Software Licenses: STM32CubeMX.6.3.0
2025-03-21 07:32:53,001 [INFO] AnalyticsPlugin:255 - Accepted CMSIS Pack Licenses: 
2025-03-21 07:32:53,001 [INFO] AnalyticsPlugin:257 - Accepted Firmware Licenses: FW.L4.1.18.0
2025-03-21 07:32:53,004 [INFO] PluginManage:359 - Loaded plugin analytics (category:tool,tabindex:-1)
2025-03-21 07:32:53,005 [INFO] PluginManage:310 - Check plugin cadmodel
2025-03-21 07:32:53,067 [INFO] CADModel:105 - Init CAD model plugin
2025-03-21 07:32:53,068 [INFO] PluginManage:359 - Loaded plugin cadmodel (category:power,tabindex:5)
2025-03-21 07:32:53,068 [INFO] PluginManage:310 - Check plugin clock
2025-03-21 07:32:53,102 [INFO] PluginManage:359 - Loaded plugin clock (category:base,tabindex:2)
2025-03-21 07:32:53,103 [INFO] PluginManage:310 - Check plugin ddr
2025-03-21 07:32:53,107 [INFO] PluginManage:359 - Loaded plugin ddr (category:tool,tabindex:6)
2025-03-21 07:32:53,107 [INFO] PluginManage:310 - Check plugin filemanager
2025-03-21 07:32:53,414 [INFO] PluginManage:359 - Loaded plugin filemanager (category:base,tabindex:10)
2025-03-21 07:32:53,415 [INFO] PluginManage:310 - Check plugin ipmanager
2025-03-21 07:32:53,426 [INFO] PluginManage:359 - Loaded plugin ipmanager (category:base,tabindex:5)
2025-03-21 07:32:53,427 [INFO] PluginManage:310 - Check plugin lpbam
2025-03-21 07:32:53,447 [INFO] PluginManage:359 - Loaded plugin lpbam (category:base,tabindex:0)
2025-03-21 07:32:53,447 [INFO] PluginManage:310 - Check plugin memorymap
2025-03-21 07:32:53,484 [INFO] PluginManage:359 - Loaded plugin memorymap (category:base,tabindex:4)
2025-03-21 07:32:53,484 [INFO] PluginManage:310 - Check plugin pinoutandconfiguration
2025-03-21 07:32:53,514 [INFO] PluginManage:359 - Loaded plugin pinoutandconfiguration (category:base,tabindex:1)
2025-03-21 07:32:53,514 [INFO] PluginManage:310 - Check plugin pinoutconfig
2025-03-21 07:32:53,686 [WARN] SupportedApi:132 - Cannot load RTOS API schema: s4s-elt-must-match.1: The content of 'definitions' must match (annotation?, (simpleType | complexType)?, (unique | key | keyref)*)). A problem was found starting at: attribute.
2025-03-21 07:32:53,903 [INFO] PluginManage:359 - Loaded plugin pinoutconfig (category:base,tabindex:0)
2025-03-21 07:32:53,904 [INFO] PluginManage:310 - Check plugin power
2025-03-21 07:32:53,957 [INFO] PluginManage:359 - Loaded plugin power (category:power,tabindex:4)
2025-03-21 07:32:53,958 [INFO] PluginManage:310 - Check plugin projectmanager
2025-03-21 07:32:54,047 [INFO] PluginManage:359 - Loaded plugin projectmanager (category:projectmanager,tabindex:4)
2025-03-21 07:32:54,048 [INFO] PluginManage:310 - Check plugin rif
2025-03-21 07:32:54,074 [INFO] PluginManage:359 - Loaded plugin rif (category:base,tabindex:3)
2025-03-21 07:32:54,074 [INFO] PluginManage:310 - Check plugin thirdparty
2025-03-21 07:32:54,361 [INFO] PluginManage:359 - Loaded plugin thirdparty (category:base,tabindex:-1)
2025-03-21 07:32:54,362 [INFO] PluginManage:310 - Check plugin tools
2025-03-21 07:32:54,362 [WARN] IntegrityCheckThread:84 - waiting for thirdparty lock release [integrity check]
2025-03-21 07:32:54,363 [INFO] IntegrityCheckThread:86 - entering critical section [integrity check]
2025-03-21 07:32:54,363 [INFO] ThirdPartyUpdaterWithRetryManager:70 - Updater plugin not ready yet. [1/15]
2025-03-21 07:32:54,372 [INFO] PluginManage:359 - Loaded plugin tools (category:base,tabindex:7)
2025-03-21 07:32:54,372 [INFO] PluginManage:310 - Check plugin tutovideos
2025-03-21 07:32:54,628 [INFO] PluginManage:359 - Loaded plugin tutovideos (category:base,tabindex:-1)
2025-03-21 07:32:54,628 [INFO] PluginManage:310 - Check plugin updater
2025-03-21 07:32:54,656 [INFO] PluginManage:359 - Loaded plugin updater (category:base,tabindex:12)
2025-03-21 07:32:54,657 [INFO] PluginManage:310 - Check plugin userauth
2025-03-21 07:32:54,662 [INFO] UserAuth:118 - Init User Auth plugin
2025-03-21 07:32:54,663 [INFO] PluginManage:359 - Loaded plugin userauth (category:base,tabindex:14)
2025-03-21 07:32:54,664 [INFO] PluginManage:283 - PluginManage : Loaded plugins [18]
2025-03-21 07:32:54,951 [INFO] PinOutPanel:1589 - setPackage(No Configuration,No Configuration)
2025-03-21 07:32:55,088 [INFO] CADModel:165 - CPN selected for project level
2025-03-21 07:32:55,088 [INFO] CADModel:114 - Register for checkConnection events
2025-03-21 07:32:55,117 [INFO] IPUIPlugin:80 - create IPUIPlugin
2025-03-21 07:32:55,117 [INFO] PluginManager:220 - loadIPPluginJar : add adc
2025-03-21 07:32:55,126 [INFO] IPUIPlugin:80 - create IPUIPlugin
2025-03-21 07:32:55,126 [INFO] PluginManager:220 - loadIPPluginJar : add aes
2025-03-21 07:32:55,137 [INFO] IPUIPlugin:80 - create IPUIPlugin
2025-03-21 07:32:55,137 [INFO] PluginManager:220 - loadIPPluginJar : add can
2025-03-21 07:32:55,142 [INFO] IPUIPlugin:80 - create IPUIPlugin
2025-03-21 07:32:55,142 [INFO] PluginManager:220 - loadIPPluginJar : add comp
2025-03-21 07:32:55,151 [INFO] IPUIPlugin:80 - create IPUIPlugin
2025-03-21 07:32:55,152 [INFO] PluginManager:220 - loadIPPluginJar : add cryp
2025-03-21 07:32:55,165 [INFO] IPUIPlugin:80 - create IPUIPlugin
2025-03-21 07:32:55,165 [INFO] PluginManager:220 - loadIPPluginJar : add ddr_ctrl_phy
2025-03-21 07:32:55,172 [INFO] IPUIPlugin:80 - create IPUIPlugin
2025-03-21 07:32:55,172 [INFO] PluginManager:220 - loadIPPluginJar : add dfsdm
2025-03-21 07:32:55,185 [INFO] IPUIPlugin:80 - create IPUIPlugin
2025-03-21 07:32:55,186 [INFO] PluginManager:220 - loadIPPluginJar : add dma
2025-03-21 07:32:55,192 [INFO] IPUIPlugin:80 - create IPUIPlugin
2025-03-21 07:32:55,192 [INFO] PluginManager:220 - loadIPPluginJar : add dma3
2025-03-21 07:32:55,203 [INFO] IPUIPlugin:80 - create IPUIPlugin
2025-03-21 07:32:55,203 [INFO] PluginManager:220 - loadIPPluginJar : add extmemmanager
2025-03-21 07:32:55,207 [INFO] IPUIPlugin:80 - create IPUIPlugin
2025-03-21 07:32:55,207 [INFO] PluginManager:220 - loadIPPluginJar : add fatfs
2025-03-21 07:32:55,219 [INFO] IPUIPlugin:80 - create IPUIPlugin
2025-03-21 07:32:55,219 [INFO] PluginManager:220 - loadIPPluginJar : add fmc
2025-03-21 07:32:55,237 [INFO] IPUIPlugin:80 - create IPUIPlugin
2025-03-21 07:32:55,237 [INFO] PluginManager:220 - loadIPPluginJar : add freertos
2025-03-21 07:32:55,241 [INFO] IPUIPlugin:80 - create IPUIPlugin
2025-03-21 07:32:55,241 [INFO] PluginManager:220 - loadIPPluginJar : add genericplugin
2025-03-21 07:32:55,249 [INFO] IPUIPlugin:80 - create IPUIPlugin
2025-03-21 07:32:55,249 [INFO] PluginManager:220 - loadIPPluginJar : add gfxmmu
2025-03-21 07:32:55,259 [INFO] IPUIPlugin:80 - create IPUIPlugin
2025-03-21 07:32:55,259 [INFO] PluginManager:220 - loadIPPluginJar : add gic
2025-03-21 07:32:55,274 [INFO] IPUIPlugin:80 - create IPUIPlugin
2025-03-21 07:32:55,274 [INFO] PluginManager:220 - loadIPPluginJar : add gpio
2025-03-21 07:32:55,285 [INFO] IPUIPlugin:80 - create IPUIPlugin
2025-03-21 07:32:55,285 [INFO] PluginManager:220 - loadIPPluginJar : add gtzc
2025-03-21 07:32:55,292 [INFO] IPUIPlugin:80 - create IPUIPlugin
2025-03-21 07:32:55,292 [INFO] PluginManager:220 - loadIPPluginJar : add hash
2025-03-21 07:32:55,303 [INFO] IPUIPlugin:80 - create IPUIPlugin
2025-03-21 07:32:55,303 [INFO] PluginManager:220 - loadIPPluginJar : add i2c
2025-03-21 07:32:55,314 [INFO] IPUIPlugin:80 - create IPUIPlugin
2025-03-21 07:32:55,314 [INFO] PluginManager:220 - loadIPPluginJar : add i2s
2025-03-21 07:32:55,324 [INFO] IPUIPlugin:80 - create IPUIPlugin
2025-03-21 07:32:55,325 [INFO] PluginManager:220 - loadIPPluginJar : add i3c
2025-03-21 07:32:55,339 [INFO] IPUIPlugin:80 - create IPUIPlugin
2025-03-21 07:32:55,339 [INFO] PluginManager:220 - loadIPPluginJar : add ipddr
2025-03-21 07:32:55,352 [INFO] IPUIPlugin:80 - create IPUIPlugin
2025-03-21 07:32:55,352 [INFO] PluginManager:220 - loadIPPluginJar : add linkedlist
2025-03-21 07:32:55,359 [INFO] IPUIPlugin:80 - create IPUIPlugin
2025-03-21 07:32:55,360 [INFO] PluginManager:220 - loadIPPluginJar : add lorawan
2025-03-21 07:32:55,368 [INFO] IPUIPlugin:80 - create IPUIPlugin
2025-03-21 07:32:55,368 [INFO] PluginManager:220 - loadIPPluginJar : add ltdc
2025-03-21 07:32:55,381 [INFO] IPUIPlugin:80 - create IPUIPlugin
2025-03-21 07:32:55,381 [INFO] PluginManager:220 - loadIPPluginJar : add mdma
2025-03-21 07:32:55,393 [INFO] IPUIPlugin:80 - create IPUIPlugin
2025-03-21 07:32:55,393 [INFO] PluginManager:220 - loadIPPluginJar : add nvic
2025-03-21 07:32:55,403 [INFO] IPUIPlugin:80 - create IPUIPlugin
2025-03-21 07:32:55,403 [INFO] PluginManager:220 - loadIPPluginJar : add opamp
2025-03-21 07:32:55,416 [INFO] IPUIPlugin:80 - create IPUIPlugin
2025-03-21 07:32:55,416 [INFO] PluginManager:220 - loadIPPluginJar : add openamp
2025-03-21 07:32:55,427 [INFO] IPUIPlugin:80 - create IPUIPlugin
2025-03-21 07:32:55,427 [INFO] PluginManager:220 - loadIPPluginJar : add pdm2pcm
2025-03-21 07:32:55,443 [INFO] IPUIPlugin:80 - create IPUIPlugin
2025-03-21 07:32:55,447 [INFO] PluginManager:220 - loadIPPluginJar : add plateformsettings
2025-03-21 07:32:55,452 [INFO] IPUIPlugin:80 - create IPUIPlugin
2025-03-21 07:32:55,452 [INFO] PluginManager:220 - loadIPPluginJar : add quadspi
2025-03-21 07:32:55,458 [INFO] IPUIPlugin:80 - create IPUIPlugin
2025-03-21 07:32:55,459 [INFO] PluginManager:220 - loadIPPluginJar : add radio
2025-03-21 07:32:55,473 [INFO] IPUIPlugin:80 - create IPUIPlugin
2025-03-21 07:32:55,473 [INFO] PluginManager:220 - loadIPPluginJar : add resmgrutility
2025-03-21 07:32:55,486 [INFO] IPUIPlugin:80 - create IPUIPlugin
2025-03-21 07:32:55,486 [INFO] PluginManager:220 - loadIPPluginJar : add sai
2025-03-21 07:32:55,495 [INFO] IPUIPlugin:80 - create IPUIPlugin
2025-03-21 07:32:55,496 [INFO] PluginManager:220 - loadIPPluginJar : add spi
2025-03-21 07:32:55,518 [INFO] IPUIPlugin:80 - create IPUIPlugin
2025-03-21 07:32:55,518 [INFO] PluginManager:220 - loadIPPluginJar : add stm32_wpan
2025-03-21 07:32:55,524 [INFO] IPUIPlugin:80 - create IPUIPlugin
2025-03-21 07:32:55,524 [INFO] PluginManager:220 - loadIPPluginJar : add tim
2025-03-21 07:32:55,537 [INFO] IPUIPlugin:80 - create IPUIPlugin
2025-03-21 07:32:55,537 [INFO] PluginManager:220 - loadIPPluginJar : add touchsensing
2025-03-21 07:32:55,544 [INFO] IPUIPlugin:80 - create IPUIPlugin
2025-03-21 07:32:55,544 [INFO] PluginManager:220 - loadIPPluginJar : add tracer_emb
2025-03-21 07:32:55,550 [INFO] IPUIPlugin:80 - create IPUIPlugin
2025-03-21 07:32:55,551 [INFO] PluginManager:220 - loadIPPluginJar : add ts
2025-03-21 07:32:55,556 [INFO] IPUIPlugin:80 - create IPUIPlugin
2025-03-21 07:32:55,557 [INFO] PluginManager:220 - loadIPPluginJar : add tsc
2025-03-21 07:32:55,563 [INFO] IPUIPlugin:80 - create IPUIPlugin
2025-03-21 07:32:55,563 [INFO] PluginManager:220 - loadIPPluginJar : add ucpd
2025-03-21 07:32:55,572 [INFO] IPUIPlugin:80 - create IPUIPlugin
2025-03-21 07:32:55,572 [INFO] PluginManager:220 - loadIPPluginJar : add usart
2025-03-21 07:32:55,585 [INFO] IPUIPlugin:80 - create IPUIPlugin
2025-03-21 07:32:55,586 [INFO] PluginManager:220 - loadIPPluginJar : add usbx
2025-03-21 07:32:55,732 [FATAL] Updater:351 - Updater called before beeing initialized
2025-03-21 07:32:55,771 [INFO] RulesReader:64 - Compatibility file has been processed (301 Rules)
2025-03-21 07:32:55,786 [INFO] RulesReader:64 - Compatibility file has been processed (301 Rules)
2025-03-21 07:32:55,793 [INFO] CADModel:165 - CPN selected for project level
2025-03-21 07:32:55,793 [INFO] CADModel:114 - Register for checkConnection events
2025-03-21 07:32:55,794 [FATAL] Updater:351 - Updater called before beeing initialized
2025-03-21 07:32:55,794 [ERROR] CADModel:125 - Updater not yet initialized, retry later 
2025-03-21 07:32:56,014 [FATAL] Updater:351 - Updater called before beeing initialized
2025-03-21 07:32:56,017 [INFO] CADModel:165 - CPN selected for project level
2025-03-21 07:32:56,017 [INFO] CADModel:114 - Register for checkConnection events
2025-03-21 07:32:56,018 [FATAL] Updater:351 - Updater called before beeing initialized
2025-03-21 07:32:56,018 [ERROR] CADModel:125 - Updater not yet initialized, retry later 
2025-03-21 07:32:56,022 [FATAL] Updater:351 - Updater called before beeing initialized
2025-03-21 07:32:56,191 [FATAL] Updater:351 - Updater called before beeing initialized
2025-03-21 07:32:56,199 [INFO] DbMcusAds:53 - JSON generation date=Thu Sep 30 15:55:09 KST 2021 (1632984909247)
2025-03-21 07:32:56,199 [FATAL] Updater:351 - Updater called before beeing initialized
2025-03-21 07:32:56,255 [WARN] DetailPanel:346 - Failed to get advertising image, set to default
2025-03-21 07:32:56,572 [FATAL] Updater:351 - Updater called before beeing initialized
2025-03-21 07:32:56,574 [FATAL] Updater:351 - Updater called before beeing initialized
2025-03-21 07:32:56,574 [FATAL] Updater:351 - Updater called before beeing initialized
2025-03-21 07:32:56,574 [WARN] DetailPanel:346 - Failed to get advertising image, set to default
2025-03-21 07:32:56,574 [FATAL] Updater:351 - Updater called before beeing initialized
2025-03-21 07:32:56,628 [ERROR] Updater:1198 - MainUpdater not yet initialized. External WinMGr cannot be set.
2025-03-21 07:32:56,632 [INFO] Updater:1134 - Updater Version found : 6.14.0
2025-03-21 07:32:56,659 [INFO] ApplicationProperties:184 - Using Application install path: C:\ST\STM32CubeIDE_1.7.0\STM32CubeIDE\plugins\com.st.stm32cube.common.mx_6.14.0.202502271554
2025-03-21 07:32:57,242 [INFO] MainUpdater:2872 - connection check result : 10
2025-03-21 07:32:57,243 [INFO] MainUpdater:289 - Updater Check For Update Now.
2025-03-21 07:32:57,243 [INFO] MicroXplorer:498 - Change Database Version : DB.6.0.140
2025-03-21 07:32:57,252 [INFO] McuFinderGlobals:63 - Set McuFinder mode to 2 (CubeIDE integrated)
2025-03-21 07:32:57,253 [INFO] UserAuth:486 - Internet connection configuration mode: 1
2025-03-21 07:32:57,282 [INFO] JxBrowserEngine:152 - Initiate JxBrowser Engine with user profile folder
2025-03-21 07:32:57,364 [WARN] MainUpdater:1193 - Updater busy. Cannot search thirdparties
2025-03-21 07:32:57,364 [INFO] ThirdPartyUpdaterWithRetryManager:96 - Updater plugin is busy. [1/15]
2025-03-21 07:32:57,438 [INFO] CheckServerUpdateThread:120 - End of CheckServer Thread
2025-03-21 07:32:58,654 [INFO] WebApp:169 - Instantiating new browser for Auth
2025-03-21 07:32:59,869 [INFO] WebApp:463 - Apply proxy settings
2025-03-21 07:32:59,870 [INFO] WebApp:548 - Chromium requires no authentication
2025-03-21 07:32:59,882 [INFO] WebApp:491 - Direct internet connection detected
2025-03-21 07:32:59,924 [INFO] WebApp:894 - Register for checkConnection events
2025-03-21 07:32:59,924 [INFO] WebApp:463 - Apply proxy settings
2025-03-21 07:32:59,924 [INFO] WebApp:548 - Chromium requires no authentication
2025-03-21 07:32:59,926 [INFO] WebApp:491 - Direct internet connection detected
2025-03-21 07:33:00,217 [INFO] WebApp:225 - Starting web application
2025-03-21 07:33:00,218 [INFO] WebApp:593 - Web application path used C:\ST\STM32CubeIDE_1.7.0\STM32CubeIDE\plugins\com.st.stm32cube.common.mx_6.14.0.202502271554\db\plugins\mcufinder\reactClient1\index.html
2025-03-21 07:33:00,526 [INFO] WebApp:191 - Connection restablished
2025-03-21 07:33:01,221 [INFO] UserAuth:486 - Internet connection configuration mode: 1
2025-03-21 07:33:01,339 [WARN] PackLoader:240 - Cannot read IP mode file for STMicroelectronics.FP-SNS-MOTENVWB1.1.4.0
2025-03-21 07:33:01,351 [WARN] PackLoader:240 - Cannot read IP mode file for STMicroelectronics.FP-ATR-ASTRA1.2.0.2
2025-03-21 07:33:01,360 [WARN] PackLoader:240 - Cannot read IP mode file for STMicroelectronics.FP-ATR-ASTRA1.2.0.1
2025-03-21 07:33:01,373 [WARN] PackLoader:240 - Cannot read IP mode file for STMicroelectronics.X-CUBE-SMBUS.2.1.0
2025-03-21 07:33:01,390 [WARN] PackLoader:240 - Cannot read IP mode file for STMicroelectronics.X-CUBE-WB05N.1.1.0
2025-03-21 07:33:01,400 [WARN] PackLoader:240 - Cannot read IP mode file for STMicroelectronics.X-CUBE-TOUCHGFX.4.23.1
2025-03-21 07:33:01,408 [WARN] PackLoader:240 - Cannot read IP mode file for STMicroelectronics.X-CUBE-TOUCHGFX.4.23.0
2025-03-21 07:33:01,414 [WARN] PackLoader:240 - Cannot read IP mode file for STMicroelectronics.X-CUBE-TOUCHGFX.4.23.2
2025-03-21 07:33:01,458 [WARN] PackLoader:240 - Cannot read IP mode file for STMicroelectronics.X-CUBE-AZRTOS-F7.1.1.0
2025-03-21 07:33:01,471 [ERROR] RealEvaluatedCondition:428 - Found unsupported composite condition: GROUP='STM32_MetaDataManager' CLASS='Data Exchange'
2025-03-21 07:33:01,472 [ERROR] RealEvaluatedCondition:428 - Found unsupported composite condition: GROUP='STM32_MetaDataManager' CLASS='Data Exchange'
2025-03-21 07:33:01,473 [WARN] PackLoader:240 - Cannot read IP mode file for STMicroelectronics.FP-SNS-MOTENV1.4.3.0
2025-03-21 07:33:01,483 [WARN] PackLoader:240 - Cannot read IP mode file for STMicroelectronics.FP-SNS-MOTENV1.4.3.2
2025-03-21 07:33:01,492 [WARN] PackLoader:240 - Cannot read IP mode file for STMicroelectronics.FP-SNS-FLIGHT1.5.0.0
2025-03-21 07:33:01,502 [ERROR] RealEvaluatedCondition:428 - Found unsupported composite condition: CLASS='Data Exchange' GROUP='STM32_MetaDataManager'
2025-03-21 07:33:01,502 [ERROR] RealEvaluatedCondition:428 - Found unsupported composite condition: GROUP='STM32_MetaDataManager' CLASS='Data Exchange'
2025-03-21 07:33:01,504 [WARN] PackLoader:240 - Cannot read IP mode file for STMicroelectronics.FP-SNS-MOTENV1.4.3.1
2025-03-21 07:33:01,513 [WARN] PackLoader:240 - Cannot read IP mode file for STMicroelectronics.FP-SNS-FLIGHT1.5.0.1
2025-03-21 07:33:01,536 [WARN] PackLoader:240 - Cannot read IP mode file for STMicroelectronics.X-CUBE-BLE1.6.2.3
2025-03-21 07:33:01,687 [WARN] PackLoader:240 - Cannot read IP mode file for STMicroelectronics.X-CUBE-MEMS1.11.0.0
2025-03-21 07:33:01,897 [WARN] PackLoader:240 - Cannot read IP mode file for STMicroelectronics.X-CUBE-BLE1.6.2.4
2025-03-21 07:33:01,907 [WARN] PackLoader:240 - Cannot read IP mode file for STMicroelectronics.FP-SNS-FLIGHT1.5.0.2
2025-03-21 07:33:01,946 [WARN] PackLoader:240 - Cannot read IP mode file for STMicroelectronics.X-CUBE-DISPLAY.3.0.0
2025-03-21 07:33:01,969 [WARN] PackLoader:240 - Cannot read IP mode file for STMicroelectronics.X-CUBE-BLE1.7.0.0
2025-03-21 07:33:01,990 [WARN] PackLoader:240 - Cannot read IP mode file for STMicroelectronics.X-CUBE-NFC10.1.0.0
2025-03-21 07:33:02,006 [WARN] PackLoader:240 - Cannot read IP mode file for STMicroelectronics.X-CUBE-BLEMGR.4.0.0
2025-03-21 07:33:02,012 [WARN] PackLoader:240 - Cannot read IP mode file for STMicroelectronics.X-CUBE-TOUCHGFX.4.22.0
2025-03-21 07:33:02,017 [WARN] PackLoader:240 - Cannot read IP mode file for STMicroelectronics.X-CUBE-TOUCHGFX.4.22.1
2025-03-21 07:33:02,118 [WARN] PackLoader:240 - Cannot read IP mode file for STMicroelectronics.X-CUBE-MEMS1.9.3.0
2025-03-21 07:33:02,226 [WARN] PackLoader:240 - Cannot read IP mode file for STMicroelectronics.X-CUBE-BLEMGR.3.1.0
2025-03-21 07:33:02,239 [WARN] PackLoader:240 - Cannot read IP mode file for STMicroelectronics.X-CUBE-AI.10.0.0
2025-03-21 07:33:02,247 [WARN] PackLoader:240 - Cannot read IP mode file for STMicroelectronics.FP-SNS-SMARTAG2.1.2.0
2025-03-21 07:33:02,253 [WARN] PackLoader:240 - Cannot read IP mode file for STMicroelectronics.FP-SNS-FLIGHT1.5.1.0
2025-03-21 07:33:02,372 [WARN] PackLoader:240 - Cannot read IP mode file for STMicroelectronics.X-CUBE-MEMS1.11.1.0
2025-03-21 07:33:02,486 [INFO] LogOutputStream:77 - [STDOUT_REDIRECT] 1 : Invalid condition id : UX_CORESTACK_Condition cause : null
2025-03-21 07:33:02,486 [INFO] LogOutputStream:77 - [STDOUT_REDIRECT] 1 : Invalid condition id : UX_CORESTACK_Condition cause : null
2025-03-21 07:33:02,488 [INFO] LogOutputStream:77 - [STDOUT_REDIRECT] 1 : Invalid condition id : UX_CORESTACK_Condition cause : null
2025-03-21 07:33:02,489 [INFO] LogOutputStream:77 - [STDOUT_REDIRECT] 1 : Invalid condition id : UX_CORESTACK_Condition cause : null
2025-03-21 07:33:02,490 [INFO] LogOutputStream:77 - [STDOUT_REDIRECT] 1 : Invalid condition id : UX_CORESTACK_Condition cause : null
2025-03-21 07:33:02,493 [WARN] PackLoader:240 - Cannot read IP mode file for STMicroelectronics.X-CUBE-AZRTOS-WL.2.0.0
2025-03-21 07:33:02,500 [WARN] PackLoader:240 - Cannot read IP mode file for STMicroelectronics.FP-SNS-MOTENV1.5.0.0
2025-03-21 07:33:02,507 [WARN] PackLoader:240 - Cannot read IP mode file for wolfSSL.I-CUBE-wolfMQTT.1.19.0
2025-03-21 07:33:02,519 [WARN] PackLoader:240 - Cannot read IP mode file for WES.I-CUBE-Cesium.1.3.0
2025-03-21 07:33:02,530 [WARN] PackLoader:240 - Cannot read IP mode file for STMicroelectronics.X-CUBE-BLE2.3.3.0
2025-03-21 07:33:02,536 [WARN] PackLoader:240 - Cannot read IP mode file for STMicroelectronics.X-CUBE-DISPLAY.2.2.0
2025-03-21 07:33:02,549 [WARN] PackLoader:240 - Cannot read IP mode file for STMicroelectronics.X-CUBE-TOF1.3.2.0
2025-03-21 07:33:02,567 [WARN] PackLoader:240 - Cannot read IP mode file for STMicroelectronics.X-CUBE-NFC9.1.0.0
2025-03-21 07:33:02,592 [WARN] PackLoader:240 - Cannot read IP mode file for STMicroelectronics.X-CUBE-AZRTOS-H7.2.1.0
2025-03-21 07:33:02,606 [WARN] PackLoader:240 - Cannot read IP mode file for STMicroelectronics.X-CUBE-BLE1.7.1.0
2025-03-21 07:33:02,614 [WARN] PackLoader:240 - Cannot read IP mode file for STMicroelectronics.X-CUBE-TCPP.4.1.0
2025-03-21 07:33:02,619 [WARN] PackLoader:240 - Cannot read IP mode file for STMicroelectronics.X-CUBE-TOUCHGFX.4.21.1
2025-03-21 07:33:02,624 [WARN] PackLoader:240 - Cannot read IP mode file for STMicroelectronics.X-CUBE-TOUCHGFX.4.21.0
2025-03-21 07:33:02,630 [WARN] PackLoader:240 - Cannot read IP mode file for STMicroelectronics.X-CUBE-TOUCHGFX.4.21.3
2025-03-21 07:33:02,635 [WARN] PackLoader:240 - Cannot read IP mode file for STMicroelectronics.X-CUBE-TOUCHGFX.4.21.4
2025-03-21 07:33:02,742 [WARN] PackLoader:240 - Cannot read IP mode file for STMicroelectronics.X-CUBE-MEMS1.9.4.0
2025-03-21 07:33:02,863 [WARN] PackLoader:240 - Cannot read IP mode file for STMicroelectronics.X-CUBE-AI.7.3.0
2025-03-21 07:33:02,892 [WARN] PackLoader:240 - Cannot read IP mode file for STMicroelectronics.X-CUBE-ALGOBUILD.1.3.0
2025-03-21 07:33:02,938 [WARN] PackLoader:240 - Cannot read IP mode file for STMicroelectronics.X-CUBE-AZRTOS-G0.1.1.0
2025-03-21 07:33:02,960 [WARN] PackLoader:240 - Cannot read IP mode file for STMicroelectronics.X-CUBE-SAFEA1.1.2.2
2025-03-21 07:33:02,980 [WARN] PackLoader:240 - Cannot read IP mode file for STMicroelectronics.X-CUBE-NFC4.3.0.0
2025-03-21 07:33:03,022 [WARN] PackLoader:240 - Cannot read IP mode file for SEGGER.I-CUBE-embOS.1.2.1
2025-03-21 07:33:03,057 [WARN] PackLoader:240 - Cannot read IP mode file for wolfSSL.I-CUBE-wolfMQTT.1.18.0
2025-03-21 07:33:03,072 [WARN] PackLoader:240 - Cannot read IP mode file for EmbeddedOffice.I-CUBE-FS-RTOS.1.0.1
2025-03-21 07:33:03,084 [WARN] PackLoader:240 - Cannot read IP mode file for STMicroelectronics.X-CUBE-BLEMGR.3.0.0
2025-03-21 07:33:03,108 [WARN] PackLoader:240 - Cannot read IP mode file for STMicroelectronics.X-CUBE-BLEMGR.1.3.0
2025-03-21 07:33:03,117 [WARN] PackLoader:240 - Cannot read IP mode file for STMicroelectronics.X-CUBE-TCPP.4.2.0
2025-03-21 07:33:03,130 [WARN] PackLoader:240 - Cannot read IP mode file for RealThread.X-CUBE-RT-Thread_Nano.4.1.1
2025-03-21 07:33:03,137 [WARN] PackLoader:240 - Cannot read IP mode file for STMicroelectronics.FP-ATR-SIGFOX1.3.2.0
2025-03-21 07:33:03,144 [WARN] ConditionMgr:438 - getConditionDescription Invalid condition id : Cortex-A Device cause : null
2025-03-21 07:33:03,162 [WARN] ConditionMgr:1044 - genDependencies : Invalid condition id : Cortex-A Device cause : null
2025-03-21 07:33:03,162 [WARN] ConditionMgr:1044 - genDependencies : Invalid condition id : Cortex-A Device cause : null
2025-03-21 07:33:03,163 [WARN] ConditionMgr:1044 - genDependencies : Invalid condition id : Cortex-A Device cause : null
2025-03-21 07:33:03,180 [WARN] PackLoader:240 - Cannot read IP mode file for STMicroelectronics.X-CUBE-EEPRMA1.5.1.0
2025-03-21 07:33:03,187 [WARN] PackLoader:240 - Cannot read IP mode file for STMicroelectronics.X-CUBE-TOUCHGFX.4.20.0
2025-03-21 07:33:03,306 [WARN] PackLoader:240 - Cannot read IP mode file for STMicroelectronics.X-CUBE-MEMS1.9.5.0
2025-03-21 07:33:03,419 [WARN] PackLoader:240 - Cannot read IP mode file for SEGGER.I-CUBE-embOS.1.3.1
2025-03-21 07:33:03,463 [WARN] PackLoader:240 - Cannot read IP mode file for STMicroelectronics.X-CUBE-ALGOBUILD.1.4.0
2025-03-21 07:33:03,473 [WARN] PackLoader:240 - Cannot read IP mode file for STMicroelectronics.X-CUBE-AI.9.1.0
2025-03-21 07:33:03,485 [WARN] PackLoader:240 - Cannot read IP mode file for STMicroelectronics.X-CUBE-GNSS1.6.0.0
2025-03-21 07:33:03,506 [WARN] PackLoader:240 - Cannot read IP mode file for STMicroelectronics.X-CUBE-AZRTOS-F4.1.1.0
2025-03-21 07:33:03,520 [WARN] PackLoader:240 - Cannot read IP mode file for STMicroelectronics.X-CUBE-ISPU.2.1.0
2025-03-21 07:33:03,527 [WARN] PackLoader:240 - Cannot read IP mode file for STMicroelectronics.X-CUBE-FREERTOS.1.2.0
2025-03-21 07:33:03,537 [WARN] PackLoader:240 - Cannot read IP mode file for STMicroelectronics.X-CUBE-BLEMGR.1.2.0
2025-03-21 07:33:03,558 [WARN] PackLoader:240 - Cannot read IP mode file for STMicroelectronics.X-CUBE-AZRTOS-L5.2.0.0
2025-03-21 07:33:03,673 [WARN] PackLoader:240 - Cannot read IP mode file for STMicroelectronics.X-CUBE-MEMS1.9.6.0
2025-03-21 07:33:03,796 [WARN] PackLoader:240 - Cannot read IP mode file for STMicroelectronics.X-CUBE-EEPRMA1.4.2.0
2025-03-21 07:33:03,818 [WARN] PackLoader:240 - Cannot read IP mode file for STMicroelectronics.X-CUBE-NFC6.3.1.0
2025-03-21 07:33:03,830 [WARN] PackLoader:240 - Cannot read IP mode file for ITTIA_DB.I-CUBE-ITTIADB.8.8.0
2025-03-21 07:33:03,840 [WARN] PackLoader:240 - Cannot read IP mode file for emotas.I-CUBE-CANOPEN.1.1.3
2025-03-21 07:33:03,858 [WARN] PackLoader:240 - Cannot read IP mode file for STMicroelectronics.X-CUBE-BLEMGR.2.0.0
2025-03-21 07:33:03,878 [WARN] PackLoader:240 - Cannot read IP mode file for STMicroelectronics.X-CUBE-DPower.1.2.0
2025-03-21 07:33:03,913 [WARN] PackLoader:240 - Cannot read IP mode file for STMicroelectronics.X-CUBE-NFC4.2.0.5
2025-03-21 07:33:03,923 [WARN] PackLoader:240 - Cannot read IP mode file for STMicroelectronics.X-CUBE-AI.9.0.0
2025-03-21 07:33:03,942 [WARN] ConditionMgr:438 - getConditionDescription Invalid condition id : UX DEVICE CLASS RTOS Condition cause : null
2025-03-21 07:33:03,942 [WARN] ConditionMgr:438 - getConditionDescription Invalid condition id : UX DEVICE CLASS RTOS Condition cause : null
2025-03-21 07:33:03,944 [WARN] PackLoader:240 - Cannot read IP mode file for STMicroelectronics.X-CUBE-AZRTOS-H7.3.1.0
2025-03-21 07:33:03,945 [WARN] ConditionMgr:1044 - genDependencies : Invalid condition id : UX DEVICE CLASS RTOS Condition cause : null
2025-03-21 07:33:03,946 [WARN] ConditionMgr:1044 - genDependencies : Invalid condition id : UX DEVICE CLASS RTOS Condition cause : null
2025-03-21 07:33:03,947 [WARN] ConditionMgr:1044 - genDependencies : Invalid condition id : UX DEVICE CLASS RTOS Condition cause : null
2025-03-21 07:33:03,947 [WARN] ConditionMgr:1044 - genDependencies : Invalid condition id : UX DEVICE CLASS RTOS Condition cause : null
2025-03-21 07:33:03,948 [WARN] ConditionMgr:1044 - genDependencies : Invalid condition id : UX DEVICE CLASS RTOS Condition cause : null
2025-03-21 07:33:03,956 [WARN] PackLoader:240 - Cannot read IP mode file for wolfSSL.I-CUBE-wolfSSL.5.5.3
2025-03-21 07:33:03,964 [WARN] PackLoader:240 - Cannot read IP mode file for STMicroelectronics.X-CUBE-FREERTOS.1.3.0
2025-03-21 07:33:03,978 [WARN] PackLoader:240 - Cannot read IP mode file for STMicroelectronics.X-CUBE-NFC7.1.0.1
2025-03-21 07:33:03,992 [WARN] PackLoader:240 - Cannot read IP mode file for STMicroelectronics.X-CUBE-NFC7.1.0.0
2025-03-21 07:33:04,000 [WARN] PackLoader:240 - Cannot read IP mode file for wolfSSL.I-CUBE-wolfTPM.3.2.0
2025-03-21 07:33:04,018 [WARN] PackLoader:240 - Cannot read IP mode file for STMicroelectronics.X-CUBE-NFC6.3.0.0
2025-03-21 07:33:04,033 [WARN] PackLoader:240 - Cannot read IP mode file for STMicroelectronics.X-CUBE-EEPRMA1.4.1.0
2025-03-21 07:33:04,042 [WARN] PackLoader:240 - Cannot read IP mode file for STMicroelectronics.X-CUBE-AI.8.1.0
2025-03-21 07:33:04,065 [WARN] ConditionMgr:438 - getConditionDescription Invalid condition id : LAN8742 Phy interface Condition cause : null
2025-03-21 07:33:04,065 [WARN] PackLoader:240 - Cannot read IP mode file for STMicroelectronics.X-CUBE-AZRTOS-L4.2.0.0
2025-03-21 07:33:04,067 [WARN] ConditionMgr:1044 - genDependencies : Invalid condition id : LAN8742 Phy interface Condition cause : null
2025-03-21 07:33:04,067 [WARN] ConditionMgr:1044 - genDependencies : Invalid condition id : LAN8742 Phy interface Condition cause : null
2025-03-21 07:33:04,068 [WARN] ConditionMgr:1044 - genDependencies : Invalid condition id : LAN8742 Phy interface Condition cause : null
2025-03-21 07:33:04,085 [WARN] PackLoader:240 - Cannot read IP mode file for STMicroelectronics.X-CUBE-SFXS2LP1.4.0.0
2025-03-21 07:33:04,108 [WARN] PackLoader:240 - Cannot read IP mode file for STMicroelectronics.X-CUBE-AZRTOS-H7.3.0.0
2025-03-21 07:33:04,122 [WARN] PackLoader:240 - Cannot read IP mode file for STMicroelectronics.X-CUBE-ISPU.1.1.0
2025-03-21 07:33:04,145 [WARN] PackLoader:240 - Cannot read IP mode file for STMicroelectronics.X-CUBE-AZRTOS-H7.3.3.0
2025-03-21 07:33:04,159 [WARN] PackLoader:240 - Cannot read IP mode file for RoweBots.I-CUBE-UNISONRTOS.5.5.0-4
2025-03-21 07:33:04,168 [WARN] PackLoader:240 - Cannot read IP mode file for STMicroelectronics.X-CUBE-AI.8.0.0
2025-03-21 07:33:04,180 [WARN] PackLoader:240 - Cannot read IP mode file for STMicroelectronics.X-CUBE-IPS.3.0.0
2025-03-21 07:33:04,199 [WARN] ConditionMgr:438 - getConditionDescription Invalid condition id : UX DEVICE CLASS RTOS Condition cause : null
2025-03-21 07:33:04,200 [WARN] ConditionMgr:438 - getConditionDescription Invalid condition id : UX DEVICE CLASS RTOS Condition cause : null
2025-03-21 07:33:04,202 [WARN] PackLoader:240 - Cannot read IP mode file for STMicroelectronics.X-CUBE-AZRTOS-WB.2.0.0
2025-03-21 07:33:04,202 [WARN] ConditionMgr:1044 - genDependencies : Invalid condition id : UX DEVICE CLASS RTOS Condition cause : null
2025-03-21 07:33:04,202 [WARN] ConditionMgr:1044 - genDependencies : Invalid condition id : UX DEVICE CLASS RTOS Condition cause : null
2025-03-21 07:33:04,203 [WARN] ConditionMgr:1044 - genDependencies : Invalid condition id : UX DEVICE CLASS RTOS Condition cause : null
2025-03-21 07:33:04,203 [WARN] ConditionMgr:1044 - genDependencies : Invalid condition id : UX DEVICE CLASS RTOS Condition cause : null
2025-03-21 07:33:04,203 [WARN] ConditionMgr:1044 - genDependencies : Invalid condition id : UX DEVICE CLASS RTOS Condition cause : null
2025-03-21 07:33:04,210 [WARN] PackLoader:240 - Cannot read IP mode file for STMicroelectronics.X-CUBE-FREERTOS.1.0.0
2025-03-21 07:33:04,217 [WARN] PackLoader:240 - Cannot read IP mode file for STMicroelectronics.X-CUBE-FREERTOS.1.0.1
2025-03-21 07:33:04,232 [WARN] PackLoader:240 - Cannot read IP mode file for STMicroelectronics.X-CUBE-GNSS1.7.0.0
2025-03-21 07:33:04,251 [WARN] PackLoader:240 - Cannot read IP mode file for STMicroelectronics.X-CUBE-GNSS1.7.0.1
2025-03-21 07:33:04,258 [WARN] PackLoader:240 - Cannot read IP mode file for STMicroelectronics.X-CUBE-TOUCHGFX.4.25.0
2025-03-21 07:33:04,267 [WARN] PackLoader:240 - Cannot read IP mode file for STMicroelectronics.FP-SNS-STBOX1.2.0.0
2025-03-21 07:33:04,285 [WARN] PackLoader:240 - Cannot read IP mode file for STMicroelectronics.X-CUBE-AZRTOS-L5.1.1.0
2025-03-21 07:33:04,296 [WARN] PackLoader:240 - Cannot read IP mode file for STMicroelectronics.X-CUBE-AI.8.0.1
2025-03-21 07:33:04,309 [WARN] PackLoader:240 - Cannot read IP mode file for STMicroelectronics.X-CUBE-SUBG2.5.0.0
2025-03-21 07:33:04,335 [WARN] PackLoader:240 - Cannot read IP mode file for STMicroelectronics.X-CUBE-AZRTOS-H7RS.1.1.0
2025-03-21 07:33:04,345 [WARN] PackLoader:240 - Cannot read IP mode file for Cesanta.I-CUBE-Mongoose.7.13.0
2025-03-21 07:33:04,357 [WARN] PackLoader:240 - Cannot read IP mode file for STMicroelectronics.X-CUBE-TOF1.3.3.1
2025-03-21 07:33:04,384 [WARN] PackLoader:240 - Cannot read IP mode file for STMicroelectronics.X-CUBE-AZRTOS-G4.2.0.0
2025-03-21 07:33:04,397 [WARN] PackLoader:240 - Cannot read IP mode file for STMicroelectronics.X-CUBE-TOF1.3.3.0
2025-03-21 07:33:04,408 [WARN] PackLoader:240 - Cannot read IP mode file for STMicroelectronics.FP-ATR-ASTRA1.1.1.1
2025-03-21 07:33:04,425 [WARN] PackLoader:240 - Cannot read IP mode file for Infineon.AIROC-Wi-Fi-Bluetooth-STM32.1.5.1
2025-03-21 07:33:04,434 [WARN] PackLoader:240 - Cannot read IP mode file for STMicroelectronics.FP-SNS-MOTENVWB1.1.3.0
2025-03-21 07:33:04,441 [WARN] PackLoader:240 - Cannot read IP mode file for STMicroelectronics.FP-SNS-MOTENVWB1.1.3.1
2025-03-21 07:33:04,460 [WARN] PackLoader:240 - Cannot read IP mode file for STMicroelectronics.X-CUBE-AZRTOS-G4.1.0.0
2025-03-21 07:33:04,484 [WARN] PackLoader:240 - Cannot read IP mode file for STMicroelectronics.X-CUBE-AZRTOS-L4.1.0.0
2025-03-21 07:33:04,495 [WARN] PackLoader:240 - Cannot read IP mode file for STMicroelectronics.X-CUBE-ISPU.2.0.0
2025-03-21 07:33:04,507 [WARN] PackLoader:240 - Cannot read IP mode file for STMicroelectronics.X-CUBE-IPS.3.1.0
2025-03-21 07:33:04,518 [WARN] PackLoader:240 - Cannot read IP mode file for STMicroelectronics.X-CUBE-ALS.1.0.2
2025-03-21 07:33:04,647 [WARN] PackLoader:240 - Cannot read IP mode file for STMicroelectronics.X-CUBE-MEMS1.10.0.0
2025-03-21 07:33:04,786 [WARN] PackLoader:240 - Cannot read IP mode file for STMicroelectronics.X-CUBE-FREERTOS.1.1.0
2025-03-21 07:33:04,792 [WARN] PackLoader:240 - Cannot read IP mode file for STMicroelectronics.X-CUBE-TOUCHGFX.4.24.0
2025-03-21 07:33:04,797 [WARN] PackLoader:240 - Cannot read IP mode file for STMicroelectronics.X-CUBE-TOUCHGFX.4.24.2
2025-03-21 07:33:04,808 [WARN] PackLoader:240 - Cannot read IP mode file for STMicroelectronics.X-CUBE-AZRTOS-WL.1.0.0
2025-03-21 07:33:04,815 [WARN] PackLoader:240 - Cannot read IP mode file for STMicroelectronics.X-CUBE-TOUCHGFX.4.24.1
2025-03-21 07:33:04,824 [WARN] PackLoader:240 - Cannot read IP mode file for portGmbH.I-Cube-SoM-uGOAL.1.1.0
2025-03-21 07:33:04,830 [WARN] PackLoader:240 - Cannot read IP mode file for STMicroelectronics.X-CUBE-ALS.1.0.1
2025-03-21 07:33:04,844 [WARN] PackLoader:240 - Cannot read IP mode file for STMicroelectronics.X-CUBE-AZRTOS-WB.1.1.0
2025-03-21 07:33:04,861 [WARN] PackLoader:240 - Cannot read IP mode file for STMicroelectronics.X-CUBE-AZRTOS-L5.1.0.0
2025-03-21 07:33:04,875 [WARN] PackLoader:240 - Cannot read IP mode file for STMicroelectronics.X-CUBE-EEPRMA1.3.1.1
2025-03-21 07:33:04,892 [WARN] PackLoader:240 - Cannot read IP mode file for STMicroelectronics.X-CUBE-AZRTOS-H7RS.1.0.0
2025-03-21 07:33:04,899 [WARN] PackLoader:240 - Cannot read IP mode file for STMicroelectronics.FP-ATR-ASTRA1.2.0.0
2025-03-21 07:33:04,909 [WARN] PackLoader:240 - Cannot read IP mode file for STMicroelectronics.X-CUBE-TOF1.3.4.2
2025-03-21 07:33:04,927 [WARN] PackLoader:240 - Cannot read IP mode file for STMicroelectronics.X-CUBE-TOF1.3.4.0
2025-03-21 07:33:04,947 [WARN] PackLoader:240 - Cannot read IP mode file for STMicroelectronics.X-CUBE-TOF1.3.4.1
2025-03-21 07:33:04,980 [WARN] PackLoader:240 - Cannot read IP mode file for STMicroelectronics.X-CUBE-AZRTOS-H7.3.2.0
2025-03-21 07:33:04,995 [WARN] PackLoader:240 - Cannot read IP mode file for wolfSSL.I-CUBE-wolfSSH.1.4.17
2025-03-21 07:33:04,996 [INFO] ThirdParty:978 - Integrity check success = true
2025-03-21 07:33:04,997 [INFO] IntegrityCheckThread:100 - exiting critical section [integrity check]
2025-03-21 07:33:04,997 [INFO] IntegrityCheckThread:103 - End integrity checks thread
