2025-02-19 08:35:35,962 [INFO] Activator:176 - 


2025-02-19 08:35:35,967 [INFO] Activator:177 - !SESSION log4j initialized
2025-02-19 08:35:41,191 [INFO] LogOutputStream:77 - [STDOUT_REDIRECT] 
2025-02-19 08:35:44,801 [INFO] ApplicationProperties:184 - Using Application install path: C:\ST\STM32CubeIDE_1.7.0\STM32CubeIDE\plugins\com.st.stm32cube.common.mx_6.13.0.202411220809
2025-02-19 08:35:44,818 [INFO] DbMcusXml:78 - Set database path to: C:\ST\STM32CubeIDE_1.7.0\STM32CubeIDE\plugins\com.st.stm32cube.common.mx_6.13.0.202411220809\\db\/mcu/
2025-02-19 08:35:44,818 [INFO] ApiDb:274 - Set plugin database path to: C:\ST\STM32CubeIDE_1.7.0\STM32CubeIDE\plugins\com.st.stm32cube.common.mx_6.13.0.202411220809\\db\/plugins/boardmanager/
2025-02-19 08:35:44,818 [WARN] ApiDb:259 - Overriding images path with different value:  => C:\ST\STM32CubeIDE_1.7.0\STM32CubeIDE\plugins\com.st.stm32cube.common.mx_6.13.0.202411220809\\db\/plugins/mcufinder/images/
2025-02-19 08:35:44,826 [INFO] ApiDb:250 - Set database path to: C:\Users\catsa\.stmcufinder\plugins\mcufinder//mcu/
2025-02-19 08:35:44,827 [INFO] DbMcusAds:125 - Set database path to: C:\Users\catsa\.stmcufinder\plugins\mcufinder//mcu/
2025-02-19 08:35:44,830 [INFO] CrossReferenceDbSqlite:203 - Set database path to: C:\Users\catsa\.stmcufinder\plugins\mcufinder//mcu/cs/
2025-02-19 08:35:44,932 [INFO] RulesReader:64 - Compatibility file has been processed (297 Rules)
2025-02-19 08:35:45,016 [INFO] DbMcusXml:78 - Set database path to: C:\ST\STM32CubeIDE_1.7.0\STM32CubeIDE\plugins\com.st.stm32cube.common.mx_6.13.0.202411220809\\db\/mcu/
2025-02-19 08:35:45,016 [INFO] ApiDb:274 - Set plugin database path to: C:\ST\STM32CubeIDE_1.7.0\STM32CubeIDE\plugins\com.st.stm32cube.common.mx_6.13.0.202411220809\\db\/plugins/boardmanager/
2025-02-19 08:35:45,016 [INFO] ApiDb:261 - Set plugin images path to: C:\ST\STM32CubeIDE_1.7.0\STM32CubeIDE\plugins\com.st.stm32cube.common.mx_6.13.0.202411220809\\db\/plugins/mcufinder/images/
2025-02-19 08:35:45,016 [WARN] DbFile:41 - Overriding database path with different value: C:\Users\catsa\.stmcufinder\plugins\mcufinder/ => C:\Users\catsa\.stmcufinder\plugins\mcufinder
2025-02-19 08:35:45,016 [INFO] ApiDb:250 - Set database path to: C:\Users\catsa\.stmcufinder\plugins\mcufinder//mcu/
2025-02-19 08:35:45,016 [WARN] DbFile:41 - Overriding database path with different value: C:\Users\catsa\.stmcufinder\plugins\mcufinder/ => C:\Users\catsa\.stmcufinder\plugins\mcufinder
2025-02-19 08:35:45,016 [INFO] DbMcusAds:125 - Set database path to: C:\Users\catsa\.stmcufinder\plugins\mcufinder//mcu/
2025-02-19 08:35:45,016 [WARN] DbFile:41 - Overriding database path with different value: C:\Users\catsa\.stmcufinder\plugins\mcufinder/ => C:\Users\catsa\.stmcufinder\plugins\mcufinder
2025-02-19 08:35:45,016 [WARN] DbFile:41 - Overriding database path with different value: C:\Users\catsa\.stmcufinder\plugins\mcufinder/ => C:\Users\catsa\.stmcufinder\plugins\mcufinder
2025-02-19 08:35:45,016 [INFO] CrossReferenceDbSqlite:203 - Set database path to: C:\Users\catsa\.stmcufinder\plugins\mcufinder//mcu/cs/
2025-02-19 08:35:45,089 [INFO] MainPanel:272 - HeapMemory: 268435456
2025-02-19 08:35:45,197 [INFO] DbMcusXml:78 - Set database path to: C:\ST\STM32CubeIDE_1.7.0\STM32CubeIDE\plugins\com.st.stm32cube.common.mx_6.13.0.202411220809\\db\/mcu/
2025-02-19 08:35:45,197 [INFO] ApiDb:274 - Set plugin database path to: C:\ST\STM32CubeIDE_1.7.0\STM32CubeIDE\plugins\com.st.stm32cube.common.mx_6.13.0.202411220809\\db\/plugins/boardmanager/
2025-02-19 08:35:45,197 [INFO] ApiDb:261 - Set plugin images path to: C:\ST\STM32CubeIDE_1.7.0\STM32CubeIDE\plugins\com.st.stm32cube.common.mx_6.13.0.202411220809\\db\/plugins/mcufinder/images/
2025-02-19 08:35:45,197 [WARN] DbFile:41 - Overriding database path with different value: C:\Users\catsa\.stmcufinder\plugins\mcufinder/ => C:\Users\catsa\.stmcufinder\plugins\mcufinder
2025-02-19 08:35:45,198 [INFO] ApiDb:250 - Set database path to: C:\Users\catsa\.stmcufinder\plugins\mcufinder//mcu/
2025-02-19 08:35:45,198 [WARN] DbFile:41 - Overriding database path with different value: C:\Users\catsa\.stmcufinder\plugins\mcufinder/ => C:\Users\catsa\.stmcufinder\plugins\mcufinder
2025-02-19 08:35:45,198 [INFO] DbMcusAds:125 - Set database path to: C:\Users\catsa\.stmcufinder\plugins\mcufinder//mcu/
2025-02-19 08:35:45,198 [WARN] DbFile:41 - Overriding database path with different value: C:\Users\catsa\.stmcufinder\plugins\mcufinder/ => C:\Users\catsa\.stmcufinder\plugins\mcufinder
2025-02-19 08:35:45,198 [WARN] DbFile:41 - Overriding database path with different value: C:\Users\catsa\.stmcufinder\plugins\mcufinder/ => C:\Users\catsa\.stmcufinder\plugins\mcufinder
2025-02-19 08:35:45,198 [INFO] CrossReferenceDbSqlite:203 - Set database path to: C:\Users\catsa\.stmcufinder\plugins\mcufinder//mcu/cs/
2025-02-19 08:35:45,216 [INFO] ApplicationProperties:184 - Using Application install path: C:\ST\STM32CubeIDE_1.7.0\STM32CubeIDE\plugins\com.st.stm32cube.common.mx_6.13.0.202411220809
2025-02-19 08:35:45,217 [INFO] PluginManage:196 - Search for loadable plugins [exclusion list=, ]
2025-02-19 08:35:45,218 [INFO] PluginManage:310 - Check plugin analytics
2025-02-19 08:35:45,350 [INFO] AnalyticsPlugin:253 - Accepted Software Licenses: STM32CubeMX.6.3.0
2025-02-19 08:35:45,350 [INFO] AnalyticsPlugin:255 - Accepted CMSIS Pack Licenses: 
2025-02-19 08:35:45,350 [INFO] AnalyticsPlugin:257 - Accepted Firmware Licenses: FW.L4.1.18.0
2025-02-19 08:35:45,352 [INFO] PluginManage:359 - Loaded plugin analytics (category:tool,tabindex:-1)
2025-02-19 08:35:45,352 [INFO] PluginManage:310 - Check plugin cadmodel
2025-02-19 08:35:45,383 [INFO] CADModel:105 - Init CAD model plugin
2025-02-19 08:35:45,383 [INFO] PluginManage:359 - Loaded plugin cadmodel (category:power,tabindex:5)
2025-02-19 08:35:45,383 [INFO] PluginManage:310 - Check plugin clock
2025-02-19 08:35:45,401 [INFO] PluginManage:359 - Loaded plugin clock (category:base,tabindex:2)
2025-02-19 08:35:45,401 [INFO] PluginManage:310 - Check plugin ddr
2025-02-19 08:35:45,403 [INFO] PluginManage:359 - Loaded plugin ddr (category:tool,tabindex:6)
2025-02-19 08:35:45,403 [INFO] PluginManage:310 - Check plugin filemanager
2025-02-19 08:35:45,528 [INFO] PluginManage:359 - Loaded plugin filemanager (category:base,tabindex:10)
2025-02-19 08:35:45,528 [INFO] PluginManage:310 - Check plugin ipmanager
2025-02-19 08:35:45,535 [INFO] PluginManage:359 - Loaded plugin ipmanager (category:base,tabindex:5)
2025-02-19 08:35:45,535 [INFO] PluginManage:310 - Check plugin lpbam
2025-02-19 08:35:45,547 [INFO] PluginManage:359 - Loaded plugin lpbam (category:base,tabindex:0)
2025-02-19 08:35:45,547 [INFO] PluginManage:310 - Check plugin memorymap
2025-02-19 08:35:45,567 [INFO] PluginManage:359 - Loaded plugin memorymap (category:base,tabindex:4)
2025-02-19 08:35:45,567 [INFO] PluginManage:310 - Check plugin pinoutandconfiguration
2025-02-19 08:35:45,585 [INFO] PluginManage:359 - Loaded plugin pinoutandconfiguration (category:base,tabindex:1)
2025-02-19 08:35:45,585 [INFO] PluginManage:310 - Check plugin pinoutconfig
2025-02-19 08:35:45,669 [WARN] SupportedApi:132 - Cannot load RTOS API schema: s4s-elt-must-match.1: The content of 'definitions' must match (annotation?, (simpleType | complexType)?, (unique | key | keyref)*)). A problem was found starting at: attribute.
2025-02-19 08:35:45,787 [INFO] PluginManage:359 - Loaded plugin pinoutconfig (category:base,tabindex:0)
2025-02-19 08:35:45,787 [INFO] PluginManage:310 - Check plugin power
2025-02-19 08:35:45,822 [INFO] PluginManage:359 - Loaded plugin power (category:power,tabindex:4)
2025-02-19 08:35:45,822 [INFO] PluginManage:310 - Check plugin projectmanager
2025-02-19 08:35:45,836 [INFO] PluginManage:359 - Loaded plugin projectmanager (category:projectmanager,tabindex:4)
2025-02-19 08:35:45,836 [INFO] PluginManage:310 - Check plugin rif
2025-02-19 08:35:45,851 [INFO] PluginManage:359 - Loaded plugin rif (category:base,tabindex:3)
2025-02-19 08:35:45,851 [INFO] PluginManage:310 - Check plugin thirdparty
2025-02-19 08:35:46,033 [WARN] IntegrityCheckThread:84 - waiting for thirdparty lock release [integrity check]
2025-02-19 08:35:46,033 [INFO] IntegrityCheckThread:86 - entering critical section [integrity check]
2025-02-19 08:35:46,033 [INFO] PluginManage:359 - Loaded plugin thirdparty (category:base,tabindex:-1)
2025-02-19 08:35:46,034 [INFO] PluginManage:310 - Check plugin tools
2025-02-19 08:35:46,034 [INFO] ThirdPartyUpdaterWithRetryManager:70 - Updater plugin not ready yet. [1/15]
2025-02-19 08:35:46,041 [INFO] PluginManage:359 - Loaded plugin tools (category:base,tabindex:7)
2025-02-19 08:35:46,041 [INFO] PluginManage:310 - Check plugin tutovideos
2025-02-19 08:35:46,204 [INFO] PluginManage:359 - Loaded plugin tutovideos (category:base,tabindex:-1)
2025-02-19 08:35:46,204 [INFO] PluginManage:310 - Check plugin updater
2025-02-19 08:35:46,224 [INFO] PluginManage:359 - Loaded plugin updater (category:base,tabindex:12)
2025-02-19 08:35:46,224 [INFO] PluginManage:310 - Check plugin userauth
2025-02-19 08:35:46,228 [INFO] UserAuth:118 - Init User Auth plugin
2025-02-19 08:35:46,229 [INFO] PluginManage:359 - Loaded plugin userauth (category:base,tabindex:14)
2025-02-19 08:35:46,229 [INFO] PluginManage:283 - PluginManage : Loaded plugins [18]
2025-02-19 08:35:46,425 [INFO] PinOutPanel:1589 - setPackage(No Configuration,No Configuration)
2025-02-19 08:35:46,506 [INFO] CADModel:165 - CPN selected for project level
2025-02-19 08:35:46,506 [INFO] CADModel:114 - Register for checkConnection events
2025-02-19 08:35:46,526 [INFO] IPUIPlugin:80 - create IPUIPlugin
2025-02-19 08:35:46,526 [INFO] PluginManager:220 - loadIPPluginJar : add adc
2025-02-19 08:35:46,532 [INFO] IPUIPlugin:80 - create IPUIPlugin
2025-02-19 08:35:46,533 [INFO] PluginManager:220 - loadIPPluginJar : add aes
2025-02-19 08:35:46,541 [INFO] IPUIPlugin:80 - create IPUIPlugin
2025-02-19 08:35:46,541 [INFO] PluginManager:220 - loadIPPluginJar : add can
2025-02-19 08:35:46,545 [INFO] IPUIPlugin:80 - create IPUIPlugin
2025-02-19 08:35:46,545 [INFO] PluginManager:220 - loadIPPluginJar : add comp
2025-02-19 08:35:46,550 [INFO] IPUIPlugin:80 - create IPUIPlugin
2025-02-19 08:35:46,550 [INFO] PluginManager:220 - loadIPPluginJar : add cryp
2025-02-19 08:35:46,560 [INFO] IPUIPlugin:80 - create IPUIPlugin
2025-02-19 08:35:46,560 [INFO] PluginManager:220 - loadIPPluginJar : add ddr_ctrl_phy
2025-02-19 08:35:46,566 [INFO] IPUIPlugin:80 - create IPUIPlugin
2025-02-19 08:35:46,566 [INFO] PluginManager:220 - loadIPPluginJar : add dfsdm
2025-02-19 08:35:46,576 [INFO] IPUIPlugin:80 - create IPUIPlugin
2025-02-19 08:35:46,576 [INFO] PluginManager:220 - loadIPPluginJar : add dma
2025-02-19 08:35:46,582 [INFO] IPUIPlugin:80 - create IPUIPlugin
2025-02-19 08:35:46,582 [INFO] PluginManager:220 - loadIPPluginJar : add dma3
2025-02-19 08:35:46,591 [INFO] IPUIPlugin:80 - create IPUIPlugin
2025-02-19 08:35:46,591 [INFO] PluginManager:220 - loadIPPluginJar : add extmemmanager
2025-02-19 08:35:46,594 [INFO] IPUIPlugin:80 - create IPUIPlugin
2025-02-19 08:35:46,594 [INFO] PluginManager:220 - loadIPPluginJar : add fatfs
2025-02-19 08:35:46,604 [INFO] IPUIPlugin:80 - create IPUIPlugin
2025-02-19 08:35:46,604 [INFO] PluginManager:220 - loadIPPluginJar : add fmc
2025-02-19 08:35:46,618 [INFO] IPUIPlugin:80 - create IPUIPlugin
2025-02-19 08:35:46,618 [INFO] PluginManager:220 - loadIPPluginJar : add freertos
2025-02-19 08:35:46,621 [INFO] IPUIPlugin:80 - create IPUIPlugin
2025-02-19 08:35:46,621 [INFO] PluginManager:220 - loadIPPluginJar : add genericplugin
2025-02-19 08:35:46,628 [INFO] IPUIPlugin:80 - create IPUIPlugin
2025-02-19 08:35:46,628 [INFO] PluginManager:220 - loadIPPluginJar : add gfxmmu
2025-02-19 08:35:46,636 [INFO] IPUIPlugin:80 - create IPUIPlugin
2025-02-19 08:35:46,636 [INFO] PluginManager:220 - loadIPPluginJar : add gic
2025-02-19 08:35:46,645 [INFO] IPUIPlugin:80 - create IPUIPlugin
2025-02-19 08:35:46,645 [INFO] PluginManager:220 - loadIPPluginJar : add gpio
2025-02-19 08:35:46,652 [INFO] IPUIPlugin:80 - create IPUIPlugin
2025-02-19 08:35:46,652 [INFO] PluginManager:220 - loadIPPluginJar : add gtzc
2025-02-19 08:35:46,659 [INFO] IPUIPlugin:80 - create IPUIPlugin
2025-02-19 08:35:46,659 [INFO] PluginManager:220 - loadIPPluginJar : add hash
2025-02-19 08:35:46,667 [INFO] IPUIPlugin:80 - create IPUIPlugin
2025-02-19 08:35:46,667 [INFO] PluginManager:220 - loadIPPluginJar : add i2c
2025-02-19 08:35:46,675 [INFO] IPUIPlugin:80 - create IPUIPlugin
2025-02-19 08:35:46,675 [INFO] PluginManager:220 - loadIPPluginJar : add i2s
2025-02-19 08:35:46,683 [INFO] IPUIPlugin:80 - create IPUIPlugin
2025-02-19 08:35:46,683 [INFO] PluginManager:220 - loadIPPluginJar : add i3c
2025-02-19 08:35:46,693 [INFO] IPUIPlugin:80 - create IPUIPlugin
2025-02-19 08:35:46,693 [INFO] PluginManager:220 - loadIPPluginJar : add ipddr
2025-02-19 08:35:46,702 [INFO] IPUIPlugin:80 - create IPUIPlugin
2025-02-19 08:35:46,703 [INFO] PluginManager:220 - loadIPPluginJar : add linkedlist
2025-02-19 08:35:46,709 [INFO] IPUIPlugin:80 - create IPUIPlugin
2025-02-19 08:35:46,709 [INFO] PluginManager:220 - loadIPPluginJar : add lorawan
2025-02-19 08:35:46,716 [INFO] IPUIPlugin:80 - create IPUIPlugin
2025-02-19 08:35:46,716 [INFO] PluginManager:220 - loadIPPluginJar : add ltdc
2025-02-19 08:35:46,728 [INFO] IPUIPlugin:80 - create IPUIPlugin
2025-02-19 08:35:46,728 [INFO] PluginManager:220 - loadIPPluginJar : add mdma
2025-02-19 08:35:46,737 [INFO] IPUIPlugin:80 - create IPUIPlugin
2025-02-19 08:35:46,737 [INFO] PluginManager:220 - loadIPPluginJar : add nvic
2025-02-19 08:35:46,744 [INFO] IPUIPlugin:80 - create IPUIPlugin
2025-02-19 08:35:46,744 [INFO] PluginManager:220 - loadIPPluginJar : add opamp
2025-02-19 08:35:46,751 [INFO] IPUIPlugin:80 - create IPUIPlugin
2025-02-19 08:35:46,751 [INFO] PluginManager:220 - loadIPPluginJar : add openamp
2025-02-19 08:35:46,759 [INFO] IPUIPlugin:80 - create IPUIPlugin
2025-02-19 08:35:46,759 [INFO] PluginManager:220 - loadIPPluginJar : add pdm2pcm
2025-02-19 08:35:46,769 [INFO] IPUIPlugin:80 - create IPUIPlugin
2025-02-19 08:35:46,771 [INFO] PluginManager:220 - loadIPPluginJar : add plateformsettings
2025-02-19 08:35:46,776 [INFO] IPUIPlugin:80 - create IPUIPlugin
2025-02-19 08:35:46,776 [INFO] PluginManager:220 - loadIPPluginJar : add quadspi
2025-02-19 08:35:46,780 [INFO] IPUIPlugin:80 - create IPUIPlugin
2025-02-19 08:35:46,781 [INFO] PluginManager:220 - loadIPPluginJar : add radio
2025-02-19 08:35:46,792 [INFO] IPUIPlugin:80 - create IPUIPlugin
2025-02-19 08:35:46,793 [INFO] PluginManager:220 - loadIPPluginJar : add resmgrutility
2025-02-19 08:35:46,800 [INFO] IPUIPlugin:80 - create IPUIPlugin
2025-02-19 08:35:46,800 [INFO] PluginManager:220 - loadIPPluginJar : add sai
2025-02-19 08:35:46,808 [INFO] IPUIPlugin:80 - create IPUIPlugin
2025-02-19 08:35:46,808 [INFO] PluginManager:220 - loadIPPluginJar : add spi
2025-02-19 08:35:46,819 [INFO] IPUIPlugin:80 - create IPUIPlugin
2025-02-19 08:35:46,819 [INFO] PluginManager:220 - loadIPPluginJar : add stm32_wpan
2025-02-19 08:35:46,823 [INFO] IPUIPlugin:80 - create IPUIPlugin
2025-02-19 08:35:46,823 [INFO] PluginManager:220 - loadIPPluginJar : add tim
2025-02-19 08:35:46,831 [INFO] IPUIPlugin:80 - create IPUIPlugin
2025-02-19 08:35:46,831 [INFO] PluginManager:220 - loadIPPluginJar : add touchsensing
2025-02-19 08:35:46,835 [INFO] IPUIPlugin:80 - create IPUIPlugin
2025-02-19 08:35:46,836 [INFO] PluginManager:220 - loadIPPluginJar : add tracer_emb
2025-02-19 08:35:46,840 [INFO] IPUIPlugin:80 - create IPUIPlugin
2025-02-19 08:35:46,840 [INFO] PluginManager:220 - loadIPPluginJar : add ts
2025-02-19 08:35:46,844 [INFO] IPUIPlugin:80 - create IPUIPlugin
2025-02-19 08:35:46,844 [INFO] PluginManager:220 - loadIPPluginJar : add tsc
2025-02-19 08:35:46,849 [INFO] IPUIPlugin:80 - create IPUIPlugin
2025-02-19 08:35:46,849 [INFO] PluginManager:220 - loadIPPluginJar : add ucpd
2025-02-19 08:35:46,857 [INFO] IPUIPlugin:80 - create IPUIPlugin
2025-02-19 08:35:46,857 [INFO] PluginManager:220 - loadIPPluginJar : add usart
2025-02-19 08:35:46,866 [INFO] IPUIPlugin:80 - create IPUIPlugin
2025-02-19 08:35:46,867 [INFO] PluginManager:220 - loadIPPluginJar : add usbx
2025-02-19 08:35:46,984 [FATAL] Updater:351 - Updater called before beeing initialized
2025-02-19 08:35:47,003 [INFO] RulesReader:64 - Compatibility file has been processed (297 Rules)
2025-02-19 08:35:47,012 [INFO] RulesReader:64 - Compatibility file has been processed (297 Rules)
2025-02-19 08:35:47,017 [INFO] CADModel:165 - CPN selected for project level
2025-02-19 08:35:47,017 [INFO] CADModel:114 - Register for checkConnection events
2025-02-19 08:35:47,017 [FATAL] Updater:351 - Updater called before beeing initialized
2025-02-19 08:35:47,018 [ERROR] CADModel:125 - Updater not yet initialized, retry later 
2025-02-19 08:35:47,139 [FATAL] Updater:351 - Updater called before beeing initialized
2025-02-19 08:35:47,140 [INFO] CADModel:165 - CPN selected for project level
2025-02-19 08:35:47,140 [INFO] CADModel:114 - Register for checkConnection events
2025-02-19 08:35:47,140 [FATAL] Updater:351 - Updater called before beeing initialized
2025-02-19 08:35:47,140 [ERROR] CADModel:125 - Updater not yet initialized, retry later 
2025-02-19 08:35:47,143 [FATAL] Updater:351 - Updater called before beeing initialized
2025-02-19 08:35:47,234 [FATAL] Updater:351 - Updater called before beeing initialized
2025-02-19 08:35:47,238 [INFO] DbMcusAds:53 - JSON generation date=Wed Dec 18 01:01:15 KST 2024 (1734451275111)
2025-02-19 08:35:47,238 [FATAL] Updater:351 - Updater called before beeing initialized
2025-02-19 08:35:47,272 [WARN] DetailPanel:346 - Failed to get advertising image, set to default
2025-02-19 08:35:47,517 [FATAL] Updater:351 - Updater called before beeing initialized
2025-02-19 08:35:47,518 [FATAL] Updater:351 - Updater called before beeing initialized
2025-02-19 08:35:47,519 [FATAL] Updater:351 - Updater called before beeing initialized
2025-02-19 08:35:47,519 [WARN] DetailPanel:346 - Failed to get advertising image, set to default
2025-02-19 08:35:47,519 [FATAL] Updater:351 - Updater called before beeing initialized
2025-02-19 08:35:47,560 [ERROR] Updater:1198 - MainUpdater not yet initialized. External WinMGr cannot be set.
2025-02-19 08:35:47,563 [INFO] Updater:1134 - Updater Version found : 6.13.0
2025-02-19 08:35:47,581 [INFO] ApplicationProperties:184 - Using Application install path: C:\ST\STM32CubeIDE_1.7.0\STM32CubeIDE\plugins\com.st.stm32cube.common.mx_6.13.0.202411220809
2025-02-19 08:35:48,146 [INFO] MainUpdater:2872 - connection check result : 10
2025-02-19 08:35:48,147 [INFO] MainUpdater:289 - Updater Check For Update Now.
2025-02-19 08:35:48,147 [INFO] MicroXplorer:498 - Change Database Version : DB.6.0.130
2025-02-19 08:35:48,153 [INFO] McuFinderGlobals:63 - Set McuFinder mode to 2 (CubeIDE integrated)
2025-02-19 08:35:48,155 [INFO] UserAuth:486 - Internet connection configuration mode: 1
2025-02-19 08:35:48,187 [INFO] JxBrowserEngine:152 - Initiate JxBrowser Engine with user profile folder
2025-02-19 08:35:48,335 [INFO] CheckServerUpdateThread:120 - End of CheckServer Thread
2025-02-19 08:35:49,293 [INFO] WebApp:168 - Instantiating new browser for Auth
2025-02-19 08:35:49,411 [WARN] PackLoader:240 - Cannot read IP mode file for STMicroelectronics.FP-SNS-MOTENVWB1.1.4.0
2025-02-19 08:35:49,426 [WARN] PackLoader:240 - Cannot read IP mode file for STMicroelectronics.FP-ATR-ASTRA1.2.0.1
2025-02-19 08:35:49,442 [WARN] PackLoader:240 - Cannot read IP mode file for STMicroelectronics.X-CUBE-SMBUS.2.1.0
2025-02-19 08:35:49,459 [WARN] PackLoader:240 - Cannot read IP mode file for STMicroelectronics.X-CUBE-WB05N.1.1.0
2025-02-19 08:35:49,469 [WARN] PackLoader:240 - Cannot read IP mode file for STMicroelectronics.X-CUBE-TOUCHGFX.4.23.1
2025-02-19 08:35:49,476 [WARN] PackLoader:240 - Cannot read IP mode file for STMicroelectronics.X-CUBE-TOUCHGFX.4.23.0
2025-02-19 08:35:49,481 [WARN] PackLoader:240 - Cannot read IP mode file for STMicroelectronics.X-CUBE-TOUCHGFX.4.23.2
2025-02-19 08:35:49,519 [WARN] PackLoader:240 - Cannot read IP mode file for STMicroelectronics.X-CUBE-AZRTOS-F7.1.1.0
2025-02-19 08:35:49,529 [ERROR] RealEvaluatedCondition:428 - Found unsupported composite condition: CLASS='Data Exchange' GROUP='STM32_MetaDataManager'
2025-02-19 08:35:49,529 [ERROR] RealEvaluatedCondition:428 - Found unsupported composite condition: CLASS='Data Exchange' GROUP='STM32_MetaDataManager'
2025-02-19 08:35:49,531 [WARN] PackLoader:240 - Cannot read IP mode file for STMicroelectronics.FP-SNS-MOTENV1.4.3.0
2025-02-19 08:35:49,539 [WARN] PackLoader:240 - Cannot read IP mode file for STMicroelectronics.FP-SNS-MOTENV1.4.3.2
2025-02-19 08:35:49,547 [WARN] PackLoader:240 - Cannot read IP mode file for STMicroelectronics.FP-SNS-FLIGHT1.5.0.0
2025-02-19 08:35:49,552 [ERROR] RealEvaluatedCondition:428 - Found unsupported composite condition: CLASS='Data Exchange' GROUP='STM32_MetaDataManager'
2025-02-19 08:35:49,552 [ERROR] RealEvaluatedCondition:428 - Found unsupported composite condition: GROUP='STM32_MetaDataManager' CLASS='Data Exchange'
2025-02-19 08:35:49,553 [WARN] PackLoader:240 - Cannot read IP mode file for STMicroelectronics.FP-SNS-MOTENV1.4.3.1
2025-02-19 08:35:49,560 [WARN] PackLoader:240 - Cannot read IP mode file for STMicroelectronics.FP-SNS-FLIGHT1.5.0.1
2025-02-19 08:35:49,572 [WARN] PackLoader:240 - Cannot read IP mode file for STMicroelectronics.X-CUBE-BLE1.6.2.3
2025-02-19 08:35:49,673 [WARN] PackLoader:240 - Cannot read IP mode file for STMicroelectronics.X-CUBE-MEMS1.11.0.0
2025-02-19 08:35:49,847 [WARN] PackLoader:240 - Cannot read IP mode file for STMicroelectronics.X-CUBE-BLE1.6.2.4
2025-02-19 08:35:49,852 [WARN] PackLoader:240 - Cannot read IP mode file for STMicroelectronics.FP-SNS-FLIGHT1.5.0.2
2025-02-19 08:35:49,862 [WARN] PackLoader:240 - Cannot read IP mode file for STMicroelectronics.X-CUBE-DISPLAY.3.0.0
2025-02-19 08:35:49,874 [WARN] PackLoader:240 - Cannot read IP mode file for STMicroelectronics.X-CUBE-BLE1.7.0.0
2025-02-19 08:35:49,891 [WARN] PackLoader:240 - Cannot read IP mode file for STMicroelectronics.X-CUBE-NFC10.1.0.0
2025-02-19 08:35:49,903 [WARN] PackLoader:240 - Cannot read IP mode file for STMicroelectronics.X-CUBE-BLEMGR.4.0.0
2025-02-19 08:35:49,911 [WARN] PackLoader:240 - Cannot read IP mode file for STMicroelectronics.X-CUBE-TOUCHGFX.4.22.0
2025-02-19 08:35:49,916 [WARN] PackLoader:240 - Cannot read IP mode file for STMicroelectronics.X-CUBE-TOUCHGFX.4.22.1
2025-02-19 08:35:50,005 [WARN] PackLoader:240 - Cannot read IP mode file for STMicroelectronics.X-CUBE-MEMS1.9.3.0
2025-02-19 08:35:50,080 [WARN] PackLoader:240 - Cannot read IP mode file for STMicroelectronics.X-CUBE-BLEMGR.3.1.0
2025-02-19 08:35:50,096 [WARN] PackLoader:240 - Cannot read IP mode file for STMicroelectronics.X-CUBE-AI.10.0.0
2025-02-19 08:35:50,110 [WARN] PackLoader:240 - Cannot read IP mode file for STMicroelectronics.FP-SNS-SMARTAG2.1.2.0
2025-02-19 08:35:50,243 [WARN] PackLoader:240 - Cannot read IP mode file for STMicroelectronics.X-CUBE-MEMS1.11.1.0
2025-02-19 08:35:50,330 [INFO] WebApp:449 - Apply proxy settings
2025-02-19 08:35:50,330 [INFO] WebApp:534 - Chromium requires no authentication
2025-02-19 08:35:50,339 [INFO] WebApp:477 - Direct internet connection detected
2025-02-19 08:35:50,345 [INFO] LogOutputStream:77 - [STDOUT_REDIRECT] 1 : Invalid condition id : UX_CORESTACK_Condition cause : null
2025-02-19 08:35:50,346 [INFO] LogOutputStream:77 - [STDOUT_REDIRECT] 1 : Invalid condition id : UX_CORESTACK_Condition cause : null
2025-02-19 08:35:50,346 [INFO] LogOutputStream:77 - [STDOUT_REDIRECT] 1 : Invalid condition id : UX_CORESTACK_Condition cause : null
2025-02-19 08:35:50,348 [INFO] LogOutputStream:77 - [STDOUT_REDIRECT] 1 : Invalid condition id : UX_CORESTACK_Condition cause : null
2025-02-19 08:35:50,349 [INFO] LogOutputStream:77 - [STDOUT_REDIRECT] 1 : Invalid condition id : UX_CORESTACK_Condition cause : null
2025-02-19 08:35:50,351 [WARN] PackLoader:240 - Cannot read IP mode file for STMicroelectronics.X-CUBE-AZRTOS-WL.2.0.0
2025-02-19 08:35:50,359 [WARN] PackLoader:240 - Cannot read IP mode file for STMicroelectronics.FP-SNS-MOTENV1.5.0.0
2025-02-19 08:35:50,369 [WARN] PackLoader:240 - Cannot read IP mode file for wolfSSL.I-CUBE-wolfMQTT.1.19.0
2025-02-19 08:35:50,371 [INFO] WebApp:880 - Register for checkConnection events
2025-02-19 08:35:50,371 [INFO] WebApp:449 - Apply proxy settings
2025-02-19 08:35:50,372 [INFO] WebApp:534 - Chromium requires no authentication
2025-02-19 08:35:50,372 [INFO] WebApp:477 - Direct internet connection detected
2025-02-19 08:35:50,379 [WARN] PackLoader:240 - Cannot read IP mode file for WES.I-CUBE-Cesium.1.3.0
2025-02-19 08:35:50,390 [WARN] PackLoader:240 - Cannot read IP mode file for STMicroelectronics.X-CUBE-BLE2.3.3.0
2025-02-19 08:35:50,396 [WARN] PackLoader:240 - Cannot read IP mode file for STMicroelectronics.X-CUBE-DISPLAY.2.2.0
2025-02-19 08:35:50,406 [WARN] PackLoader:240 - Cannot read IP mode file for STMicroelectronics.X-CUBE-TOF1.3.2.0
2025-02-19 08:35:50,422 [WARN] PackLoader:240 - Cannot read IP mode file for STMicroelectronics.X-CUBE-NFC9.1.0.0
2025-02-19 08:35:50,437 [WARN] PackLoader:240 - Cannot read IP mode file for STMicroelectronics.X-CUBE-AZRTOS-H7.2.1.0
2025-02-19 08:35:50,445 [WARN] PackLoader:240 - Cannot read IP mode file for STMicroelectronics.X-CUBE-TCPP.4.1.0
2025-02-19 08:35:50,449 [WARN] PackLoader:240 - Cannot read IP mode file for STMicroelectronics.X-CUBE-TOUCHGFX.4.21.1
2025-02-19 08:35:50,453 [WARN] PackLoader:240 - Cannot read IP mode file for STMicroelectronics.X-CUBE-TOUCHGFX.4.21.0
2025-02-19 08:35:50,457 [WARN] PackLoader:240 - Cannot read IP mode file for STMicroelectronics.X-CUBE-TOUCHGFX.4.21.3
2025-02-19 08:35:50,462 [WARN] PackLoader:240 - Cannot read IP mode file for STMicroelectronics.X-CUBE-TOUCHGFX.4.21.4
2025-02-19 08:35:50,551 [INFO] WebApp:221 - Starting web application
2025-02-19 08:35:50,552 [INFO] WebApp:579 - Web application path used C:\ST\STM32CubeIDE_1.7.0\STM32CubeIDE\plugins\com.st.stm32cube.common.mx_6.13.0.202411220809\db\plugins\mcufinder\reactClient1\index.html
2025-02-19 08:35:50,566 [WARN] PackLoader:240 - Cannot read IP mode file for STMicroelectronics.X-CUBE-MEMS1.9.4.0
2025-02-19 08:35:50,677 [WARN] PackLoader:240 - Cannot read IP mode file for STMicroelectronics.X-CUBE-AI.7.3.0
2025-02-19 08:35:50,693 [WARN] PackLoader:240 - Cannot read IP mode file for STMicroelectronics.X-CUBE-ALGOBUILD.1.3.0
2025-02-19 08:35:50,710 [WARN] PackLoader:240 - Cannot read IP mode file for STMicroelectronics.X-CUBE-AZRTOS-G0.1.1.0
2025-02-19 08:35:50,729 [WARN] PackLoader:240 - Cannot read IP mode file for STMicroelectronics.X-CUBE-SAFEA1.1.2.2
2025-02-19 08:35:50,739 [WARN] PackLoader:240 - Cannot read IP mode file for STMicroelectronics.X-CUBE-NFC4.3.0.0
2025-02-19 08:35:50,772 [WARN] PackLoader:240 - Cannot read IP mode file for SEGGER.I-CUBE-embOS.1.2.1
2025-02-19 08:35:50,795 [WARN] PackLoader:240 - Cannot read IP mode file for wolfSSL.I-CUBE-wolfMQTT.1.18.0
2025-02-19 08:35:50,805 [WARN] PackLoader:240 - Cannot read IP mode file for EmbeddedOffice.I-CUBE-FS-RTOS.1.0.1
2025-02-19 08:35:50,815 [WARN] PackLoader:240 - Cannot read IP mode file for STMicroelectronics.X-CUBE-BLEMGR.3.0.0
2025-02-19 08:35:50,825 [WARN] PackLoader:240 - Cannot read IP mode file for STMicroelectronics.X-CUBE-BLEMGR.1.3.0
2025-02-19 08:35:50,832 [WARN] PackLoader:240 - Cannot read IP mode file for STMicroelectronics.X-CUBE-TCPP.4.2.0
2025-02-19 08:35:50,840 [WARN] PackLoader:240 - Cannot read IP mode file for RealThread.X-CUBE-RT-Thread_Nano.4.1.1
2025-02-19 08:35:50,846 [WARN] PackLoader:240 - Cannot read IP mode file for STMicroelectronics.FP-ATR-SIGFOX1.3.2.0
2025-02-19 08:35:50,850 [INFO] WebApp:187 - Connection restablished
2025-02-19 08:35:50,853 [WARN] ConditionMgr:438 - getConditionDescription Invalid condition id : Cortex-A Device cause : null
2025-02-19 08:35:50,868 [WARN] ConditionMgr:1044 - genDependencies : Invalid condition id : Cortex-A Device cause : null
2025-02-19 08:35:50,868 [WARN] ConditionMgr:1044 - genDependencies : Invalid condition id : Cortex-A Device cause : null
2025-02-19 08:35:50,868 [WARN] ConditionMgr:1044 - genDependencies : Invalid condition id : Cortex-A Device cause : null
2025-02-19 08:35:50,879 [WARN] PackLoader:240 - Cannot read IP mode file for STMicroelectronics.X-CUBE-EEPRMA1.5.1.0
2025-02-19 08:35:50,884 [WARN] PackLoader:240 - Cannot read IP mode file for STMicroelectronics.X-CUBE-TOUCHGFX.4.20.0
2025-02-19 08:35:50,931 [INFO] UserAuth:486 - Internet connection configuration mode: 1
2025-02-19 08:35:51,003 [WARN] PackLoader:240 - Cannot read IP mode file for STMicroelectronics.X-CUBE-MEMS1.9.5.0
2025-02-19 08:35:51,121 [WARN] PackLoader:240 - Cannot read IP mode file for SEGGER.I-CUBE-embOS.1.3.1
2025-02-19 08:35:51,158 [WARN] PackLoader:240 - Cannot read IP mode file for STMicroelectronics.X-CUBE-ALGOBUILD.1.4.0
2025-02-19 08:35:51,166 [WARN] PackLoader:240 - Cannot read IP mode file for STMicroelectronics.X-CUBE-AI.9.1.0
2025-02-19 08:35:51,180 [WARN] PackLoader:240 - Cannot read IP mode file for STMicroelectronics.X-CUBE-GNSS1.6.0.0
2025-02-19 08:35:51,199 [WARN] PackLoader:240 - Cannot read IP mode file for STMicroelectronics.X-CUBE-AZRTOS-F4.1.1.0
2025-02-19 08:35:51,210 [WARN] PackLoader:240 - Cannot read IP mode file for STMicroelectronics.X-CUBE-ISPU.2.1.0
2025-02-19 08:35:51,217 [WARN] PackLoader:240 - Cannot read IP mode file for STMicroelectronics.X-CUBE-FREERTOS.1.2.0
2025-02-19 08:35:51,225 [WARN] PackLoader:240 - Cannot read IP mode file for STMicroelectronics.X-CUBE-BLEMGR.1.2.0
2025-02-19 08:35:51,248 [WARN] PackLoader:240 - Cannot read IP mode file for STMicroelectronics.X-CUBE-AZRTOS-L5.2.0.0
2025-02-19 08:35:51,362 [WARN] PackLoader:240 - Cannot read IP mode file for STMicroelectronics.X-CUBE-MEMS1.9.6.0
2025-02-19 08:35:51,516 [WARN] PackLoader:240 - Cannot read IP mode file for STMicroelectronics.X-CUBE-EEPRMA1.4.2.0
2025-02-19 08:35:51,531 [WARN] PackLoader:240 - Cannot read IP mode file for STMicroelectronics.X-CUBE-NFC6.3.1.0
2025-02-19 08:35:51,538 [WARN] PackLoader:240 - Cannot read IP mode file for ITTIA_DB.I-CUBE-ITTIADB.8.8.0
2025-02-19 08:35:51,549 [WARN] PackLoader:240 - Cannot read IP mode file for emotas.I-CUBE-CANOPEN.1.1.3
2025-02-19 08:35:51,557 [WARN] PackLoader:240 - Cannot read IP mode file for STMicroelectronics.X-CUBE-BLEMGR.2.0.0
2025-02-19 08:35:51,564 [WARN] PackLoader:240 - Cannot read IP mode file for STMicroelectronics.X-CUBE-DPower.1.2.0
2025-02-19 08:35:51,574 [WARN] PackLoader:240 - Cannot read IP mode file for STMicroelectronics.X-CUBE-NFC4.2.0.5
2025-02-19 08:35:51,581 [WARN] PackLoader:240 - Cannot read IP mode file for STMicroelectronics.X-CUBE-AI.9.0.0
2025-02-19 08:35:51,593 [WARN] ConditionMgr:438 - getConditionDescription Invalid condition id : UX DEVICE CLASS RTOS Condition cause : null
2025-02-19 08:35:51,594 [WARN] ConditionMgr:438 - getConditionDescription Invalid condition id : UX DEVICE CLASS RTOS Condition cause : null
2025-02-19 08:35:51,595 [WARN] PackLoader:240 - Cannot read IP mode file for STMicroelectronics.X-CUBE-AZRTOS-H7.3.1.0
2025-02-19 08:35:51,596 [WARN] ConditionMgr:1044 - genDependencies : Invalid condition id : UX DEVICE CLASS RTOS Condition cause : null
2025-02-19 08:35:51,596 [WARN] ConditionMgr:1044 - genDependencies : Invalid condition id : UX DEVICE CLASS RTOS Condition cause : null
2025-02-19 08:35:51,596 [WARN] ConditionMgr:1044 - genDependencies : Invalid condition id : UX DEVICE CLASS RTOS Condition cause : null
2025-02-19 08:35:51,596 [WARN] ConditionMgr:1044 - genDependencies : Invalid condition id : UX DEVICE CLASS RTOS Condition cause : null
2025-02-19 08:35:51,596 [WARN] ConditionMgr:1044 - genDependencies : Invalid condition id : UX DEVICE CLASS RTOS Condition cause : null
2025-02-19 08:35:51,602 [WARN] PackLoader:240 - Cannot read IP mode file for wolfSSL.I-CUBE-wolfSSL.5.5.3
2025-02-19 08:35:51,607 [WARN] PackLoader:240 - Cannot read IP mode file for STMicroelectronics.X-CUBE-FREERTOS.1.3.0
2025-02-19 08:35:51,616 [WARN] PackLoader:240 - Cannot read IP mode file for STMicroelectronics.X-CUBE-NFC7.1.0.1
2025-02-19 08:35:51,627 [WARN] PackLoader:240 - Cannot read IP mode file for STMicroelectronics.X-CUBE-NFC7.1.0.0
2025-02-19 08:35:51,631 [WARN] PackLoader:240 - Cannot read IP mode file for wolfSSL.I-CUBE-wolfTPM.3.2.0
2025-02-19 08:35:51,644 [WARN] PackLoader:240 - Cannot read IP mode file for STMicroelectronics.X-CUBE-NFC6.3.0.0
2025-02-19 08:35:51,655 [WARN] PackLoader:240 - Cannot read IP mode file for STMicroelectronics.X-CUBE-EEPRMA1.4.1.0
2025-02-19 08:35:51,664 [WARN] PackLoader:240 - Cannot read IP mode file for STMicroelectronics.X-CUBE-AI.8.1.0
2025-02-19 08:35:51,679 [WARN] ConditionMgr:438 - getConditionDescription Invalid condition id : LAN8742 Phy interface Condition cause : null
2025-02-19 08:35:51,680 [WARN] PackLoader:240 - Cannot read IP mode file for STMicroelectronics.X-CUBE-AZRTOS-L4.2.0.0
2025-02-19 08:35:51,680 [WARN] ConditionMgr:1044 - genDependencies : Invalid condition id : LAN8742 Phy interface Condition cause : null
2025-02-19 08:35:51,681 [WARN] ConditionMgr:1044 - genDependencies : Invalid condition id : LAN8742 Phy interface Condition cause : null
2025-02-19 08:35:51,681 [WARN] ConditionMgr:1044 - genDependencies : Invalid condition id : LAN8742 Phy interface Condition cause : null
2025-02-19 08:35:51,693 [WARN] PackLoader:240 - Cannot read IP mode file for STMicroelectronics.X-CUBE-SFXS2LP1.4.0.0
2025-02-19 08:35:51,709 [WARN] PackLoader:240 - Cannot read IP mode file for STMicroelectronics.X-CUBE-AZRTOS-H7.3.0.0
2025-02-19 08:35:51,716 [WARN] PackLoader:240 - Cannot read IP mode file for STMicroelectronics.X-CUBE-ISPU.1.1.0
2025-02-19 08:35:51,730 [WARN] PackLoader:240 - Cannot read IP mode file for STMicroelectronics.X-CUBE-AZRTOS-H7.3.3.0
2025-02-19 08:35:51,737 [WARN] PackLoader:240 - Cannot read IP mode file for RoweBots.I-CUBE-UNISONRTOS.5.5.0-4
2025-02-19 08:35:51,743 [WARN] PackLoader:240 - Cannot read IP mode file for STMicroelectronics.X-CUBE-AI.8.0.0
2025-02-19 08:35:51,750 [WARN] PackLoader:240 - Cannot read IP mode file for STMicroelectronics.X-CUBE-IPS.3.0.0
2025-02-19 08:35:51,762 [WARN] ConditionMgr:438 - getConditionDescription Invalid condition id : UX DEVICE CLASS RTOS Condition cause : null
2025-02-19 08:35:51,762 [WARN] ConditionMgr:438 - getConditionDescription Invalid condition id : UX DEVICE CLASS RTOS Condition cause : null
2025-02-19 08:35:51,763 [WARN] PackLoader:240 - Cannot read IP mode file for STMicroelectronics.X-CUBE-AZRTOS-WB.2.0.0
2025-02-19 08:35:51,764 [WARN] ConditionMgr:1044 - genDependencies : Invalid condition id : UX DEVICE CLASS RTOS Condition cause : null
2025-02-19 08:35:51,764 [WARN] ConditionMgr:1044 - genDependencies : Invalid condition id : UX DEVICE CLASS RTOS Condition cause : null
2025-02-19 08:35:51,764 [WARN] ConditionMgr:1044 - genDependencies : Invalid condition id : UX DEVICE CLASS RTOS Condition cause : null
2025-02-19 08:35:51,764 [WARN] ConditionMgr:1044 - genDependencies : Invalid condition id : UX DEVICE CLASS RTOS Condition cause : null
2025-02-19 08:35:51,764 [WARN] ConditionMgr:1044 - genDependencies : Invalid condition id : UX DEVICE CLASS RTOS Condition cause : null
2025-02-19 08:35:51,768 [WARN] PackLoader:240 - Cannot read IP mode file for STMicroelectronics.X-CUBE-FREERTOS.1.0.0
2025-02-19 08:35:51,772 [WARN] PackLoader:240 - Cannot read IP mode file for STMicroelectronics.X-CUBE-FREERTOS.1.0.1
2025-02-19 08:35:51,782 [WARN] PackLoader:240 - Cannot read IP mode file for STMicroelectronics.X-CUBE-GNSS1.7.0.0
2025-02-19 08:35:51,793 [WARN] PackLoader:240 - Cannot read IP mode file for STMicroelectronics.X-CUBE-GNSS1.7.0.1
2025-02-19 08:35:51,801 [WARN] PackLoader:240 - Cannot read IP mode file for STMicroelectronics.FP-SNS-STBOX1.2.0.0
2025-02-19 08:35:51,814 [WARN] PackLoader:240 - Cannot read IP mode file for STMicroelectronics.X-CUBE-AZRTOS-L5.1.1.0
2025-02-19 08:35:51,822 [WARN] PackLoader:240 - Cannot read IP mode file for STMicroelectronics.X-CUBE-AI.8.0.1
2025-02-19 08:35:51,832 [WARN] PackLoader:240 - Cannot read IP mode file for STMicroelectronics.X-CUBE-SUBG2.5.0.0
2025-02-19 08:35:51,839 [WARN] PackLoader:240 - Cannot read IP mode file for Cesanta.I-CUBE-Mongoose.7.13.0
2025-02-19 08:35:51,846 [WARN] PackLoader:240 - Cannot read IP mode file for STMicroelectronics.X-CUBE-TOF1.3.3.1
2025-02-19 08:35:51,862 [WARN] PackLoader:240 - Cannot read IP mode file for STMicroelectronics.X-CUBE-AZRTOS-G4.2.0.0
2025-02-19 08:35:51,871 [WARN] PackLoader:240 - Cannot read IP mode file for STMicroelectronics.X-CUBE-TOF1.3.3.0
2025-02-19 08:35:51,878 [WARN] PackLoader:240 - Cannot read IP mode file for STMicroelectronics.FP-ATR-ASTRA1.1.1.1
2025-02-19 08:35:51,887 [WARN] PackLoader:240 - Cannot read IP mode file for Infineon.AIROC-Wi-Fi-Bluetooth-STM32.1.5.1
2025-02-19 08:35:51,893 [WARN] PackLoader:240 - Cannot read IP mode file for STMicroelectronics.FP-SNS-MOTENVWB1.1.3.0
2025-02-19 08:35:51,898 [WARN] PackLoader:240 - Cannot read IP mode file for STMicroelectronics.FP-SNS-MOTENVWB1.1.3.1
2025-02-19 08:35:51,909 [WARN] PackLoader:240 - Cannot read IP mode file for STMicroelectronics.X-CUBE-AZRTOS-G4.1.0.0
2025-02-19 08:35:51,921 [WARN] PackLoader:240 - Cannot read IP mode file for STMicroelectronics.X-CUBE-AZRTOS-L4.1.0.0
2025-02-19 08:35:51,929 [WARN] PackLoader:240 - Cannot read IP mode file for STMicroelectronics.X-CUBE-ISPU.2.0.0
2025-02-19 08:35:51,941 [WARN] PackLoader:240 - Cannot read IP mode file for STMicroelectronics.X-CUBE-IPS.3.1.0
2025-02-19 08:35:51,949 [WARN] PackLoader:240 - Cannot read IP mode file for STMicroelectronics.X-CUBE-ALS.1.0.2
2025-02-19 08:35:52,017 [WARN] PackLoader:240 - Cannot read IP mode file for STMicroelectronics.X-CUBE-MEMS1.10.0.0
2025-02-19 08:35:52,078 [WARN] PackLoader:240 - Cannot read IP mode file for STMicroelectronics.X-CUBE-FREERTOS.1.1.0
2025-02-19 08:35:52,083 [WARN] PackLoader:240 - Cannot read IP mode file for STMicroelectronics.X-CUBE-TOUCHGFX.4.24.0
2025-02-19 08:35:52,087 [WARN] PackLoader:240 - Cannot read IP mode file for STMicroelectronics.X-CUBE-TOUCHGFX.4.24.2
2025-02-19 08:35:52,095 [WARN] PackLoader:240 - Cannot read IP mode file for STMicroelectronics.X-CUBE-AZRTOS-WL.1.0.0
2025-02-19 08:35:52,099 [WARN] PackLoader:240 - Cannot read IP mode file for STMicroelectronics.X-CUBE-TOUCHGFX.4.24.1
2025-02-19 08:35:52,104 [WARN] PackLoader:240 - Cannot read IP mode file for portGmbH.I-Cube-SoM-uGOAL.1.1.0
2025-02-19 08:35:52,109 [WARN] PackLoader:240 - Cannot read IP mode file for STMicroelectronics.X-CUBE-ALS.1.0.1
2025-02-19 08:35:52,119 [WARN] PackLoader:240 - Cannot read IP mode file for STMicroelectronics.X-CUBE-AZRTOS-WB.1.1.0
2025-02-19 08:35:52,131 [WARN] PackLoader:240 - Cannot read IP mode file for STMicroelectronics.X-CUBE-AZRTOS-L5.1.0.0
2025-02-19 08:35:52,139 [WARN] PackLoader:240 - Cannot read IP mode file for STMicroelectronics.X-CUBE-EEPRMA1.3.1.1
2025-02-19 08:35:52,152 [WARN] PackLoader:240 - Cannot read IP mode file for STMicroelectronics.X-CUBE-AZRTOS-H7RS.1.0.0
2025-02-19 08:35:52,158 [WARN] PackLoader:240 - Cannot read IP mode file for STMicroelectronics.FP-ATR-ASTRA1.2.0.0
2025-02-19 08:35:52,171 [WARN] PackLoader:240 - Cannot read IP mode file for STMicroelectronics.X-CUBE-TOF1.3.4.2
2025-02-19 08:35:52,194 [WARN] PackLoader:240 - Cannot read IP mode file for STMicroelectronics.X-CUBE-TOF1.3.4.0
2025-02-19 08:35:52,213 [WARN] PackLoader:240 - Cannot read IP mode file for STMicroelectronics.X-CUBE-TOF1.3.4.1
2025-02-19 08:35:52,265 [WARN] PackLoader:240 - Cannot read IP mode file for STMicroelectronics.X-CUBE-AZRTOS-H7.3.2.0
2025-02-19 08:35:52,274 [WARN] PackLoader:240 - Cannot read IP mode file for wolfSSL.I-CUBE-wolfSSH.1.4.17
2025-02-19 08:35:52,275 [INFO] ThirdParty:978 - Integrity check success = true
2025-02-19 08:35:52,275 [INFO] IntegrityCheckThread:100 - exiting critical section [integrity check]
2025-02-19 08:35:52,275 [INFO] IntegrityCheckThread:103 - End integrity checks thread
2025-02-19 17:03:42,931 [ERROR] LogOutputStream:75 - [STDERR_REDIRECT] 
